============================= test session starts ==============================
platform linux -- Python 3.10.12, pytest-7.4.0, pluggy-1.2.0
rootdir: /home/jake/Development/exercism-python
configfile: pytest.ini
plugins: mock-3.11.1, reportlog-0.4.0, repeat-0.9.1, asyncio-0.21.1
asyncio: mode=strict
collected 24 items

exercises/practice/word-search/word_search_test.py ..................... [ 87%]
...                                                                      [100%]

============================== 24 passed in 0.04s ==============================
