============================= test session starts ==============================
platform linux -- Python 3.10.12, pytest-7.4.0, pluggy-1.2.0
rootdir: /home/jake/Development/exercism-python
configfile: pytest.ini
plugins: mock-3.11.1, reportlog-0.4.0, repeat-0.9.1
collected 11 items

exercises/practice/binary-search/binary_search_test.py FF......FFF       [100%]

=================================== FAILURES ===================================
_ BinarySearchTest.test_a_value_larger_than_the_array_s_largest_value_is_not_found _

self = <binary_search_test.BinarySearchTest testMethod=test_a_value_larger_than_the_array_s_largest_value_is_not_found>

    def test_a_value_larger_than_the_array_s_largest_value_is_not_found(self):
    
>       with self.assertRaises(ValueError) as err:
E       AssertionError: ValueError not raised

exercises/practice/binary-search/binary_search_test.py:57: AssertionError
_ BinarySearchTest.test_a_value_smaller_than_the_array_s_smallest_value_is_not_found _

self = <binary_search_test.BinarySearchTest testMethod=test_a_value_smaller_than_the_array_s_smallest_value_is_not_found>

    def test_a_value_smaller_than_the_array_s_smallest_value_is_not_found(self):
    
>       with self.assertRaises(ValueError) as err:
E       AssertionError: ValueError not raised

exercises/practice/binary-search/binary_search_test.py:49: AssertionError
__ BinarySearchTest.test_identifies_that_a_value_is_not_included_in_the_array __

self = <binary_search_test.BinarySearchTest testMethod=test_identifies_that_a_value_is_not_included_in_the_array>

    def test_identifies_that_a_value_is_not_included_in_the_array(self):
    
>       with self.assertRaises(ValueError) as err:
E       AssertionError: ValueError not raised

exercises/practice/binary-search/binary_search_test.py:41: AssertionError
___________ BinarySearchTest.test_nothing_is_found_in_an_empty_array ___________

self = <binary_search_test.BinarySearchTest testMethod=test_nothing_is_found_in_an_empty_array>

    def test_nothing_is_found_in_an_empty_array(self):
    
>       with self.assertRaises(ValueError) as err:
E       AssertionError: ValueError not raised

exercises/practice/binary-search/binary_search_test.py:65: AssertionError
_ BinarySearchTest.test_nothing_is_found_when_the_left_and_right_bounds_cross __

self = <binary_search_test.BinarySearchTest testMethod=test_nothing_is_found_when_the_left_and_right_bounds_cross>

    def test_nothing_is_found_when_the_left_and_right_bounds_cross(self):
    
>       with self.assertRaises(ValueError) as err:
E       AssertionError: ValueError not raised

exercises/practice/binary-search/binary_search_test.py:73: AssertionError
=========================== short test summary info ============================
FAILED exercises/practice/binary-search/binary_search_test.py::BinarySearchTest::test_a_value_larger_than_the_array_s_largest_value_is_not_found
FAILED exercises/practice/binary-search/binary_search_test.py::BinarySearchTest::test_a_value_smaller_than_the_array_s_smallest_value_is_not_found
FAILED exercises/practice/binary-search/binary_search_test.py::BinarySearchTest::test_identifies_that_a_value_is_not_included_in_the_array
FAILED exercises/practice/binary-search/binary_search_test.py::BinarySearchTest::test_nothing_is_found_in_an_empty_array
FAILED exercises/practice/binary-search/binary_search_test.py::BinarySearchTest::test_nothing_is_found_when_the_left_and_right_bounds_cross
========================= 5 failed, 6 passed in 0.04s ==========================
