============================= test session starts ==============================
platform linux -- Python 3.10.12, pytest-7.4.0, pluggy-1.3.0
rootdir: /home/jake/Development/mentat/tests/benchmarks/repos/exercism-python
configfile: pytest.ini
plugins: mock-3.11.1, reportlog-0.4.0, asyncio-0.21.1, xdist-3.3.1
asyncio: mode=strict
collected 15 items

exercises/practice/minesweeper/minesweeper_test.py .....F.........       [100%]

=================================== FAILURES ===================================
______________________ MinesweeperTest.test_invalid_char _______________________

self = <minesweeper_test.MinesweeperTest testMethod=test_invalid_char>

    def test_invalid_char(self):
        with self.assertRaises(ValueError) as err:
            annotate(["X  * "])
        self.assertEqual(type(err.exception), ValueError)
>       self.assertEqual(
            err.exception.args[0], "The board is invalid with current input."
        )
E       AssertionError: 'The board has invalid characters.' != 'The board is invalid with current input.'
E       - The board has invalid characters.
E       + The board is invalid with current input.

exercises/practice/minesweeper/minesweeper_test.py:74: AssertionError
=========================== short test summary info ============================
FAILED exercises/practice/minesweeper/minesweeper_test.py::MinesweeperTest::test_invalid_char
========================= 1 failed, 14 passed in 0.05s =========================
