============================= test session starts ==============================
platform linux -- Python 3.10.12, pytest-7.4.0, pluggy-1.2.0
rootdir: /home/jake/Development/exercism-python
configfile: pytest.ini
plugins: mock-3.11.1, reportlog-0.4.0, repeat-0.9.1, asyncio-0.21.1
asyncio: mode=strict
collected 26 items

exercises/practice/roman-numerals/roman_numerals_test.py ............... [ 57%]
...........                                                              [100%]

============================== 26 passed in 0.05s ==============================
