============================= test session starts ==============================
platform linux -- Python 3.10.12, pytest-7.4.0, pluggy-1.2.0
rootdir: /home/jake/Development/exercism-python
configfile: pytest.ini
plugins: mock-3.11.1, reportlog-0.4.0, repeat-0.9.1
collected 35 items

exercises/practice/poker/poker_test.py FFFFFFFFFFFFFFFFFFFFFFFFFFFFFFFFF [ 94%]
FF                                                                       [100%]

=================================== FAILURES ===================================
_______________ PokerTest.test_a_straight_beats_three_of_a_kind ________________

self = <poker_test.PokerTest testMethod=test_a_straight_beats_three_of_a_kind>

    def test_a_straight_beats_three_of_a_kind(self):
        self.assertEqual(
>           best_hands(["4S 5H 4C 8D 4H", "3S 4D 2S 6D 5C"]), ["3S 4D 2S 6D 5C"]
        )

exercises/practice/poker/poker_test.py:107: 
_ _ _ _ _ _ _ _ _ _ _ _ _ _ _ _ _ _ _ _ _ _ _ _ _ _ _ _ _ _ _ _ _ _ _ _ _ _ _ _ 
exercises/practice/poker/poker.py:31: in best_hands
    sorted_hands = sorted(hands, key=lambda hand: (hand_rank(hand), hand), reverse=True)
exercises/practice/poker/poker.py:31: in <lambda>
    sorted_hands = sorted(hands, key=lambda hand: (hand_rank(hand), hand), reverse=True)
exercises/practice/poker/poker.py:22: in hand_rank
    if is_straight_flush(hand):
exercises/practice/poker/poker.py:5: in is_straight_flush
    suits = [card[1] for card in hand]
_ _ _ _ _ _ _ _ _ _ _ _ _ _ _ _ _ _ _ _ _ _ _ _ _ _ _ _ _ _ _ _ _ _ _ _ _ _ _ _ 

.0 = <str_iterator object at 0x7f89842072b0>

>   suits = [card[1] for card in hand]
E   IndexError: string index out of range

exercises/practice/poker/poker.py:5: IndexError
__________________ PokerTest.test_a_tie_has_multiple_winners ___________________

self = <poker_test.PokerTest testMethod=test_a_tie_has_multiple_winners>

    def test_a_tie_has_multiple_winners(self):
        self.assertEqual(
>           best_hands(
                [
                    "4D 5S 6S 8D 3C",
                    "2S 4C 7S 9H 10H",
                    "3S 4S 5D 6H JH",
                    "3H 4H 5C 6C JD",
                ]
            ),
            ["3S 4S 5D 6H JH", "3H 4H 5C 6C JD"],
        )

exercises/practice/poker/poker_test.py:24: 
_ _ _ _ _ _ _ _ _ _ _ _ _ _ _ _ _ _ _ _ _ _ _ _ _ _ _ _ _ _ _ _ _ _ _ _ _ _ _ _ 
exercises/practice/poker/poker.py:31: in best_hands
    sorted_hands = sorted(hands, key=lambda hand: (hand_rank(hand), hand), reverse=True)
exercises/practice/poker/poker.py:31: in <lambda>
    sorted_hands = sorted(hands, key=lambda hand: (hand_rank(hand), hand), reverse=True)
exercises/practice/poker/poker.py:22: in hand_rank
    if is_straight_flush(hand):
exercises/practice/poker/poker.py:5: in is_straight_flush
    suits = [card[1] for card in hand]
_ _ _ _ _ _ _ _ _ _ _ _ _ _ _ _ _ _ _ _ _ _ _ _ _ _ _ _ _ _ _ _ _ _ _ _ _ _ _ _ 

.0 = <str_iterator object at 0x7f89840af970>

>   suits = [card[1] for card in hand]
E   IndexError: string index out of range

exercises/practice/poker/poker.py:5: IndexError
______________ PokerTest.test_aces_can_end_a_straight_10_j_q_k_a _______________

self = <poker_test.PokerTest testMethod=test_aces_can_end_a_straight_10_j_q_k_a>

    def test_aces_can_end_a_straight_10_j_q_k_a(self):
        self.assertEqual(
>           best_hands(["4S 5H 4C 8D 4H", "10D JH QS KD AC"]), ["10D JH QS KD AC"]
        )

exercises/practice/poker/poker_test.py:112: 
_ _ _ _ _ _ _ _ _ _ _ _ _ _ _ _ _ _ _ _ _ _ _ _ _ _ _ _ _ _ _ _ _ _ _ _ _ _ _ _ 
exercises/practice/poker/poker.py:31: in best_hands
    sorted_hands = sorted(hands, key=lambda hand: (hand_rank(hand), hand), reverse=True)
exercises/practice/poker/poker.py:31: in <lambda>
    sorted_hands = sorted(hands, key=lambda hand: (hand_rank(hand), hand), reverse=True)
exercises/practice/poker/poker.py:22: in hand_rank
    if is_straight_flush(hand):
exercises/practice/poker/poker.py:5: in is_straight_flush
    suits = [card[1] for card in hand]
_ _ _ _ _ _ _ _ _ _ _ _ _ _ _ _ _ _ _ _ _ _ _ _ _ _ _ _ _ _ _ _ _ _ _ _ _ _ _ _ 

.0 = <str_iterator object at 0x7f89840b7370>

>   suits = [card[1] for card in hand]
E   IndexError: string index out of range

exercises/practice/poker/poker.py:5: IndexError
___________ PokerTest.test_aces_can_end_a_straight_flush_10_j_q_k_a ____________

self = <poker_test.PokerTest testMethod=test_aces_can_end_a_straight_flush_10_j_q_k_a>

    def test_aces_can_end_a_straight_flush_10_j_q_k_a(self):
        self.assertEqual(
>           best_hands(["KC AH AS AD AC", "10C JC QC KC AC"]), ["10C JC QC KC AC"]
        )

exercises/practice/poker/poker_test.py:190: 
_ _ _ _ _ _ _ _ _ _ _ _ _ _ _ _ _ _ _ _ _ _ _ _ _ _ _ _ _ _ _ _ _ _ _ _ _ _ _ _ 
exercises/practice/poker/poker.py:31: in best_hands
    sorted_hands = sorted(hands, key=lambda hand: (hand_rank(hand), hand), reverse=True)
exercises/practice/poker/poker.py:31: in <lambda>
    sorted_hands = sorted(hands, key=lambda hand: (hand_rank(hand), hand), reverse=True)
exercises/practice/poker/poker.py:22: in hand_rank
    if is_straight_flush(hand):
exercises/practice/poker/poker.py:5: in is_straight_flush
    suits = [card[1] for card in hand]
_ _ _ _ _ _ _ _ _ _ _ _ _ _ _ _ _ _ _ _ _ _ _ _ _ _ _ _ _ _ _ _ _ _ _ _ _ _ _ _ 

.0 = <str_iterator object at 0x7f8984207e20>

>   suits = [card[1] for card in hand]
E   IndexError: string index out of range

exercises/practice/poker/poker.py:5: IndexError
______________ PokerTest.test_aces_can_start_a_straight_a_2_3_4_5 ______________

self = <poker_test.PokerTest testMethod=test_aces_can_start_a_straight_a_2_3_4_5>

    def test_aces_can_start_a_straight_a_2_3_4_5(self):
        self.assertEqual(
>           best_hands(["4S 5H 4C 8D 4H", "4D AH 3S 2D 5C"]), ["4D AH 3S 2D 5C"]
        )

exercises/practice/poker/poker_test.py:117: 
_ _ _ _ _ _ _ _ _ _ _ _ _ _ _ _ _ _ _ _ _ _ _ _ _ _ _ _ _ _ _ _ _ _ _ _ _ _ _ _ 
exercises/practice/poker/poker.py:31: in best_hands
    sorted_hands = sorted(hands, key=lambda hand: (hand_rank(hand), hand), reverse=True)
exercises/practice/poker/poker.py:31: in <lambda>
    sorted_hands = sorted(hands, key=lambda hand: (hand_rank(hand), hand), reverse=True)
exercises/practice/poker/poker.py:22: in hand_rank
    if is_straight_flush(hand):
exercises/practice/poker/poker.py:5: in is_straight_flush
    suits = [card[1] for card in hand]
_ _ _ _ _ _ _ _ _ _ _ _ _ _ _ _ _ _ _ _ _ _ _ _ _ _ _ _ _ _ _ _ _ _ _ _ _ _ _ _ 

.0 = <str_iterator object at 0x7f89840ace50>

>   suits = [card[1] for card in hand]
E   IndexError: string index out of range

exercises/practice/poker/poker.py:5: IndexError
___________ PokerTest.test_aces_can_start_a_straight_flush_a_2_3_4_5 ___________

self = <poker_test.PokerTest testMethod=test_aces_can_start_a_straight_flush_a_2_3_4_5>

    def test_aces_can_start_a_straight_flush_a_2_3_4_5(self):
        self.assertEqual(
>           best_hands(["KS AH AS AD AC", "4H AH 3H 2H 5H"]), ["4H AH 3H 2H 5H"]
        )

exercises/practice/poker/poker_test.py:195: 
_ _ _ _ _ _ _ _ _ _ _ _ _ _ _ _ _ _ _ _ _ _ _ _ _ _ _ _ _ _ _ _ _ _ _ _ _ _ _ _ 
exercises/practice/poker/poker.py:31: in best_hands
    sorted_hands = sorted(hands, key=lambda hand: (hand_rank(hand), hand), reverse=True)
exercises/practice/poker/poker.py:31: in <lambda>
    sorted_hands = sorted(hands, key=lambda hand: (hand_rank(hand), hand), reverse=True)
exercises/practice/poker/poker.py:22: in hand_rank
    if is_straight_flush(hand):
exercises/practice/poker/poker.py:5: in is_straight_flush
    suits = [card[1] for card in hand]
_ _ _ _ _ _ _ _ _ _ _ _ _ _ _ _ _ _ _ _ _ _ _ _ _ _ _ _ _ _ _ _ _ _ _ _ _ _ _ _ 

.0 = <str_iterator object at 0x7f89840b6320>

>   suits = [card[1] for card in hand]
E   IndexError: string index out of range

exercises/practice/poker/poker.py:5: IndexError
__ PokerTest.test_aces_cannot_be_in_the_middle_of_a_straight_flush_q_k_a_2_3 ___

self = <poker_test.PokerTest testMethod=test_aces_cannot_be_in_the_middle_of_a_straight_flush_q_k_a_2_3>

    def test_aces_cannot_be_in_the_middle_of_a_straight_flush_q_k_a_2_3(self):
        self.assertEqual(
>           best_hands(["2C AC QC 10C KC", "QH KH AH 2H 3H"]), ["2C AC QC 10C KC"]
        )

exercises/practice/poker/poker_test.py:200: 
_ _ _ _ _ _ _ _ _ _ _ _ _ _ _ _ _ _ _ _ _ _ _ _ _ _ _ _ _ _ _ _ _ _ _ _ _ _ _ _ 
exercises/practice/poker/poker.py:31: in best_hands
    sorted_hands = sorted(hands, key=lambda hand: (hand_rank(hand), hand), reverse=True)
exercises/practice/poker/poker.py:31: in <lambda>
    sorted_hands = sorted(hands, key=lambda hand: (hand_rank(hand), hand), reverse=True)
exercises/practice/poker/poker.py:22: in hand_rank
    if is_straight_flush(hand):
exercises/practice/poker/poker.py:5: in is_straight_flush
    suits = [card[1] for card in hand]
_ _ _ _ _ _ _ _ _ _ _ _ _ _ _ _ _ _ _ _ _ _ _ _ _ _ _ _ _ _ _ _ _ _ _ _ _ _ _ _ 

.0 = <str_iterator object at 0x7f89840c6ce0>

>   suits = [card[1] for card in hand]
E   IndexError: string index out of range

exercises/practice/poker/poker.py:5: IndexError
_____ PokerTest.test_aces_cannot_be_in_the_middle_of_a_straight_q_k_a_2_3 ______

self = <poker_test.PokerTest testMethod=test_aces_cannot_be_in_the_middle_of_a_straight_q_k_a_2_3>

    def test_aces_cannot_be_in_the_middle_of_a_straight_q_k_a_2_3(self):
        self.assertEqual(
>           best_hands(["2C 3D 7H 5H 2S", "QS KH AC 2D 3S"]), ["2C 3D 7H 5H 2S"]
        )

exercises/practice/poker/poker_test.py:122: 
_ _ _ _ _ _ _ _ _ _ _ _ _ _ _ _ _ _ _ _ _ _ _ _ _ _ _ _ _ _ _ _ _ _ _ _ _ _ _ _ 
exercises/practice/poker/poker.py:31: in best_hands
    sorted_hands = sorted(hands, key=lambda hand: (hand_rank(hand), hand), reverse=True)
exercises/practice/poker/poker.py:31: in <lambda>
    sorted_hands = sorted(hands, key=lambda hand: (hand_rank(hand), hand), reverse=True)
exercises/practice/poker/poker.py:22: in hand_rank
    if is_straight_flush(hand):
exercises/practice/poker/poker.py:5: in is_straight_flush
    suits = [card[1] for card in hand]
_ _ _ _ _ _ _ _ _ _ _ _ _ _ _ _ _ _ _ _ _ _ _ _ _ _ _ _ _ _ _ _ _ _ _ _ _ _ _ _ 

.0 = <str_iterator object at 0x7f89840bb160>

>   suits = [card[1] for card in hand]
E   IndexError: string index out of range

exercises/practice/poker/poker.py:5: IndexError
_ PokerTest.test_both_hands_have_a_flush_tie_goes_to_high_card_down_to_the_last_one_if_necessary _

self = <poker_test.PokerTest testMethod=test_both_hands_have_a_flush_tie_goes_to_high_card_down_to_the_last_one_if_necessary>

    def test_both_hands_have_a_flush_tie_goes_to_high_card_down_to_the_last_one_if_necessary(
        self,
    ):
        self.assertEqual(
>           best_hands(["4H 7H 8H 9H 6H", "2S 4S 5S 6S 7S"]), ["4H 7H 8H 9H 6H"]
        )

exercises/practice/poker/poker_test.py:146: 
_ _ _ _ _ _ _ _ _ _ _ _ _ _ _ _ _ _ _ _ _ _ _ _ _ _ _ _ _ _ _ _ _ _ _ _ _ _ _ _ 
exercises/practice/poker/poker.py:31: in best_hands
    sorted_hands = sorted(hands, key=lambda hand: (hand_rank(hand), hand), reverse=True)
exercises/practice/poker/poker.py:31: in <lambda>
    sorted_hands = sorted(hands, key=lambda hand: (hand_rank(hand), hand), reverse=True)
exercises/practice/poker/poker.py:22: in hand_rank
    if is_straight_flush(hand):
exercises/practice/poker/poker.py:5: in is_straight_flush
    suits = [card[1] for card in hand]
_ _ _ _ _ _ _ _ _ _ _ _ _ _ _ _ _ _ _ _ _ _ _ _ _ _ _ _ _ _ _ _ _ _ _ _ _ _ _ _ 

.0 = <str_iterator object at 0x7f89842079d0>

>   suits = [card[1] for card in hand]
E   IndexError: string index out of range

exercises/practice/poker/poker.py:5: IndexError
_ PokerTest.test_both_hands_have_a_full_house_tie_goes_to_highest_ranked_triplet _

self = <poker_test.PokerTest testMethod=test_both_hands_have_a_full_house_tie_goes_to_highest_ranked_triplet>

    def test_both_hands_have_a_full_house_tie_goes_to_highest_ranked_triplet(self):
        self.assertEqual(
>           best_hands(["4H 4S 4D 9S 9D", "5H 5S 5D 8S 8D"]), ["5H 5S 5D 8S 8D"]
        )

exercises/practice/poker/poker_test.py:156: 
_ _ _ _ _ _ _ _ _ _ _ _ _ _ _ _ _ _ _ _ _ _ _ _ _ _ _ _ _ _ _ _ _ _ _ _ _ _ _ _ 
exercises/practice/poker/poker.py:31: in best_hands
    sorted_hands = sorted(hands, key=lambda hand: (hand_rank(hand), hand), reverse=True)
exercises/practice/poker/poker.py:31: in <lambda>
    sorted_hands = sorted(hands, key=lambda hand: (hand_rank(hand), hand), reverse=True)
exercises/practice/poker/poker.py:22: in hand_rank
    if is_straight_flush(hand):
exercises/practice/poker/poker.py:5: in is_straight_flush
    suits = [card[1] for card in hand]
_ _ _ _ _ _ _ _ _ _ _ _ _ _ _ _ _ _ _ _ _ _ _ _ _ _ _ _ _ _ _ _ _ _ _ _ _ _ _ _ 

.0 = <str_iterator object at 0x7f89840b6a10>

>   suits = [card[1] for card in hand]
E   IndexError: string index out of range

exercises/practice/poker/poker.py:5: IndexError
_ PokerTest.test_both_hands_have_a_straight_flush_tie_goes_to_highest_ranked_card _

self = <poker_test.PokerTest testMethod=test_both_hands_have_a_straight_flush_tie_goes_to_highest_ranked_card>

    def test_both_hands_have_a_straight_flush_tie_goes_to_highest_ranked_card(self):
        self.assertEqual(
>           best_hands(["4H 6H 7H 8H 5H", "5S 7S 8S 9S 6S"]), ["5S 7S 8S 9S 6S"]
        )

exercises/practice/poker/poker_test.py:205: 
_ _ _ _ _ _ _ _ _ _ _ _ _ _ _ _ _ _ _ _ _ _ _ _ _ _ _ _ _ _ _ _ _ _ _ _ _ _ _ _ 
exercises/practice/poker/poker.py:31: in best_hands
    sorted_hands = sorted(hands, key=lambda hand: (hand_rank(hand), hand), reverse=True)
exercises/practice/poker/poker.py:31: in <lambda>
    sorted_hands = sorted(hands, key=lambda hand: (hand_rank(hand), hand), reverse=True)
exercises/practice/poker/poker.py:22: in hand_rank
    if is_straight_flush(hand):
exercises/practice/poker/poker.py:5: in is_straight_flush
    suits = [card[1] for card in hand]
_ _ _ _ _ _ _ _ _ _ _ _ _ _ _ _ _ _ _ _ _ _ _ _ _ _ _ _ _ _ _ _ _ _ _ _ _ _ _ _ 

.0 = <str_iterator object at 0x7f89840b4820>

>   suits = [card[1] for card in hand]
E   IndexError: string index out of range

exercises/practice/poker/poker.py:5: IndexError
_____ PokerTest.test_both_hands_have_four_of_a_kind_tie_goes_to_high_quad ______

self = <poker_test.PokerTest testMethod=test_both_hands_have_four_of_a_kind_tie_goes_to_high_quad>

    def test_both_hands_have_four_of_a_kind_tie_goes_to_high_quad(self):
        self.assertEqual(
>           best_hands(["2S 2H 2C 8D 2D", "4S 5H 5S 5D 5C"]), ["4S 5H 5S 5D 5C"]
        )

exercises/practice/poker/poker_test.py:173: 
_ _ _ _ _ _ _ _ _ _ _ _ _ _ _ _ _ _ _ _ _ _ _ _ _ _ _ _ _ _ _ _ _ _ _ _ _ _ _ _ 
exercises/practice/poker/poker.py:31: in best_hands
    sorted_hands = sorted(hands, key=lambda hand: (hand_rank(hand), hand), reverse=True)
exercises/practice/poker/poker.py:31: in <lambda>
    sorted_hands = sorted(hands, key=lambda hand: (hand_rank(hand), hand), reverse=True)
exercises/practice/poker/poker.py:22: in hand_rank
    if is_straight_flush(hand):
exercises/practice/poker/poker.py:5: in is_straight_flush
    suits = [card[1] for card in hand]
_ _ _ _ _ _ _ _ _ _ _ _ _ _ _ _ _ _ _ _ _ _ _ _ _ _ _ _ _ _ _ _ _ _ _ _ _ _ _ _ 

.0 = <str_iterator object at 0x7f89840b5450>

>   suits = [card[1] for card in hand]
E   IndexError: string index out of range

exercises/practice/poker/poker.py:5: IndexError
_ PokerTest.test_both_hands_have_three_of_a_kind_tie_goes_to_highest_ranked_triplet _

self = <poker_test.PokerTest testMethod=test_both_hands_have_three_of_a_kind_tie_goes_to_highest_ranked_triplet>

    def test_both_hands_have_three_of_a_kind_tie_goes_to_highest_ranked_triplet(self):
        self.assertEqual(
>           best_hands(["2S 2H 2C 8D JH", "4S AH AS 8C AD"]), ["4S AH AS 8C AD"]
        )

exercises/practice/poker/poker_test.py:95: 
_ _ _ _ _ _ _ _ _ _ _ _ _ _ _ _ _ _ _ _ _ _ _ _ _ _ _ _ _ _ _ _ _ _ _ _ _ _ _ _ 
exercises/practice/poker/poker.py:31: in best_hands
    sorted_hands = sorted(hands, key=lambda hand: (hand_rank(hand), hand), reverse=True)
exercises/practice/poker/poker.py:31: in <lambda>
    sorted_hands = sorted(hands, key=lambda hand: (hand_rank(hand), hand), reverse=True)
exercises/practice/poker/poker.py:22: in hand_rank
    if is_straight_flush(hand):
exercises/practice/poker/poker.py:5: in is_straight_flush
    suits = [card[1] for card in hand]
_ _ _ _ _ _ _ _ _ _ _ _ _ _ _ _ _ _ _ _ _ _ _ _ _ _ _ _ _ _ _ _ _ _ _ _ _ _ _ _ 

.0 = <str_iterator object at 0x7f89840f3c10>

>   suits = [card[1] for card in hand]
E   IndexError: string index out of range

exercises/practice/poker/poker.py:5: IndexError
_ PokerTest.test_both_hands_have_two_identically_ranked_pairs_tie_goes_to_remaining_card_kicker _

self = <poker_test.PokerTest testMethod=test_both_hands_have_two_identically_ranked_pairs_tie_goes_to_remaining_card_kicker>

    def test_both_hands_have_two_identically_ranked_pairs_tie_goes_to_remaining_card_kicker(
        self,
    ):
        self.assertEqual(
>           best_hands(["JD QH JS 8D QC", "JS QS JC 2D QD"]), ["JD QH JS 8D QC"]
        )

exercises/practice/poker/poker_test.py:73: 
_ _ _ _ _ _ _ _ _ _ _ _ _ _ _ _ _ _ _ _ _ _ _ _ _ _ _ _ _ _ _ _ _ _ _ _ _ _ _ _ 
exercises/practice/poker/poker.py:31: in best_hands
    sorted_hands = sorted(hands, key=lambda hand: (hand_rank(hand), hand), reverse=True)
exercises/practice/poker/poker.py:31: in <lambda>
    sorted_hands = sorted(hands, key=lambda hand: (hand_rank(hand), hand), reverse=True)
exercises/practice/poker/poker.py:22: in hand_rank
    if is_straight_flush(hand):
exercises/practice/poker/poker.py:5: in is_straight_flush
    suits = [card[1] for card in hand]
_ _ _ _ _ _ _ _ _ _ _ _ _ _ _ _ _ _ _ _ _ _ _ _ _ _ _ _ _ _ _ _ _ _ _ _ _ _ _ _ 

.0 = <str_iterator object at 0x7f89840c76d0>

>   suits = [card[1] for card in hand]
E   IndexError: string index out of range

exercises/practice/poker/poker.py:5: IndexError
______ PokerTest.test_both_hands_have_two_pairs_highest_ranked_pair_wins _______

self = <poker_test.PokerTest testMethod=test_both_hands_have_two_pairs_highest_ranked_pair_wins>

    def test_both_hands_have_two_pairs_highest_ranked_pair_wins(self):
        self.assertEqual(
>           best_hands(["2S 8H 2D 8D 3H", "4S 5H 4C 8S 5D"]), ["2S 8H 2D 8D 3H"]
        )

exercises/practice/poker/poker_test.py:59: 
_ _ _ _ _ _ _ _ _ _ _ _ _ _ _ _ _ _ _ _ _ _ _ _ _ _ _ _ _ _ _ _ _ _ _ _ _ _ _ _ 
exercises/practice/poker/poker.py:31: in best_hands
    sorted_hands = sorted(hands, key=lambda hand: (hand_rank(hand), hand), reverse=True)
exercises/practice/poker/poker.py:31: in <lambda>
    sorted_hands = sorted(hands, key=lambda hand: (hand_rank(hand), hand), reverse=True)
exercises/practice/poker/poker.py:22: in hand_rank
    if is_straight_flush(hand):
exercises/practice/poker/poker.py:5: in is_straight_flush
    suits = [card[1] for card in hand]
_ _ _ _ _ _ _ _ _ _ _ _ _ _ _ _ _ _ _ _ _ _ _ _ _ _ _ _ _ _ _ _ _ _ _ _ _ _ _ _ 

.0 = <str_iterator object at 0x7f89840b8130>

>   suits = [card[1] for card in hand]
E   IndexError: string index out of range

exercises/practice/poker/poker.py:5: IndexError
_ PokerTest.test_both_hands_have_two_pairs_that_add_to_the_same_value_win_goes_to_highest_pair _

self = <poker_test.PokerTest testMethod=test_both_hands_have_two_pairs_that_add_to_the_same_value_win_goes_to_highest_pair>

    def test_both_hands_have_two_pairs_that_add_to_the_same_value_win_goes_to_highest_pair(
        self,
    ):
        self.assertEqual(
>           best_hands(["6S 6H 3S 3H AS", "7H 7S 2H 2S AC"]), ["7H 7S 2H 2S AC"]
        )

exercises/practice/poker/poker_test.py:80: 
_ _ _ _ _ _ _ _ _ _ _ _ _ _ _ _ _ _ _ _ _ _ _ _ _ _ _ _ _ _ _ _ _ _ _ _ _ _ _ _ 
exercises/practice/poker/poker.py:31: in best_hands
    sorted_hands = sorted(hands, key=lambda hand: (hand_rank(hand), hand), reverse=True)
exercises/practice/poker/poker.py:31: in <lambda>
    sorted_hands = sorted(hands, key=lambda hand: (hand_rank(hand), hand), reverse=True)
exercises/practice/poker/poker.py:22: in hand_rank
    if is_straight_flush(hand):
exercises/practice/poker/poker.py:5: in is_straight_flush
    suits = [card[1] for card in hand]
_ _ _ _ _ _ _ _ _ _ _ _ _ _ _ _ _ _ _ _ _ _ _ _ _ _ _ _ _ _ _ _ _ _ _ _ _ _ _ _ 

.0 = <str_iterator object at 0x7f89840b6020>

>   suits = [card[1] for card in hand]
E   IndexError: string index out of range

exercises/practice/poker/poker.py:5: IndexError
_ PokerTest.test_both_hands_have_two_pairs_with_the_same_highest_ranked_pair_tie_goes_to_low_pair _

self = <poker_test.PokerTest testMethod=test_both_hands_have_two_pairs_with_the_same_highest_ranked_pair_tie_goes_to_low_pair>

    def test_both_hands_have_two_pairs_with_the_same_highest_ranked_pair_tie_goes_to_low_pair(
        self,
    ):
        self.assertEqual(
>           best_hands(["2S QS 2C QD JH", "JD QH JS 8D QC"]), ["JD QH JS 8D QC"]
        )

exercises/practice/poker/poker_test.py:66: 
_ _ _ _ _ _ _ _ _ _ _ _ _ _ _ _ _ _ _ _ _ _ _ _ _ _ _ _ _ _ _ _ _ _ _ _ _ _ _ _ 
exercises/practice/poker/poker.py:31: in best_hands
    sorted_hands = sorted(hands, key=lambda hand: (hand_rank(hand), hand), reverse=True)
exercises/practice/poker/poker.py:31: in <lambda>
    sorted_hands = sorted(hands, key=lambda hand: (hand_rank(hand), hand), reverse=True)
exercises/practice/poker/poker.py:22: in hand_rank
    if is_straight_flush(hand):
exercises/practice/poker/poker.py:5: in is_straight_flush
    suits = [card[1] for card in hand]
_ _ _ _ _ _ _ _ _ _ _ _ _ _ _ _ _ _ _ _ _ _ _ _ _ _ _ _ _ _ _ _ _ _ _ _ _ _ _ _ 

.0 = <str_iterator object at 0x7f89840f3af0>

>   suits = [card[1] for card in hand]
E   IndexError: string index out of range

exercises/practice/poker/poker.py:5: IndexError
__ PokerTest.test_both_hands_with_a_straight_tie_goes_to_highest_ranked_card ___

self = <poker_test.PokerTest testMethod=test_both_hands_with_a_straight_tie_goes_to_highest_ranked_card>

    def test_both_hands_with_a_straight_tie_goes_to_highest_ranked_card(self):
        self.assertEqual(
>           best_hands(["4S 6C 7S 8D 5H", "5S 7H 8S 9D 6H"]), ["5S 7H 8S 9D 6H"]
        )

exercises/practice/poker/poker_test.py:127: 
_ _ _ _ _ _ _ _ _ _ _ _ _ _ _ _ _ _ _ _ _ _ _ _ _ _ _ _ _ _ _ _ _ _ _ _ _ _ _ _ 
exercises/practice/poker/poker.py:31: in best_hands
    sorted_hands = sorted(hands, key=lambda hand: (hand_rank(hand), hand), reverse=True)
exercises/practice/poker/poker.py:31: in <lambda>
    sorted_hands = sorted(hands, key=lambda hand: (hand_rank(hand), hand), reverse=True)
exercises/practice/poker/poker.py:22: in hand_rank
    if is_straight_flush(hand):
exercises/practice/poker/poker.py:5: in is_straight_flush
    suits = [card[1] for card in hand]
_ _ _ _ _ _ _ _ _ _ _ _ _ _ _ _ _ _ _ _ _ _ _ _ _ _ _ _ _ _ _ _ _ _ _ _ _ _ _ _ 

.0 = <str_iterator object at 0x7f89840acf40>

>   suits = [card[1] for card in hand]
E   IndexError: string index out of range

exercises/practice/poker/poker.py:5: IndexError
_ PokerTest.test_even_though_an_ace_is_usually_high_a_5_high_straight_flush_is_the_lowest_scoring_straight_flush _

self = <poker_test.PokerTest testMethod=test_even_though_an_ace_is_usually_high_a_5_high_straight_flush_is_the_lowest_scoring_straight_flush>

    def test_even_though_an_ace_is_usually_high_a_5_high_straight_flush_is_the_lowest_scoring_straight_flush(
        self,
    ):
        self.assertEqual(
>           best_hands(["2H 3H 4H 5H 6H", "4D AD 3D 2D 5D"]), ["2H 3H 4H 5H 6H"]
        )

exercises/practice/poker/poker_test.py:212: 
_ _ _ _ _ _ _ _ _ _ _ _ _ _ _ _ _ _ _ _ _ _ _ _ _ _ _ _ _ _ _ _ _ _ _ _ _ _ _ _ 
exercises/practice/poker/poker.py:31: in best_hands
    sorted_hands = sorted(hands, key=lambda hand: (hand_rank(hand), hand), reverse=True)
exercises/practice/poker/poker.py:31: in <lambda>
    sorted_hands = sorted(hands, key=lambda hand: (hand_rank(hand), hand), reverse=True)
exercises/practice/poker/poker.py:22: in hand_rank
    if is_straight_flush(hand):
exercises/practice/poker/poker.py:5: in is_straight_flush
    suits = [card[1] for card in hand]
_ _ _ _ _ _ _ _ _ _ _ _ _ _ _ _ _ _ _ _ _ _ _ _ _ _ _ _ _ _ _ _ _ _ _ _ _ _ _ _ 

.0 = <str_iterator object at 0x7f89840b9450>

>   suits = [card[1] for card in hand]
E   IndexError: string index out of range

exercises/practice/poker/poker.py:5: IndexError
_ PokerTest.test_even_though_an_ace_is_usually_high_a_5_high_straight_is_the_lowest_scoring_straight _

self = <poker_test.PokerTest testMethod=test_even_though_an_ace_is_usually_high_a_5_high_straight_is_the_lowest_scoring_straight>

    def test_even_though_an_ace_is_usually_high_a_5_high_straight_is_the_lowest_scoring_straight(
        self,
    ):
        self.assertEqual(
>           best_hands(["2H 3C 4D 5D 6H", "4S AH 3S 2D 5H"]), ["2H 3C 4D 5D 6H"]
        )

exercises/practice/poker/poker_test.py:134: 
_ _ _ _ _ _ _ _ _ _ _ _ _ _ _ _ _ _ _ _ _ _ _ _ _ _ _ _ _ _ _ _ _ _ _ _ _ _ _ _ 
exercises/practice/poker/poker.py:31: in best_hands
    sorted_hands = sorted(hands, key=lambda hand: (hand_rank(hand), hand), reverse=True)
exercises/practice/poker/poker.py:31: in <lambda>
    sorted_hands = sorted(hands, key=lambda hand: (hand_rank(hand), hand), reverse=True)
exercises/practice/poker/poker.py:22: in hand_rank
    if is_straight_flush(hand):
exercises/practice/poker/poker.py:5: in is_straight_flush
    suits = [card[1] for card in hand]
_ _ _ _ _ _ _ _ _ _ _ _ _ _ _ _ _ _ _ _ _ _ _ _ _ _ _ _ _ _ _ _ _ _ _ _ _ _ _ _ 

.0 = <str_iterator object at 0x7f8984114640>

>   suits = [card[1] for card in hand]
E   IndexError: string index out of range

exercises/practice/poker/poker.py:5: IndexError
____________________ PokerTest.test_flush_beats_a_straight _____________________

self = <poker_test.PokerTest testMethod=test_flush_beats_a_straight>

    def test_flush_beats_a_straight(self):
        self.assertEqual(
>           best_hands(["4C 6H 7D 8D 5H", "2S 4S 5S 6S 7S"]), ["2S 4S 5S 6S 7S"]
        )

exercises/practice/poker/poker_test.py:139: 
_ _ _ _ _ _ _ _ _ _ _ _ _ _ _ _ _ _ _ _ _ _ _ _ _ _ _ _ _ _ _ _ _ _ _ _ _ _ _ _ 
exercises/practice/poker/poker.py:31: in best_hands
    sorted_hands = sorted(hands, key=lambda hand: (hand_rank(hand), hand), reverse=True)
exercises/practice/poker/poker.py:31: in <lambda>
    sorted_hands = sorted(hands, key=lambda hand: (hand_rank(hand), hand), reverse=True)
exercises/practice/poker/poker.py:22: in hand_rank
    if is_straight_flush(hand):
exercises/practice/poker/poker.py:5: in is_straight_flush
    suits = [card[1] for card in hand]
_ _ _ _ _ _ _ _ _ _ _ _ _ _ _ _ _ _ _ _ _ _ _ _ _ _ _ _ _ _ _ _ _ _ _ _ _ _ _ _ 

.0 = <str_iterator object at 0x7f89842071f0>

>   suits = [card[1] for card in hand]
E   IndexError: string index out of range

exercises/practice/poker/poker.py:5: IndexError
_______________ PokerTest.test_four_of_a_kind_beats_a_full_house _______________

self = <poker_test.PokerTest testMethod=test_four_of_a_kind_beats_a_full_house>

    def test_four_of_a_kind_beats_a_full_house(self):
        self.assertEqual(
>           best_hands(["4S 5H 4D 5D 4H", "3S 3H 2S 3D 3C"]), ["3S 3H 2S 3D 3C"]
        )

exercises/practice/poker/poker_test.py:168: 
_ _ _ _ _ _ _ _ _ _ _ _ _ _ _ _ _ _ _ _ _ _ _ _ _ _ _ _ _ _ _ _ _ _ _ _ _ _ _ _ 
exercises/practice/poker/poker.py:31: in best_hands
    sorted_hands = sorted(hands, key=lambda hand: (hand_rank(hand), hand), reverse=True)
exercises/practice/poker/poker.py:31: in <lambda>
    sorted_hands = sorted(hands, key=lambda hand: (hand_rank(hand), hand), reverse=True)
exercises/practice/poker/poker.py:22: in hand_rank
    if is_straight_flush(hand):
exercises/practice/poker/poker.py:5: in is_straight_flush
    suits = [card[1] for card in hand]
_ _ _ _ _ _ _ _ _ _ _ _ _ _ _ _ _ _ _ _ _ _ _ _ _ _ _ _ _ _ _ _ _ _ _ _ _ _ _ _ 

.0 = <str_iterator object at 0x7f89840b9c60>

>   suits = [card[1] for card in hand]
E   IndexError: string index out of range

exercises/practice/poker/poker.py:5: IndexError
___________________ PokerTest.test_full_house_beats_a_flush ____________________

self = <poker_test.PokerTest testMethod=test_full_house_beats_a_flush>

    def test_full_house_beats_a_flush(self):
        self.assertEqual(
>           best_hands(["3H 6H 7H 8H 5H", "4S 5H 4C 5D 4H"]), ["4S 5H 4C 5D 4H"]
        )

exercises/practice/poker/poker_test.py:151: 
_ _ _ _ _ _ _ _ _ _ _ _ _ _ _ _ _ _ _ _ _ _ _ _ _ _ _ _ _ _ _ _ _ _ _ _ _ _ _ _ 
exercises/practice/poker/poker.py:31: in best_hands
    sorted_hands = sorted(hands, key=lambda hand: (hand_rank(hand), hand), reverse=True)
exercises/practice/poker/poker.py:31: in <lambda>
    sorted_hands = sorted(hands, key=lambda hand: (hand_rank(hand), hand), reverse=True)
exercises/practice/poker/poker.py:22: in hand_rank
    if is_straight_flush(hand):
exercises/practice/poker/poker.py:5: in is_straight_flush
    suits = [card[1] for card in hand]
_ _ _ _ _ _ _ _ _ _ _ _ _ _ _ _ _ _ _ _ _ _ _ _ _ _ _ _ _ _ _ _ _ _ _ _ _ _ _ _ 

.0 = <str_iterator object at 0x7f8984114f40>

>   suits = [card[1] for card in hand]
E   IndexError: string index out of range

exercises/practice/poker/poker.py:5: IndexError
______________ PokerTest.test_highest_card_out_of_all_hands_wins _______________

self = <poker_test.PokerTest testMethod=test_highest_card_out_of_all_hands_wins>

    def test_highest_card_out_of_all_hands_wins(self):
        self.assertEqual(
>           best_hands(["4D 5S 6S 8D 3C", "2S 4C 7S 9H 10H", "3S 4S 5D 6H JH"]),
            ["3S 4S 5D 6H JH"],
        )

exercises/practice/poker/poker_test.py:18: 
_ _ _ _ _ _ _ _ _ _ _ _ _ _ _ _ _ _ _ _ _ _ _ _ _ _ _ _ _ _ _ _ _ _ _ _ _ _ _ _ 
exercises/practice/poker/poker.py:31: in best_hands
    sorted_hands = sorted(hands, key=lambda hand: (hand_rank(hand), hand), reverse=True)
exercises/practice/poker/poker.py:31: in <lambda>
    sorted_hands = sorted(hands, key=lambda hand: (hand_rank(hand), hand), reverse=True)
exercises/practice/poker/poker.py:22: in hand_rank
    if is_straight_flush(hand):
exercises/practice/poker/poker.py:5: in is_straight_flush
    suits = [card[1] for card in hand]
_ _ _ _ _ _ _ _ _ _ _ _ _ _ _ _ _ _ _ _ _ _ _ _ _ _ _ _ _ _ _ _ _ _ _ _ _ _ _ _ 

.0 = <str_iterator object at 0x7f89840f1960>

>   suits = [card[1] for card in hand]
E   IndexError: string index out of range

exercises/practice/poker/poker.py:5: IndexError
_______________________ PokerTest.test_highest_pair_wins _______________________

self = <poker_test.PokerTest testMethod=test_highest_pair_wins>

    def test_highest_pair_wins(self):
        self.assertEqual(
>           best_hands(["4S 2H 6S 2D JH", "2S 4H 6C 4D JD"]), ["2S 4H 6C 4D JD"]
        )

exercises/practice/poker/poker_test.py:49: 
_ _ _ _ _ _ _ _ _ _ _ _ _ _ _ _ _ _ _ _ _ _ _ _ _ _ _ _ _ _ _ _ _ _ _ _ _ _ _ _ 
exercises/practice/poker/poker.py:31: in best_hands
    sorted_hands = sorted(hands, key=lambda hand: (hand_rank(hand), hand), reverse=True)
exercises/practice/poker/poker.py:31: in <lambda>
    sorted_hands = sorted(hands, key=lambda hand: (hand_rank(hand), hand), reverse=True)
exercises/practice/poker/poker.py:22: in hand_rank
    if is_straight_flush(hand):
exercises/practice/poker/poker.py:5: in is_straight_flush
    suits = [card[1] for card in hand]
_ _ _ _ _ _ _ _ _ _ _ _ _ _ _ _ _ _ _ _ _ _ _ _ _ _ _ _ _ _ _ _ _ _ _ _ _ _ _ _ 

.0 = <str_iterator object at 0x7f89840b6380>

>   suits = [card[1] for card in hand]
E   IndexError: string index out of range

exercises/practice/poker/poker.py:5: IndexError
_ PokerTest.test_multiple_hands_with_the_same_high_cards_tie_compares_next_highest_ranked_down_to_last_card _

self = <poker_test.PokerTest testMethod=test_multiple_hands_with_the_same_high_cards_tie_compares_next_highest_ranked_down_to_last_card>

    def test_multiple_hands_with_the_same_high_cards_tie_compares_next_highest_ranked_down_to_last_card(
        self,
    ):
        self.assertEqual(
>           best_hands(["3S 5H 6S 8D 7H", "2S 5D 6D 8C 7S"]), ["3S 5H 6S 8D 7H"]
        )

exercises/practice/poker/poker_test.py:39: 
_ _ _ _ _ _ _ _ _ _ _ _ _ _ _ _ _ _ _ _ _ _ _ _ _ _ _ _ _ _ _ _ _ _ _ _ _ _ _ _ 
exercises/practice/poker/poker.py:31: in best_hands
    sorted_hands = sorted(hands, key=lambda hand: (hand_rank(hand), hand), reverse=True)
exercises/practice/poker/poker.py:31: in <lambda>
    sorted_hands = sorted(hands, key=lambda hand: (hand_rank(hand), hand), reverse=True)
exercises/practice/poker/poker.py:22: in hand_rank
    if is_straight_flush(hand):
exercises/practice/poker/poker.py:5: in is_straight_flush
    suits = [card[1] for card in hand]
_ _ _ _ _ _ _ _ _ _ _ _ _ _ _ _ _ _ _ _ _ _ _ _ _ _ _ _ _ _ _ _ _ _ _ _ _ _ _ _ 

.0 = <str_iterator object at 0x7f89840aeef0>

>   suits = [card[1] for card in hand]
E   IndexError: string index out of range

exercises/practice/poker/poker.py:5: IndexError
___________________ PokerTest.test_one_pair_beats_high_card ____________________

self = <poker_test.PokerTest testMethod=test_one_pair_beats_high_card>

    def test_one_pair_beats_high_card(self):
        self.assertEqual(
>           best_hands(["4S 5H 6C 8D KH", "2S 4H 6S 4D JH"]), ["2S 4H 6S 4D JH"]
        )

exercises/practice/poker/poker_test.py:44: 
_ _ _ _ _ _ _ _ _ _ _ _ _ _ _ _ _ _ _ _ _ _ _ _ _ _ _ _ _ _ _ _ _ _ _ _ _ _ _ _ 
exercises/practice/poker/poker.py:31: in best_hands
    sorted_hands = sorted(hands, key=lambda hand: (hand_rank(hand), hand), reverse=True)
exercises/practice/poker/poker.py:31: in <lambda>
    sorted_hands = sorted(hands, key=lambda hand: (hand_rank(hand), hand), reverse=True)
exercises/practice/poker/poker.py:22: in hand_rank
    if is_straight_flush(hand):
exercises/practice/poker/poker.py:5: in is_straight_flush
    suits = [card[1] for card in hand]
_ _ _ _ _ _ _ _ _ _ _ _ _ _ _ _ _ _ _ _ _ _ _ _ _ _ _ _ _ _ _ _ _ _ _ _ _ _ _ _ 

.0 = <str_iterator object at 0x7f89840b50f0>

>   suits = [card[1] for card in hand]
E   IndexError: string index out of range

exercises/practice/poker/poker.py:5: IndexError
____________________ PokerTest.test_single_hand_always_wins ____________________

self = <poker_test.PokerTest testMethod=test_single_hand_always_wins>

    def test_single_hand_always_wins(self):
>       self.assertEqual(best_hands(["4S 5S 7H 8D JC"]), ["4S 5S 7H 8D JC"])

exercises/practice/poker/poker_test.py:14: 
_ _ _ _ _ _ _ _ _ _ _ _ _ _ _ _ _ _ _ _ _ _ _ _ _ _ _ _ _ _ _ _ _ _ _ _ _ _ _ _ 
exercises/practice/poker/poker.py:31: in best_hands
    sorted_hands = sorted(hands, key=lambda hand: (hand_rank(hand), hand), reverse=True)
exercises/practice/poker/poker.py:31: in <lambda>
    sorted_hands = sorted(hands, key=lambda hand: (hand_rank(hand), hand), reverse=True)
exercises/practice/poker/poker.py:22: in hand_rank
    if is_straight_flush(hand):
exercises/practice/poker/poker.py:5: in is_straight_flush
    suits = [card[1] for card in hand]
_ _ _ _ _ _ _ _ _ _ _ _ _ _ _ _ _ _ _ _ _ _ _ _ _ _ _ _ _ _ _ _ _ _ _ _ _ _ _ _ 

.0 = <str_iterator object at 0x7f898412ffa0>

>   suits = [card[1] for card in hand]
E   IndexError: string index out of range

exercises/practice/poker/poker.py:5: IndexError
______________ PokerTest.test_straight_flush_beats_four_of_a_kind ______________

self = <poker_test.PokerTest testMethod=test_straight_flush_beats_four_of_a_kind>

    def test_straight_flush_beats_four_of_a_kind(self):
        self.assertEqual(
>           best_hands(["4S 5H 5S 5D 5C", "7S 8S 9S 6S 10S"]), ["7S 8S 9S 6S 10S"]
        )

exercises/practice/poker/poker_test.py:185: 
_ _ _ _ _ _ _ _ _ _ _ _ _ _ _ _ _ _ _ _ _ _ _ _ _ _ _ _ _ _ _ _ _ _ _ _ _ _ _ _ 
exercises/practice/poker/poker.py:31: in best_hands
    sorted_hands = sorted(hands, key=lambda hand: (hand_rank(hand), hand), reverse=True)
exercises/practice/poker/poker.py:31: in <lambda>
    sorted_hands = sorted(hands, key=lambda hand: (hand_rank(hand), hand), reverse=True)
exercises/practice/poker/poker.py:22: in hand_rank
    if is_straight_flush(hand):
exercises/practice/poker/poker.py:5: in is_straight_flush
    suits = [card[1] for card in hand]
_ _ _ _ _ _ _ _ _ _ _ _ _ _ _ _ _ _ _ _ _ _ _ _ _ _ _ _ _ _ _ _ _ _ _ _ _ _ _ _ 

.0 = <str_iterator object at 0x7f89840b52d0>

>   suits = [card[1] for card in hand]
E   IndexError: string index out of range

exercises/practice/poker/poker.py:5: IndexError
________________ PokerTest.test_three_of_a_kind_beats_two_pair _________________

self = <poker_test.PokerTest testMethod=test_three_of_a_kind_beats_two_pair>

    def test_three_of_a_kind_beats_two_pair(self):
        self.assertEqual(
>           best_hands(["2S 8H 2H 8D JH", "4S 5H 4C 8S 4H"]), ["4S 5H 4C 8S 4H"]
        )

exercises/practice/poker/poker_test.py:90: 
_ _ _ _ _ _ _ _ _ _ _ _ _ _ _ _ _ _ _ _ _ _ _ _ _ _ _ _ _ _ _ _ _ _ _ _ _ _ _ _ 
exercises/practice/poker/poker.py:31: in best_hands
    sorted_hands = sorted(hands, key=lambda hand: (hand_rank(hand), hand), reverse=True)
exercises/practice/poker/poker.py:31: in <lambda>
    sorted_hands = sorted(hands, key=lambda hand: (hand_rank(hand), hand), reverse=True)
exercises/practice/poker/poker.py:22: in hand_rank
    if is_straight_flush(hand):
exercises/practice/poker/poker.py:5: in is_straight_flush
    suits = [card[1] for card in hand]
_ _ _ _ _ _ _ _ _ _ _ _ _ _ _ _ _ _ _ _ _ _ _ _ _ _ _ _ _ _ _ _ _ _ _ _ _ _ _ _ 

.0 = <str_iterator object at 0x7f89840c6f50>

>   suits = [card[1] for card in hand]
E   IndexError: string index out of range

exercises/practice/poker/poker.py:5: IndexError
___________________ PokerTest.test_two_pairs_beats_one_pair ____________________

self = <poker_test.PokerTest testMethod=test_two_pairs_beats_one_pair>

    def test_two_pairs_beats_one_pair(self):
        self.assertEqual(
>           best_hands(["2S 8H 6S 8D JH", "4S 5H 4C 8C 5C"]), ["4S 5H 4C 8C 5C"]
        )

exercises/practice/poker/poker_test.py:54: 
_ _ _ _ _ _ _ _ _ _ _ _ _ _ _ _ _ _ _ _ _ _ _ _ _ _ _ _ _ _ _ _ _ _ _ _ _ _ _ _ 
exercises/practice/poker/poker.py:31: in best_hands
    sorted_hands = sorted(hands, key=lambda hand: (hand_rank(hand), hand), reverse=True)
exercises/practice/poker/poker.py:31: in <lambda>
    sorted_hands = sorted(hands, key=lambda hand: (hand_rank(hand), hand), reverse=True)
exercises/practice/poker/poker.py:22: in hand_rank
    if is_straight_flush(hand):
exercises/practice/poker/poker.py:5: in is_straight_flush
    suits = [card[1] for card in hand]
_ _ _ _ _ _ _ _ _ _ _ _ _ _ _ _ _ _ _ _ _ _ _ _ _ _ _ _ _ _ _ _ _ _ _ _ _ _ _ _ 

.0 = <str_iterator object at 0x7f8984115030>

>   suits = [card[1] for card in hand]
E   IndexError: string index out of range

exercises/practice/poker/poker.py:5: IndexError
____________ PokerTest.test_two_pairs_first_ranked_by_largest_pair _____________

self = <poker_test.PokerTest testMethod=test_two_pairs_first_ranked_by_largest_pair>

    def test_two_pairs_first_ranked_by_largest_pair(self):
        self.assertEqual(
>           best_hands(["5C 2S 5S 4H 4C", "6S 2S 6H 7C 2C"]), ["6S 2S 6H 7C 2C"]
        )

exercises/practice/poker/poker_test.py:85: 
_ _ _ _ _ _ _ _ _ _ _ _ _ _ _ _ _ _ _ _ _ _ _ _ _ _ _ _ _ _ _ _ _ _ _ _ _ _ _ _ 
exercises/practice/poker/poker.py:31: in best_hands
    sorted_hands = sorted(hands, key=lambda hand: (hand_rank(hand), hand), reverse=True)
exercises/practice/poker/poker.py:31: in <lambda>
    sorted_hands = sorted(hands, key=lambda hand: (hand_rank(hand), hand), reverse=True)
exercises/practice/poker/poker.py:22: in hand_rank
    if is_straight_flush(hand):
exercises/practice/poker/poker.py:5: in is_straight_flush
    suits = [card[1] for card in hand]
_ _ _ _ _ _ _ _ _ _ _ _ _ _ _ _ _ _ _ _ _ _ _ _ _ _ _ _ _ _ _ _ _ _ _ _ _ _ _ _ 

.0 = <str_iterator object at 0x7f89840afc10>

>   suits = [card[1] for card in hand]
E   IndexError: string index out of range

exercises/practice/poker/poker.py:5: IndexError
_ PokerTest.test_with_multiple_decks_both_hands_have_a_full_house_with_the_same_triplet_tie_goes_to_the_pair _

self = <poker_test.PokerTest testMethod=test_with_multiple_decks_both_hands_have_a_full_house_with_the_same_triplet_tie_goes_to_the_pair>

    def test_with_multiple_decks_both_hands_have_a_full_house_with_the_same_triplet_tie_goes_to_the_pair(
        self,
    ):
        self.assertEqual(
>           best_hands(["5H 5S 5D 9S 9D", "5H 5S 5D 8S 8D"]), ["5H 5S 5D 9S 9D"]
        )

exercises/practice/poker/poker_test.py:163: 
_ _ _ _ _ _ _ _ _ _ _ _ _ _ _ _ _ _ _ _ _ _ _ _ _ _ _ _ _ _ _ _ _ _ _ _ _ _ _ _ 
exercises/practice/poker/poker.py:31: in best_hands
    sorted_hands = sorted(hands, key=lambda hand: (hand_rank(hand), hand), reverse=True)
exercises/practice/poker/poker.py:31: in <lambda>
    sorted_hands = sorted(hands, key=lambda hand: (hand_rank(hand), hand), reverse=True)
exercises/practice/poker/poker.py:22: in hand_rank
    if is_straight_flush(hand):
exercises/practice/poker/poker.py:5: in is_straight_flush
    suits = [card[1] for card in hand]
_ _ _ _ _ _ _ _ _ _ _ _ _ _ _ _ _ _ _ _ _ _ _ _ _ _ _ _ _ _ _ _ _ _ _ _ _ _ _ _ 

.0 = <str_iterator object at 0x7f8984116050>

>   suits = [card[1] for card in hand]
E   IndexError: string index out of range

exercises/practice/poker/poker.py:5: IndexError
_ PokerTest.test_with_multiple_decks_both_hands_with_identical_four_of_a_kind_tie_determined_by_kicker _

self = <poker_test.PokerTest testMethod=test_with_multiple_decks_both_hands_with_identical_four_of_a_kind_tie_determined_by_kicker>

    def test_with_multiple_decks_both_hands_with_identical_four_of_a_kind_tie_determined_by_kicker(
        self,
    ):
        self.assertEqual(
>           best_hands(["3S 3H 2S 3D 3C", "3S 3H 4S 3D 3C"]), ["3S 3H 4S 3D 3C"]
        )

exercises/practice/poker/poker_test.py:180: 
_ _ _ _ _ _ _ _ _ _ _ _ _ _ _ _ _ _ _ _ _ _ _ _ _ _ _ _ _ _ _ _ _ _ _ _ _ _ _ _ 
exercises/practice/poker/poker.py:31: in best_hands
    sorted_hands = sorted(hands, key=lambda hand: (hand_rank(hand), hand), reverse=True)
exercises/practice/poker/poker.py:31: in <lambda>
    sorted_hands = sorted(hands, key=lambda hand: (hand_rank(hand), hand), reverse=True)
exercises/practice/poker/poker.py:22: in hand_rank
    if is_straight_flush(hand):
exercises/practice/poker/poker.py:5: in is_straight_flush
    suits = [card[1] for card in hand]
_ _ _ _ _ _ _ _ _ _ _ _ _ _ _ _ _ _ _ _ _ _ _ _ _ _ _ _ _ _ _ _ _ _ _ _ _ _ _ _ 

.0 = <str_iterator object at 0x7f89840c5bd0>

>   suits = [card[1] for card in hand]
E   IndexError: string index out of range

exercises/practice/poker/poker.py:5: IndexError
_ PokerTest.test_with_multiple_decks_two_players_can_have_same_three_of_a_kind_ties_go_to_highest_remaining_cards _

self = <poker_test.PokerTest testMethod=test_with_multiple_decks_two_players_can_have_same_three_of_a_kind_ties_go_to_highest_remaining_cards>

    def test_with_multiple_decks_two_players_can_have_same_three_of_a_kind_ties_go_to_highest_remaining_cards(
        self,
    ):
        self.assertEqual(
>           best_hands(["4S AH AS 7C AD", "4S AH AS 8C AD"]), ["4S AH AS 8C AD"]
        )

exercises/practice/poker/poker_test.py:102: 
_ _ _ _ _ _ _ _ _ _ _ _ _ _ _ _ _ _ _ _ _ _ _ _ _ _ _ _ _ _ _ _ _ _ _ _ _ _ _ _ 
exercises/practice/poker/poker.py:31: in best_hands
    sorted_hands = sorted(hands, key=lambda hand: (hand_rank(hand), hand), reverse=True)
exercises/practice/poker/poker.py:31: in <lambda>
    sorted_hands = sorted(hands, key=lambda hand: (hand_rank(hand), hand), reverse=True)
exercises/practice/poker/poker.py:22: in hand_rank
    if is_straight_flush(hand):
exercises/practice/poker/poker.py:5: in is_straight_flush
    suits = [card[1] for card in hand]
_ _ _ _ _ _ _ _ _ _ _ _ _ _ _ _ _ _ _ _ _ _ _ _ _ _ _ _ _ _ _ _ _ _ _ _ _ _ _ _ 

.0 = <str_iterator object at 0x7f8984116aa0>

>   suits = [card[1] for card in hand]
E   IndexError: string index out of range

exercises/practice/poker/poker.py:5: IndexError
=========================== short test summary info ============================
FAILED exercises/practice/poker/poker_test.py::PokerTest::test_a_straight_beats_three_of_a_kind
FAILED exercises/practice/poker/poker_test.py::PokerTest::test_a_tie_has_multiple_winners
FAILED exercises/practice/poker/poker_test.py::PokerTest::test_aces_can_end_a_straight_10_j_q_k_a
FAILED exercises/practice/poker/poker_test.py::PokerTest::test_aces_can_end_a_straight_flush_10_j_q_k_a
FAILED exercises/practice/poker/poker_test.py::PokerTest::test_aces_can_start_a_straight_a_2_3_4_5
FAILED exercises/practice/poker/poker_test.py::PokerTest::test_aces_can_start_a_straight_flush_a_2_3_4_5
FAILED exercises/practice/poker/poker_test.py::PokerTest::test_aces_cannot_be_in_the_middle_of_a_straight_flush_q_k_a_2_3
FAILED exercises/practice/poker/poker_test.py::PokerTest::test_aces_cannot_be_in_the_middle_of_a_straight_q_k_a_2_3
FAILED exercises/practice/poker/poker_test.py::PokerTest::test_both_hands_have_a_flush_tie_goes_to_high_card_down_to_the_last_one_if_necessary
FAILED exercises/practice/poker/poker_test.py::PokerTest::test_both_hands_have_a_full_house_tie_goes_to_highest_ranked_triplet
FAILED exercises/practice/poker/poker_test.py::PokerTest::test_both_hands_have_a_straight_flush_tie_goes_to_highest_ranked_card
FAILED exercises/practice/poker/poker_test.py::PokerTest::test_both_hands_have_four_of_a_kind_tie_goes_to_high_quad
FAILED exercises/practice/poker/poker_test.py::PokerTest::test_both_hands_have_three_of_a_kind_tie_goes_to_highest_ranked_triplet
FAILED exercises/practice/poker/poker_test.py::PokerTest::test_both_hands_have_two_identically_ranked_pairs_tie_goes_to_remaining_card_kicker
FAILED exercises/practice/poker/poker_test.py::PokerTest::test_both_hands_have_two_pairs_highest_ranked_pair_wins
FAILED exercises/practice/poker/poker_test.py::PokerTest::test_both_hands_have_two_pairs_that_add_to_the_same_value_win_goes_to_highest_pair
FAILED exercises/practice/poker/poker_test.py::PokerTest::test_both_hands_have_two_pairs_with_the_same_highest_ranked_pair_tie_goes_to_low_pair
FAILED exercises/practice/poker/poker_test.py::PokerTest::test_both_hands_with_a_straight_tie_goes_to_highest_ranked_card
FAILED exercises/practice/poker/poker_test.py::PokerTest::test_even_though_an_ace_is_usually_high_a_5_high_straight_flush_is_the_lowest_scoring_straight_flush
FAILED exercises/practice/poker/poker_test.py::PokerTest::test_even_though_an_ace_is_usually_high_a_5_high_straight_is_the_lowest_scoring_straight
FAILED exercises/practice/poker/poker_test.py::PokerTest::test_flush_beats_a_straight
FAILED exercises/practice/poker/poker_test.py::PokerTest::test_four_of_a_kind_beats_a_full_house
FAILED exercises/practice/poker/poker_test.py::PokerTest::test_full_house_beats_a_flush
FAILED exercises/practice/poker/poker_test.py::PokerTest::test_highest_card_out_of_all_hands_wins
FAILED exercises/practice/poker/poker_test.py::PokerTest::test_highest_pair_wins
FAILED exercises/practice/poker/poker_test.py::PokerTest::test_multiple_hands_with_the_same_high_cards_tie_compares_next_highest_ranked_down_to_last_card
FAILED exercises/practice/poker/poker_test.py::PokerTest::test_one_pair_beats_high_card
FAILED exercises/practice/poker/poker_test.py::PokerTest::test_single_hand_always_wins
FAILED exercises/practice/poker/poker_test.py::PokerTest::test_straight_flush_beats_four_of_a_kind
FAILED exercises/practice/poker/poker_test.py::PokerTest::test_three_of_a_kind_beats_two_pair
FAILED exercises/practice/poker/poker_test.py::PokerTest::test_two_pairs_beats_one_pair
FAILED exercises/practice/poker/poker_test.py::PokerTest::test_two_pairs_first_ranked_by_largest_pair
FAILED exercises/practice/poker/poker_test.py::PokerTest::test_with_multiple_decks_both_hands_have_a_full_house_with_the_same_triplet_tie_goes_to_the_pair
FAILED exercises/practice/poker/poker_test.py::PokerTest::test_with_multiple_decks_both_hands_with_identical_four_of_a_kind_tie_determined_by_kicker
FAILED exercises/practice/poker/poker_test.py::PokerTest::test_with_multiple_decks_two_players_can_have_same_three_of_a_kind_ties_go_to_highest_remaining_cards
============================== 35 failed in 0.25s ==============================
