============================= test session starts ==============================
platform linux -- Python 3.10.12, pytest-7.4.0, pluggy-1.2.0
rootdir: /home/jake/Development/exercism-python
configfile: pytest.ini
plugins: mock-3.11.1, reportlog-0.4.0, repeat-0.9.1
collected 31 items

exercises/practice/bowling/bowling_test.py FFF..F...F...FFFF..F..FFFF.F. [ 93%]
FF                                                                       [100%]

=================================== FAILURES ===================================
___________ BowlingTest.test_a_roll_cannot_score_more_than_10_points ___________

self = <bowling_test.BowlingTest testMethod=test_a_roll_cannot_score_more_than_10_points>

    def test_a_roll_cannot_score_more_than_10_points(self):
        rolls = []
        game = self.roll_new_game(rolls)
>       with self.assertRaisesWithMessage(Exception):
E       AssertionError: Exception not raised

exercises/practice/bowling/bowling_test.py:109: AssertionError
________ BowlingTest.test_a_spare_followed_by_zeros_is_worth_ten_points ________

self = <bowling_test.BowlingTest testMethod=test_a_spare_followed_by_zeros_is_worth_ten_points>

    def test_a_spare_followed_by_zeros_is_worth_ten_points(self):
        rolls = [6, 4, 0, 0, 0, 0, 0, 0, 0, 0, 0, 0, 0, 0, 0, 0, 0, 0, 0, 0]
        game = self.roll_new_game(rolls)
>       self.assertEqual(game.score(), 10)

exercises/practice/bowling/bowling_test.py:32: 
_ _ _ _ _ _ _ _ _ _ _ _ _ _ _ _ _ _ _ _ _ _ _ _ _ _ _ _ _ _ _ _ _ _ _ _ _ _ _ _ 
exercises/practice/bowling/bowling.py:15: in score
    elif self.is_spare(roll_index):
_ _ _ _ _ _ _ _ _ _ _ _ _ _ _ _ _ _ _ _ _ _ _ _ _ _ _ _ _ _ _ _ _ _ _ _ _ _ _ _ 

self = <bowling.BowlingGame object at 0x7f454e357b20>, roll_index = 18

    def is_spare(self, roll_index):
        if roll_index == 18:  # 10th frame
>           return self.rolls[roll_index] + self
E           TypeError: unsupported operand type(s) for +: 'int' and 'BowlingGame'

exercises/practice/bowling/bowling.py:78: TypeError
_ BowlingTest.test_a_spare_in_the_last_frame_gets_a_one_roll_bonus_that_is_counted_once _

self = <bowling_test.BowlingTest testMethod=test_a_spare_in_the_last_frame_gets_a_one_roll_bonus_that_is_counted_once>

    def test_a_spare_in_the_last_frame_gets_a_one_roll_bonus_that_is_counted_once(self):
        rolls = [0, 0, 0, 0, 0, 0, 0, 0, 0, 0, 0, 0, 0, 0, 0, 0, 0, 0, 7, 3, 7]
        game = self.roll_new_game(rolls)
>       self.assertEqual(game.score(), 17)

exercises/practice/bowling/bowling_test.py:47: 
_ _ _ _ _ _ _ _ _ _ _ _ _ _ _ _ _ _ _ _ _ _ _ _ _ _ _ _ _ _ _ _ _ _ _ _ _ _ _ _ 
exercises/practice/bowling/bowling.py:15: in score
    elif self.is_spare(roll_index):
_ _ _ _ _ _ _ _ _ _ _ _ _ _ _ _ _ _ _ _ _ _ _ _ _ _ _ _ _ _ _ _ _ _ _ _ _ _ _ _ 

self = <bowling.BowlingGame object at 0x7f454e49ae60>, roll_index = 18

    def is_spare(self, roll_index):
        if roll_index == 18:  # 10th frame
>           return self.rolls[roll_index] + self
E           TypeError: unsupported operand type(s) for +: 'int' and 'BowlingGame'

exercises/practice/bowling/bowling.py:78: TypeError
_ BowlingTest.test_a_strike_with_the_one_roll_bonus_after_a_spare_in_the_last_frame_does_not_get_a_bonus _

self = <bowling_test.BowlingTest testMethod=test_a_strike_with_the_one_roll_bonus_after_a_spare_in_the_last_frame_does_not_get_a_bonus>

    def test_a_strike_with_the_one_roll_bonus_after_a_spare_in_the_last_frame_does_not_get_a_bonus(
        self,
    ):
        rolls = [0, 0, 0, 0, 0, 0, 0, 0, 0, 0, 0, 0, 0, 0, 0, 0, 0, 0, 7, 3, 10]
        game = self.roll_new_game(rolls)
>       self.assertEqual(game.score(), 20)

exercises/practice/bowling/bowling_test.py:93: 
_ _ _ _ _ _ _ _ _ _ _ _ _ _ _ _ _ _ _ _ _ _ _ _ _ _ _ _ _ _ _ _ _ _ _ _ _ _ _ _ 
exercises/practice/bowling/bowling.py:15: in score
    elif self.is_spare(roll_index):
_ _ _ _ _ _ _ _ _ _ _ _ _ _ _ _ _ _ _ _ _ _ _ _ _ _ _ _ _ _ _ _ _ _ _ _ _ _ _ _ 

self = <bowling.BowlingGame object at 0x7f454e37dba0>, roll_index = 18

    def is_spare(self, roll_index):
        if roll_index == 18:  # 10th frame
>           return self.rolls[roll_index] + self
E           TypeError: unsupported operand type(s) for +: 'int' and 'BowlingGame'

exercises/practice/bowling/bowling.py:78: TypeError
_ BowlingTest.test_bonus_roll_after_a_strike_in_the_last_frame_cannot_score_more_than_10_points _

self = <bowling_test.BowlingTest testMethod=test_bonus_roll_after_a_strike_in_the_last_frame_cannot_score_more_than_10_points>

    def test_bonus_roll_after_a_strike_in_the_last_frame_cannot_score_more_than_10_points(
        self,
    ):
        rolls = [0, 0, 0, 0, 0, 0, 0, 0, 0, 0, 0, 0, 0, 0, 0, 0, 0, 0, 10]
        game = self.roll_new_game(rolls)
>       with self.assertRaisesWithMessage(Exception):
E       AssertionError: Exception not raised

exercises/practice/bowling/bowling_test.py:123: AssertionError
___________ BowlingTest.test_cannot_roll_after_bonus_roll_for_spare ____________

self = <bowling_test.BowlingTest testMethod=test_cannot_roll_after_bonus_roll_for_spare>

    def test_cannot_roll_after_bonus_roll_for_spare(self):
        rolls = [0, 0, 0, 0, 0, 0, 0, 0, 0, 0, 0, 0, 0, 0, 0, 0, 0, 0, 7, 3, 2]
        game = self.roll_new_game(rolls)
>       with self.assertRaisesWithMessage(Exception):
E       AssertionError: Exception not raised

exercises/practice/bowling/bowling_test.py:202: AssertionError
__________ BowlingTest.test_cannot_roll_after_bonus_rolls_for_strike ___________

self = <bowling_test.BowlingTest testMethod=test_cannot_roll_after_bonus_rolls_for_strike>

    def test_cannot_roll_after_bonus_rolls_for_strike(self):
        rolls = [0, 0, 0, 0, 0, 0, 0, 0, 0, 0, 0, 0, 0, 0, 0, 0, 0, 0, 10, 3, 2]
        game = self.roll_new_game(rolls)
>       with self.assertRaisesWithMessage(Exception):
E       AssertionError: Exception not raised

exercises/practice/bowling/bowling_test.py:208: AssertionError
_________ BowlingTest.test_cannot_roll_if_game_already_has_ten_frames __________

self = <bowling_test.BowlingTest testMethod=test_cannot_roll_if_game_already_has_ten_frames>

    def test_cannot_roll_if_game_already_has_ten_frames(self):
        rolls = [0, 0, 0, 0, 0, 0, 0, 0, 0, 0, 0, 0, 0, 0, 0, 0, 0, 0, 0, 0]
        game = self.roll_new_game(rolls)
>       with self.assertRaisesWithMessage(Exception):
E       AssertionError: Exception not raised

exercises/practice/bowling/bowling_test.py:172: AssertionError
________ BowlingTest.test_consecutive_spares_each_get_a_one_roll_bonus _________

self = <bowling_test.BowlingTest testMethod=test_consecutive_spares_each_get_a_one_roll_bonus>

    def test_consecutive_spares_each_get_a_one_roll_bonus(self):
        rolls = [5, 5, 3, 7, 4, 0, 0, 0, 0, 0, 0, 0, 0, 0, 0, 0, 0, 0, 0, 0]
        game = self.roll_new_game(rolls)
>       self.assertEqual(game.score(), 31)

exercises/practice/bowling/bowling_test.py:42: 
_ _ _ _ _ _ _ _ _ _ _ _ _ _ _ _ _ _ _ _ _ _ _ _ _ _ _ _ _ _ _ _ _ _ _ _ _ _ _ _ 
exercises/practice/bowling/bowling.py:15: in score
    elif self.is_spare(roll_index):
_ _ _ _ _ _ _ _ _ _ _ _ _ _ _ _ _ _ _ _ _ _ _ _ _ _ _ _ _ _ _ _ _ _ _ _ _ _ _ _ 

self = <bowling.BowlingGame object at 0x7f454e354ac0>, roll_index = 18

    def is_spare(self, roll_index):
        if roll_index == 18:  # 10th frame
>           return self.rolls[roll_index] + self
E           TypeError: unsupported operand type(s) for +: 'int' and 'BowlingGame'

exercises/practice/bowling/bowling.py:78: TypeError
__ BowlingTest.test_points_scored_in_the_roll_after_a_spare_are_counted_twice __

self = <bowling_test.BowlingTest testMethod=test_points_scored_in_the_roll_after_a_spare_are_counted_twice>

    def test_points_scored_in_the_roll_after_a_spare_are_counted_twice(self):
        rolls = [6, 4, 3, 0, 0, 0, 0, 0, 0, 0, 0, 0, 0, 0, 0, 0, 0, 0, 0, 0]
        game = self.roll_new_game(rolls)
>       self.assertEqual(game.score(), 16)

exercises/practice/bowling/bowling_test.py:37: 
_ _ _ _ _ _ _ _ _ _ _ _ _ _ _ _ _ _ _ _ _ _ _ _ _ _ _ _ _ _ _ _ _ _ _ _ _ _ _ _ 
exercises/practice/bowling/bowling.py:15: in score
    elif self.is_spare(roll_index):
_ _ _ _ _ _ _ _ _ _ _ _ _ _ _ _ _ _ _ _ _ _ _ _ _ _ _ _ _ _ _ _ _ _ _ _ _ _ _ _ 

self = <bowling.BowlingGame object at 0x7f454e376860>, roll_index = 18

    def is_spare(self, roll_index):
        if roll_index == 18:  # 10th frame
>           return self.rolls[roll_index] + self
E           TypeError: unsupported operand type(s) for +: 'int' and 'BowlingGame'

exercises/practice/bowling/bowling.py:78: TypeError
_____________ BowlingTest.test_rolls_cannot_score_negative_points ______________

self = <bowling_test.BowlingTest testMethod=test_rolls_cannot_score_negative_points>

    def test_rolls_cannot_score_negative_points(self):
        rolls = []
        game = self.roll_new_game(rolls)
>       with self.assertRaisesWithMessage(Exception):
E       AssertionError: Exception not raised

exercises/practice/bowling/bowling_test.py:103: AssertionError
_ BowlingTest.test_second_bonus_roll_after_a_strike_in_the_last_frame_cannot_score_more_than_10_points _

self = <bowling_test.BowlingTest testMethod=test_second_bonus_roll_after_a_strike_in_the_last_frame_cannot_score_more_than_10_points>

    def test_second_bonus_roll_after_a_strike_in_the_last_frame_cannot_score_more_than_10_points(
        self,
    ):
        rolls = [0, 0, 0, 0, 0, 0, 0, 0, 0, 0, 0, 0, 0, 0, 0, 0, 0, 0, 10, 10]
        game = self.roll_new_game(rolls)
>       with self.assertRaisesWithMessage(Exception):
E       AssertionError: Exception not raised

exercises/practice/bowling/bowling_test.py:154: AssertionError
________ BowlingTest.test_should_be_able_to_score_a_game_with_all_zeros ________

self = <bowling_test.BowlingTest testMethod=test_should_be_able_to_score_a_game_with_all_zeros>

    def test_should_be_able_to_score_a_game_with_all_zeros(self):
        rolls = [0, 0, 0, 0, 0, 0, 0, 0, 0, 0, 0, 0, 0, 0, 0, 0, 0, 0, 0, 0]
        game = self.roll_new_game(rolls)
>       self.assertEqual(game.score(), 0)

exercises/practice/bowling/bowling_test.py:22: 
_ _ _ _ _ _ _ _ _ _ _ _ _ _ _ _ _ _ _ _ _ _ _ _ _ _ _ _ _ _ _ _ _ _ _ _ _ _ _ _ 
exercises/practice/bowling/bowling.py:15: in score
    elif self.is_spare(roll_index):
_ _ _ _ _ _ _ _ _ _ _ _ _ _ _ _ _ _ _ _ _ _ _ _ _ _ _ _ _ _ _ _ _ _ _ _ _ _ _ _ 

self = <bowling.BowlingGame object at 0x7f454e37d480>, roll_index = 18

    def is_spare(self, roll_index):
        if roll_index == 18:  # 10th frame
>           return self.rolls[roll_index] + self
E           TypeError: unsupported operand type(s) for +: 'int' and 'BowlingGame'

exercises/practice/bowling/bowling.py:78: TypeError
__ BowlingTest.test_should_be_able_to_score_a_game_with_no_strikes_or_spares ___

self = <bowling_test.BowlingTest testMethod=test_should_be_able_to_score_a_game_with_no_strikes_or_spares>

    def test_should_be_able_to_score_a_game_with_no_strikes_or_spares(self):
        rolls = [3, 6, 3, 6, 3, 6, 3, 6, 3, 6, 3, 6, 3, 6, 3, 6, 3, 6, 3, 6]
        game = self.roll_new_game(rolls)
>       self.assertEqual(game.score(), 90)

exercises/practice/bowling/bowling_test.py:27: 
_ _ _ _ _ _ _ _ _ _ _ _ _ _ _ _ _ _ _ _ _ _ _ _ _ _ _ _ _ _ _ _ _ _ _ _ _ _ _ _ 
exercises/practice/bowling/bowling.py:15: in score
    elif self.is_spare(roll_index):
_ _ _ _ _ _ _ _ _ _ _ _ _ _ _ _ _ _ _ _ _ _ _ _ _ _ _ _ _ _ _ _ _ _ _ _ _ _ _ _ 

self = <bowling.BowlingGame object at 0x7f454e375cc0>, roll_index = 18

    def is_spare(self, roll_index):
        if roll_index == 18:  # 10th frame
>           return self.rolls[roll_index] + self
E           TypeError: unsupported operand type(s) for +: 'int' and 'BowlingGame'

exercises/practice/bowling/bowling.py:78: TypeError
_ BowlingTest.test_the_second_bonus_rolls_after_a_strike_in_the_last_frame_cannot_be_a_strike_if_the_first_one_is_not_a_strike _

self = <bowling_test.BowlingTest testMethod=test_the_second_bonus_rolls_after_a_strike_in_the_last_frame_cannot_be_a_strike_if_the_first_one_is_not_a_strike>

    def test_the_second_bonus_rolls_after_a_strike_in_the_last_frame_cannot_be_a_strike_if_the_first_one_is_not_a_strike(
        self,
    ):
        rolls = [0, 0, 0, 0, 0, 0, 0, 0, 0, 0, 0, 0, 0, 0, 0, 0, 0, 0, 10, 6]
        game = self.roll_new_game(rolls)
>       with self.assertRaisesWithMessage(Exception):
E       AssertionError: Exception not raised

exercises/practice/bowling/bowling_test.py:146: AssertionError
_ BowlingTest.test_two_bonus_rolls_after_a_strike_in_the_last_frame_cannot_score_more_than_10_points _

self = <bowling_test.BowlingTest testMethod=test_two_bonus_rolls_after_a_strike_in_the_last_frame_cannot_score_more_than_10_points>

    def test_two_bonus_rolls_after_a_strike_in_the_last_frame_cannot_score_more_than_10_points(
        self,
    ):
        rolls = [0, 0, 0, 0, 0, 0, 0, 0, 0, 0, 0, 0, 0, 0, 0, 0, 0, 0, 10, 5]
        game = self.roll_new_game(rolls)
>       with self.assertRaisesWithMessage(Exception):
E       AssertionError: Exception not raised

exercises/practice/bowling/bowling_test.py:131: AssertionError
____ BowlingTest.test_two_rolls_in_a_frame_cannot_score_more_than_10_points ____

self = <bowling_test.BowlingTest testMethod=test_two_rolls_in_a_frame_cannot_score_more_than_10_points>

    def test_two_rolls_in_a_frame_cannot_score_more_than_10_points(self):
        rolls = [5]
        game = self.roll_new_game(rolls)
>       with self.assertRaisesWithMessage(Exception):
E       AssertionError: Exception not raised

exercises/practice/bowling/bowling_test.py:115: AssertionError
=========================== short test summary info ============================
FAILED exercises/practice/bowling/bowling_test.py::BowlingTest::test_a_roll_cannot_score_more_than_10_points
FAILED exercises/practice/bowling/bowling_test.py::BowlingTest::test_a_spare_followed_by_zeros_is_worth_ten_points
FAILED exercises/practice/bowling/bowling_test.py::BowlingTest::test_a_spare_in_the_last_frame_gets_a_one_roll_bonus_that_is_counted_once
FAILED exercises/practice/bowling/bowling_test.py::BowlingTest::test_a_strike_with_the_one_roll_bonus_after_a_spare_in_the_last_frame_does_not_get_a_bonus
FAILED exercises/practice/bowling/bowling_test.py::BowlingTest::test_bonus_roll_after_a_strike_in_the_last_frame_cannot_score_more_than_10_points
FAILED exercises/practice/bowling/bowling_test.py::BowlingTest::test_cannot_roll_after_bonus_roll_for_spare
FAILED exercises/practice/bowling/bowling_test.py::BowlingTest::test_cannot_roll_after_bonus_rolls_for_strike
FAILED exercises/practice/bowling/bowling_test.py::BowlingTest::test_cannot_roll_if_game_already_has_ten_frames
FAILED exercises/practice/bowling/bowling_test.py::BowlingTest::test_consecutive_spares_each_get_a_one_roll_bonus
FAILED exercises/practice/bowling/bowling_test.py::BowlingTest::test_points_scored_in_the_roll_after_a_spare_are_counted_twice
FAILED exercises/practice/bowling/bowling_test.py::BowlingTest::test_rolls_cannot_score_negative_points
FAILED exercises/practice/bowling/bowling_test.py::BowlingTest::test_second_bonus_roll_after_a_strike_in_the_last_frame_cannot_score_more_than_10_points
FAILED exercises/practice/bowling/bowling_test.py::BowlingTest::test_should_be_able_to_score_a_game_with_all_zeros
FAILED exercises/practice/bowling/bowling_test.py::BowlingTest::test_should_be_able_to_score_a_game_with_no_strikes_or_spares
FAILED exercises/practice/bowling/bowling_test.py::BowlingTest::test_the_second_bonus_rolls_after_a_strike_in_the_last_frame_cannot_be_a_strike_if_the_first_one_is_not_a_strike
FAILED exercises/practice/bowling/bowling_test.py::BowlingTest::test_two_bonus_rolls_after_a_strike_in_the_last_frame_cannot_score_more_than_10_points
FAILED exercises/practice/bowling/bowling_test.py::BowlingTest::test_two_rolls_in_a_frame_cannot_score_more_than_10_points
======================== 17 failed, 14 passed in 0.15s =========================
