============================= test session starts ==============================
platform linux -- Python 3.10.12, pytest-7.4.0, pluggy-1.2.0
rootdir: /home/jake/Development/exercism-python
configfile: pytest.ini
plugins: mock-3.11.1, reportlog-0.4.0, repeat-0.9.1, asyncio-0.21.1
asyncio: mode=strict
collected 31 items

exercises/practice/bowling/bowling_test.py FFFFFFFFFFFFFFFFFFFFFFFFFFFFF [ 93%]
FF                                                                       [100%]

=================================== FAILURES ===================================
___________ BowlingTest.test_a_roll_cannot_score_more_than_10_points ___________

self = <bowling_test.BowlingTest testMethod=test_a_roll_cannot_score_more_than_10_points>

    def test_a_roll_cannot_score_more_than_10_points(self):
        rolls = []
>       game = self.roll_new_game(rolls)

exercises/practice/bowling/bowling_test.py:108: 
_ _ _ _ _ _ _ _ _ _ _ _ _ _ _ _ _ _ _ _ _ _ _ _ _ _ _ _ _ _ _ _ _ _ _ _ _ _ _ _ 
exercises/practice/bowling/bowling_test.py:14: in roll_new_game
    game = BowlingGame()
_ _ _ _ _ _ _ _ _ _ _ _ _ _ _ _ _ _ _ _ _ _ _ _ _ _ _ _ _ _ _ _ _ _ _ _ _ _ _ _ 

self = <bowling.BowlingGame object at 0x7f40399a4430>

    def __init__(self):
        self.rolls = []
    
>       if pins < 0 or pins > 10:
E       NameError: name 'pins' is not defined

exercises/practice/bowling/bowling.py:5: NameError
________ BowlingTest.test_a_spare_followed_by_zeros_is_worth_ten_points ________

self = <bowling_test.BowlingTest testMethod=test_a_spare_followed_by_zeros_is_worth_ten_points>

    def test_a_spare_followed_by_zeros_is_worth_ten_points(self):
        rolls = [6, 4, 0, 0, 0, 0, 0, 0, 0, 0, 0, 0, 0, 0, 0, 0, 0, 0, 0, 0]
>       game = self.roll_new_game(rolls)

exercises/practice/bowling/bowling_test.py:31: 
_ _ _ _ _ _ _ _ _ _ _ _ _ _ _ _ _ _ _ _ _ _ _ _ _ _ _ _ _ _ _ _ _ _ _ _ _ _ _ _ 
exercises/practice/bowling/bowling_test.py:14: in roll_new_game
    game = BowlingGame()
_ _ _ _ _ _ _ _ _ _ _ _ _ _ _ _ _ _ _ _ _ _ _ _ _ _ _ _ _ _ _ _ _ _ _ _ _ _ _ _ 

self = <bowling.BowlingGame object at 0x7f40399976d0>

    def __init__(self):
        self.rolls = []
    
>       if pins < 0 or pins > 10:
E       NameError: name 'pins' is not defined

exercises/practice/bowling/bowling.py:5: NameError
_ BowlingTest.test_a_spare_in_the_last_frame_gets_a_one_roll_bonus_that_is_counted_once _

self = <bowling_test.BowlingTest testMethod=test_a_spare_in_the_last_frame_gets_a_one_roll_bonus_that_is_counted_once>

    def test_a_spare_in_the_last_frame_gets_a_one_roll_bonus_that_is_counted_once(self):
        rolls = [0, 0, 0, 0, 0, 0, 0, 0, 0, 0, 0, 0, 0, 0, 0, 0, 0, 0, 7, 3, 7]
>       game = self.roll_new_game(rolls)

exercises/practice/bowling/bowling_test.py:46: 
_ _ _ _ _ _ _ _ _ _ _ _ _ _ _ _ _ _ _ _ _ _ _ _ _ _ _ _ _ _ _ _ _ _ _ _ _ _ _ _ 
exercises/practice/bowling/bowling_test.py:14: in roll_new_game
    game = BowlingGame()
_ _ _ _ _ _ _ _ _ _ _ _ _ _ _ _ _ _ _ _ _ _ _ _ _ _ _ _ _ _ _ _ _ _ _ _ _ _ _ _ 

self = <bowling.BowlingGame object at 0x7f40399958d0>

    def __init__(self):
        self.rolls = []
    
>       if pins < 0 or pins > 10:
E       NameError: name 'pins' is not defined

exercises/practice/bowling/bowling.py:5: NameError
___ BowlingTest.test_a_strike_earns_ten_points_in_a_frame_with_a_single_roll ___

self = <bowling_test.BowlingTest testMethod=test_a_strike_earns_ten_points_in_a_frame_with_a_single_roll>

    def test_a_strike_earns_ten_points_in_a_frame_with_a_single_roll(self):
        rolls = [10, 0, 0, 0, 0, 0, 0, 0, 0, 0, 0, 0, 0, 0, 0, 0, 0, 0, 0]
>       game = self.roll_new_game(rolls)

exercises/practice/bowling/bowling_test.py:51: 
_ _ _ _ _ _ _ _ _ _ _ _ _ _ _ _ _ _ _ _ _ _ _ _ _ _ _ _ _ _ _ _ _ _ _ _ _ _ _ _ 
exercises/practice/bowling/bowling_test.py:14: in roll_new_game
    game = BowlingGame()
_ _ _ _ _ _ _ _ _ _ _ _ _ _ _ _ _ _ _ _ _ _ _ _ _ _ _ _ _ _ _ _ _ _ _ _ _ _ _ _ 

self = <bowling.BowlingGame object at 0x7f403985f760>

    def __init__(self):
        self.rolls = []
    
>       if pins < 0 or pins > 10:
E       NameError: name 'pins' is not defined

exercises/practice/bowling/bowling.py:5: NameError
_ BowlingTest.test_a_strike_in_the_last_frame_gets_a_two_roll_bonus_that_is_counted_once _

self = <bowling_test.BowlingTest testMethod=test_a_strike_in_the_last_frame_gets_a_two_roll_bonus_that_is_counted_once>

    def test_a_strike_in_the_last_frame_gets_a_two_roll_bonus_that_is_counted_once(
        self,
    ):
        rolls = [0, 0, 0, 0, 0, 0, 0, 0, 0, 0, 0, 0, 0, 0, 0, 0, 0, 0, 10, 7, 1]
>       game = self.roll_new_game(rolls)

exercises/practice/bowling/bowling_test.py:70: 
_ _ _ _ _ _ _ _ _ _ _ _ _ _ _ _ _ _ _ _ _ _ _ _ _ _ _ _ _ _ _ _ _ _ _ _ _ _ _ _ 
exercises/practice/bowling/bowling_test.py:14: in roll_new_game
    game = BowlingGame()
_ _ _ _ _ _ _ _ _ _ _ _ _ _ _ _ _ _ _ _ _ _ _ _ _ _ _ _ _ _ _ _ _ _ _ _ _ _ _ _ 

self = <bowling.BowlingGame object at 0x7f40399956c0>

    def __init__(self):
        self.rolls = []
    
>       if pins < 0 or pins > 10:
E       NameError: name 'pins' is not defined

exercises/practice/bowling/bowling.py:5: NameError
_ BowlingTest.test_a_strike_with_the_one_roll_bonus_after_a_spare_in_the_last_frame_does_not_get_a_bonus _

self = <bowling_test.BowlingTest testMethod=test_a_strike_with_the_one_roll_bonus_after_a_spare_in_the_last_frame_does_not_get_a_bonus>

    def test_a_strike_with_the_one_roll_bonus_after_a_spare_in_the_last_frame_does_not_get_a_bonus(
        self,
    ):
        rolls = [0, 0, 0, 0, 0, 0, 0, 0, 0, 0, 0, 0, 0, 0, 0, 0, 0, 0, 7, 3, 10]
>       game = self.roll_new_game(rolls)

exercises/practice/bowling/bowling_test.py:92: 
_ _ _ _ _ _ _ _ _ _ _ _ _ _ _ _ _ _ _ _ _ _ _ _ _ _ _ _ _ _ _ _ _ _ _ _ _ _ _ _ 
exercises/practice/bowling/bowling_test.py:14: in roll_new_game
    game = BowlingGame()
_ _ _ _ _ _ _ _ _ _ _ _ _ _ _ _ _ _ _ _ _ _ _ _ _ _ _ _ _ _ _ _ _ _ _ _ _ _ _ _ 

self = <bowling.BowlingGame object at 0x7f403981f5e0>

    def __init__(self):
        self.rolls = []
    
>       if pins < 0 or pins > 10:
E       NameError: name 'pins' is not defined

exercises/practice/bowling/bowling.py:5: NameError
________________ BowlingTest.test_all_strikes_is_a_perfect_game ________________

self = <bowling_test.BowlingTest testMethod=test_all_strikes_is_a_perfect_game>

    def test_all_strikes_is_a_perfect_game(self):
        rolls = [10, 10, 10, 10, 10, 10, 10, 10, 10, 10, 10, 10]
>       game = self.roll_new_game(rolls)

exercises/practice/bowling/bowling_test.py:97: 
_ _ _ _ _ _ _ _ _ _ _ _ _ _ _ _ _ _ _ _ _ _ _ _ _ _ _ _ _ _ _ _ _ _ _ _ _ _ _ _ 
exercises/practice/bowling/bowling_test.py:14: in roll_new_game
    game = BowlingGame()
_ _ _ _ _ _ _ _ _ _ _ _ _ _ _ _ _ _ _ _ _ _ _ _ _ _ _ _ _ _ _ _ _ _ _ _ _ _ _ _ 

self = <bowling.BowlingGame object at 0x7f4039878790>

    def __init__(self):
        self.rolls = []
    
>       if pins < 0 or pins > 10:
E       NameError: name 'pins' is not defined

exercises/practice/bowling/bowling.py:5: NameError
_____________ BowlingTest.test_an_incomplete_game_cannot_be_scored _____________

self = <bowling_test.BowlingTest testMethod=test_an_incomplete_game_cannot_be_scored>

    def test_an_incomplete_game_cannot_be_scored(self):
        rolls = [0, 0]
>       game = self.roll_new_game(rolls)

exercises/practice/bowling/bowling_test.py:165: 
_ _ _ _ _ _ _ _ _ _ _ _ _ _ _ _ _ _ _ _ _ _ _ _ _ _ _ _ _ _ _ _ _ _ _ _ _ _ _ _ 
exercises/practice/bowling/bowling_test.py:14: in roll_new_game
    game = BowlingGame()
_ _ _ _ _ _ _ _ _ _ _ _ _ _ _ _ _ _ _ _ _ _ _ _ _ _ _ _ _ _ _ _ _ _ _ _ _ _ _ _ 

self = <bowling.BowlingGame object at 0x7f403981caf0>

    def __init__(self):
        self.rolls = []
    
>       if pins < 0 or pins > 10:
E       NameError: name 'pins' is not defined

exercises/practice/bowling/bowling.py:5: NameError
_____________ BowlingTest.test_an_unstarted_game_cannot_be_scored ______________

self = <bowling_test.BowlingTest testMethod=test_an_unstarted_game_cannot_be_scored>

    def test_an_unstarted_game_cannot_be_scored(self):
        rolls = []
>       game = self.roll_new_game(rolls)

exercises/practice/bowling/bowling_test.py:159: 
_ _ _ _ _ _ _ _ _ _ _ _ _ _ _ _ _ _ _ _ _ _ _ _ _ _ _ _ _ _ _ _ _ _ _ _ _ _ _ _ 
exercises/practice/bowling/bowling_test.py:14: in roll_new_game
    game = BowlingGame()
_ _ _ _ _ _ _ _ _ _ _ _ _ _ _ _ _ _ _ _ _ _ _ _ _ _ _ _ _ _ _ _ _ _ _ _ _ _ _ _ 

self = <bowling.BowlingGame object at 0x7f403987b910>

    def __init__(self):
        self.rolls = []
    
>       if pins < 0 or pins > 10:
E       NameError: name 'pins' is not defined

exercises/practice/bowling/bowling.py:5: NameError
_ BowlingTest.test_bonus_roll_after_a_strike_in_the_last_frame_cannot_score_more_than_10_points _

self = <bowling_test.BowlingTest testMethod=test_bonus_roll_after_a_strike_in_the_last_frame_cannot_score_more_than_10_points>

    def test_bonus_roll_after_a_strike_in_the_last_frame_cannot_score_more_than_10_points(
        self,
    ):
        rolls = [0, 0, 0, 0, 0, 0, 0, 0, 0, 0, 0, 0, 0, 0, 0, 0, 0, 0, 10]
>       game = self.roll_new_game(rolls)

exercises/practice/bowling/bowling_test.py:122: 
_ _ _ _ _ _ _ _ _ _ _ _ _ _ _ _ _ _ _ _ _ _ _ _ _ _ _ _ _ _ _ _ _ _ _ _ _ _ _ _ 
exercises/practice/bowling/bowling_test.py:14: in roll_new_game
    game = BowlingGame()
_ _ _ _ _ _ _ _ _ _ _ _ _ _ _ _ _ _ _ _ _ _ _ _ _ _ _ _ _ _ _ _ _ _ _ _ _ _ _ _ 

self = <bowling.BowlingGame object at 0x7f403981c1c0>

    def __init__(self):
        self.rolls = []
    
>       if pins < 0 or pins > 10:
E       NameError: name 'pins' is not defined

exercises/practice/bowling/bowling.py:5: NameError
_ BowlingTest.test_bonus_roll_for_a_spare_in_the_last_frame_must_be_rolled_before_score_can_be_calculated _

self = <bowling_test.BowlingTest testMethod=test_bonus_roll_for_a_spare_in_the_last_frame_must_be_rolled_before_score_can_be_calculated>

    def test_bonus_roll_for_a_spare_in_the_last_frame_must_be_rolled_before_score_can_be_calculated(
        self,
    ):
        rolls = [0, 0, 0, 0, 0, 0, 0, 0, 0, 0, 0, 0, 0, 0, 0, 0, 0, 0, 7, 3]
>       game = self.roll_new_game(rolls)

exercises/practice/bowling/bowling_test.py:195: 
_ _ _ _ _ _ _ _ _ _ _ _ _ _ _ _ _ _ _ _ _ _ _ _ _ _ _ _ _ _ _ _ _ _ _ _ _ _ _ _ 
exercises/practice/bowling/bowling_test.py:14: in roll_new_game
    game = BowlingGame()
_ _ _ _ _ _ _ _ _ _ _ _ _ _ _ _ _ _ _ _ _ _ _ _ _ _ _ _ _ _ _ _ _ _ _ _ _ _ _ _ 

self = <bowling.BowlingGame object at 0x7f403987a8c0>

    def __init__(self):
        self.rolls = []
    
>       if pins < 0 or pins > 10:
E       NameError: name 'pins' is not defined

exercises/practice/bowling/bowling.py:5: NameError
_ BowlingTest.test_bonus_rolls_for_a_strike_in_the_last_frame_must_be_rolled_before_score_can_be_calculated _

self = <bowling_test.BowlingTest testMethod=test_bonus_rolls_for_a_strike_in_the_last_frame_must_be_rolled_before_score_can_be_calculated>

    def test_bonus_rolls_for_a_strike_in_the_last_frame_must_be_rolled_before_score_can_be_calculated(
        self,
    ):
        rolls = [0, 0, 0, 0, 0, 0, 0, 0, 0, 0, 0, 0, 0, 0, 0, 0, 0, 0, 10]
>       game = self.roll_new_game(rolls)

exercises/practice/bowling/bowling_test.py:179: 
_ _ _ _ _ _ _ _ _ _ _ _ _ _ _ _ _ _ _ _ _ _ _ _ _ _ _ _ _ _ _ _ _ _ _ _ _ _ _ _ 
exercises/practice/bowling/bowling_test.py:14: in roll_new_game
    game = BowlingGame()
_ _ _ _ _ _ _ _ _ _ _ _ _ _ _ _ _ _ _ _ _ _ _ _ _ _ _ _ _ _ _ _ _ _ _ _ _ _ _ _ 

self = <bowling.BowlingGame object at 0x7f40399a4400>

    def __init__(self):
        self.rolls = []
    
>       if pins < 0 or pins > 10:
E       NameError: name 'pins' is not defined

exercises/practice/bowling/bowling.py:5: NameError
_ BowlingTest.test_both_bonus_rolls_for_a_strike_in_the_last_frame_must_be_rolled_before_score_can_be_calculated _

self = <bowling_test.BowlingTest testMethod=test_both_bonus_rolls_for_a_strike_in_the_last_frame_must_be_rolled_before_score_can_be_calculated>

    def test_both_bonus_rolls_for_a_strike_in_the_last_frame_must_be_rolled_before_score_can_be_calculated(
        self,
    ):
        rolls = [0, 0, 0, 0, 0, 0, 0, 0, 0, 0, 0, 0, 0, 0, 0, 0, 0, 0, 10, 10]
>       game = self.roll_new_game(rolls)

exercises/practice/bowling/bowling_test.py:187: 
_ _ _ _ _ _ _ _ _ _ _ _ _ _ _ _ _ _ _ _ _ _ _ _ _ _ _ _ _ _ _ _ _ _ _ _ _ _ _ _ 
exercises/practice/bowling/bowling_test.py:14: in roll_new_game
    game = BowlingGame()
_ _ _ _ _ _ _ _ _ _ _ _ _ _ _ _ _ _ _ _ _ _ _ _ _ _ _ _ _ _ _ _ _ _ _ _ _ _ _ _ 

self = <bowling.BowlingGame object at 0x7f4039879cc0>

    def __init__(self):
        self.rolls = []
    
>       if pins < 0 or pins > 10:
E       NameError: name 'pins' is not defined

exercises/practice/bowling/bowling.py:5: NameError
___________ BowlingTest.test_cannot_roll_after_bonus_roll_for_spare ____________

self = <bowling_test.BowlingTest testMethod=test_cannot_roll_after_bonus_roll_for_spare>

    def test_cannot_roll_after_bonus_roll_for_spare(self):
        rolls = [0, 0, 0, 0, 0, 0, 0, 0, 0, 0, 0, 0, 0, 0, 0, 0, 0, 0, 7, 3, 2]
>       game = self.roll_new_game(rolls)

exercises/practice/bowling/bowling_test.py:201: 
_ _ _ _ _ _ _ _ _ _ _ _ _ _ _ _ _ _ _ _ _ _ _ _ _ _ _ _ _ _ _ _ _ _ _ _ _ _ _ _ 
exercises/practice/bowling/bowling_test.py:14: in roll_new_game
    game = BowlingGame()
_ _ _ _ _ _ _ _ _ _ _ _ _ _ _ _ _ _ _ _ _ _ _ _ _ _ _ _ _ _ _ _ _ _ _ _ _ _ _ _ 

self = <bowling.BowlingGame object at 0x7f403985e5f0>

    def __init__(self):
        self.rolls = []
    
>       if pins < 0 or pins > 10:
E       NameError: name 'pins' is not defined

exercises/practice/bowling/bowling.py:5: NameError
__________ BowlingTest.test_cannot_roll_after_bonus_rolls_for_strike ___________

self = <bowling_test.BowlingTest testMethod=test_cannot_roll_after_bonus_rolls_for_strike>

    def test_cannot_roll_after_bonus_rolls_for_strike(self):
        rolls = [0, 0, 0, 0, 0, 0, 0, 0, 0, 0, 0, 0, 0, 0, 0, 0, 0, 0, 10, 3, 2]
>       game = self.roll_new_game(rolls)

exercises/practice/bowling/bowling_test.py:207: 
_ _ _ _ _ _ _ _ _ _ _ _ _ _ _ _ _ _ _ _ _ _ _ _ _ _ _ _ _ _ _ _ _ _ _ _ _ _ _ _ 
exercises/practice/bowling/bowling_test.py:14: in roll_new_game
    game = BowlingGame()
_ _ _ _ _ _ _ _ _ _ _ _ _ _ _ _ _ _ _ _ _ _ _ _ _ _ _ _ _ _ _ _ _ _ _ _ _ _ _ _ 

self = <bowling.BowlingGame object at 0x7f40399a4130>

    def __init__(self):
        self.rolls = []
    
>       if pins < 0 or pins > 10:
E       NameError: name 'pins' is not defined

exercises/practice/bowling/bowling.py:5: NameError
_________ BowlingTest.test_cannot_roll_if_game_already_has_ten_frames __________

self = <bowling_test.BowlingTest testMethod=test_cannot_roll_if_game_already_has_ten_frames>

    def test_cannot_roll_if_game_already_has_ten_frames(self):
        rolls = [0, 0, 0, 0, 0, 0, 0, 0, 0, 0, 0, 0, 0, 0, 0, 0, 0, 0, 0, 0]
>       game = self.roll_new_game(rolls)

exercises/practice/bowling/bowling_test.py:171: 
_ _ _ _ _ _ _ _ _ _ _ _ _ _ _ _ _ _ _ _ _ _ _ _ _ _ _ _ _ _ _ _ _ _ _ _ _ _ _ _ 
exercises/practice/bowling/bowling_test.py:14: in roll_new_game
    game = BowlingGame()
_ _ _ _ _ _ _ _ _ _ _ _ _ _ _ _ _ _ _ _ _ _ _ _ _ _ _ _ _ _ _ _ _ _ _ _ _ _ _ _ 

self = <bowling.BowlingGame object at 0x7f403981dff0>

    def __init__(self):
        self.rolls = []
    
>       if pins < 0 or pins > 10:
E       NameError: name 'pins' is not defined

exercises/practice/bowling/bowling.py:5: NameError
________ BowlingTest.test_consecutive_spares_each_get_a_one_roll_bonus _________

self = <bowling_test.BowlingTest testMethod=test_consecutive_spares_each_get_a_one_roll_bonus>

    def test_consecutive_spares_each_get_a_one_roll_bonus(self):
        rolls = [5, 5, 3, 7, 4, 0, 0, 0, 0, 0, 0, 0, 0, 0, 0, 0, 0, 0, 0, 0]
>       game = self.roll_new_game(rolls)

exercises/practice/bowling/bowling_test.py:41: 
_ _ _ _ _ _ _ _ _ _ _ _ _ _ _ _ _ _ _ _ _ _ _ _ _ _ _ _ _ _ _ _ _ _ _ _ _ _ _ _ 
exercises/practice/bowling/bowling_test.py:14: in roll_new_game
    game = BowlingGame()
_ _ _ _ _ _ _ _ _ _ _ _ _ _ _ _ _ _ _ _ _ _ _ _ _ _ _ _ _ _ _ _ _ _ _ _ _ _ _ _ 

self = <bowling.BowlingGame object at 0x7f4039854ac0>

    def __init__(self):
        self.rolls = []
    
>       if pins < 0 or pins > 10:
E       NameError: name 'pins' is not defined

exercises/practice/bowling/bowling.py:5: NameError
_______ BowlingTest.test_consecutive_strikes_each_get_the_two_roll_bonus _______

self = <bowling_test.BowlingTest testMethod=test_consecutive_strikes_each_get_the_two_roll_bonus>

    def test_consecutive_strikes_each_get_the_two_roll_bonus(self):
        rolls = [10, 10, 10, 5, 3, 0, 0, 0, 0, 0, 0, 0, 0, 0, 0, 0, 0]
>       game = self.roll_new_game(rolls)

exercises/practice/bowling/bowling_test.py:63: 
_ _ _ _ _ _ _ _ _ _ _ _ _ _ _ _ _ _ _ _ _ _ _ _ _ _ _ _ _ _ _ _ _ _ _ _ _ _ _ _ 
exercises/practice/bowling/bowling_test.py:14: in roll_new_game
    game = BowlingGame()
_ _ _ _ _ _ _ _ _ _ _ _ _ _ _ _ _ _ _ _ _ _ _ _ _ _ _ _ _ _ _ _ _ _ _ _ _ _ _ _ 

self = <bowling.BowlingGame object at 0x7f403981c160>

    def __init__(self):
        self.rolls = []
    
>       if pins < 0 or pins > 10:
E       NameError: name 'pins' is not defined

exercises/practice/bowling/bowling.py:5: NameError
_ BowlingTest.test_last_two_strikes_followed_by_only_last_bonus_with_non_strike_points _

self = <bowling_test.BowlingTest testMethod=test_last_two_strikes_followed_by_only_last_bonus_with_non_strike_points>

    def test_last_two_strikes_followed_by_only_last_bonus_with_non_strike_points(self):
        rolls = [0, 0, 0, 0, 0, 0, 0, 0, 0, 0, 0, 0, 0, 0, 0, 0, 10, 10, 0, 1]
>       game = self.roll_new_game(rolls)

exercises/practice/bowling/bowling_test.py:85: 
_ _ _ _ _ _ _ _ _ _ _ _ _ _ _ _ _ _ _ _ _ _ _ _ _ _ _ _ _ _ _ _ _ _ _ _ _ _ _ _ 
exercises/practice/bowling/bowling_test.py:14: in roll_new_game
    game = BowlingGame()
_ _ _ _ _ _ _ _ _ _ _ _ _ _ _ _ _ _ _ _ _ _ _ _ _ _ _ _ _ _ _ _ _ _ _ _ _ _ _ _ 

self = <bowling.BowlingGame object at 0x7f4039857b80>

    def __init__(self):
        self.rolls = []
    
>       if pins < 0 or pins > 10:
E       NameError: name 'pins' is not defined

exercises/practice/bowling/bowling.py:5: NameError
__ BowlingTest.test_points_scored_in_the_roll_after_a_spare_are_counted_twice __

self = <bowling_test.BowlingTest testMethod=test_points_scored_in_the_roll_after_a_spare_are_counted_twice>

    def test_points_scored_in_the_roll_after_a_spare_are_counted_twice(self):
        rolls = [6, 4, 3, 0, 0, 0, 0, 0, 0, 0, 0, 0, 0, 0, 0, 0, 0, 0, 0, 0]
>       game = self.roll_new_game(rolls)

exercises/practice/bowling/bowling_test.py:36: 
_ _ _ _ _ _ _ _ _ _ _ _ _ _ _ _ _ _ _ _ _ _ _ _ _ _ _ _ _ _ _ _ _ _ _ _ _ _ _ _ 
exercises/practice/bowling/bowling_test.py:14: in roll_new_game
    game = BowlingGame()
_ _ _ _ _ _ _ _ _ _ _ _ _ _ _ _ _ _ _ _ _ _ _ _ _ _ _ _ _ _ _ _ _ _ _ _ _ _ _ _ 

self = <bowling.BowlingGame object at 0x7f4039822530>

    def __init__(self):
        self.rolls = []
    
>       if pins < 0 or pins > 10:
E       NameError: name 'pins' is not defined

exercises/practice/bowling/bowling.py:5: NameError
_ BowlingTest.test_points_scored_in_the_two_rolls_after_a_strike_are_counted_twice_as_a_bonus _

self = <bowling_test.BowlingTest testMethod=test_points_scored_in_the_two_rolls_after_a_strike_are_counted_twice_as_a_bonus>

    def test_points_scored_in_the_two_rolls_after_a_strike_are_counted_twice_as_a_bonus(
        self,
    ):
        rolls = [10, 5, 3, 0, 0, 0, 0, 0, 0, 0, 0, 0, 0, 0, 0, 0, 0, 0, 0]
>       game = self.roll_new_game(rolls)

exercises/practice/bowling/bowling_test.py:58: 
_ _ _ _ _ _ _ _ _ _ _ _ _ _ _ _ _ _ _ _ _ _ _ _ _ _ _ _ _ _ _ _ _ _ _ _ _ _ _ _ 
exercises/practice/bowling/bowling_test.py:14: in roll_new_game
    game = BowlingGame()
_ _ _ _ _ _ _ _ _ _ _ _ _ _ _ _ _ _ _ _ _ _ _ _ _ _ _ _ _ _ _ _ _ _ _ _ _ _ _ _ 

self = <bowling.BowlingGame object at 0x7f4039856c50>

    def __init__(self):
        self.rolls = []
    
>       if pins < 0 or pins > 10:
E       NameError: name 'pins' is not defined

exercises/practice/bowling/bowling.py:5: NameError
_ BowlingTest.test_rolling_a_spare_with_the_two_roll_bonus_does_not_get_a_bonus_roll _

self = <bowling_test.BowlingTest testMethod=test_rolling_a_spare_with_the_two_roll_bonus_does_not_get_a_bonus_roll>

    def test_rolling_a_spare_with_the_two_roll_bonus_does_not_get_a_bonus_roll(self):
        rolls = [0, 0, 0, 0, 0, 0, 0, 0, 0, 0, 0, 0, 0, 0, 0, 0, 0, 0, 10, 7, 3]
>       game = self.roll_new_game(rolls)

exercises/practice/bowling/bowling_test.py:75: 
_ _ _ _ _ _ _ _ _ _ _ _ _ _ _ _ _ _ _ _ _ _ _ _ _ _ _ _ _ _ _ _ _ _ _ _ _ _ _ _ 
exercises/practice/bowling/bowling_test.py:14: in roll_new_game
    game = BowlingGame()
_ _ _ _ _ _ _ _ _ _ _ _ _ _ _ _ _ _ _ _ _ _ _ _ _ _ _ _ _ _ _ _ _ _ _ _ _ _ _ _ 

self = <bowling.BowlingGame object at 0x7f40399943a0>

    def __init__(self):
        self.rolls = []
    
>       if pins < 0 or pins > 10:
E       NameError: name 'pins' is not defined

exercises/practice/bowling/bowling.py:5: NameError
_____________ BowlingTest.test_rolls_cannot_score_negative_points ______________

self = <bowling_test.BowlingTest testMethod=test_rolls_cannot_score_negative_points>

    def test_rolls_cannot_score_negative_points(self):
        rolls = []
>       game = self.roll_new_game(rolls)

exercises/practice/bowling/bowling_test.py:102: 
_ _ _ _ _ _ _ _ _ _ _ _ _ _ _ _ _ _ _ _ _ _ _ _ _ _ _ _ _ _ _ _ _ _ _ _ _ _ _ _ 
exercises/practice/bowling/bowling_test.py:14: in roll_new_game
    game = BowlingGame()
_ _ _ _ _ _ _ _ _ _ _ _ _ _ _ _ _ _ _ _ _ _ _ _ _ _ _ _ _ _ _ _ _ _ _ _ _ _ _ _ 

self = <bowling.BowlingGame object at 0x7f4039855540>

    def __init__(self):
        self.rolls = []
    
>       if pins < 0 or pins > 10:
E       NameError: name 'pins' is not defined

exercises/practice/bowling/bowling.py:5: NameError
_ BowlingTest.test_second_bonus_roll_after_a_strike_in_the_last_frame_cannot_score_more_than_10_points _

self = <bowling_test.BowlingTest testMethod=test_second_bonus_roll_after_a_strike_in_the_last_frame_cannot_score_more_than_10_points>

    def test_second_bonus_roll_after_a_strike_in_the_last_frame_cannot_score_more_than_10_points(
        self,
    ):
        rolls = [0, 0, 0, 0, 0, 0, 0, 0, 0, 0, 0, 0, 0, 0, 0, 0, 0, 0, 10, 10]
>       game = self.roll_new_game(rolls)

exercises/practice/bowling/bowling_test.py:153: 
_ _ _ _ _ _ _ _ _ _ _ _ _ _ _ _ _ _ _ _ _ _ _ _ _ _ _ _ _ _ _ _ _ _ _ _ _ _ _ _ 
exercises/practice/bowling/bowling_test.py:14: in roll_new_game
    game = BowlingGame()
_ _ _ _ _ _ _ _ _ _ _ _ _ _ _ _ _ _ _ _ _ _ _ _ _ _ _ _ _ _ _ _ _ _ _ _ _ _ _ _ 

self = <bowling.BowlingGame object at 0x7f403981fcd0>

    def __init__(self):
        self.rolls = []
    
>       if pins < 0 or pins > 10:
E       NameError: name 'pins' is not defined

exercises/practice/bowling/bowling.py:5: NameError
________ BowlingTest.test_should_be_able_to_score_a_game_with_all_zeros ________

self = <bowling_test.BowlingTest testMethod=test_should_be_able_to_score_a_game_with_all_zeros>

    def test_should_be_able_to_score_a_game_with_all_zeros(self):
        rolls = [0, 0, 0, 0, 0, 0, 0, 0, 0, 0, 0, 0, 0, 0, 0, 0, 0, 0, 0, 0]
>       game = self.roll_new_game(rolls)

exercises/practice/bowling/bowling_test.py:21: 
_ _ _ _ _ _ _ _ _ _ _ _ _ _ _ _ _ _ _ _ _ _ _ _ _ _ _ _ _ _ _ _ _ _ _ _ _ _ _ _ 
exercises/practice/bowling/bowling_test.py:14: in roll_new_game
    game = BowlingGame()
_ _ _ _ _ _ _ _ _ _ _ _ _ _ _ _ _ _ _ _ _ _ _ _ _ _ _ _ _ _ _ _ _ _ _ _ _ _ _ _ 

self = <bowling.BowlingGame object at 0x7f4039855ea0>

    def __init__(self):
        self.rolls = []
    
>       if pins < 0 or pins > 10:
E       NameError: name 'pins' is not defined

exercises/practice/bowling/bowling.py:5: NameError
__ BowlingTest.test_should_be_able_to_score_a_game_with_no_strikes_or_spares ___

self = <bowling_test.BowlingTest testMethod=test_should_be_able_to_score_a_game_with_no_strikes_or_spares>

    def test_should_be_able_to_score_a_game_with_no_strikes_or_spares(self):
        rolls = [3, 6, 3, 6, 3, 6, 3, 6, 3, 6, 3, 6, 3, 6, 3, 6, 3, 6, 3, 6]
>       game = self.roll_new_game(rolls)

exercises/practice/bowling/bowling_test.py:26: 
_ _ _ _ _ _ _ _ _ _ _ _ _ _ _ _ _ _ _ _ _ _ _ _ _ _ _ _ _ _ _ _ _ _ _ _ _ _ _ _ 
exercises/practice/bowling/bowling_test.py:14: in roll_new_game
    game = BowlingGame()
_ _ _ _ _ _ _ _ _ _ _ _ _ _ _ _ _ _ _ _ _ _ _ _ _ _ _ _ _ _ _ _ _ _ _ _ _ _ _ _ 

self = <bowling.BowlingGame object at 0x7f403981f8b0>

    def __init__(self):
        self.rolls = []
    
>       if pins < 0 or pins > 10:
E       NameError: name 'pins' is not defined

exercises/practice/bowling/bowling.py:5: NameError
___ BowlingTest.test_strikes_with_the_two_roll_bonus_do_not_get_bonus_rolls ____

self = <bowling_test.BowlingTest testMethod=test_strikes_with_the_two_roll_bonus_do_not_get_bonus_rolls>

    def test_strikes_with_the_two_roll_bonus_do_not_get_bonus_rolls(self):
        rolls = [0, 0, 0, 0, 0, 0, 0, 0, 0, 0, 0, 0, 0, 0, 0, 0, 0, 0, 10, 10, 10]
>       game = self.roll_new_game(rolls)

exercises/practice/bowling/bowling_test.py:80: 
_ _ _ _ _ _ _ _ _ _ _ _ _ _ _ _ _ _ _ _ _ _ _ _ _ _ _ _ _ _ _ _ _ _ _ _ _ _ _ _ 
exercises/practice/bowling/bowling_test.py:14: in roll_new_game
    game = BowlingGame()
_ _ _ _ _ _ _ _ _ _ _ _ _ _ _ _ _ _ _ _ _ _ _ _ _ _ _ _ _ _ _ _ _ _ _ _ _ _ _ _ 

self = <bowling.BowlingGame object at 0x7f4039854f40>

    def __init__(self):
        self.rolls = []
    
>       if pins < 0 or pins > 10:
E       NameError: name 'pins' is not defined

exercises/practice/bowling/bowling.py:5: NameError
_ BowlingTest.test_the_second_bonus_rolls_after_a_strike_in_the_last_frame_cannot_be_a_strike_if_the_first_one_is_not_a_strike _

self = <bowling_test.BowlingTest testMethod=test_the_second_bonus_rolls_after_a_strike_in_the_last_frame_cannot_be_a_strike_if_the_first_one_is_not_a_strike>

    def test_the_second_bonus_rolls_after_a_strike_in_the_last_frame_cannot_be_a_strike_if_the_first_one_is_not_a_strike(
        self,
    ):
        rolls = [0, 0, 0, 0, 0, 0, 0, 0, 0, 0, 0, 0, 0, 0, 0, 0, 0, 0, 10, 6]
>       game = self.roll_new_game(rolls)

exercises/practice/bowling/bowling_test.py:145: 
_ _ _ _ _ _ _ _ _ _ _ _ _ _ _ _ _ _ _ _ _ _ _ _ _ _ _ _ _ _ _ _ _ _ _ _ _ _ _ _ 
exercises/practice/bowling/bowling_test.py:14: in roll_new_game
    game = BowlingGame()
_ _ _ _ _ _ _ _ _ _ _ _ _ _ _ _ _ _ _ _ _ _ _ _ _ _ _ _ _ _ _ _ _ _ _ _ _ _ _ _ 

self = <bowling.BowlingGame object at 0x7f403981db70>

    def __init__(self):
        self.rolls = []
    
>       if pins < 0 or pins > 10:
E       NameError: name 'pins' is not defined

exercises/practice/bowling/bowling.py:5: NameError
_ BowlingTest.test_two_bonus_rolls_after_a_strike_in_the_last_frame_can_score_more_than_10_points_if_one_is_a_strike _

self = <bowling_test.BowlingTest testMethod=test_two_bonus_rolls_after_a_strike_in_the_last_frame_can_score_more_than_10_points_if_one_is_a_strike>

    def test_two_bonus_rolls_after_a_strike_in_the_last_frame_can_score_more_than_10_points_if_one_is_a_strike(
        self,
    ):
        rolls = [0, 0, 0, 0, 0, 0, 0, 0, 0, 0, 0, 0, 0, 0, 0, 0, 0, 0, 10, 10, 6]
>       game = self.roll_new_game(rolls)

exercises/practice/bowling/bowling_test.py:138: 
_ _ _ _ _ _ _ _ _ _ _ _ _ _ _ _ _ _ _ _ _ _ _ _ _ _ _ _ _ _ _ _ _ _ _ _ _ _ _ _ 
exercises/practice/bowling/bowling_test.py:14: in roll_new_game
    game = BowlingGame()
_ _ _ _ _ _ _ _ _ _ _ _ _ _ _ _ _ _ _ _ _ _ _ _ _ _ _ _ _ _ _ _ _ _ _ _ _ _ _ _ 

self = <bowling.BowlingGame object at 0x7f4039997f40>

    def __init__(self):
        self.rolls = []
    
>       if pins < 0 or pins > 10:
E       NameError: name 'pins' is not defined

exercises/practice/bowling/bowling.py:5: NameError
_ BowlingTest.test_two_bonus_rolls_after_a_strike_in_the_last_frame_cannot_score_more_than_10_points _

self = <bowling_test.BowlingTest testMethod=test_two_bonus_rolls_after_a_strike_in_the_last_frame_cannot_score_more_than_10_points>

    def test_two_bonus_rolls_after_a_strike_in_the_last_frame_cannot_score_more_than_10_points(
        self,
    ):
        rolls = [0, 0, 0, 0, 0, 0, 0, 0, 0, 0, 0, 0, 0, 0, 0, 0, 0, 0, 10, 5]
>       game = self.roll_new_game(rolls)

exercises/practice/bowling/bowling_test.py:130: 
_ _ _ _ _ _ _ _ _ _ _ _ _ _ _ _ _ _ _ _ _ _ _ _ _ _ _ _ _ _ _ _ _ _ _ _ _ _ _ _ 
exercises/practice/bowling/bowling_test.py:14: in roll_new_game
    game = BowlingGame()
_ _ _ _ _ _ _ _ _ _ _ _ _ _ _ _ _ _ _ _ _ _ _ _ _ _ _ _ _ _ _ _ _ _ _ _ _ _ _ _ 

self = <bowling.BowlingGame object at 0x7f403981f130>

    def __init__(self):
        self.rolls = []
    
>       if pins < 0 or pins > 10:
E       NameError: name 'pins' is not defined

exercises/practice/bowling/bowling.py:5: NameError
____ BowlingTest.test_two_rolls_in_a_frame_cannot_score_more_than_10_points ____

self = <bowling_test.BowlingTest testMethod=test_two_rolls_in_a_frame_cannot_score_more_than_10_points>

    def test_two_rolls_in_a_frame_cannot_score_more_than_10_points(self):
        rolls = [5]
>       game = self.roll_new_game(rolls)

exercises/practice/bowling/bowling_test.py:114: 
_ _ _ _ _ _ _ _ _ _ _ _ _ _ _ _ _ _ _ _ _ _ _ _ _ _ _ _ _ _ _ _ _ _ _ _ _ _ _ _ 
exercises/practice/bowling/bowling_test.py:14: in roll_new_game
    game = BowlingGame()
_ _ _ _ _ _ _ _ _ _ _ _ _ _ _ _ _ _ _ _ _ _ _ _ _ _ _ _ _ _ _ _ _ _ _ _ _ _ _ _ 

self = <bowling.BowlingGame object at 0x7f4039994cd0>

    def __init__(self):
        self.rolls = []
    
>       if pins < 0 or pins > 10:
E       NameError: name 'pins' is not defined

exercises/practice/bowling/bowling.py:5: NameError
=========================== short test summary info ============================
FAILED exercises/practice/bowling/bowling_test.py::BowlingTest::test_a_roll_cannot_score_more_than_10_points
FAILED exercises/practice/bowling/bowling_test.py::BowlingTest::test_a_spare_followed_by_zeros_is_worth_ten_points
FAILED exercises/practice/bowling/bowling_test.py::BowlingTest::test_a_spare_in_the_last_frame_gets_a_one_roll_bonus_that_is_counted_once
FAILED exercises/practice/bowling/bowling_test.py::BowlingTest::test_a_strike_earns_ten_points_in_a_frame_with_a_single_roll
FAILED exercises/practice/bowling/bowling_test.py::BowlingTest::test_a_strike_in_the_last_frame_gets_a_two_roll_bonus_that_is_counted_once
FAILED exercises/practice/bowling/bowling_test.py::BowlingTest::test_a_strike_with_the_one_roll_bonus_after_a_spare_in_the_last_frame_does_not_get_a_bonus
FAILED exercises/practice/bowling/bowling_test.py::BowlingTest::test_all_strikes_is_a_perfect_game
FAILED exercises/practice/bowling/bowling_test.py::BowlingTest::test_an_incomplete_game_cannot_be_scored
FAILED exercises/practice/bowling/bowling_test.py::BowlingTest::test_an_unstarted_game_cannot_be_scored
FAILED exercises/practice/bowling/bowling_test.py::BowlingTest::test_bonus_roll_after_a_strike_in_the_last_frame_cannot_score_more_than_10_points
FAILED exercises/practice/bowling/bowling_test.py::BowlingTest::test_bonus_roll_for_a_spare_in_the_last_frame_must_be_rolled_before_score_can_be_calculated
FAILED exercises/practice/bowling/bowling_test.py::BowlingTest::test_bonus_rolls_for_a_strike_in_the_last_frame_must_be_rolled_before_score_can_be_calculated
FAILED exercises/practice/bowling/bowling_test.py::BowlingTest::test_both_bonus_rolls_for_a_strike_in_the_last_frame_must_be_rolled_before_score_can_be_calculated
FAILED exercises/practice/bowling/bowling_test.py::BowlingTest::test_cannot_roll_after_bonus_roll_for_spare
FAILED exercises/practice/bowling/bowling_test.py::BowlingTest::test_cannot_roll_after_bonus_rolls_for_strike
FAILED exercises/practice/bowling/bowling_test.py::BowlingTest::test_cannot_roll_if_game_already_has_ten_frames
FAILED exercises/practice/bowling/bowling_test.py::BowlingTest::test_consecutive_spares_each_get_a_one_roll_bonus
FAILED exercises/practice/bowling/bowling_test.py::BowlingTest::test_consecutive_strikes_each_get_the_two_roll_bonus
FAILED exercises/practice/bowling/bowling_test.py::BowlingTest::test_last_two_strikes_followed_by_only_last_bonus_with_non_strike_points
FAILED exercises/practice/bowling/bowling_test.py::BowlingTest::test_points_scored_in_the_roll_after_a_spare_are_counted_twice
FAILED exercises/practice/bowling/bowling_test.py::BowlingTest::test_points_scored_in_the_two_rolls_after_a_strike_are_counted_twice_as_a_bonus
FAILED exercises/practice/bowling/bowling_test.py::BowlingTest::test_rolling_a_spare_with_the_two_roll_bonus_does_not_get_a_bonus_roll
FAILED exercises/practice/bowling/bowling_test.py::BowlingTest::test_rolls_cannot_score_negative_points
FAILED exercises/practice/bowling/bowling_test.py::BowlingTest::test_second_bonus_roll_after_a_strike_in_the_last_frame_cannot_score_more_than_10_points
FAILED exercises/practice/bowling/bowling_test.py::BowlingTest::test_should_be_able_to_score_a_game_with_all_zeros
FAILED exercises/practice/bowling/bowling_test.py::BowlingTest::test_should_be_able_to_score_a_game_with_no_strikes_or_spares
FAILED exercises/practice/bowling/bowling_test.py::BowlingTest::test_strikes_with_the_two_roll_bonus_do_not_get_bonus_rolls
FAILED exercises/practice/bowling/bowling_test.py::BowlingTest::test_the_second_bonus_rolls_after_a_strike_in_the_last_frame_cannot_be_a_strike_if_the_first_one_is_not_a_strike
FAILED exercises/practice/bowling/bowling_test.py::BowlingTest::test_two_bonus_rolls_after_a_strike_in_the_last_frame_can_score_more_than_10_points_if_one_is_a_strike
FAILED exercises/practice/bowling/bowling_test.py::BowlingTest::test_two_bonus_rolls_after_a_strike_in_the_last_frame_cannot_score_more_than_10_points
FAILED exercises/practice/bowling/bowling_test.py::BowlingTest::test_two_rolls_in_a_frame_cannot_score_more_than_10_points
============================== 31 failed in 0.30s ==============================
