============================= test session starts ==============================
platform linux -- Python 3.10.12, pytest-7.4.0, pluggy-1.3.0
rootdir: /home/jake/Development/mentat/tests/benchmarks/repos/exercism-python
configfile: pytest.ini
plugins: mock-3.11.1, reportlog-0.4.0, asyncio-0.21.1, xdist-3.3.1
asyncio: mode=strict
collected 17 items

exercises/practice/scale-generator/scale_generator_test.py ..FFFFFFFFFFF [ 76%]
FFFF                                                                     [100%]

=================================== FAILURES ===================================
_____________________ ScaleGeneratorTest.test_dorian_mode ______________________

self = <scale_generator_test.ScaleGeneratorTest testMethod=test_dorian_mode>

    def test_dorian_mode(self):
        expected = ["D", "E", "F", "G", "A", "B", "C", "D"]
>       self.assertEqual(Scale("d").interval("MmMMMmM"), expected)
E       AssertionError: Lists differ: ['D', 'E', 'G', 'C', 'G', 'E', 'D', 'D'] != ['D', 'E', 'F', 'G', 'A', 'B', 'C', 'D']
E       
E       First differing element 2:
E       'G'
E       'F'
E       
E       - ['D', 'E', 'G', 'C', 'G', 'E', 'D', 'D']
E       + ['D', 'E', 'F', 'G', 'A', 'B', 'C', 'D']

exercises/practice/scale-generator/scale_generator_test.py:46: AssertionError
______________________ ScaleGeneratorTest.test_enigmatic _______________________

self = <scale_generator_test.ScaleGeneratorTest testMethod=test_enigmatic>

    def test_enigmatic(self):
        expected = ["G", "G#", "B", "C#", "D#", "F", "F#", "G"]
>       self.assertEqual(Scale("G").interval("mAMMMmm"), expected)
E       AssertionError: Lists differ: ['G', 'G#', 'C', 'F#', 'D', 'C', 'B', 'G'] != ['G', 'G#', 'B', 'C#', 'D#', 'F', 'F#', 'G']
E       
E       First differing element 2:
E       'C'
E       'B'
E       
E       - ['G', 'G#', 'C', 'F#', 'D', 'C', 'B', 'G']
E       + ['G', 'G#', 'B', 'C#', 'D#', 'F', 'F#', 'G']

exercises/practice/scale-generator/scale_generator_test.py:82: AssertionError
____________________ ScaleGeneratorTest.test_harmonic_minor ____________________

self = <scale_generator_test.ScaleGeneratorTest testMethod=test_harmonic_minor>

    def test_harmonic_minor(self):
        expected = ["D", "E", "F", "G", "A", "Bb", "Db", "D"]
>       self.assertEqual(Scale("d").interval("MmMMmAm"), expected)
E       AssertionError: Lists differ: ['D', 'E', 'G', 'C', 'G', 'D#', 'D', 'D'] != ['D', 'E', 'F', 'G', 'A', 'Bb', 'Db', 'D']
E       
E       First differing element 2:
E       'G'
E       'F'
E       
E       - ['D', 'E', 'G', 'C', 'G', 'D#', 'D', 'D']
E       ?                  ^    ^     ^  -----
E       
E       + ['D', 'E', 'F', 'G', 'A', 'Bb', 'Db', 'D']
E       ?            +++++      ^    ^^     ^

exercises/practice/scale-generator/scale_generator_test.py:66: AssertionError
______________________ ScaleGeneratorTest.test_hexatonic _______________________

self = <scale_generator_test.ScaleGeneratorTest testMethod=test_hexatonic>

    def test_hexatonic(self):
        expected = ["Db", "Eb", "F", "G", "A", "B", "Db"]
>       self.assertEqual(Scale("Db").interval("MMMMMM"), expected)
E       AssertionError: Lists differ: ['Db', 'Eb', 'G', 'Db', 'A', 'G', 'Db'] != ['Db', 'Eb', 'F', 'G', 'A', 'B', 'Db']
E       
E       First differing element 2:
E       'G'
E       'F'
E       
E       - ['Db', 'Eb', 'G', 'Db', 'A', 'G', 'Db']
E       ?                   ------      ^
E       
E       + ['Db', 'Eb', 'F', 'G', 'A', 'B', 'Db']
E       ?              +++++           ^

exercises/practice/scale-generator/scale_generator_test.py:74: AssertionError
_____________________ ScaleGeneratorTest.test_locrian_mode _____________________

self = <scale_generator_test.ScaleGeneratorTest testMethod=test_locrian_mode>

    def test_locrian_mode(self):
        expected = ["G", "Ab", "Bb", "C", "Db", "Eb", "F", "G"]
>       self.assertEqual(Scale("g").interval("mMMmMMM"), expected)
E       AssertionError: Lists differ: ['G', 'G#', 'B', 'E', 'A#', 'F#', 'E', 'G'] != ['G', 'Ab', 'Bb', 'C', 'Db', 'Eb', 'F', 'G']
E       
E       First differing element 1:
E       'G#'
E       'Ab'
E       
E       - ['G', 'G#', 'B', 'E', 'A#', 'F#', 'E', 'G']
E       + ['G', 'Ab', 'Bb', 'C', 'Db', 'Eb', 'F', 'G']

exercises/practice/scale-generator/scale_generator_test.py:62: AssertionError
_____________________ ScaleGeneratorTest.test_lydian_mode ______________________

self = <scale_generator_test.ScaleGeneratorTest testMethod=test_lydian_mode>

    def test_lydian_mode(self):
        expected = ["A", "B", "C#", "D#", "E", "F#", "G#", "A"]
>       self.assertEqual(Scale("a").interval("MMMmMMm"), expected)
E       AssertionError: Lists differ: ['A', 'B', 'D#', 'A', 'E', 'C#', 'C', 'A'] != ['A', 'B', 'C#', 'D#', 'E', 'F#', 'G#', 'A']
E       
E       First differing element 2:
E       'D#'
E       'C#'
E       
E       - ['A', 'B', 'D#', 'A', 'E', 'C#', 'C', 'A']
E       ?                  -----      ^     ^
E       
E       + ['A', 'B', 'C#', 'D#', 'E', 'F#', 'G#', 'A']
E       ?           ++++++             ^     ^^

exercises/practice/scale-generator/scale_generator_test.py:54: AssertionError
________________ ScaleGeneratorTest.test_major_scale_with_flats ________________

self = <scale_generator_test.ScaleGeneratorTest testMethod=test_major_scale_with_flats>

    def test_major_scale_with_flats(self):
        expected = ["F", "G", "A", "Bb", "C", "D", "E", "F"]
>       self.assertEqual(Scale("F").interval("MMmMMMm"), expected)
E       AssertionError: Lists differ: ['F', 'G', 'B', 'E', 'B', 'Ab', 'G', 'F'] != ['F', 'G', 'A', 'Bb', 'C', 'D', 'E', 'F']
E       
E       First differing element 2:
E       'B'
E       'A'
E       
E       - ['F', 'G', 'B', 'E', 'B', 'Ab', 'G', 'F']
E       + ['F', 'G', 'A', 'Bb', 'C', 'D', 'E', 'F']

exercises/practice/scale-generator/scale_generator_test.py:34: AssertionError
_______________ ScaleGeneratorTest.test_major_scale_with_sharps ________________

self = <scale_generator_test.ScaleGeneratorTest testMethod=test_major_scale_with_sharps>

    def test_major_scale_with_sharps(self):
        expected = ["G", "A", "B", "C", "D", "E", "F#", "G"]
>       self.assertEqual(Scale("G").interval("MMmMMMm"), expected)
E       AssertionError: Lists differ: ['G', 'A', 'C#', 'F#', 'C#', 'A#', 'A', 'G'] != ['G', 'A', 'B', 'C', 'D', 'E', 'F#', 'G']
E       
E       First differing element 2:
E       'C#'
E       'B'
E       
E       - ['G', 'A', 'C#', 'F#', 'C#', 'A#', 'A', 'G']
E       + ['G', 'A', 'B', 'C', 'D', 'E', 'F#', 'G']

exercises/practice/scale-generator/scale_generator_test.py:30: AssertionError
________________ ScaleGeneratorTest.test_minor_scale_with_flats ________________

self = <scale_generator_test.ScaleGeneratorTest testMethod=test_minor_scale_with_flats>

    def test_minor_scale_with_flats(self):
        expected = ["Bb", "C", "Db", "Eb", "F", "Gb", "Ab", "Bb"]
>       self.assertEqual(Scale("bb").interval("MmMMmMM"), expected)
E       AssertionError: Lists differ: ['Bb', 'C', 'Eb', 'Ab', 'Eb', 'B', 'A', 'Bb'] != ['Bb', 'C', 'Db', 'Eb', 'F', 'Gb', 'Ab', 'Bb']
E       
E       First differing element 2:
E       'Eb'
E       'Db'
E       
E       - ['Bb', 'C', 'Eb', 'Ab', 'Eb', 'B', 'A', 'Bb']
E       + ['Bb', 'C', 'Db', 'Eb', 'F', 'Gb', 'Ab', 'Bb']

exercises/practice/scale-generator/scale_generator_test.py:42: AssertionError
_______________ ScaleGeneratorTest.test_minor_scale_with_sharps ________________

self = <scale_generator_test.ScaleGeneratorTest testMethod=test_minor_scale_with_sharps>

    def test_minor_scale_with_sharps(self):
        expected = ["F#", "G#", "A", "B", "C#", "D", "E", "F#"]
>       self.assertEqual(Scale("f#").interval("MmMMmMM"), expected)
E       AssertionError: Lists differ: ['F#', 'G#', 'B', 'E', 'B', 'G', 'F', 'F#'] != ['F#', 'G#', 'A', 'B', 'C#', 'D', 'E', 'F#']
E       
E       First differing element 2:
E       'B'
E       'A'
E       
E       - ['F#', 'G#', 'B', 'E', 'B', 'G', 'F', 'F#']
E       + ['F#', 'G#', 'A', 'B', 'C#', 'D', 'E', 'F#']

exercises/practice/scale-generator/scale_generator_test.py:38: AssertionError
___________________ ScaleGeneratorTest.test_mixolydian_mode ____________________

self = <scale_generator_test.ScaleGeneratorTest testMethod=test_mixolydian_mode>

    def test_mixolydian_mode(self):
        expected = ["Eb", "F", "G", "Ab", "Bb", "C", "Db", "Eb"]
>       self.assertEqual(Scale("Eb").interval("MMmMMmM"), expected)
E       AssertionError: Lists differ: ['Eb', 'F', 'A', 'D', 'A', 'Gb', 'E', 'Eb'] != ['Eb', 'F', 'G', 'Ab', 'Bb', 'C', 'Db', 'Eb']
E       
E       First differing element 2:
E       'A'
E       'G'
E       
E       - ['Eb', 'F', 'A', 'D', 'A', 'Gb', 'E', 'Eb']
E       + ['Eb', 'F', 'G', 'Ab', 'Bb', 'C', 'Db', 'Eb']

exercises/practice/scale-generator/scale_generator_test.py:50: AssertionError
______________________ ScaleGeneratorTest.test_octatonic _______________________

self = <scale_generator_test.ScaleGeneratorTest testMethod=test_octatonic>

    def test_octatonic(self):
        expected = ["C", "D", "D#", "F", "F#", "G#", "A", "B", "C"]
>       self.assertEqual(Scale("C").interval("MmMmMmMm"), expected)
E       AssertionError: Lists differ: ['C', 'D', 'F', 'A#', 'E', 'C', 'A', 'G#', 'C'] != ['C', 'D', 'D#', 'F', 'F#', 'G#', 'A', 'B', 'C']
E       
E       First differing element 2:
E       'F'
E       'D#'
E       
E       - ['C', 'D', 'F', 'A#', 'E', 'C', 'A', 'G#', 'C']
E       + ['C', 'D', 'D#', 'F', 'F#', 'G#', 'A', 'B', 'C']

exercises/practice/scale-generator/scale_generator_test.py:70: AssertionError
______________________ ScaleGeneratorTest.test_pentatonic ______________________

self = <scale_generator_test.ScaleGeneratorTest testMethod=test_pentatonic>

    def test_pentatonic(self):
        expected = ["A", "B", "C#", "E", "F#", "A"]
>       self.assertEqual(Scale("A").interval("MMAMA"), expected)
E       AssertionError: Lists differ: ['A', 'B', 'D#', 'A#', 'G', 'A'] != ['A', 'B', 'C#', 'E', 'F#', 'A']
E       
E       First differing element 2:
E       'D#'
E       'C#'
E       
E       - ['A', 'B', 'D#', 'A#', 'G', 'A']
E       ?             ^     ^   -----
E       
E       + ['A', 'B', 'C#', 'E', 'F#', 'A']
E       ?             ^     ^^^^^^

exercises/practice/scale-generator/scale_generator_test.py:78: AssertionError
____________________ ScaleGeneratorTest.test_phrygian_mode _____________________

self = <scale_generator_test.ScaleGeneratorTest testMethod=test_phrygian_mode>

    def test_phrygian_mode(self):
        expected = ["E", "F", "G", "A", "B", "C", "D", "E"]
>       self.assertEqual(Scale("e").interval("mMMMmMM"), expected)
E       AssertionError: Lists differ: ['E', 'F', 'G#', 'C#', 'G#', 'E', 'D', 'E'] != ['E', 'F', 'G', 'A', 'B', 'C', 'D', 'E']
E       
E       First differing element 2:
E       'G#'
E       'G'
E       
E       - ['E', 'F', 'G#', 'C#', 'G#', 'E', 'D', 'E']
E       + ['E', 'F', 'G', 'A', 'B', 'C', 'D', 'E']

exercises/practice/scale-generator/scale_generator_test.py:58: AssertionError
__________________ ScaleGeneratorTest.test_simple_major_scale __________________

self = <scale_generator_test.ScaleGeneratorTest testMethod=test_simple_major_scale>

    def test_simple_major_scale(self):
        expected = ["C", "D", "E", "F", "G", "A", "B", "C"]
>       self.assertEqual(Scale("C").interval("MMmMMMm"), expected)
E       AssertionError: Lists differ: ['C', 'D', 'F#', 'B', 'F#', 'D#', 'D', 'C'] != ['C', 'D', 'E', 'F', 'G', 'A', 'B', 'C']
E       
E       First differing element 2:
E       'F#'
E       'E'
E       
E       - ['C', 'D', 'F#', 'B', 'F#', 'D#', 'D', 'C']
E       + ['C', 'D', 'E', 'F', 'G', 'A', 'B', 'C']

exercises/practice/scale-generator/scale_generator_test.py:26: AssertionError
=========================== short test summary info ============================
FAILED exercises/practice/scale-generator/scale_generator_test.py::ScaleGeneratorTest::test_dorian_mode
FAILED exercises/practice/scale-generator/scale_generator_test.py::ScaleGeneratorTest::test_enigmatic
FAILED exercises/practice/scale-generator/scale_generator_test.py::ScaleGeneratorTest::test_harmonic_minor
FAILED exercises/practice/scale-generator/scale_generator_test.py::ScaleGeneratorTest::test_hexatonic
FAILED exercises/practice/scale-generator/scale_generator_test.py::ScaleGeneratorTest::test_locrian_mode
FAILED exercises/practice/scale-generator/scale_generator_test.py::ScaleGeneratorTest::test_lydian_mode
FAILED exercises/practice/scale-generator/scale_generator_test.py::ScaleGeneratorTest::test_major_scale_with_flats
FAILED exercises/practice/scale-generator/scale_generator_test.py::ScaleGeneratorTest::test_major_scale_with_sharps
FAILED exercises/practice/scale-generator/scale_generator_test.py::ScaleGeneratorTest::test_minor_scale_with_flats
FAILED exercises/practice/scale-generator/scale_generator_test.py::ScaleGeneratorTest::test_minor_scale_with_sharps
FAILED exercises/practice/scale-generator/scale_generator_test.py::ScaleGeneratorTest::test_mixolydian_mode
FAILED exercises/practice/scale-generator/scale_generator_test.py::ScaleGeneratorTest::test_octatonic
FAILED exercises/practice/scale-generator/scale_generator_test.py::ScaleGeneratorTest::test_pentatonic
FAILED exercises/practice/scale-generator/scale_generator_test.py::ScaleGeneratorTest::test_phrygian_mode
FAILED exercises/practice/scale-generator/scale_generator_test.py::ScaleGeneratorTest::test_simple_major_scale
========================= 15 failed, 2 passed in 0.10s =========================
