============================= test session starts ==============================
platform linux -- Python 3.10.12, pytest-7.4.0, pluggy-1.2.0
rootdir: /home/jake/Development/exercism-python
configfile: pytest.ini
plugins: mock-3.11.1, reportlog-0.4.0, repeat-0.9.1
collected 11 items

exercises/practice/secret-handshake/secret_handshake_test.py F.F.F.FF... [100%]

=================================== FAILURES ===================================
________________ SecretHandshakeTest.test_all_possible_actions _________________

self = <secret_handshake_test.SecretHandshakeTest testMethod=test_all_possible_actions>

    def test_all_possible_actions(self):
>       self.assertEqual(
            commands("01111"), ["wink", "double blink", "close your eyes", "jump"]
        )
E       AssertionError: Lists differ: ['close your eyes', 'double blink', 'wink'] != ['wink', 'double blink', 'close your eyes', 'jump']
E       
E       First differing element 0:
E       'close your eyes'
E       'wink'
E       
E       Second list contains 1 additional elements.
E       First extra element 3:
E       'jump'
E       
E       - ['close your eyes', 'double blink', 'wink']
E       + ['wink', 'double blink', 'close your eyes', 'jump']

exercises/practice/secret-handshake/secret_handshake_test.py:38: AssertionError
_________________ SecretHandshakeTest.test_combine_two_actions _________________

self = <secret_handshake_test.SecretHandshakeTest testMethod=test_combine_two_actions>

    def test_combine_two_actions(self):
>       self.assertEqual(commands("00011"), ["wink", "double blink"])
E       AssertionError: Lists differ: ['wink', 'double blink', 'jump'] != ['wink', 'double blink']
E       
E       First list contains 1 additional elements.
E       First extra element 2:
E       'jump'
E       
E       - ['wink', 'double blink', 'jump']
E       ?                        --------
E       
E       + ['wink', 'double blink']

exercises/practice/secret-handshake/secret_handshake_test.py:26: AssertionError
_________________ SecretHandshakeTest.test_double_blink_for_10 _________________

self = <secret_handshake_test.SecretHandshakeTest testMethod=test_double_blink_for_10>

    def test_double_blink_for_10(self):
>       self.assertEqual(commands("00010"), ["double blink"])
E       AssertionError: Lists differ: ['double blink', 'jump'] != ['double blink']
E       
E       First list contains 1 additional elements.
E       First extra element 1:
E       'jump'
E       
E       - ['double blink', 'jump']
E       ?                --------
E       
E       + ['double blink']

exercises/practice/secret-handshake/secret_handshake_test.py:17: AssertionError
____________ SecretHandshakeTest.test_reverse_all_possible_actions _____________

self = <secret_handshake_test.SecretHandshakeTest testMethod=test_reverse_all_possible_actions>

    def test_reverse_all_possible_actions(self):
>       self.assertEqual(
            commands("11111"), ["jump", "close your eyes", "double blink", "wink"]
        )
E       AssertionError: Lists differ: ['wink', 'double blink', 'close your eyes'] != ['jump', 'close your eyes', 'double blink', 'wink']
E       
E       First differing element 0:
E       'wink'
E       'jump'
E       
E       Second list contains 1 additional elements.
E       First extra element 3:
E       'wink'
E       
E       - ['wink', 'double blink', 'close your eyes']
E       + ['jump', 'close your eyes', 'double blink', 'wink']

exercises/practice/secret-handshake/secret_handshake_test.py:43: AssertionError
_________________ SecretHandshakeTest.test_reverse_two_actions _________________

self = <secret_handshake_test.SecretHandshakeTest testMethod=test_reverse_two_actions>

    def test_reverse_two_actions(self):
>       self.assertEqual(commands("10011"), ["double blink", "wink"])
E       AssertionError: Lists differ: ['jump', 'double blink', 'wink'] != ['double blink', 'wink']
E       
E       First differing element 0:
E       'jump'
E       'double blink'
E       
E       First list contains 1 additional elements.
E       First extra element 2:
E       'wink'
E       
E       - ['jump', 'double blink', 'wink']
E       ?  --------
E       
E       + ['double blink', 'wink']

exercises/practice/secret-handshake/secret_handshake_test.py:29: AssertionError
=========================== short test summary info ============================
FAILED exercises/practice/secret-handshake/secret_handshake_test.py::SecretHandshakeTest::test_all_possible_actions
FAILED exercises/practice/secret-handshake/secret_handshake_test.py::SecretHandshakeTest::test_combine_two_actions
FAILED exercises/practice/secret-handshake/secret_handshake_test.py::SecretHandshakeTest::test_double_blink_for_10
FAILED exercises/practice/secret-handshake/secret_handshake_test.py::SecretHandshakeTest::test_reverse_all_possible_actions
FAILED exercises/practice/secret-handshake/secret_handshake_test.py::SecretHandshakeTest::test_reverse_two_actions
========================= 5 failed, 6 passed in 0.04s ==========================
