============================= test session starts ==============================
platform linux -- Python 3.10.12, pytest-7.4.0, pluggy-1.2.0
rootdir: /home/jake/Development/exercism-python
configfile: pytest.ini
plugins: mock-3.11.1, reportlog-0.4.0, repeat-0.9.1, asyncio-0.21.1
asyncio: mode=strict
collected 21 items

exercises/practice/phone-number/phone_number_test.py F...FFFFFFFF...FFFF [ 90%]
..                                                                       [100%]

=================================== FAILURES ===================================
________________________ PhoneNumberTest.test_area_code ________________________

self = <phone_number_test.PhoneNumberTest testMethod=test_area_code>

    def test_area_code(self):
        number = PhoneNumber("2234567890")
>       self.assertEqual(number.area_code, "223")
E       AttributeError: 'PhoneNumber' object has no attribute 'area_code'

exercises/practice/phone-number/phone_number_test.py:114: AttributeError
___________ PhoneNumberTest.test_invalid_if_area_code_starts_with_0 ____________

self = <phone_number_test.PhoneNumberTest testMethod=test_invalid_if_area_code_starts_with_0>

    def test_invalid_if_area_code_starts_with_0(self):
        with self.assertRaises(ValueError) as err:
            PhoneNumber("(023) 456-7890")
        self.assertEqual(type(err.exception), ValueError)
>       self.assertEqual(err.exception.args[0], "area code cannot start with zero")
E       AssertionError: 'area code cannot start with zero or one' != 'area code cannot start with zero'
E       - area code cannot start with zero or one
E       ?                                 -------
E       + area code cannot start with zero

exercises/practice/phone-number/phone_number_test.py:67: AssertionError
_ PhoneNumberTest.test_invalid_if_area_code_starts_with_0_on_valid_11_digit_number _

self = <phone_number_test.PhoneNumberTest testMethod=test_invalid_if_area_code_starts_with_0_on_valid_11_digit_number>

    def test_invalid_if_area_code_starts_with_0_on_valid_11_digit_number(self):
        with self.assertRaises(ValueError) as err:
            PhoneNumber("1 (023) 456-7890")
        self.assertEqual(type(err.exception), ValueError)
>       self.assertEqual(err.exception.args[0], "area code cannot start with zero")
E       AssertionError: 'area code cannot start with zero or one' != 'area code cannot start with zero'
E       - area code cannot start with zero or one
E       ?                                 -------
E       + area code cannot start with zero

exercises/practice/phone-number/phone_number_test.py:91: AssertionError
___________ PhoneNumberTest.test_invalid_if_area_code_starts_with_1 ____________

self = <phone_number_test.PhoneNumberTest testMethod=test_invalid_if_area_code_starts_with_1>

    def test_invalid_if_area_code_starts_with_1(self):
        with self.assertRaises(ValueError) as err:
            PhoneNumber("(123) 456-7890")
        self.assertEqual(type(err.exception), ValueError)
>       self.assertEqual(err.exception.args[0], "area code cannot start with one")
E       AssertionError: 'area code cannot start with zero or one' != 'area code cannot start with one'
E       - area code cannot start with zero or one
E       ?                             --------
E       + area code cannot start with one

exercises/practice/phone-number/phone_number_test.py:73: AssertionError
_ PhoneNumberTest.test_invalid_if_area_code_starts_with_1_on_valid_11_digit_number _

self = <phone_number_test.PhoneNumberTest testMethod=test_invalid_if_area_code_starts_with_1_on_valid_11_digit_number>

    def test_invalid_if_area_code_starts_with_1_on_valid_11_digit_number(self):
        with self.assertRaises(ValueError) as err:
            PhoneNumber("1 (123) 456-7890")
        self.assertEqual(type(err.exception), ValueError)
>       self.assertEqual(err.exception.args[0], "area code cannot start with one")
E       AssertionError: 'area code cannot start with zero or one' != 'area code cannot start with one'
E       - area code cannot start with zero or one
E       ?                             --------
E       + area code cannot start with one

exercises/practice/phone-number/phone_number_test.py:97: AssertionError
_________ PhoneNumberTest.test_invalid_if_exchange_code_starts_with_0 __________

self = <phone_number_test.PhoneNumberTest testMethod=test_invalid_if_exchange_code_starts_with_0>

    def test_invalid_if_exchange_code_starts_with_0(self):
        with self.assertRaises(ValueError) as err:
            PhoneNumber("(223) 056-7890")
        self.assertEqual(type(err.exception), ValueError)
>       self.assertEqual(err.exception.args[0], "exchange code cannot start with zero")
E       AssertionError: 'exchange code cannot start with zero or one' != 'exchange code cannot start with zero'
E       - exchange code cannot start with zero or one
E       ?                                     -------
E       + exchange code cannot start with zero

exercises/practice/phone-number/phone_number_test.py:79: AssertionError
_ PhoneNumberTest.test_invalid_if_exchange_code_starts_with_0_on_valid_11_digit_number _

self = <phone_number_test.PhoneNumberTest testMethod=test_invalid_if_exchange_code_starts_with_0_on_valid_11_digit_number>

    def test_invalid_if_exchange_code_starts_with_0_on_valid_11_digit_number(self):
        with self.assertRaises(ValueError) as err:
            PhoneNumber("1 (223) 056-7890")
        self.assertEqual(type(err.exception), ValueError)
>       self.assertEqual(err.exception.args[0], "exchange code cannot start with zero")
E       AssertionError: 'exchange code cannot start with zero or one' != 'exchange code cannot start with zero'
E       - exchange code cannot start with zero or one
E       ?                                     -------
E       + exchange code cannot start with zero

exercises/practice/phone-number/phone_number_test.py:103: AssertionError
_________ PhoneNumberTest.test_invalid_if_exchange_code_starts_with_1 __________

self = <phone_number_test.PhoneNumberTest testMethod=test_invalid_if_exchange_code_starts_with_1>

    def test_invalid_if_exchange_code_starts_with_1(self):
        with self.assertRaises(ValueError) as err:
            PhoneNumber("(223) 156-7890")
        self.assertEqual(type(err.exception), ValueError)
>       self.assertEqual(err.exception.args[0], "exchange code cannot start with one")
E       AssertionError: 'exchange code cannot start with zero or one' != 'exchange code cannot start with one'
E       - exchange code cannot start with zero or one
E       ?                                 --------
E       + exchange code cannot start with one

exercises/practice/phone-number/phone_number_test.py:85: AssertionError
_ PhoneNumberTest.test_invalid_if_exchange_code_starts_with_1_on_valid_11_digit_number _

self = <phone_number_test.PhoneNumberTest testMethod=test_invalid_if_exchange_code_starts_with_1_on_valid_11_digit_number>

    def test_invalid_if_exchange_code_starts_with_1_on_valid_11_digit_number(self):
        with self.assertRaises(ValueError) as err:
            PhoneNumber("1 (223) 156-7890")
        self.assertEqual(type(err.exception), ValueError)
>       self.assertEqual(err.exception.args[0], "exchange code cannot start with one")
E       AssertionError: 'exchange code cannot start with zero or one' != 'exchange code cannot start with one'
E       - exchange code cannot start with zero or one
E       ?                                 --------
E       + exchange code cannot start with one

exercises/practice/phone-number/phone_number_test.py:109: AssertionError
__________________ PhoneNumberTest.test_invalid_with_letters ___________________

self = <phone_number_test.PhoneNumberTest testMethod=test_invalid_with_letters>

    def test_invalid_with_letters(self):
        with self.assertRaises(ValueError) as err:
            PhoneNumber("523-abc-7890")
        self.assertEqual(type(err.exception), ValueError)
>       self.assertEqual(err.exception.args[0], "letters not permitted")
E       AssertionError: 'must not be fewer than 10 digits' != 'letters not permitted'
E       - must not be fewer than 10 digits
E       + letters not permitted

exercises/practice/phone-number/phone_number_test.py:55: AssertionError
________________ PhoneNumberTest.test_invalid_with_punctuations ________________

self = <phone_number_test.PhoneNumberTest testMethod=test_invalid_with_punctuations>

    def test_invalid_with_punctuations(self):
        with self.assertRaises(ValueError) as err:
            PhoneNumber("523-@:!-7890")
        self.assertEqual(type(err.exception), ValueError)
>       self.assertEqual(err.exception.args[0], "punctuations not permitted")
E       AssertionError: 'must not be fewer than 10 digits' != 'punctuations not permitted'
E       - must not be fewer than 10 digits
E       + punctuations not permitted

exercises/practice/phone-number/phone_number_test.py:61: AssertionError
______________________ PhoneNumberTest.test_pretty_print _______________________

self = <phone_number_test.PhoneNumberTest testMethod=test_pretty_print>

    def test_pretty_print(self):
        number = PhoneNumber("2234567890")
>       self.assertEqual(number.pretty(), "(223)-456-7890")
E       AttributeError: 'PhoneNumber' object has no attribute 'pretty'

exercises/practice/phone-number/phone_number_test.py:118: AttributeError
_________ PhoneNumberTest.test_pretty_print_with_full_us_phone_number __________

self = <phone_number_test.PhoneNumberTest testMethod=test_pretty_print_with_full_us_phone_number>

    def test_pretty_print_with_full_us_phone_number(self):
        number = PhoneNumber("12234567890")
>       self.assertEqual(number.pretty(), "(223)-456-7890")
E       AttributeError: 'PhoneNumber' object has no attribute 'pretty'

exercises/practice/phone-number/phone_number_test.py:122: AttributeError
=========================== short test summary info ============================
FAILED exercises/practice/phone-number/phone_number_test.py::PhoneNumberTest::test_area_code
FAILED exercises/practice/phone-number/phone_number_test.py::PhoneNumberTest::test_invalid_if_area_code_starts_with_0
FAILED exercises/practice/phone-number/phone_number_test.py::PhoneNumberTest::test_invalid_if_area_code_starts_with_0_on_valid_11_digit_number
FAILED exercises/practice/phone-number/phone_number_test.py::PhoneNumberTest::test_invalid_if_area_code_starts_with_1
FAILED exercises/practice/phone-number/phone_number_test.py::PhoneNumberTest::test_invalid_if_area_code_starts_with_1_on_valid_11_digit_number
FAILED exercises/practice/phone-number/phone_number_test.py::PhoneNumberTest::test_invalid_if_exchange_code_starts_with_0
FAILED exercises/practice/phone-number/phone_number_test.py::PhoneNumberTest::test_invalid_if_exchange_code_starts_with_0_on_valid_11_digit_number
FAILED exercises/practice/phone-number/phone_number_test.py::PhoneNumberTest::test_invalid_if_exchange_code_starts_with_1
FAILED exercises/practice/phone-number/phone_number_test.py::PhoneNumberTest::test_invalid_if_exchange_code_starts_with_1_on_valid_11_digit_number
FAILED exercises/practice/phone-number/phone_number_test.py::PhoneNumberTest::test_invalid_with_letters
FAILED exercises/practice/phone-number/phone_number_test.py::PhoneNumberTest::test_invalid_with_punctuations
FAILED exercises/practice/phone-number/phone_number_test.py::PhoneNumberTest::test_pretty_print
FAILED exercises/practice/phone-number/phone_number_test.py::PhoneNumberTest::test_pretty_print_with_full_us_phone_number
========================= 13 failed, 8 passed in 0.11s =========================
