============================= test session starts ==============================
platform linux -- Python 3.10.12, pytest-7.4.0, pluggy-1.3.0
rootdir: /home/jake/Development/mentat/tests/benchmarks/repos/exercism-python
configfile: pytest.ini
plugins: mock-3.11.1, reportlog-0.4.0, asyncio-0.21.1, xdist-3.3.1
asyncio: mode=strict
collected 0 items / 1 error

==================================== ERRORS ====================================
____ ERROR collecting exercises/practice/phone-number/phone_number_test.py _____
../../../../.venv/lib/python3.10/site-packages/_pytest/runner.py:341: in from_call
    result: Optional[TResult] = func()
../../../../.venv/lib/python3.10/site-packages/_pytest/runner.py:372: in <lambda>
    call = CallInfo.from_call(lambda: list(collector.collect()), "collect")
../../../../.venv/lib/python3.10/site-packages/_pytest/python.py:531: in collect
    self._inject_setup_module_fixture()
../../../../.venv/lib/python3.10/site-packages/_pytest/python.py:545: in _inject_setup_module_fixture
    self.obj, ("setUpModule", "setup_module")
../../../../.venv/lib/python3.10/site-packages/_pytest/python.py:310: in obj
    self._obj = obj = self._getobj()
../../../../.venv/lib/python3.10/site-packages/_pytest/python.py:528: in _getobj
    return self._importtestmodule()
../../../../.venv/lib/python3.10/site-packages/_pytest/python.py:617: in _importtestmodule
    mod = import_path(self.path, mode=importmode, root=self.config.rootpath)
../../../../.venv/lib/python3.10/site-packages/_pytest/pathlib.py:565: in import_path
    importlib.import_module(module_name)
/usr/lib/python3.10/importlib/__init__.py:126: in import_module
    return _bootstrap._gcd_import(name[level:], package, level)
<frozen importlib._bootstrap>:1050: in _gcd_import
    ???
<frozen importlib._bootstrap>:1027: in _find_and_load
    ???
<frozen importlib._bootstrap>:1006: in _find_and_load_unlocked
    ???
<frozen importlib._bootstrap>:688: in _load_unlocked
    ???
../../../../.venv/lib/python3.10/site-packages/_pytest/assertion/rewrite.py:178: in exec_module
    exec(co, module.__dict__)
exercises/practice/phone-number/phone_number_test.py:7: in <module>
    from phone_number import (
exercises/practice/phone-number/phone_number.py:1: in <module>
    class PhoneNumber:
exercises/practice/phone-number/phone_number.py:28: in PhoneNumber
    clean_number = ''.join(filter(str.isdigit, number))
E   NameError: name 'number' is not defined
=========================== short test summary info ============================
ERROR exercises/practice/phone-number/phone_number_test.py - NameError: name ...
!!!!!!!!!!!!!!!!!!!! Interrupted: 1 error during collection !!!!!!!!!!!!!!!!!!!!
=============================== 1 error in 0.19s ===============================
