============================= test session starts ==============================
platform linux -- Python 3.10.12, pytest-7.4.0, pluggy-1.2.0
rootdir: /home/jake/Development/exercism-python
configfile: pytest.ini
plugins: mock-3.11.1, reportlog-0.4.0, repeat-0.9.1
collected 10 items

resistor-color-expert/resistor_color_expert_test.py FFFF.FFFFF           [100%]

=================================== FAILURES ===================================
___________ ResistorColorExpertTest.test_blue_grey_brown_and_violet ____________

self = <resistor_color_expert_test.ResistorColorExpertTest testMethod=test_blue_grey_brown_and_violet>

    def test_blue_grey_brown_and_violet(self):
>       self.assertEqual(resistor_label(["blue", "grey", "brown", "violet"]), "680 ohms ±0.1%")
E       AssertionError: '68.1 ohms ±0.1%' != '680 ohms ±0.1%'
E       - 68.1 ohms ±0.1%
E       ?   ^^
E       + 680 ohms ±0.1%
E       ?   ^

resistor-color-expert/resistor_color_expert_test.py:15: AssertionError
__________ ResistorColorExpertTest.test_blue_grey_white_red_and_brown __________

self = <resistor_color_expert_test.ResistorColorExpertTest testMethod=test_blue_grey_white_red_and_brown>

    def test_blue_grey_white_red_and_brown(self):
>       self.assertEqual(
            resistor_label(["blue", "grey", "white", "brown", "brown"]), "6.89 kiloohms ±1%"
        )
E       AssertionError: '689.1 ohms ±1%' != '6.89 kiloohms ±1%'
E       - 689.1 ohms ±1%
E       + 6.89 kiloohms ±1%

resistor-color-expert/resistor_color_expert_test.py:39: AssertionError
_________ ResistorColorExpertTest.test_brown_red_orange_green_and_blue _________

self = <resistor_color_expert_test.ResistorColorExpertTest testMethod=test_brown_red_orange_green_and_blue>

    def test_brown_red_orange_green_and_blue(self):
>       self.assertEqual(
            resistor_label(["brown", "red", "orange", "green", "blue"]), "12.3 megaohms ±0.25%"
        )
E       AssertionError: '123.5 ohms ±0.25%' != '12.3 megaohms ±0.25%'
E       - 123.5 ohms ±0.25%
E       ?    ^^^
E       + 12.3 megaohms ±0.25%
E       ?   + ^^^^^

resistor-color-expert/resistor_color_expert_test.py:49: AssertionError
___________ ResistorColorExpertTest.test_green_brown_orange_and_grey ___________

self = <resistor_color_expert_test.ResistorColorExpertTest testMethod=test_green_brown_orange_and_grey>

    def test_green_brown_orange_and_grey(self):
>       self.assertEqual(
            resistor_label(["green", "brown", "orange", "grey"]), "51 kiloohms ±0.05%"
        )
E       AssertionError: '51.3 ohms ±0.05%' != '51 kiloohms ±0.05%'
E       - 51.3 ohms ±0.05%
E       ?   ^^^
E       + 51 kiloohms ±0.05%
E       ?   ^^^^^

resistor-color-expert/resistor_color_expert_test.py:21: AssertionError
___________ ResistorColorExpertTest.test_orange_orange_black_and_red ___________

self = <resistor_color_expert_test.ResistorColorExpertTest testMethod=test_orange_orange_black_and_red>

    def test_orange_orange_black_and_red(self):
>       self.assertEqual(resistor_label(["orange", "orange", "black", "red"]), "33 ohms ±2%")
E       AssertionError: '33.0 ohms ±2%' != '33 ohms ±2%'
E       - 33.0 ohms ±2%
E       ?   --
E       + 33 ohms ±2%

resistor-color-expert/resistor_color_expert_test.py:12: AssertionError
______ ResistorColorExpertTest.test_orange_orange_yellow_black_and_brown _______

self = <resistor_color_expert_test.ResistorColorExpertTest testMethod=test_orange_orange_yellow_black_and_brown>

    def test_orange_orange_yellow_black_and_brown(self):
>       self.assertEqual(
            resistor_label(["orange", "orange", "yellow", "black", "brown"]), "334 ohms ±1%"
        )
E       AssertionError: '334.0 ohms ±1%' != '334 ohms ±1%'
E       - 334.0 ohms ±1%
E       ?    --
E       + 334 ohms ±1%

resistor-color-expert/resistor_color_expert_test.py:29: AssertionError
_____________ ResistorColorExpertTest.test_red_black_red_and_green _____________

self = <resistor_color_expert_test.ResistorColorExpertTest testMethod=test_red_black_red_and_green>

    def test_red_black_red_and_green(self):
>       self.assertEqual(resistor_label(["red", "black", "red", "green"]), "2 kiloohms ±0.5%")
E       AssertionError: '20.2 ohms ±0.5%' != '2 kiloohms ±0.5%'
E       - 20.2 ohms ±0.5%
E       + 2 kiloohms ±0.5%

resistor-color-expert/resistor_color_expert_test.py:18: AssertionError
________ ResistorColorExpertTest.test_red_green_yellow_yellow_and_brown ________

self = <resistor_color_expert_test.ResistorColorExpertTest testMethod=test_red_green_yellow_yellow_and_brown>

    def test_red_green_yellow_yellow_and_brown(self):
>       self.assertEqual(
            resistor_label(["red", "green", "yellow", "yellow", "brown"]), "2.54 megaohms ±1%"
        )
E       AssertionError: '254.4 ohms ±1%' != '2.54 megaohms ±1%'
E       - 254.4 ohms ±1%
E       + 2.54 megaohms ±1%

resistor-color-expert/resistor_color_expert_test.py:34: AssertionError
___________ ResistorColorExpertTest.test_violet_orange_red_and_grey ____________

self = <resistor_color_expert_test.ResistorColorExpertTest testMethod=test_violet_orange_red_and_grey>

    def test_violet_orange_red_and_grey(self):
>       self.assertEqual(
            resistor_label(["violet", "orange", "red", "grey"]), "7.3 kiloohms ±0.05%"
        )
E       AssertionError: '73.2 ohms ±0.05%' != '7.3 kiloohms ±0.05%'
E       - 73.2 ohms ±0.05%
E       ?   ^^^
E       + 7.3 kiloohms ±0.05%
E       ?  + ^^^^^

resistor-color-expert/resistor_color_expert_test.py:44: AssertionError
=========================== short test summary info ============================
FAILED resistor-color-expert/resistor_color_expert_test.py::ResistorColorExpertTest::test_blue_grey_brown_and_violet
FAILED resistor-color-expert/resistor_color_expert_test.py::ResistorColorExpertTest::test_blue_grey_white_red_and_brown
FAILED resistor-color-expert/resistor_color_expert_test.py::ResistorColorExpertTest::test_brown_red_orange_green_and_blue
FAILED resistor-color-expert/resistor_color_expert_test.py::ResistorColorExpertTest::test_green_brown_orange_and_grey
FAILED resistor-color-expert/resistor_color_expert_test.py::ResistorColorExpertTest::test_orange_orange_black_and_red
FAILED resistor-color-expert/resistor_color_expert_test.py::ResistorColorExpertTest::test_orange_orange_yellow_black_and_brown
FAILED resistor-color-expert/resistor_color_expert_test.py::ResistorColorExpertTest::test_red_black_red_and_green
FAILED resistor-color-expert/resistor_color_expert_test.py::ResistorColorExpertTest::test_red_green_yellow_yellow_and_brown
FAILED resistor-color-expert/resistor_color_expert_test.py::ResistorColorExpertTest::test_violet_orange_red_and_grey
========================= 9 failed, 1 passed in 0.05s ==========================
