============================= test session starts ==============================
platform linux -- Python 3.10.12, pytest-7.4.0, pluggy-1.3.0
rootdir: /home/jake/Development/mentat/tests/benchmarks/repos/exercism-python
configfile: pytest.ini
plugins: mock-3.11.1, reportlog-0.4.0, asyncio-0.21.1, xdist-3.3.1
asyncio: mode=strict
collected 14 items

exercises/practice/rectangles/rectangles_test.py .FFF.......F..          [100%]

=================================== FAILURES ===================================
____ RectanglesTest.test_corner_is_required_for_a_rectangle_to_be_complete _____

self = <rectangles_test.RectanglesTest testMethod=test_corner_is_required_for_a_rectangle_to_be_complete>

    def test_corner_is_required_for_a_rectangle_to_be_complete(self):
>       self.assertEqual(
            rectangles(
                [
                    "+------+----+",
                    "|      |    |",
                    "+------+    |",
                    "|   |       |",
                    "+---+-------+",
                ]
            ),
            2,
        )
E       AssertionError: 1 != 2

exercises/practice/rectangles/rectangles_test.py:58: AssertionError
____________ RectanglesTest.test_five_rectangles_with_shared_parts _____________

self = <rectangles_test.RectanglesTest testMethod=test_five_rectangles_with_shared_parts>

    def test_five_rectangles_with_shared_parts(self):
>       self.assertEqual(rectangles(["  +-+", "  | |", "+-+-+", "| | |", "+-+-+"]), 5)
E       AssertionError: 3 != 5

exercises/practice/rectangles/rectangles_test.py:29: AssertionError
_____________ RectanglesTest.test_large_input_with_many_rectangles _____________

self = <rectangles_test.RectanglesTest testMethod=test_large_input_with_many_rectangles>

    def test_large_input_with_many_rectangles(self):
>       self.assertEqual(
            rectangles(
                [
                    "+---+--+----+",
                    "|   +--+----+",
                    "+---+--+    |",
                    "|   +--+----+",
                    "+---+--+--+-+",
                    "+---+--+--+-+",
                    "+------+  | |",
                    "          +-+",
                ]
            ),
            60,
        )
E       AssertionError: 10 != 60

exercises/practice/rectangles/rectangles_test.py:72: AssertionError
___________ RectanglesTest.test_rectangles_can_be_of_different_sizes ___________

self = <rectangles_test.RectanglesTest testMethod=test_rectangles_can_be_of_different_sizes>

    def test_rectangles_can_be_of_different_sizes(self):
>       self.assertEqual(
            rectangles(
                [
                    "+------+----+",
                    "|      |    |",
                    "+---+--+    |",
                    "|   |       |",
                    "+---+-------+",
                ]
            ),
            3,
        )
E       AssertionError: 1 != 3

exercises/practice/rectangles/rectangles_test.py:44: AssertionError
=========================== short test summary info ============================
FAILED exercises/practice/rectangles/rectangles_test.py::RectanglesTest::test_corner_is_required_for_a_rectangle_to_be_complete
FAILED exercises/practice/rectangles/rectangles_test.py::RectanglesTest::test_five_rectangles_with_shared_parts
FAILED exercises/practice/rectangles/rectangles_test.py::RectanglesTest::test_large_input_with_many_rectangles
FAILED exercises/practice/rectangles/rectangles_test.py::RectanglesTest::test_rectangles_can_be_of_different_sizes
========================= 4 failed, 10 passed in 0.05s =========================
