============================= test session starts ==============================
platform linux -- Python 3.10.12, pytest-7.4.0, pluggy-1.3.0
rootdir: /home/jake/Development/mentat/tests/benchmarks/repos/exercism-python
configfile: pytest.ini
plugins: mock-3.11.1, reportlog-0.4.0, asyncio-0.21.1, xdist-3.3.1
asyncio: mode=strict
collected 14 items

exercises/practice/rectangles/rectangles_test.py .FFF....F..FFF          [100%]

=================================== FAILURES ===================================
____ RectanglesTest.test_corner_is_required_for_a_rectangle_to_be_complete _____

self = <rectangles_test.RectanglesTest testMethod=test_corner_is_required_for_a_rectangle_to_be_complete>

    def test_corner_is_required_for_a_rectangle_to_be_complete(self):
>       self.assertEqual(
            rectangles(
                [
                    "+------+----+",
                    "|      |    |",
                    "+------+    |",
                    "|   |       |",
                    "+---+-------+",
                ]
            ),
            2,
        )
E       AssertionError: 18 != 2

exercises/practice/rectangles/rectangles_test.py:58: AssertionError
____________ RectanglesTest.test_five_rectangles_with_shared_parts _____________

self = <rectangles_test.RectanglesTest testMethod=test_five_rectangles_with_shared_parts>

    def test_five_rectangles_with_shared_parts(self):
>       self.assertEqual(rectangles(["  +-+", "  | |", "+-+-+", "| | |", "+-+-+"]), 5)
E       AssertionError: 32 != 5

exercises/practice/rectangles/rectangles_test.py:29: AssertionError
_____________ RectanglesTest.test_large_input_with_many_rectangles _____________

self = <rectangles_test.RectanglesTest testMethod=test_large_input_with_many_rectangles>

    def test_large_input_with_many_rectangles(self):
>       self.assertEqual(
            rectangles(
                [
                    "+---+--+----+",
                    "|   +--+----+",
                    "+---+--+    |",
                    "|   +--+----+",
                    "+---+--+--+-+",
                    "+---+--+--+-+",
                    "+------+  | |",
                    "          +-+",
                ]
            ),
            60,
        )
E       AssertionError: 609 != 60

exercises/practice/rectangles/rectangles_test.py:72: AssertionError
___________ RectanglesTest.test_only_complete_rectangles_are_counted ___________

self = <rectangles_test.RectanglesTest testMethod=test_only_complete_rectangles_are_counted>

    def test_only_complete_rectangles_are_counted(self):
>       self.assertEqual(rectangles(["  +-+", "    |", "+-+-+", "| | -", "+-+-+"]), 1)
E       AssertionError: 17 != 1

exercises/practice/rectangles/rectangles_test.py:41: AssertionError
___________ RectanglesTest.test_rectangles_can_be_of_different_sizes ___________

self = <rectangles_test.RectanglesTest testMethod=test_rectangles_can_be_of_different_sizes>

    def test_rectangles_can_be_of_different_sizes(self):
>       self.assertEqual(
            rectangles(
                [
                    "+------+----+",
                    "|      |    |",
                    "+---+--+    |",
                    "|   |       |",
                    "+---+-------+",
                ]
            ),
            3,
        )
E       AssertionError: 45 != 3

exercises/practice/rectangles/rectangles_test.py:44: AssertionError
_____________ RectanglesTest.test_rectangles_must_have_four_sides ______________

self = <rectangles_test.RectanglesTest testMethod=test_rectangles_must_have_four_sides>

    def test_rectangles_must_have_four_sides(self):
>       self.assertEqual(
            rectangles(
                [
                    "+-+ +-+",
                    "| | | |",
                    "+-+-+-+",
                    "  | |  ",
                    "+-+-+-+",
                    "| | | |",
                    "+-+ +-+",
                ]
            ),
            5,
        )
E       AssertionError: 163 != 5

exercises/practice/rectangles/rectangles_test.py:89: AssertionError
___________ RectanglesTest.test_two_rectangles_without_shared_parts ____________

self = <rectangles_test.RectanglesTest testMethod=test_two_rectangles_without_shared_parts>

    def test_two_rectangles_without_shared_parts(self):
>       self.assertEqual(rectangles(["  +-+", "  | |", "+-+-+", "| |  ", "+-+  "]), 2)
E       AssertionError: 19 != 2

exercises/practice/rectangles/rectangles_test.py:26: AssertionError
=========================== short test summary info ============================
FAILED exercises/practice/rectangles/rectangles_test.py::RectanglesTest::test_corner_is_required_for_a_rectangle_to_be_complete
FAILED exercises/practice/rectangles/rectangles_test.py::RectanglesTest::test_five_rectangles_with_shared_parts
FAILED exercises/practice/rectangles/rectangles_test.py::RectanglesTest::test_large_input_with_many_rectangles
FAILED exercises/practice/rectangles/rectangles_test.py::RectanglesTest::test_only_complete_rectangles_are_counted
FAILED exercises/practice/rectangles/rectangles_test.py::RectanglesTest::test_rectangles_can_be_of_different_sizes
FAILED exercises/practice/rectangles/rectangles_test.py::RectanglesTest::test_rectangles_must_have_four_sides
FAILED exercises/practice/rectangles/rectangles_test.py::RectanglesTest::test_two_rectangles_without_shared_parts
========================= 7 failed, 7 passed in 0.12s ==========================
