============================= test session starts ==============================
platform linux -- Python 3.10.12, pytest-7.4.0, pluggy-1.3.0
rootdir: /home/jake/Development/mentat/tests/benchmarks/repos/exercism-python
configfile: pytest.ini
plugins: mock-3.11.1, reportlog-0.4.0, asyncio-0.21.1, xdist-3.3.1
asyncio: mode=strict
collected 14 items

exercises/practice/react/react_test.py FFFFFFFFFFFFFF                    [100%]

=================================== FAILURES ===================================
_______________ ReactTest.test_an_input_cell_s_value_can_be_set ________________

self = <react_test.ReactTest testMethod=test_an_input_cell_s_value_can_be_set>

    def test_an_input_cell_s_value_can_be_set(self):
>       input = InputCell(4)

exercises/practice/react/react_test.py:20: 
_ _ _ _ _ _ _ _ _ _ _ _ _ _ _ _ _ _ _ _ _ _ _ _ _ _ _ _ _ _ _ _ _ _ _ _ _ _ _ _ 

self = <react.InputCell object at 0x7f40f7f88d30>, initial_value = 4

    def __init__(self, initial_value):
>       self.value = initial_value
E       TypeError: 'property' object is not callable

exercises/practice/react/react.py:3: TypeError
______________ ReactTest.test_callback_cells_only_fire_on_change _______________

self = <react_test.ReactTest testMethod=test_callback_cells_only_fire_on_change>

    def test_callback_cells_only_fire_on_change(self):
>       input = InputCell(1)

exercises/practice/react/react_test.py:97: 
_ _ _ _ _ _ _ _ _ _ _ _ _ _ _ _ _ _ _ _ _ _ _ _ _ _ _ _ _ _ _ _ _ _ _ _ _ _ _ _ 

self = <react.InputCell object at 0x7f40f877f2e0>, initial_value = 1

    def __init__(self, initial_value):
>       self.value = initial_value
E       TypeError: 'property' object is not callable

exercises/practice/react/react.py:3: TypeError
______________ ReactTest.test_callbacks_can_be_added_and_removed _______________

self = <react_test.ReactTest testMethod=test_callbacks_can_be_added_and_removed>

    def test_callbacks_can_be_added_and_removed(self):
>       input = InputCell(11)

exercises/practice/react/react_test.py:148: 
_ _ _ _ _ _ _ _ _ _ _ _ _ _ _ _ _ _ _ _ _ _ _ _ _ _ _ _ _ _ _ _ _ _ _ _ _ _ _ _ 

self = <react.InputCell object at 0x7f40f7ff4ac0>, initial_value = 11

    def __init__(self, initial_value):
>       self.value = initial_value
E       TypeError: 'property' object is not callable

exercises/practice/react/react.py:3: TypeError
____________ ReactTest.test_callbacks_can_fire_from_multiple_cells _____________

self = <react_test.ReactTest testMethod=test_callbacks_can_fire_from_multiple_cells>

    def test_callbacks_can_fire_from_multiple_cells(self):
>       input = InputCell(1)

exercises/practice/react/react_test.py:124: 
_ _ _ _ _ _ _ _ _ _ _ _ _ _ _ _ _ _ _ _ _ _ _ _ _ _ _ _ _ _ _ _ _ _ _ _ _ _ _ _ 

self = <react.InputCell object at 0x7f40f877e530>, initial_value = 1

    def __init__(self, initial_value):
>       self.value = initial_value
E       TypeError: 'property' object is not callable

exercises/practice/react/react.py:3: TypeError
________ ReactTest.test_callbacks_do_not_report_already_reported_values ________

self = <react_test.ReactTest testMethod=test_callbacks_do_not_report_already_reported_values>

    def test_callbacks_do_not_report_already_reported_values(self):
>       input = InputCell(1)

exercises/practice/react/react_test.py:108: 
_ _ _ _ _ _ _ _ _ _ _ _ _ _ _ _ _ _ _ _ _ _ _ _ _ _ _ _ _ _ _ _ _ _ _ _ _ _ _ _ 

self = <react.InputCell object at 0x7f40f7f8ab30>, initial_value = 1

    def __init__(self, initial_value):
>       self.value = initial_value
E       TypeError: 'property' object is not callable

exercises/practice/react/react.py:3: TypeError
_ ReactTest.test_callbacks_should_not_be_called_if_dependencies_change_but_output_value_doesn_t_change _

self = <react_test.ReactTest testMethod=test_callbacks_should_not_be_called_if_dependencies_change_but_output_value_doesn_t_change>

    def test_callbacks_should_not_be_called_if_dependencies_change_but_output_value_doesn_t_change(
        self,
    ):
>       input = InputCell(1)

exercises/practice/react/react_test.py:234: 
_ _ _ _ _ _ _ _ _ _ _ _ _ _ _ _ _ _ _ _ _ _ _ _ _ _ _ _ _ _ _ _ _ _ _ _ _ _ _ _ 

self = <react.InputCell object at 0x7f40f877ecb0>, initial_value = 1

    def __init__(self, initial_value):
>       self.value = initial_value
E       TypeError: 'property' object is not callable

exercises/practice/react/react.py:3: TypeError
_ ReactTest.test_callbacks_should_only_be_called_once_even_if_multiple_dependencies_change _

self = <react_test.ReactTest testMethod=test_callbacks_should_only_be_called_once_even_if_multiple_dependencies_change>

    def test_callbacks_should_only_be_called_once_even_if_multiple_dependencies_change(
        self,
    ):
>       input = InputCell(1)

exercises/practice/react/react_test.py:199: 
_ _ _ _ _ _ _ _ _ _ _ _ _ _ _ _ _ _ _ _ _ _ _ _ _ _ _ _ _ _ _ _ _ _ _ _ _ _ _ _ 

self = <react.InputCell object at 0x7f40f7f614b0>, initial_value = 1

    def __init__(self, initial_value):
>       self.value = initial_value
E       TypeError: 'property' object is not callable

exercises/practice/react/react.py:3: TypeError
_____________ ReactTest.test_compute_cells_calculate_initial_value _____________

self = <react_test.ReactTest testMethod=test_compute_cells_calculate_initial_value>

    def test_compute_cells_calculate_initial_value(self):
>       input = InputCell(1)

exercises/practice/react/react_test.py:25: 
_ _ _ _ _ _ _ _ _ _ _ _ _ _ _ _ _ _ _ _ _ _ _ _ _ _ _ _ _ _ _ _ _ _ _ _ _ _ _ _ 

self = <react.InputCell object at 0x7f40f7ff2b30>, initial_value = 1

    def __init__(self, initial_value):
>       self.value = initial_value
E       TypeError: 'property' object is not callable

exercises/practice/react/react.py:3: TypeError
________ ReactTest.test_compute_cells_can_depend_on_other_compute_cells ________

self = <react_test.ReactTest testMethod=test_compute_cells_can_depend_on_other_compute_cells>

    def test_compute_cells_can_depend_on_other_compute_cells(self):
>       input = InputCell(1)

exercises/practice/react/react_test.py:58: 
_ _ _ _ _ _ _ _ _ _ _ _ _ _ _ _ _ _ _ _ _ _ _ _ _ _ _ _ _ _ _ _ _ _ _ _ _ _ _ _ 

self = <react.InputCell object at 0x7f40f877e9e0>, initial_value = 1

    def __init__(self, initial_value):
>       self.value = initial_value
E       TypeError: 'property' object is not callable

exercises/practice/react/react.py:3: TypeError
_________________ ReactTest.test_compute_cells_fire_callbacks __________________

self = <react_test.ReactTest testMethod=test_compute_cells_fire_callbacks>

    def test_compute_cells_fire_callbacks(self):
>       input = InputCell(1)

exercises/practice/react/react_test.py:83: 
_ _ _ _ _ _ _ _ _ _ _ _ _ _ _ _ _ _ _ _ _ _ _ _ _ _ _ _ _ _ _ _ _ _ _ _ _ _ _ _ 

self = <react.InputCell object at 0x7f40f7f88d00>, initial_value = 1

    def __init__(self, initial_value):
>       self.value = initial_value
E       TypeError: 'property' object is not callable

exercises/practice/react/react.py:3: TypeError
_________ ReactTest.test_compute_cells_take_inputs_in_the_right_order __________

self = <react_test.ReactTest testMethod=test_compute_cells_take_inputs_in_the_right_order>

    def test_compute_cells_take_inputs_in_the_right_order(self):
>       one = InputCell(1)

exercises/practice/react/react_test.py:35: 
_ _ _ _ _ _ _ _ _ _ _ _ _ _ _ _ _ _ _ _ _ _ _ _ _ _ _ _ _ _ _ _ _ _ _ _ _ _ _ _ 

self = <react.InputCell object at 0x7f40f7f634c0>, initial_value = 1

    def __init__(self, initial_value):
>       self.value = initial_value
E       TypeError: 'property' object is not callable

exercises/practice/react/react.py:3: TypeError
___ ReactTest.test_compute_cells_update_value_when_dependencies_are_changed ____

self = <react_test.ReactTest testMethod=test_compute_cells_update_value_when_dependencies_are_changed>

    def test_compute_cells_update_value_when_dependencies_are_changed(self):
>       input = InputCell(1)

exercises/practice/react/react_test.py:47: 
_ _ _ _ _ _ _ _ _ _ _ _ _ _ _ _ _ _ _ _ _ _ _ _ _ _ _ _ _ _ _ _ _ _ _ _ _ _ _ _ 

self = <react.InputCell object at 0x7f40f7ff21d0>, initial_value = 1

    def __init__(self, initial_value):
>       self.value = initial_value
E       TypeError: 'property' object is not callable

exercises/practice/react/react.py:3: TypeError
___________________ ReactTest.test_input_cells_have_a_value ____________________

self = <react_test.ReactTest testMethod=test_input_cells_have_a_value>

    def test_input_cells_have_a_value(self):
>       input = InputCell(10)

exercises/practice/react/react_test.py:16: 
_ _ _ _ _ _ _ _ _ _ _ _ _ _ _ _ _ _ _ _ _ _ _ _ _ _ _ _ _ _ _ _ _ _ _ _ _ _ _ _ 

self = <react.InputCell object at 0x7f40f7f61090>, initial_value = 10

    def __init__(self, initial_value):
>       self.value = initial_value
E       TypeError: 'property' object is not callable

exercises/practice/react/react.py:3: TypeError
_ ReactTest.test_removing_a_callback_multiple_times_doesn_t_interfere_with_other_callbacks _

self = <react_test.ReactTest testMethod=test_removing_a_callback_multiple_times_doesn_t_interfere_with_other_callbacks>

    def test_removing_a_callback_multiple_times_doesn_t_interfere_with_other_callbacks(
        self,
    ):
>       input = InputCell(1)

exercises/practice/react/react_test.py:176: 
_ _ _ _ _ _ _ _ _ _ _ _ _ _ _ _ _ _ _ _ _ _ _ _ _ _ _ _ _ _ _ _ _ _ _ _ _ _ _ _ 

self = <react.InputCell object at 0x7f40f7f88ca0>, initial_value = 1

    def __init__(self, initial_value):
>       self.value = initial_value
E       TypeError: 'property' object is not callable

exercises/practice/react/react.py:3: TypeError
=========================== short test summary info ============================
FAILED exercises/practice/react/react_test.py::ReactTest::test_an_input_cell_s_value_can_be_set
FAILED exercises/practice/react/react_test.py::ReactTest::test_callback_cells_only_fire_on_change
FAILED exercises/practice/react/react_test.py::ReactTest::test_callbacks_can_be_added_and_removed
FAILED exercises/practice/react/react_test.py::ReactTest::test_callbacks_can_fire_from_multiple_cells
FAILED exercises/practice/react/react_test.py::ReactTest::test_callbacks_do_not_report_already_reported_values
FAILED exercises/practice/react/react_test.py::ReactTest::test_callbacks_should_not_be_called_if_dependencies_change_but_output_value_doesn_t_change
FAILED exercises/practice/react/react_test.py::ReactTest::test_callbacks_should_only_be_called_once_even_if_multiple_dependencies_change
FAILED exercises/practice/react/react_test.py::ReactTest::test_compute_cells_calculate_initial_value
FAILED exercises/practice/react/react_test.py::ReactTest::test_compute_cells_can_depend_on_other_compute_cells
FAILED exercises/practice/react/react_test.py::ReactTest::test_compute_cells_fire_callbacks
FAILED exercises/practice/react/react_test.py::ReactTest::test_compute_cells_take_inputs_in_the_right_order
FAILED exercises/practice/react/react_test.py::ReactTest::test_compute_cells_update_value_when_dependencies_are_changed
FAILED exercises/practice/react/react_test.py::ReactTest::test_input_cells_have_a_value
FAILED exercises/practice/react/react_test.py::ReactTest::test_removing_a_callback_multiple_times_doesn_t_interfere_with_other_callbacks
============================== 14 failed in 0.13s ==============================
