============================= test session starts ==============================
platform linux -- Python 3.10.12, pytest-7.4.0, pluggy-1.2.0
rootdir: /home/jake/Development/exercism-python
configfile: pytest.ini
plugins: mock-3.11.1, reportlog-0.4.0, repeat-0.9.1
collected 14 items

exercises/practice/react/react_test.py FFFFFFFFFFFFFF                    [100%]

=================================== FAILURES ===================================
_______________ ReactTest.test_an_input_cell_s_value_can_be_set ________________

self = <react_test.ReactTest testMethod=test_an_input_cell_s_value_can_be_set>

    def test_an_input_cell_s_value_can_be_set(self):
>       input = InputCell(4)

exercises/practice/react/react_test.py:20: 
_ _ _ _ _ _ _ _ _ _ _ _ _ _ _ _ _ _ _ _ _ _ _ _ _ _ _ _ _ _ _ _ _ _ _ _ _ _ _ _ 
exercises/practice/react/react.py:4: in __init__
    self.set_value(initial_value)
_ _ _ _ _ _ _ _ _ _ _ _ _ _ _ _ _ _ _ _ _ _ _ _ _ _ _ _ _ _ _ _ _ _ _ _ _ _ _ _ 

self = <react.InputCell object at 0x7f0d53761240>, new_value = 4

    def set_value(self, new_value):
        if self.value != new_value:
            self.value = new_value
            self.value = new_value
>           for dependent in self.dependents:
E           AttributeError: 'InputCell' object has no attribute 'dependents'

exercises/practice/react/react.py:10: AttributeError
______________ ReactTest.test_callback_cells_only_fire_on_change _______________

self = <react_test.ReactTest testMethod=test_callback_cells_only_fire_on_change>

    def test_callback_cells_only_fire_on_change(self):
>       input = InputCell(1)

exercises/practice/react/react_test.py:97: 
_ _ _ _ _ _ _ _ _ _ _ _ _ _ _ _ _ _ _ _ _ _ _ _ _ _ _ _ _ _ _ _ _ _ _ _ _ _ _ _ 
exercises/practice/react/react.py:4: in __init__
    self.set_value(initial_value)
_ _ _ _ _ _ _ _ _ _ _ _ _ _ _ _ _ _ _ _ _ _ _ _ _ _ _ _ _ _ _ _ _ _ _ _ _ _ _ _ 

self = <react.InputCell object at 0x7f0d53760070>, new_value = 1

    def set_value(self, new_value):
        if self.value != new_value:
            self.value = new_value
            self.value = new_value
>           for dependent in self.dependents:
E           AttributeError: 'InputCell' object has no attribute 'dependents'

exercises/practice/react/react.py:10: AttributeError
______________ ReactTest.test_callbacks_can_be_added_and_removed _______________

self = <react_test.ReactTest testMethod=test_callbacks_can_be_added_and_removed>

    def test_callbacks_can_be_added_and_removed(self):
>       input = InputCell(11)

exercises/practice/react/react_test.py:148: 
_ _ _ _ _ _ _ _ _ _ _ _ _ _ _ _ _ _ _ _ _ _ _ _ _ _ _ _ _ _ _ _ _ _ _ _ _ _ _ _ 
exercises/practice/react/react.py:4: in __init__
    self.set_value(initial_value)
_ _ _ _ _ _ _ _ _ _ _ _ _ _ _ _ _ _ _ _ _ _ _ _ _ _ _ _ _ _ _ _ _ _ _ _ _ _ _ _ 

self = <react.InputCell object at 0x7f0d5371fdc0>, new_value = 11

    def set_value(self, new_value):
        if self.value != new_value:
            self.value = new_value
            self.value = new_value
>           for dependent in self.dependents:
E           AttributeError: 'InputCell' object has no attribute 'dependents'

exercises/practice/react/react.py:10: AttributeError
____________ ReactTest.test_callbacks_can_fire_from_multiple_cells _____________

self = <react_test.ReactTest testMethod=test_callbacks_can_fire_from_multiple_cells>

    def test_callbacks_can_fire_from_multiple_cells(self):
>       input = InputCell(1)

exercises/practice/react/react_test.py:124: 
_ _ _ _ _ _ _ _ _ _ _ _ _ _ _ _ _ _ _ _ _ _ _ _ _ _ _ _ _ _ _ _ _ _ _ _ _ _ _ _ 
exercises/practice/react/react.py:4: in __init__
    self.set_value(initial_value)
_ _ _ _ _ _ _ _ _ _ _ _ _ _ _ _ _ _ _ _ _ _ _ _ _ _ _ _ _ _ _ _ _ _ _ _ _ _ _ _ 

self = <react.InputCell object at 0x7f0d535cf940>, new_value = 1

    def set_value(self, new_value):
        if self.value != new_value:
            self.value = new_value
            self.value = new_value
>           for dependent in self.dependents:
E           AttributeError: 'InputCell' object has no attribute 'dependents'

exercises/practice/react/react.py:10: AttributeError
________ ReactTest.test_callbacks_do_not_report_already_reported_values ________

self = <react_test.ReactTest testMethod=test_callbacks_do_not_report_already_reported_values>

    def test_callbacks_do_not_report_already_reported_values(self):
>       input = InputCell(1)

exercises/practice/react/react_test.py:108: 
_ _ _ _ _ _ _ _ _ _ _ _ _ _ _ _ _ _ _ _ _ _ _ _ _ _ _ _ _ _ _ _ _ _ _ _ _ _ _ _ 
exercises/practice/react/react.py:4: in __init__
    self.set_value(initial_value)
_ _ _ _ _ _ _ _ _ _ _ _ _ _ _ _ _ _ _ _ _ _ _ _ _ _ _ _ _ _ _ _ _ _ _ _ _ _ _ _ 

self = <react.InputCell object at 0x7f0d5371f3d0>, new_value = 1

    def set_value(self, new_value):
        if self.value != new_value:
            self.value = new_value
            self.value = new_value
>           for dependent in self.dependents:
E           AttributeError: 'InputCell' object has no attribute 'dependents'

exercises/practice/react/react.py:10: AttributeError
_ ReactTest.test_callbacks_should_not_be_called_if_dependencies_change_but_output_value_doesn_t_change _

self = <react_test.ReactTest testMethod=test_callbacks_should_not_be_called_if_dependencies_change_but_output_value_doesn_t_change>

    def test_callbacks_should_not_be_called_if_dependencies_change_but_output_value_doesn_t_change(
        self,
    ):
>       input = InputCell(1)

exercises/practice/react/react_test.py:234: 
_ _ _ _ _ _ _ _ _ _ _ _ _ _ _ _ _ _ _ _ _ _ _ _ _ _ _ _ _ _ _ _ _ _ _ _ _ _ _ _ 
exercises/practice/react/react.py:4: in __init__
    self.set_value(initial_value)
_ _ _ _ _ _ _ _ _ _ _ _ _ _ _ _ _ _ _ _ _ _ _ _ _ _ _ _ _ _ _ _ _ _ _ _ _ _ _ _ 

self = <react.InputCell object at 0x7f0d53760be0>, new_value = 1

    def set_value(self, new_value):
        if self.value != new_value:
            self.value = new_value
            self.value = new_value
>           for dependent in self.dependents:
E           AttributeError: 'InputCell' object has no attribute 'dependents'

exercises/practice/react/react.py:10: AttributeError
_ ReactTest.test_callbacks_should_only_be_called_once_even_if_multiple_dependencies_change _

self = <react_test.ReactTest testMethod=test_callbacks_should_only_be_called_once_even_if_multiple_dependencies_change>

    def test_callbacks_should_only_be_called_once_even_if_multiple_dependencies_change(
        self,
    ):
>       input = InputCell(1)

exercises/practice/react/react_test.py:199: 
_ _ _ _ _ _ _ _ _ _ _ _ _ _ _ _ _ _ _ _ _ _ _ _ _ _ _ _ _ _ _ _ _ _ _ _ _ _ _ _ 
exercises/practice/react/react.py:4: in __init__
    self.set_value(initial_value)
_ _ _ _ _ _ _ _ _ _ _ _ _ _ _ _ _ _ _ _ _ _ _ _ _ _ _ _ _ _ _ _ _ _ _ _ _ _ _ _ 

self = <react.InputCell object at 0x7f0d5371f850>, new_value = 1

    def set_value(self, new_value):
        if self.value != new_value:
            self.value = new_value
            self.value = new_value
>           for dependent in self.dependents:
E           AttributeError: 'InputCell' object has no attribute 'dependents'

exercises/practice/react/react.py:10: AttributeError
_____________ ReactTest.test_compute_cells_calculate_initial_value _____________

self = <react_test.ReactTest testMethod=test_compute_cells_calculate_initial_value>

    def test_compute_cells_calculate_initial_value(self):
>       input = InputCell(1)

exercises/practice/react/react_test.py:25: 
_ _ _ _ _ _ _ _ _ _ _ _ _ _ _ _ _ _ _ _ _ _ _ _ _ _ _ _ _ _ _ _ _ _ _ _ _ _ _ _ 
exercises/practice/react/react.py:4: in __init__
    self.set_value(initial_value)
_ _ _ _ _ _ _ _ _ _ _ _ _ _ _ _ _ _ _ _ _ _ _ _ _ _ _ _ _ _ _ _ _ _ _ _ _ _ _ _ 

self = <react.InputCell object at 0x7f0d535e02b0>, new_value = 1

    def set_value(self, new_value):
        if self.value != new_value:
            self.value = new_value
            self.value = new_value
>           for dependent in self.dependents:
E           AttributeError: 'InputCell' object has no attribute 'dependents'

exercises/practice/react/react.py:10: AttributeError
________ ReactTest.test_compute_cells_can_depend_on_other_compute_cells ________

self = <react_test.ReactTest testMethod=test_compute_cells_can_depend_on_other_compute_cells>

    def test_compute_cells_can_depend_on_other_compute_cells(self):
>       input = InputCell(1)

exercises/practice/react/react_test.py:58: 
_ _ _ _ _ _ _ _ _ _ _ _ _ _ _ _ _ _ _ _ _ _ _ _ _ _ _ _ _ _ _ _ _ _ _ _ _ _ _ _ 
exercises/practice/react/react.py:4: in __init__
    self.set_value(initial_value)
_ _ _ _ _ _ _ _ _ _ _ _ _ _ _ _ _ _ _ _ _ _ _ _ _ _ _ _ _ _ _ _ _ _ _ _ _ _ _ _ 

self = <react.InputCell object at 0x7f0d535e4f70>, new_value = 1

    def set_value(self, new_value):
        if self.value != new_value:
            self.value = new_value
            self.value = new_value
>           for dependent in self.dependents:
E           AttributeError: 'InputCell' object has no attribute 'dependents'

exercises/practice/react/react.py:10: AttributeError
_________________ ReactTest.test_compute_cells_fire_callbacks __________________

self = <react_test.ReactTest testMethod=test_compute_cells_fire_callbacks>

    def test_compute_cells_fire_callbacks(self):
>       input = InputCell(1)

exercises/practice/react/react_test.py:83: 
_ _ _ _ _ _ _ _ _ _ _ _ _ _ _ _ _ _ _ _ _ _ _ _ _ _ _ _ _ _ _ _ _ _ _ _ _ _ _ _ 
exercises/practice/react/react.py:4: in __init__
    self.set_value(initial_value)
_ _ _ _ _ _ _ _ _ _ _ _ _ _ _ _ _ _ _ _ _ _ _ _ _ _ _ _ _ _ _ _ _ _ _ _ _ _ _ _ 

self = <react.InputCell object at 0x7f0d5371fb20>, new_value = 1

    def set_value(self, new_value):
        if self.value != new_value:
            self.value = new_value
            self.value = new_value
>           for dependent in self.dependents:
E           AttributeError: 'InputCell' object has no attribute 'dependents'

exercises/practice/react/react.py:10: AttributeError
_________ ReactTest.test_compute_cells_take_inputs_in_the_right_order __________

self = <react_test.ReactTest testMethod=test_compute_cells_take_inputs_in_the_right_order>

    def test_compute_cells_take_inputs_in_the_right_order(self):
>       one = InputCell(1)

exercises/practice/react/react_test.py:35: 
_ _ _ _ _ _ _ _ _ _ _ _ _ _ _ _ _ _ _ _ _ _ _ _ _ _ _ _ _ _ _ _ _ _ _ _ _ _ _ _ 
exercises/practice/react/react.py:4: in __init__
    self.set_value(initial_value)
_ _ _ _ _ _ _ _ _ _ _ _ _ _ _ _ _ _ _ _ _ _ _ _ _ _ _ _ _ _ _ _ _ _ _ _ _ _ _ _ 

self = <react.InputCell object at 0x7f0d535d3250>, new_value = 1

    def set_value(self, new_value):
        if self.value != new_value:
            self.value = new_value
            self.value = new_value
>           for dependent in self.dependents:
E           AttributeError: 'InputCell' object has no attribute 'dependents'

exercises/practice/react/react.py:10: AttributeError
___ ReactTest.test_compute_cells_update_value_when_dependencies_are_changed ____

self = <react_test.ReactTest testMethod=test_compute_cells_update_value_when_dependencies_are_changed>

    def test_compute_cells_update_value_when_dependencies_are_changed(self):
>       input = InputCell(1)

exercises/practice/react/react_test.py:47: 
_ _ _ _ _ _ _ _ _ _ _ _ _ _ _ _ _ _ _ _ _ _ _ _ _ _ _ _ _ _ _ _ _ _ _ _ _ _ _ _ 
exercises/practice/react/react.py:4: in __init__
    self.set_value(initial_value)
_ _ _ _ _ _ _ _ _ _ _ _ _ _ _ _ _ _ _ _ _ _ _ _ _ _ _ _ _ _ _ _ _ _ _ _ _ _ _ _ 

self = <react.InputCell object at 0x7f0d535db040>, new_value = 1

    def set_value(self, new_value):
        if self.value != new_value:
            self.value = new_value
            self.value = new_value
>           for dependent in self.dependents:
E           AttributeError: 'InputCell' object has no attribute 'dependents'

exercises/practice/react/react.py:10: AttributeError
___________________ ReactTest.test_input_cells_have_a_value ____________________

self = <react_test.ReactTest testMethod=test_input_cells_have_a_value>

    def test_input_cells_have_a_value(self):
>       input = InputCell(10)

exercises/practice/react/react_test.py:16: 
_ _ _ _ _ _ _ _ _ _ _ _ _ _ _ _ _ _ _ _ _ _ _ _ _ _ _ _ _ _ _ _ _ _ _ _ _ _ _ _ 
exercises/practice/react/react.py:4: in __init__
    self.set_value(initial_value)
_ _ _ _ _ _ _ _ _ _ _ _ _ _ _ _ _ _ _ _ _ _ _ _ _ _ _ _ _ _ _ _ _ _ _ _ _ _ _ _ 

self = <react.InputCell object at 0x7f0d535ce590>, new_value = 10

    def set_value(self, new_value):
        if self.value != new_value:
            self.value = new_value
            self.value = new_value
>           for dependent in self.dependents:
E           AttributeError: 'InputCell' object has no attribute 'dependents'

exercises/practice/react/react.py:10: AttributeError
_ ReactTest.test_removing_a_callback_multiple_times_doesn_t_interfere_with_other_callbacks _

self = <react_test.ReactTest testMethod=test_removing_a_callback_multiple_times_doesn_t_interfere_with_other_callbacks>

    def test_removing_a_callback_multiple_times_doesn_t_interfere_with_other_callbacks(
        self,
    ):
>       input = InputCell(1)

exercises/practice/react/react_test.py:176: 
_ _ _ _ _ _ _ _ _ _ _ _ _ _ _ _ _ _ _ _ _ _ _ _ _ _ _ _ _ _ _ _ _ _ _ _ _ _ _ _ 
exercises/practice/react/react.py:4: in __init__
    self.set_value(initial_value)
_ _ _ _ _ _ _ _ _ _ _ _ _ _ _ _ _ _ _ _ _ _ _ _ _ _ _ _ _ _ _ _ _ _ _ _ _ _ _ _ 

self = <react.InputCell object at 0x7f0d535d2800>, new_value = 1

    def set_value(self, new_value):
        if self.value != new_value:
            self.value = new_value
            self.value = new_value
>           for dependent in self.dependents:
E           AttributeError: 'InputCell' object has no attribute 'dependents'

exercises/practice/react/react.py:10: AttributeError
=========================== short test summary info ============================
FAILED exercises/practice/react/react_test.py::ReactTest::test_an_input_cell_s_value_can_be_set
FAILED exercises/practice/react/react_test.py::ReactTest::test_callback_cells_only_fire_on_change
FAILED exercises/practice/react/react_test.py::ReactTest::test_callbacks_can_be_added_and_removed
FAILED exercises/practice/react/react_test.py::ReactTest::test_callbacks_can_fire_from_multiple_cells
FAILED exercises/practice/react/react_test.py::ReactTest::test_callbacks_do_not_report_already_reported_values
FAILED exercises/practice/react/react_test.py::ReactTest::test_callbacks_should_not_be_called_if_dependencies_change_but_output_value_doesn_t_change
FAILED exercises/practice/react/react_test.py::ReactTest::test_callbacks_should_only_be_called_once_even_if_multiple_dependencies_change
FAILED exercises/practice/react/react_test.py::ReactTest::test_compute_cells_calculate_initial_value
FAILED exercises/practice/react/react_test.py::ReactTest::test_compute_cells_can_depend_on_other_compute_cells
FAILED exercises/practice/react/react_test.py::ReactTest::test_compute_cells_fire_callbacks
FAILED exercises/practice/react/react_test.py::ReactTest::test_compute_cells_take_inputs_in_the_right_order
FAILED exercises/practice/react/react_test.py::ReactTest::test_compute_cells_update_value_when_dependencies_are_changed
FAILED exercises/practice/react/react_test.py::ReactTest::test_input_cells_have_a_value
FAILED exercises/practice/react/react_test.py::ReactTest::test_removing_a_callback_multiple_times_doesn_t_interfere_with_other_callbacks
============================== 14 failed in 0.13s ==============================
