============================= test session starts ==============================
platform linux -- Python 3.10.12, pytest-7.4.0, pluggy-1.3.0
rootdir: /home/jake/Development/mentat/tests/benchmarks/repos/exercism-python
configfile: pytest.ini
plugins: mock-3.11.1, reportlog-0.4.0, asyncio-0.21.1, xdist-3.3.1
asyncio: mode=strict
collected 24 items

exercises/practice/list-ops/list_ops_test.py ............F..F........    [100%]

=================================== FAILURES ===================================
_ ListOpsTest.test_foldr_direction_dependent_function_applied_to_non_empty_list _

self = <list_ops_test.ListOpsTest testMethod=test_foldr_direction_dependent_function_applied_to_non_empty_list>

    def test_foldr_direction_dependent_function_applied_to_non_empty_list(self):
>       self.assertEqual(foldr(lambda acc, el: el / acc, [1, 2, 3, 4], 24), 9)
E       AssertionError: 1.0 != 9

exercises/practice/list-ops/list_ops_test.py:78: AssertionError
___________________ ListOpsTest.test_foldr_foldr_add_string ____________________

self = <list_ops_test.ListOpsTest testMethod=test_foldr_foldr_add_string>

    def test_foldr_foldr_add_string(self):
>       self.assertEqual(
            foldr(
                lambda acc, el: el + acc, ["e", "x", "e", "r", "c", "i", "s", "m"], "!"
            ),
            "exercism!",
        )
E       AssertionError: '!msicrexe' != 'exercism!'
E       - !msicrexe
E       + exercism!

exercises/practice/list-ops/list_ops_test.py:94: AssertionError
=========================== short test summary info ============================
FAILED exercises/practice/list-ops/list_ops_test.py::ListOpsTest::test_foldr_direction_dependent_function_applied_to_non_empty_list
FAILED exercises/practice/list-ops/list_ops_test.py::ListOpsTest::test_foldr_foldr_add_string
========================= 2 failed, 22 passed in 0.08s =========================
