============================= test session starts ==============================
platform linux -- Python 3.10.12, pytest-7.4.0, pluggy-1.2.0
rootdir: /home/jake/Development/exercism-python
configfile: pytest.ini
plugins: mock-3.11.1, reportlog-0.4.0, repeat-0.9.1
collected 14 items

exercises/practice/largest-series-product/largest_series_product_test.py . [  7%]
........F....                                                            [100%]

=================================== FAILURES ===================================
______ LargestSeriesProductTest.test_rejects_invalid_character_in_digits _______

self = <largest_series_product_test.LargestSeriesProductTest testMethod=test_rejects_invalid_character_in_digits>

    def test_rejects_invalid_character_in_digits(self):
        with self.assertRaises(ValueError) as err:
            largest_product("1234a5", 2)
        self.assertEqual(type(err.exception), ValueError)
>       self.assertEqual(err.exception.args[0], "digits input must only contain digits")
E       AssertionError: "invalid literal for int() with base 10: 'a'" != 'digits input must only contain digits'
E       - invalid literal for int() with base 10: 'a'
E       + digits input must only contain digits

exercises/practice/largest-series-product/largest_series_product_test.py:63: AssertionError
=========================== short test summary info ============================
FAILED exercises/practice/largest-series-product/largest_series_product_test.py::LargestSeriesProductTest::test_rejects_invalid_character_in_digits
========================= 1 failed, 13 passed in 0.04s =========================
