============================= test session starts ==============================
platform linux -- Python 3.10.12, pytest-7.4.0, pluggy-1.3.0
rootdir: /home/jake/Development/mentat/tests/benchmarks/repos/exercism-python
configfile: pytest.ini
plugins: mock-3.11.1, reportlog-0.4.0, asyncio-0.21.1, xdist-3.3.1
asyncio: mode=strict
collected 15 items

exercises/practice/pov/pov_test.py .....FFFF.F..FF                       [100%]

=================================== FAILURES ===================================
_____________ PovTest.test_can_reroot_a_complex_tree_with_cousins ______________

self = <pov_test.PovTest testMethod=test_can_reroot_a_complex_tree_with_cousins>

    def test_can_reroot_a_complex_tree_with_cousins(self):
        tree = Tree(
            "grandparent",
            [
                Tree(
                    "parent",
                    [
                        Tree("x", [Tree("kid-0"), Tree("kid-1")]),
                        Tree("sibling-0"),
                        Tree("sibling-1"),
                    ],
                ),
                Tree("uncle", [Tree("cousin-0"), Tree("cousin-1")]),
            ],
        )
        expected = Tree(
            "x",
            [
                Tree("kid-1"),
                Tree("kid-0"),
                Tree(
                    "parent",
                    [
                        Tree("sibling-0"),
                        Tree("sibling-1"),
                        Tree(
                            "grandparent",
                            [Tree("uncle", [Tree("cousin-0"), Tree("cousin-1")])],
                        ),
                    ],
                ),
            ],
        )
>       self.assertTreeEquals(tree.from_pov("x"), expected)

exercises/practice/pov/pov_test.py:77: 
_ _ _ _ _ _ _ _ _ _ _ _ _ _ _ _ _ _ _ _ _ _ _ _ _ _ _ _ _ _ _ _ _ _ _ _ _ _ _ _ 

self = <pov.Tree object at 0x7f065fdac370>, from_node = 'x'

    def from_pov(self, from_node):
        # Find the node in the tree
        path_to_root = self._find_path_to_root(from_node)
        if path_to_root is None:
            raise ValueError("Tree could not be reoriented")
    
        # Rebuild the tree from the node's perspective
        new_root = None
        current = None
        for node in reversed(path_to_root):
            if new_root is None:
>               new_root = Tree(node.label)
E               AttributeError: 'str' object has no attribute 'label'

exercises/practice/pov/pov.py:32: AttributeError
________ PovTest.test_can_reroot_a_tree_with_a_parent_and_many_siblings ________

self = <pov_test.PovTest testMethod=test_can_reroot_a_tree_with_a_parent_and_many_siblings>

    def test_can_reroot_a_tree_with_a_parent_and_many_siblings(self):
        tree = Tree("parent", [Tree("a"), Tree("x"), Tree("b"), Tree("c")])
        expected = Tree("x", [Tree("parent", [Tree("a"), Tree("b"), Tree("c")])])
>       self.assertTreeEquals(tree.from_pov("x"), expected)

exercises/practice/pov/pov_test.py:26: 
_ _ _ _ _ _ _ _ _ _ _ _ _ _ _ _ _ _ _ _ _ _ _ _ _ _ _ _ _ _ _ _ _ _ _ _ _ _ _ _ 

self = <pov.Tree object at 0x7f066058ded0>, from_node = 'x'

    def from_pov(self, from_node):
        # Find the node in the tree
        path_to_root = self._find_path_to_root(from_node)
        if path_to_root is None:
            raise ValueError("Tree could not be reoriented")
    
        # Rebuild the tree from the node's perspective
        new_root = None
        current = None
        for node in reversed(path_to_root):
            if new_root is None:
>               new_root = Tree(node.label)
E               AttributeError: 'str' object has no attribute 'label'

exercises/practice/pov/pov.py:32: AttributeError
_________ PovTest.test_can_reroot_a_tree_with_a_parent_and_one_sibling _________

self = <pov_test.PovTest testMethod=test_can_reroot_a_tree_with_a_parent_and_one_sibling>

    def test_can_reroot_a_tree_with_a_parent_and_one_sibling(self):
        tree = Tree("parent", [Tree("x"), Tree("sibling")])
        expected = Tree("x", [Tree("parent", [Tree("sibling")])])
>       self.assertTreeEquals(tree.from_pov("x"), expected)

exercises/practice/pov/pov_test.py:21: 
_ _ _ _ _ _ _ _ _ _ _ _ _ _ _ _ _ _ _ _ _ _ _ _ _ _ _ _ _ _ _ _ _ _ _ _ _ _ _ _ 

self = <pov.Tree object at 0x7f065fd7e3e0>, from_node = 'x'

    def from_pov(self, from_node):
        # Find the node in the tree
        path_to_root = self._find_path_to_root(from_node)
        if path_to_root is None:
            raise ValueError("Tree could not be reoriented")
    
        # Rebuild the tree from the node's perspective
        new_root = None
        current = None
        for node in reversed(path_to_root):
            if new_root is None:
>               new_root = Tree(node.label)
E               AttributeError: 'str' object has no attribute 'label'

exercises/practice/pov/pov.py:32: AttributeError
______ PovTest.test_can_reroot_a_tree_with_new_root_deeply_nested_in_tree ______

self = <pov_test.PovTest testMethod=test_can_reroot_a_tree_with_new_root_deeply_nested_in_tree>

    def test_can_reroot_a_tree_with_new_root_deeply_nested_in_tree(self):
        tree = Tree(
            "level-0",
            [Tree("level-1", [Tree("level-2", [Tree("level-3", [Tree("x")])])])],
        )
        expected = Tree(
            "x",
            [Tree("level-3", [Tree("level-2", [Tree("level-1", [Tree("level-0")])])])],
        )
>       self.assertTreeEquals(tree.from_pov("x"), expected)

exercises/practice/pov/pov_test.py:37: 
_ _ _ _ _ _ _ _ _ _ _ _ _ _ _ _ _ _ _ _ _ _ _ _ _ _ _ _ _ _ _ _ _ _ _ _ _ _ _ _ 

self = <pov.Tree object at 0x7f065fe15960>, from_node = 'x'

    def from_pov(self, from_node):
        # Find the node in the tree
        path_to_root = self._find_path_to_root(from_node)
        if path_to_root is None:
            raise ValueError("Tree could not be reoriented")
    
        # Rebuild the tree from the node's perspective
        new_root = None
        current = None
        for node in reversed(path_to_root):
            if new_root is None:
>               new_root = Tree(node.label)
E               AttributeError: 'str' object has no attribute 'label'

exercises/practice/pov/pov.py:32: AttributeError
_________________ PovTest.test_errors_if_source_does_not_exist _________________

self = <pov_test.PovTest testMethod=test_errors_if_source_does_not_exist>

    def test_errors_if_source_does_not_exist(self):
        tree = Tree(
            "parent",
            [
                Tree("x", [Tree("kid-0"), Tree("kid-1")]),
                Tree("sibling-0"),
                Tree("sibling-1"),
            ],
        )
        with self.assertRaises(ValueError) as err:
            tree.path_to("nonexistent", "x")
        self.assertEqual(type(err.exception), ValueError)
    
>       self.assertEqual(err.exception.args[0], "Tree could not be reoriented")
E       AssertionError: 'No path found' != 'Tree could not be reoriented'
E       - No path found
E       + Tree could not be reoriented

exercises/practice/pov/pov_test.py:169: AssertionError
__ PovTest.test_moves_children_of_the_new_root_to_same_level_as_former_parent __

self = <pov_test.PovTest testMethod=test_moves_children_of_the_new_root_to_same_level_as_former_parent>

    def test_moves_children_of_the_new_root_to_same_level_as_former_parent(self):
        tree = Tree("parent", [Tree("x", [Tree("kid-0"), Tree("kid-1")])])
        expected = Tree("x", [Tree("kid-0"), Tree("kid-1"), Tree("parent")])
>       self.assertTreeEquals(tree.from_pov("x"), expected)

exercises/practice/pov/pov_test.py:42: 
_ _ _ _ _ _ _ _ _ _ _ _ _ _ _ _ _ _ _ _ _ _ _ _ _ _ _ _ _ _ _ _ _ _ _ _ _ _ _ _ 

self = <pov.Tree object at 0x7f065fc63dc0>, from_node = 'x'

    def from_pov(self, from_node):
        # Find the node in the tree
        path_to_root = self._find_path_to_root(from_node)
        if path_to_root is None:
            raise ValueError("Tree could not be reoriented")
    
        # Rebuild the tree from the node's perspective
        new_root = None
        current = None
        for node in reversed(path_to_root):
            if new_root is None:
>               new_root = Tree(node.label)
E               AttributeError: 'str' object has no attribute 'label'

exercises/practice/pov/pov.py:32: AttributeError
____ PovTest.test_results_in_the_same_tree_if_the_input_tree_is_a_singleton ____

self = <pov_test.PovTest testMethod=test_results_in_the_same_tree_if_the_input_tree_is_a_singleton>

    def test_results_in_the_same_tree_if_the_input_tree_is_a_singleton(self):
        tree = Tree("x")
        expected = Tree("x")
>       self.assertTreeEquals(tree.from_pov("x"), expected)

exercises/practice/pov/pov_test.py:16: 
_ _ _ _ _ _ _ _ _ _ _ _ _ _ _ _ _ _ _ _ _ _ _ _ _ _ _ _ _ _ _ _ _ _ _ _ _ _ _ _ 

self = <pov.Tree object at 0x7f065fc60760>, from_node = 'x'

    def from_pov(self, from_node):
        # Find the node in the tree
        path_to_root = self._find_path_to_root(from_node)
        if path_to_root is None:
            raise ValueError("Tree could not be reoriented")
    
        # Rebuild the tree from the node's perspective
        new_root = None
        current = None
        for node in reversed(path_to_root):
            if new_root is None:
>               new_root = Tree(node.label)
E               AttributeError: 'str' object has no attribute 'label'

exercises/practice/pov/pov.py:32: AttributeError
=========================== short test summary info ============================
FAILED exercises/practice/pov/pov_test.py::PovTest::test_can_reroot_a_complex_tree_with_cousins
FAILED exercises/practice/pov/pov_test.py::PovTest::test_can_reroot_a_tree_with_a_parent_and_many_siblings
FAILED exercises/practice/pov/pov_test.py::PovTest::test_can_reroot_a_tree_with_a_parent_and_one_sibling
FAILED exercises/practice/pov/pov_test.py::PovTest::test_can_reroot_a_tree_with_new_root_deeply_nested_in_tree
FAILED exercises/practice/pov/pov_test.py::PovTest::test_errors_if_source_does_not_exist
FAILED exercises/practice/pov/pov_test.py::PovTest::test_moves_children_of_the_new_root_to_same_level_as_former_parent
FAILED exercises/practice/pov/pov_test.py::PovTest::test_results_in_the_same_tree_if_the_input_tree_is_a_singleton
========================= 7 failed, 8 passed in 0.09s ==========================
