============================= test session starts ==============================
platform linux -- Python 3.10.12, pytest-7.4.0, pluggy-1.2.0
rootdir: /home/jake/Development/exercism-python
configfile: pytest.ini
plugins: mock-3.11.1, reportlog-0.4.0, repeat-0.9.1
collected 0 items / 1 error

==================================== ERRORS ====================================
________ ERROR collecting exercises/practice/rest-api/rest_api_test.py _________
ImportError while importing test module '/home/jake/Development/exercism-python/exercises/practice/rest-api/rest_api_test.py'.
Hint: make sure your test modules/packages have valid Python names.
Traceback:
/usr/lib/python3.10/importlib/__init__.py:126: in import_module
    return _bootstrap._gcd_import(name[level:], package, level)
exercises/practice/rest-api/rest_api_test.py:8: in <module>
    from rest_api import (
E   ImportError: cannot import name 'RestAPI' from 'rest_api' (/home/jake/Development/exercism-python/exercises/practice/rest-api/rest_api.py)
=========================== short test summary info ============================
ERROR exercises/practice/rest-api/rest_api_test.py
!!!!!!!!!!!!!!!!!!!! Interrupted: 1 error during collection !!!!!!!!!!!!!!!!!!!!
=============================== 1 error in 0.09s ===============================
