============================= test session starts ==============================
platform linux -- Python 3.10.12, pytest-7.4.0, pluggy-1.2.0
rootdir: /home/jake/Development/exercism-python
configfile: pytest.ini
plugins: mock-3.11.1, reportlog-0.4.0, repeat-0.9.1
collected 8 items

exercises/practice/point-mutations/point_mutations_test.py .FFF....      [100%]

=================================== FAILURES ===================================
________ PointMutationsTest.test_hamming_distance_in_off_by_one_strand _________

self = <point_mutations_test.PointMutationsTest testMethod=test_hamming_distance_in_off_by_one_strand>

    def test_hamming_distance_in_off_by_one_strand(self):
>       self.assertEqual(
            hamming_distance('GGACGGATTCTGACCTGGACTAATTTTGGGG',
                             'AGGACGGATTCTGACCTGGACTAATTTTGGGG'), 19)
E       AssertionError: None != 19

exercises/practice/point-mutations/point_mutations_test.py:17: AssertionError
_ PointMutationsTest.test_ignores_extra_length_on_original_strand_when_longer __

self = <point_mutations_test.PointMutationsTest testMethod=test_ignores_extra_length_on_original_strand_when_longer>

    def test_ignores_extra_length_on_original_strand_when_longer(self):
>       self.assertEqual(
            hamming_distance('GACTACGGACAGGGTAGGGAAT', 'GACATCGCACACC'), 5)
E       AssertionError: None != 5

exercises/practice/point-mutations/point_mutations_test.py:31: AssertionError
___ PointMutationsTest.test_ignores_extra_length_on_other_strand_when_longer ___

self = <point_mutations_test.PointMutationsTest testMethod=test_ignores_extra_length_on_other_strand_when_longer>

    def test_ignores_extra_length_on_other_strand_when_longer(self):
>       self.assertEqual(hamming_distance('AAACTAGGGG', 'AGGCTAGCGGTAGGAC'), 3)
E       AssertionError: None != 3

exercises/practice/point-mutations/point_mutations_test.py:28: AssertionError
=========================== short test summary info ============================
FAILED exercises/practice/point-mutations/point_mutations_test.py::PointMutationsTest::test_hamming_distance_in_off_by_one_strand
FAILED exercises/practice/point-mutations/point_mutations_test.py::PointMutationsTest::test_ignores_extra_length_on_original_strand_when_longer
FAILED exercises/practice/point-mutations/point_mutations_test.py::PointMutationsTest::test_ignores_extra_length_on_other_strand_when_longer
========================= 3 failed, 5 passed in 0.03s ==========================
