============================= test session starts ==============================
platform linux -- Python 3.10.12, pytest-7.4.0, pluggy-1.2.0
rootdir: /home/jake/Development/exercism-python
configfile: pytest.ini
plugins: mock-3.11.1, reportlog-0.4.0, repeat-0.9.1, asyncio-0.21.1
asyncio: mode=strict
collected 9 items

exercises/practice/two-bucket/two_bucket_test.py FFFFFFFFF               [100%]

=================================== FAILURES ===================================
________ TwoBucketTest.test_goal_larger_than_both_buckets_is_impossible ________

self = <two_bucket_test.TwoBucketTest testMethod=test_goal_larger_than_both_buckets_is_impossible>

    def test_goal_larger_than_both_buckets_is_impossible(self):
>       with self.assertRaisesWithMessage(ValueError):
E       AssertionError: ValueError not raised

exercises/practice/two-bucket/two_bucket_test.py:51: AssertionError
_ TwoBucketTest.test_measure_one_step_using_bucket_one_of_size_1_and_bucket_two_of_size_3_start_with_bucket_two _

self = <two_bucket_test.TwoBucketTest testMethod=test_measure_one_step_using_bucket_one_of_size_1_and_bucket_two_of_size_3_start_with_bucket_two>

    def test_measure_one_step_using_bucket_one_of_size_1_and_bucket_two_of_size_3_start_with_bucket_two(
        self,
    ):
>       self.assertEqual(measure(1, 3, 3, "two"), (1, "two", 0))
E       AssertionError: Tuples differ: (0, 'two', 0) != (1, 'two', 0)
E       
E       First differing element 0:
E       0
E       1
E       
E       - (0, 'two', 0)
E       ?  ^
E       
E       + (1, 'two', 0)
E       ?  ^

exercises/practice/two-bucket/two_bucket_test.py:36: AssertionError
_ TwoBucketTest.test_measure_using_bucket_one_of_size_2_and_bucket_two_of_size_3_start_with_bucket_one_and_end_with_bucket_two _

self = <two_bucket_test.TwoBucketTest testMethod=test_measure_using_bucket_one_of_size_2_and_bucket_two_of_size_3_start_with_bucket_one_and_end_with_bucket_two>

    def test_measure_using_bucket_one_of_size_2_and_bucket_two_of_size_3_start_with_bucket_one_and_end_with_bucket_two(
        self,
    ):
>       self.assertEqual(measure(2, 3, 3, "one"), (2, "two", 2))
E       AssertionError: Tuples differ: (0, 'two', 2) != (2, 'two', 2)
E       
E       First differing element 0:
E       0
E       2
E       
E       - (0, 'two', 2)
E       ?  ^
E       
E       + (2, 'two', 2)
E       ?  ^

exercises/practice/two-bucket/two_bucket_test.py:41: AssertionError
_ TwoBucketTest.test_measure_using_bucket_one_of_size_3_and_bucket_two_of_size_5_start_with_bucket_one _

self = <two_bucket_test.TwoBucketTest testMethod=test_measure_using_bucket_one_of_size_3_and_bucket_two_of_size_5_start_with_bucket_one>

    def test_measure_using_bucket_one_of_size_3_and_bucket_two_of_size_5_start_with_bucket_one(
        self,
    ):
>       self.assertEqual(measure(3, 5, 1, "one"), (4, "one", 5))
E       AssertionError: Tuples differ: (0, 'two', 3) != (4, 'one', 5)
E       
E       First differing element 0:
E       0
E       4
E       
E       - (0, 'two', 3)
E       + (4, 'one', 5)

exercises/practice/two-bucket/two_bucket_test.py:16: AssertionError
_ TwoBucketTest.test_measure_using_bucket_one_of_size_3_and_bucket_two_of_size_5_start_with_bucket_two _

self = <two_bucket_test.TwoBucketTest testMethod=test_measure_using_bucket_one_of_size_3_and_bucket_two_of_size_5_start_with_bucket_two>

    def test_measure_using_bucket_one_of_size_3_and_bucket_two_of_size_5_start_with_bucket_two(
        self,
    ):
>       self.assertEqual(measure(3, 5, 1, "two"), (8, "two", 3))
E       AssertionError: Tuples differ: (0, 'one', 5) != (8, 'two', 3)
E       
E       First differing element 0:
E       0
E       8
E       
E       - (0, 'one', 5)
E       + (8, 'two', 3)

exercises/practice/two-bucket/two_bucket_test.py:21: AssertionError
_ TwoBucketTest.test_measure_using_bucket_one_of_size_7_and_bucket_two_of_size_11_start_with_bucket_one _

self = <two_bucket_test.TwoBucketTest testMethod=test_measure_using_bucket_one_of_size_7_and_bucket_two_of_size_11_start_with_bucket_one>

    def test_measure_using_bucket_one_of_size_7_and_bucket_two_of_size_11_start_with_bucket_one(
        self,
    ):
>       self.assertEqual(measure(7, 11, 2, "one"), (14, "one", 11))
E       AssertionError: Tuples differ: (0, 'two', 7) != (14, 'one', 11)
E       
E       First differing element 0:
E       0
E       14
E       
E       - (0, 'two', 7)
E       + (14, 'one', 11)

exercises/practice/two-bucket/two_bucket_test.py:26: AssertionError
_ TwoBucketTest.test_measure_using_bucket_one_of_size_7_and_bucket_two_of_size_11_start_with_bucket_two _

self = <two_bucket_test.TwoBucketTest testMethod=test_measure_using_bucket_one_of_size_7_and_bucket_two_of_size_11_start_with_bucket_two>

    def test_measure_using_bucket_one_of_size_7_and_bucket_two_of_size_11_start_with_bucket_two(
        self,
    ):
>       self.assertEqual(measure(7, 11, 2, "two"), (18, "two", 7))
E       AssertionError: Tuples differ: (0, 'one', 11) != (18, 'two', 7)
E       
E       First differing element 0:
E       0
E       18
E       
E       - (0, 'one', 11)
E       + (18, 'two', 7)

exercises/practice/two-bucket/two_bucket_test.py:31: AssertionError
______________ TwoBucketTest.test_not_possible_to_reach_the_goal _______________

self = <two_bucket_test.TwoBucketTest testMethod=test_not_possible_to_reach_the_goal>

    def test_not_possible_to_reach_the_goal(self):
>       with self.assertRaisesWithMessage(ValueError):
E       AssertionError: ValueError not raised

exercises/practice/two-bucket/two_bucket_test.py:44: AssertionError
_ TwoBucketTest.test_with_the_same_buckets_but_a_different_goal_then_it_is_possible _

self = <two_bucket_test.TwoBucketTest testMethod=test_with_the_same_buckets_but_a_different_goal_then_it_is_possible>

    def test_with_the_same_buckets_but_a_different_goal_then_it_is_possible(self):
>       self.assertEqual(measure(6, 15, 9, "one"), (10, "two", 0))
E       AssertionError: Tuples differ: (0, 'two', 6) != (10, 'two', 0)
E       
E       First differing element 0:
E       0
E       10
E       
E       - (0, 'two', 6)
E       ?            ^
E       
E       + (10, 'two', 0)
E       ?  +          ^

exercises/practice/two-bucket/two_bucket_test.py:48: AssertionError
=========================== short test summary info ============================
FAILED exercises/practice/two-bucket/two_bucket_test.py::TwoBucketTest::test_goal_larger_than_both_buckets_is_impossible
FAILED exercises/practice/two-bucket/two_bucket_test.py::TwoBucketTest::test_measure_one_step_using_bucket_one_of_size_1_and_bucket_two_of_size_3_start_with_bucket_two
FAILED exercises/practice/two-bucket/two_bucket_test.py::TwoBucketTest::test_measure_using_bucket_one_of_size_2_and_bucket_two_of_size_3_start_with_bucket_one_and_end_with_bucket_two
FAILED exercises/practice/two-bucket/two_bucket_test.py::TwoBucketTest::test_measure_using_bucket_one_of_size_3_and_bucket_two_of_size_5_start_with_bucket_one
FAILED exercises/practice/two-bucket/two_bucket_test.py::TwoBucketTest::test_measure_using_bucket_one_of_size_3_and_bucket_two_of_size_5_start_with_bucket_two
FAILED exercises/practice/two-bucket/two_bucket_test.py::TwoBucketTest::test_measure_using_bucket_one_of_size_7_and_bucket_two_of_size_11_start_with_bucket_one
FAILED exercises/practice/two-bucket/two_bucket_test.py::TwoBucketTest::test_measure_using_bucket_one_of_size_7_and_bucket_two_of_size_11_start_with_bucket_two
FAILED exercises/practice/two-bucket/two_bucket_test.py::TwoBucketTest::test_not_possible_to_reach_the_goal
FAILED exercises/practice/two-bucket/two_bucket_test.py::TwoBucketTest::test_with_the_same_buckets_but_a_different_goal_then_it_is_possible
============================== 9 failed in 0.05s ===============================
