============================= test session starts ==============================
platform linux -- Python 3.10.12, pytest-7.4.0, pluggy-1.3.0
rootdir: /home/jake/Development/mentat/tests/benchmarks/repos/exercism-python
configfile: pytest.ini
plugins: mock-3.11.1, reportlog-0.4.0, asyncio-0.21.1, xdist-3.3.1
asyncio: mode=strict
collected 9 items

exercises/practice/two-bucket/two_bucket_test.py ..F......               [100%]

=================================== FAILURES ===================================
_ TwoBucketTest.test_measure_using_bucket_one_of_size_2_and_bucket_two_of_size_3_start_with_bucket_one_and_end_with_bucket_two _

self = <two_bucket_test.TwoBucketTest testMethod=test_measure_using_bucket_one_of_size_2_and_bucket_two_of_size_3_start_with_bucket_one_and_end_with_bucket_two>

    def test_measure_using_bucket_one_of_size_2_and_bucket_two_of_size_3_start_with_bucket_one_and_end_with_bucket_two(
        self,
    ):
>       self.assertEqual(measure(2, 3, 3, "one"), (2, "two", 2))
E       AssertionError: Tuples differ: (4, 'two', 1) != (2, 'two', 2)
E       
E       First differing element 0:
E       4
E       2
E       
E       - (4, 'two', 1)
E       ?  ^         ^
E       
E       + (2, 'two', 2)
E       ?  ^         ^

exercises/practice/two-bucket/two_bucket_test.py:41: AssertionError
=========================== short test summary info ============================
FAILED exercises/practice/two-bucket/two_bucket_test.py::TwoBucketTest::test_measure_using_bucket_one_of_size_2_and_bucket_two_of_size_3_start_with_bucket_one_and_end_with_bucket_two
========================= 1 failed, 8 passed in 0.04s ==========================
