============================= test session starts ==============================
platform linux -- Python 3.10.12, pytest-7.4.0, pluggy-1.3.0
rootdir: /home/jake/Development/mentat/tests/benchmarks/repos/exercism-python
configfile: pytest.ini
plugins: mock-3.11.1, reportlog-0.4.0, asyncio-0.21.1, xdist-3.3.1
asyncio: mode=strict
collected 9 items

exercises/practice/two-bucket/two_bucket_test.py .FFFFFF.F               [100%]

=================================== FAILURES ===================================
_ TwoBucketTest.test_measure_one_step_using_bucket_one_of_size_1_and_bucket_two_of_size_3_start_with_bucket_two _

self = <two_bucket_test.TwoBucketTest testMethod=test_measure_one_step_using_bucket_one_of_size_1_and_bucket_two_of_size_3_start_with_bucket_two>

    def test_measure_one_step_using_bucket_one_of_size_1_and_bucket_two_of_size_3_start_with_bucket_two(
        self,
    ):
>       self.assertEqual(measure(1, 3, 3, "two"), (1, "two", 0))
E       AssertionError: Tuples differ: (6, 'two', 1) != (1, 'two', 0)
E       
E       First differing element 0:
E       6
E       1
E       
E       - (6, 'two', 1)
E       ?  ^         ^
E       
E       + (1, 'two', 0)
E       ?  ^         ^

exercises/practice/two-bucket/two_bucket_test.py:36: AssertionError
_ TwoBucketTest.test_measure_using_bucket_one_of_size_2_and_bucket_two_of_size_3_start_with_bucket_one_and_end_with_bucket_two _

self = <two_bucket_test.TwoBucketTest testMethod=test_measure_using_bucket_one_of_size_2_and_bucket_two_of_size_3_start_with_bucket_one_and_end_with_bucket_two>

    def test_measure_using_bucket_one_of_size_2_and_bucket_two_of_size_3_start_with_bucket_one_and_end_with_bucket_two(
        self,
    ):
>       self.assertEqual(measure(2, 3, 3, "one"), (2, "two", 2))
E       AssertionError: Tuples differ: (3, 'two', 1) != (2, 'two', 2)
E       
E       First differing element 0:
E       3
E       2
E       
E       - (3, 'two', 1)
E       ?  ^         ^
E       
E       + (2, 'two', 2)
E       ?  ^         ^

exercises/practice/two-bucket/two_bucket_test.py:41: AssertionError
_ TwoBucketTest.test_measure_using_bucket_one_of_size_3_and_bucket_two_of_size_5_start_with_bucket_one _

self = <two_bucket_test.TwoBucketTest testMethod=test_measure_using_bucket_one_of_size_3_and_bucket_two_of_size_5_start_with_bucket_one>

    def test_measure_using_bucket_one_of_size_3_and_bucket_two_of_size_5_start_with_bucket_one(
        self,
    ):
>       self.assertEqual(measure(3, 5, 1, "one"), (4, "one", 5))
E       AssertionError: Tuples differ: (3, 'one', 5) != (4, 'one', 5)
E       
E       First differing element 0:
E       3
E       4
E       
E       - (3, 'one', 5)
E       ?  ^
E       
E       + (4, 'one', 5)
E       ?  ^

exercises/practice/two-bucket/two_bucket_test.py:16: AssertionError
_ TwoBucketTest.test_measure_using_bucket_one_of_size_3_and_bucket_two_of_size_5_start_with_bucket_two _

self = <two_bucket_test.TwoBucketTest testMethod=test_measure_using_bucket_one_of_size_3_and_bucket_two_of_size_5_start_with_bucket_two>

    def test_measure_using_bucket_one_of_size_3_and_bucket_two_of_size_5_start_with_bucket_two(
        self,
    ):
>       self.assertEqual(measure(3, 5, 1, "two"), (8, "two", 3))
E       AssertionError: Tuples differ: (7, 'two', 3) != (8, 'two', 3)
E       
E       First differing element 0:
E       7
E       8
E       
E       - (7, 'two', 3)
E       ?  ^
E       
E       + (8, 'two', 3)
E       ?  ^

exercises/practice/two-bucket/two_bucket_test.py:21: AssertionError
_ TwoBucketTest.test_measure_using_bucket_one_of_size_7_and_bucket_two_of_size_11_start_with_bucket_one _

self = <two_bucket_test.TwoBucketTest testMethod=test_measure_using_bucket_one_of_size_7_and_bucket_two_of_size_11_start_with_bucket_one>

    def test_measure_using_bucket_one_of_size_7_and_bucket_two_of_size_11_start_with_bucket_one(
        self,
    ):
>       self.assertEqual(measure(7, 11, 2, "one"), (14, "one", 11))
E       AssertionError: Tuples differ: (13, 'one', 11) != (14, 'one', 11)
E       
E       First differing element 0:
E       13
E       14
E       
E       - (13, 'one', 11)
E       ?   ^
E       
E       + (14, 'one', 11)
E       ?   ^

exercises/practice/two-bucket/two_bucket_test.py:26: AssertionError
_ TwoBucketTest.test_measure_using_bucket_one_of_size_7_and_bucket_two_of_size_11_start_with_bucket_two _

self = <two_bucket_test.TwoBucketTest testMethod=test_measure_using_bucket_one_of_size_7_and_bucket_two_of_size_11_start_with_bucket_two>

    def test_measure_using_bucket_one_of_size_7_and_bucket_two_of_size_11_start_with_bucket_two(
        self,
    ):
>       self.assertEqual(measure(7, 11, 2, "two"), (18, "two", 7))
E       AssertionError: Tuples differ: (17, 'two', 7) != (18, 'two', 7)
E       
E       First differing element 0:
E       17
E       18
E       
E       - (17, 'two', 7)
E       ?   ^
E       
E       + (18, 'two', 7)
E       ?   ^

exercises/practice/two-bucket/two_bucket_test.py:31: AssertionError
_ TwoBucketTest.test_with_the_same_buckets_but_a_different_goal_then_it_is_possible _

self = <two_bucket_test.TwoBucketTest testMethod=test_with_the_same_buckets_but_a_different_goal_then_it_is_possible>

    def test_with_the_same_buckets_but_a_different_goal_then_it_is_possible(self):
>       self.assertEqual(measure(6, 15, 9, "one"), (10, "two", 0))
E       AssertionError: Tuples differ: (9, 'two', 0) != (10, 'two', 0)
E       
E       First differing element 0:
E       9
E       10
E       
E       - (9, 'two', 0)
E       ?  ^
E       
E       + (10, 'two', 0)
E       ?  ^^

exercises/practice/two-bucket/two_bucket_test.py:48: AssertionError
=========================== short test summary info ============================
FAILED exercises/practice/two-bucket/two_bucket_test.py::TwoBucketTest::test_measure_one_step_using_bucket_one_of_size_1_and_bucket_two_of_size_3_start_with_bucket_two
FAILED exercises/practice/two-bucket/two_bucket_test.py::TwoBucketTest::test_measure_using_bucket_one_of_size_2_and_bucket_two_of_size_3_start_with_bucket_one_and_end_with_bucket_two
FAILED exercises/practice/two-bucket/two_bucket_test.py::TwoBucketTest::test_measure_using_bucket_one_of_size_3_and_bucket_two_of_size_5_start_with_bucket_one
FAILED exercises/practice/two-bucket/two_bucket_test.py::TwoBucketTest::test_measure_using_bucket_one_of_size_3_and_bucket_two_of_size_5_start_with_bucket_two
FAILED exercises/practice/two-bucket/two_bucket_test.py::TwoBucketTest::test_measure_using_bucket_one_of_size_7_and_bucket_two_of_size_11_start_with_bucket_one
FAILED exercises/practice/two-bucket/two_bucket_test.py::TwoBucketTest::test_measure_using_bucket_one_of_size_7_and_bucket_two_of_size_11_start_with_bucket_two
FAILED exercises/practice/two-bucket/two_bucket_test.py::TwoBucketTest::test_with_the_same_buckets_but_a_different_goal_then_it_is_possible
========================= 7 failed, 2 passed in 0.05s ==========================
