============================= test session starts ==============================
platform linux -- Python 3.10.12, pytest-7.4.0, pluggy-1.3.0
rootdir: /home/jake/Development/mentat/tests/benchmarks/repos/exercism-python
configfile: pytest.ini
plugins: mock-3.11.1, reportlog-0.4.0, asyncio-0.21.1, xdist-3.3.1
asyncio: mode=strict
collected 11 items

exercises/practice/ledger/ledger_test.py ..FFF.F....                     [100%]

=================================== FAILURES ===================================
_________________________ LedgerTest.test_dutch_locale _________________________

self = <ledger_test.LedgerTest testMethod=test_dutch_locale>

    def test_dutch_locale(self):
        currency = "USD"
        locale = "nl_NL"
        entries = [
            create_entry("2015-03-12", "Buy present", 123456),
        ]
        expected = "\n".join(
            [
                "Datum      | Omschrijving              | Verandering  ",
                "12-03-2015 | Buy present               |   $ 1.234,56 ",
            ]
        )
>       self.assertEqual(format_entries(currency, locale, entries), expected)
E       AssertionError: 'Datu[44 chars]ring  \n12-03-2015 | Buy present               |   $ 1,234,56 ' != 'Datu[44 chars]ring  \n12-03-2015 | Buy present               |   $ 1.234,56 '
E         Datum      | Omschrijving              | Verandering  
E       - 12-03-2015 | Buy present               |   $ 1,234,56 ?                                               ^
E       + 12-03-2015 | Buy present               |   $ 1.234,56 ?                                               ^

exercises/practice/ledger/ledger_test.py:131: AssertionError
____________________ LedgerTest.test_dutch_locale_and_euros ____________________

self = <ledger_test.LedgerTest testMethod=test_dutch_locale_and_euros>

    def test_dutch_locale_and_euros(self):
        currency = "EUR"
        locale = "nl_NL"
        entries = [
            create_entry("2015-03-12", "Buy present", 123456),
        ]
        expected = "\n".join(
            [
                "Datum      | Omschrijving              | Verandering  ",
                "12-03-2015 | Buy present               |   € 1.234,56 ",
            ]
        )
>       self.assertEqual(format_entries(currency, locale, entries), expected)
E       AssertionError: 'Datu[44 chars]ring  \n12-03-2015 | Buy present               |    €1,234,56 ' != 'Datu[44 chars]ring  \n12-03-2015 | Buy present               |   € 1.234,56 '
E         Datum      | Omschrijving              | Verandering  
E       - 12-03-2015 | Buy present               |    €1,234,56 ?                                            -  ^
E       + 12-03-2015 | Buy present               |   € 1.234,56 ?                                             + ^

exercises/practice/ledger/ledger_test.py:145: AssertionError
___ LedgerTest.test_dutch_negative_number_with_3_digits_before_decimal_point ___

self = <ledger_test.LedgerTest testMethod=test_dutch_negative_number_with_3_digits_before_decimal_point>

    def test_dutch_negative_number_with_3_digits_before_decimal_point(self):
        currency = "USD"
        locale = "nl_NL"
        entries = [
            create_entry("2015-03-12", "Buy present", -12345),
        ]
        expected = "\n".join(
            [
                "Datum      | Omschrijving              | Verandering  ",
                "12-03-2015 | Buy present               |    $ -123,45 ",
            ]
        )
>       self.assertEqual(format_entries(currency, locale, entries), expected)
E       AssertionError: 'Datu[44 chars]ring  \n12-03-2015 | Buy present               |    ($ 123,45)' != 'Datu[44 chars]ring  \n12-03-2015 | Buy present               |    $ -123,45 '
E         Datum      | Omschrijving              | Verandering  
E       - 12-03-2015 | Buy present               |    ($ 123,45)?                                             -        ^
E       + 12-03-2015 | Buy present               |    $ -123,45 ?                                               +      ^

exercises/practice/ledger/ledger_test.py:159: AssertionError
____________________________ LedgerTest.test_euros _____________________________

self = <ledger_test.LedgerTest testMethod=test_euros>

    def test_euros(self):
        currency = "EUR"
        locale = "en_US"
        entries = [
            create_entry("2015-01-01", "Buy present", -1000),
        ]
        expected = "\n".join(
            [
                "Date       | Description               | Change       ",
                "01/01/2015 | Buy present               |      (€10.00)",
            ]
        )
>       self.assertEqual(format_entries(currency, locale, entries), expected)
E       AssertionError: 'Date[44 chars]      \n01/01/2015 | Buy present               |     (€ 10.00)' != 'Date[44 chars]      \n01/01/2015 | Buy present               |      (€10.00)'
E         Date       | Description               | Change       
E       - 01/01/2015 | Buy present               |     (€ 10.00)?                                                -
E       + 01/01/2015 | Buy present               |      (€10.00)?                                         +

exercises/practice/ledger/ledger_test.py:117: AssertionError
=========================== short test summary info ============================
FAILED exercises/practice/ledger/ledger_test.py::LedgerTest::test_dutch_locale
FAILED exercises/practice/ledger/ledger_test.py::LedgerTest::test_dutch_locale_and_euros
FAILED exercises/practice/ledger/ledger_test.py::LedgerTest::test_dutch_negative_number_with_3_digits_before_decimal_point
FAILED exercises/practice/ledger/ledger_test.py::LedgerTest::test_euros - Ass...
========================= 4 failed, 7 passed in 0.07s ==========================
