============================= test session starts ==============================
platform linux -- Python 3.10.12, pytest-7.4.0, pluggy-1.2.0
rootdir: /home/jake/Development/exercism-python
configfile: pytest.ini
plugins: mock-3.11.1, reportlog-0.4.0, repeat-0.9.1
collected 10 items

exercises/practice/connect/connect_test.py .FF.FF....                    [100%]

=================================== FAILURES ===================================
___________ ConnectTest.test_illegal_diagonal_does_not_make_a_winner ___________

self = <connect_test.ConnectTest testMethod=test_illegal_diagonal_does_not_make_a_winner>

    def test_illegal_diagonal_does_not_make_a_winner(self):
        game = ConnectGame(
            """X O . .
                O X X X
                 O X O .
                  . O X .
                   X X O O"""
        )
        winner = game.get_winner()
>       self.assertEqual(winner, "")
E       AssertionError: 'X' != ''
E       - X
E       +

exercises/practice/connect/connect_test.py:53: AssertionError
____________ ConnectTest.test_nobody_wins_crossing_adjacent_angles _____________

self = <connect_test.ConnectTest testMethod=test_nobody_wins_crossing_adjacent_angles>

    def test_nobody_wins_crossing_adjacent_angles(self):
        game = ConnectGame(
            """X . . .
                . X O .
                 O . X O
                  . O . X
                   . . O ."""
        )
        winner = game.get_winner()
>       self.assertEqual(winner, "")
E       AssertionError: 'X' != ''
E       - X
E       +

exercises/practice/connect/connect_test.py:64: AssertionError
_____________ ConnectTest.test_o_wins_crossing_from_top_to_bottom ______________

self = <connect_test.ConnectTest testMethod=test_o_wins_crossing_from_top_to_bottom>

    def test_o_wins_crossing_from_top_to_bottom(self):
        game = ConnectGame(
            """. O . .
                O X X X
                 O O O .
                  X X O X
                   . O X ."""
        )
        winner = game.get_winner()
>       self.assertEqual(winner, "O")
E       AssertionError: 'X' != 'O'
E       - X
E       + O

exercises/practice/connect/connect_test.py:86: AssertionError
______________ ConnectTest.test_only_edges_does_not_make_a_winner ______________

self = <connect_test.ConnectTest testMethod=test_only_edges_does_not_make_a_winner>

    def test_only_edges_does_not_make_a_winner(self):
        game = ConnectGame(
            """O O O X
                X . . X
                 X . . X
                  X O O O"""
        )
        winner = game.get_winner()
>       self.assertEqual(winner, "")
E       AssertionError: 'X' != ''
E       - X
E       +

exercises/practice/connect/connect_test.py:42: AssertionError
=========================== short test summary info ============================
FAILED exercises/practice/connect/connect_test.py::ConnectTest::test_illegal_diagonal_does_not_make_a_winner
FAILED exercises/practice/connect/connect_test.py::ConnectTest::test_nobody_wins_crossing_adjacent_angles
FAILED exercises/practice/connect/connect_test.py::ConnectTest::test_o_wins_crossing_from_top_to_bottom
FAILED exercises/practice/connect/connect_test.py::ConnectTest::test_only_edges_does_not_make_a_winner
========================= 4 failed, 6 passed in 0.05s ==========================
