============================= test session starts ==============================
platform linux -- Python 3.10.12, pytest-7.4.0, pluggy-1.3.0
rootdir: /home/jake/Development/mentat/tests/benchmarks/repos/exercism-python
configfile: pytest.ini
plugins: mock-3.11.1, reportlog-0.4.0, asyncio-0.21.1, xdist-3.3.1
asyncio: mode=strict
collected 20 items

exercises/practice/say/say_test.py F.FF......F.F.F..F.F                  [100%]

=================================== FAILURES ===================================
__________________________ SayTest.test_a_big_number ___________________________

self = <say_test.SayTest testMethod=test_a_big_number>

    def test_a_big_number(self):
>       self.assertEqual(
            say(987654321123),
            "nine hundred eighty-seven billion six hundred fifty-four million three hundred twenty-one thousand one hundred twenty-three",
        )
E       AssertionError: 'nine hundred eighty -seven billion six hundred fifty -four m[63 chars]hree' != 'nine hundred eighty-seven billion six hundred fifty-four mil[59 chars]hree'
E       - nine hundred eighty -seven billion six hundred fifty -four million three hundred twenty -one thousand one hundred twenty -three
E       ?                    -                                -                                  -                                -
E       + nine hundred eighty-seven billion six hundred fifty-four million three hundred twenty-one thousand one hundred twenty-three

exercises/practice/say/say_test.py:64: AssertionError
____________________ SayTest.test_nine_hundred_ninety_nine _____________________

self = <say_test.SayTest testMethod=test_nine_hundred_ninety_nine>

    def test_nine_hundred_ninety_nine(self):
>       self.assertEqual(say(999), "nine hundred ninety-nine")
E       AssertionError: 'nine hundred ninety -nine' != 'nine hundred ninety-nine'
E       - nine hundred ninety -nine
E       ?                    -
E       + nine hundred ninety-nine

exercises/practice/say/say_test.py:44: AssertionError
___________________________ SayTest.test_ninety_nine ___________________________

self = <say_test.SayTest testMethod=test_ninety_nine>

    def test_ninety_nine(self):
>       self.assertEqual(say(99), "ninety-nine")
E       AssertionError: 'ninety -nine' != 'ninety-nine'
E       - ninety -nine
E       ?       -
E       + ninety-nine

exercises/practice/say/say_test.py:32: AssertionError
____________________ SayTest.test_one_hundred_twenty_three _____________________

self = <say_test.SayTest testMethod=test_one_hundred_twenty_three>

    def test_one_hundred_twenty_three(self):
>       self.assertEqual(say(123), "one hundred twenty-three")
E       AssertionError: 'one hundred twenty -three' != 'one hundred twenty-three'
E       - one hundred twenty -three
E       ?                   -
E       + one hundred twenty-three

exercises/practice/say/say_test.py:38: AssertionError
________ SayTest.test_one_million_two_thousand_three_hundred_forty_five ________

self = <say_test.SayTest testMethod=test_one_million_two_thousand_three_hundred_forty_five>

    def test_one_million_two_thousand_three_hundred_forty_five(self):
>       self.assertEqual(
            say(1002345), "one million two thousand three hundred forty-five"
        )
E       AssertionError: 'one million two thousand three hundred forty -five' != 'one million two thousand three hundred forty-five'
E       - one million two thousand three hundred forty -five
E       ?                                             -
E       + one million two thousand three hundred forty-five

exercises/practice/say/say_test.py:56: AssertionError
______________ SayTest.test_one_thousand_two_hundred_thirty_four _______________

self = <say_test.SayTest testMethod=test_one_thousand_two_hundred_thirty_four>

    def test_one_thousand_two_hundred_thirty_four(self):
>       self.assertEqual(say(1234), "one thousand two hundred thirty-four")
E       AssertionError: 'one thousand two hundred thirty -four' != 'one thousand two hundred thirty-four'
E       - one thousand two hundred thirty -four
E       ?                                -
E       + one thousand two hundred thirty-four

exercises/practice/say/say_test.py:50: AssertionError
___________________________ SayTest.test_twenty_two ____________________________

self = <say_test.SayTest testMethod=test_twenty_two>

    def test_twenty_two(self):
>       self.assertEqual(say(22), "twenty-two")
E       AssertionError: 'twenty -two' != 'twenty-two'
E       - twenty -two
E       ?       -
E       + twenty-two

exercises/practice/say/say_test.py:26: AssertionError
______________________________ SayTest.test_zero _______________________________

self = <say_test.SayTest testMethod=test_zero>

    def test_zero(self):
>       self.assertEqual(say(0), "zero")
E       AssertionError: '' != 'zero'
E       + zero

exercises/practice/say/say_test.py:14: AssertionError
=========================== short test summary info ============================
FAILED exercises/practice/say/say_test.py::SayTest::test_a_big_number - Asser...
FAILED exercises/practice/say/say_test.py::SayTest::test_nine_hundred_ninety_nine
FAILED exercises/practice/say/say_test.py::SayTest::test_ninety_nine - Assert...
FAILED exercises/practice/say/say_test.py::SayTest::test_one_hundred_twenty_three
FAILED exercises/practice/say/say_test.py::SayTest::test_one_million_two_thousand_three_hundred_forty_five
FAILED exercises/practice/say/say_test.py::SayTest::test_one_thousand_two_hundred_thirty_four
FAILED exercises/practice/say/say_test.py::SayTest::test_twenty_two - Asserti...
FAILED exercises/practice/say/say_test.py::SayTest::test_zero - AssertionErro...
========================= 8 failed, 12 passed in 0.07s =========================
