============================= test session starts ==============================
platform linux -- Python 3.10.12, pytest-7.4.0, pluggy-1.2.0
rootdir: /home/jake/Development/exercism-python
configfile: pytest.ini
plugins: mock-3.11.1, reportlog-0.4.0, repeat-0.9.1, asyncio-0.21.1
asyncio: mode=strict
collected 20 items

exercises/practice/say/say_test.py F.F.....FFF.F.F...F.                  [100%]

=================================== FAILURES ===================================
__________________________ SayTest.test_a_big_number ___________________________

self = <say_test.SayTest testMethod=test_a_big_number>

    def test_a_big_number(self):
        self.assertEqual(
>           say(987654321123),
            "nine hundred eighty-seven billion six hundred fifty-four million three hundred twenty-one thousand one hundred twenty-three",
        )

exercises/practice/say/say_test.py:65: 
_ _ _ _ _ _ _ _ _ _ _ _ _ _ _ _ _ _ _ _ _ _ _ _ _ _ _ _ _ _ _ _ _ _ _ _ _ _ _ _ 
exercises/practice/say/say.py:42: in say
    result = say_chunk(chunk) + " " + scale[i] + " " + result
_ _ _ _ _ _ _ _ _ _ _ _ _ _ _ _ _ _ _ _ _ _ _ _ _ _ _ _ _ _ _ _ _ _ _ _ _ _ _ _ 

chunk = 123

    def say_chunk(chunk):
        if chunk == 0:
            return ""
        elif chunk < 10:
            return ones[chunk - 1]
        elif chunk < 20:
            return teens[chunk - 11]
        else:
>           result = tens[chunk // 10 - 1]
E           IndexError: list index out of range

exercises/practice/say/say.py:26: IndexError
____________________ SayTest.test_nine_hundred_ninety_nine _____________________

self = <say_test.SayTest testMethod=test_nine_hundred_ninety_nine>

    def test_nine_hundred_ninety_nine(self):
>       self.assertEqual(say(999), "nine hundred ninety-nine")

exercises/practice/say/say_test.py:44: 
_ _ _ _ _ _ _ _ _ _ _ _ _ _ _ _ _ _ _ _ _ _ _ _ _ _ _ _ _ _ _ _ _ _ _ _ _ _ _ _ 
exercises/practice/say/say.py:42: in say
    result = say_chunk(chunk) + " " + scale[i] + " " + result
_ _ _ _ _ _ _ _ _ _ _ _ _ _ _ _ _ _ _ _ _ _ _ _ _ _ _ _ _ _ _ _ _ _ _ _ _ _ _ _ 

chunk = 999

    def say_chunk(chunk):
        if chunk == 0:
            return ""
        elif chunk < 10:
            return ones[chunk - 1]
        elif chunk < 20:
            return teens[chunk - 11]
        else:
>           result = tens[chunk // 10 - 1]
E           IndexError: list index out of range

exercises/practice/say/say.py:26: IndexError
___________________________ SayTest.test_one_hundred ___________________________

self = <say_test.SayTest testMethod=test_one_hundred>

    def test_one_hundred(self):
>       self.assertEqual(say(100), "one hundred")

exercises/practice/say/say_test.py:35: 
_ _ _ _ _ _ _ _ _ _ _ _ _ _ _ _ _ _ _ _ _ _ _ _ _ _ _ _ _ _ _ _ _ _ _ _ _ _ _ _ 
exercises/practice/say/say.py:42: in say
    result = say_chunk(chunk) + " " + scale[i] + " " + result
_ _ _ _ _ _ _ _ _ _ _ _ _ _ _ _ _ _ _ _ _ _ _ _ _ _ _ _ _ _ _ _ _ _ _ _ _ _ _ _ 

chunk = 100

    def say_chunk(chunk):
        if chunk == 0:
            return ""
        elif chunk < 10:
            return ones[chunk - 1]
        elif chunk < 20:
            return teens[chunk - 11]
        else:
>           result = tens[chunk // 10 - 1]
E           IndexError: list index out of range

exercises/practice/say/say.py:26: IndexError
_______________________ SayTest.test_one_hundred_seventy _______________________

self = <say_test.SayTest testMethod=test_one_hundred_seventy>

    def test_one_hundred_seventy(self):
>       self.assertEqual(say(170), "one hundred seventy")

exercises/practice/say/say_test.py:85: 
_ _ _ _ _ _ _ _ _ _ _ _ _ _ _ _ _ _ _ _ _ _ _ _ _ _ _ _ _ _ _ _ _ _ _ _ _ _ _ _ 
exercises/practice/say/say.py:42: in say
    result = say_chunk(chunk) + " " + scale[i] + " " + result
_ _ _ _ _ _ _ _ _ _ _ _ _ _ _ _ _ _ _ _ _ _ _ _ _ _ _ _ _ _ _ _ _ _ _ _ _ _ _ _ 

chunk = 170

    def say_chunk(chunk):
        if chunk == 0:
            return ""
        elif chunk < 10:
            return ones[chunk - 1]
        elif chunk < 20:
            return teens[chunk - 11]
        else:
>           result = tens[chunk // 10 - 1]
E           IndexError: list index out of range

exercises/practice/say/say.py:26: IndexError
____________________ SayTest.test_one_hundred_twenty_three _____________________

self = <say_test.SayTest testMethod=test_one_hundred_twenty_three>

    def test_one_hundred_twenty_three(self):
>       self.assertEqual(say(123), "one hundred twenty-three")

exercises/practice/say/say_test.py:38: 
_ _ _ _ _ _ _ _ _ _ _ _ _ _ _ _ _ _ _ _ _ _ _ _ _ _ _ _ _ _ _ _ _ _ _ _ _ _ _ _ 
exercises/practice/say/say.py:42: in say
    result = say_chunk(chunk) + " " + scale[i] + " " + result
_ _ _ _ _ _ _ _ _ _ _ _ _ _ _ _ _ _ _ _ _ _ _ _ _ _ _ _ _ _ _ _ _ _ _ _ _ _ _ _ 

chunk = 123

    def say_chunk(chunk):
        if chunk == 0:
            return ""
        elif chunk < 10:
            return ones[chunk - 1]
        elif chunk < 20:
            return teens[chunk - 11]
        else:
>           result = tens[chunk // 10 - 1]
E           IndexError: list index out of range

exercises/practice/say/say.py:26: IndexError
________ SayTest.test_one_million_two_thousand_three_hundred_forty_five ________

self = <say_test.SayTest testMethod=test_one_million_two_thousand_three_hundred_forty_five>

    def test_one_million_two_thousand_three_hundred_forty_five(self):
        self.assertEqual(
>           say(1002345), "one million two thousand three hundred forty-five"
        )

exercises/practice/say/say_test.py:57: 
_ _ _ _ _ _ _ _ _ _ _ _ _ _ _ _ _ _ _ _ _ _ _ _ _ _ _ _ _ _ _ _ _ _ _ _ _ _ _ _ 
exercises/practice/say/say.py:42: in say
    result = say_chunk(chunk) + " " + scale[i] + " " + result
_ _ _ _ _ _ _ _ _ _ _ _ _ _ _ _ _ _ _ _ _ _ _ _ _ _ _ _ _ _ _ _ _ _ _ _ _ _ _ _ 

chunk = 345

    def say_chunk(chunk):
        if chunk == 0:
            return ""
        elif chunk < 10:
            return ones[chunk - 1]
        elif chunk < 20:
            return teens[chunk - 11]
        else:
>           result = tens[chunk // 10 - 1]
E           IndexError: list index out of range

exercises/practice/say/say.py:26: IndexError
______________ SayTest.test_one_thousand_two_hundred_thirty_four _______________

self = <say_test.SayTest testMethod=test_one_thousand_two_hundred_thirty_four>

    def test_one_thousand_two_hundred_thirty_four(self):
>       self.assertEqual(say(1234), "one thousand two hundred thirty-four")

exercises/practice/say/say_test.py:50: 
_ _ _ _ _ _ _ _ _ _ _ _ _ _ _ _ _ _ _ _ _ _ _ _ _ _ _ _ _ _ _ _ _ _ _ _ _ _ _ _ 
exercises/practice/say/say.py:42: in say
    result = say_chunk(chunk) + " " + scale[i] + " " + result
_ _ _ _ _ _ _ _ _ _ _ _ _ _ _ _ _ _ _ _ _ _ _ _ _ _ _ _ _ _ _ _ _ _ _ _ _ _ _ _ 

chunk = 234

    def say_chunk(chunk):
        if chunk == 0:
            return ""
        elif chunk < 10:
            return ones[chunk - 1]
        elif chunk < 20:
            return teens[chunk - 11]
        else:
>           result = tens[chunk // 10 - 1]
E           IndexError: list index out of range

exercises/practice/say/say.py:26: IndexError
___________________________ SayTest.test_two_hundred ___________________________

self = <say_test.SayTest testMethod=test_two_hundred>

    def test_two_hundred(self):
>       self.assertEqual(say(200), "two hundred")

exercises/practice/say/say_test.py:41: 
_ _ _ _ _ _ _ _ _ _ _ _ _ _ _ _ _ _ _ _ _ _ _ _ _ _ _ _ _ _ _ _ _ _ _ _ _ _ _ _ 
exercises/practice/say/say.py:42: in say
    result = say_chunk(chunk) + " " + scale[i] + " " + result
_ _ _ _ _ _ _ _ _ _ _ _ _ _ _ _ _ _ _ _ _ _ _ _ _ _ _ _ _ _ _ _ _ _ _ _ _ _ _ _ 

chunk = 200

    def say_chunk(chunk):
        if chunk == 0:
            return ""
        elif chunk < 10:
            return ones[chunk - 1]
        elif chunk < 20:
            return teens[chunk - 11]
        else:
>           result = tens[chunk // 10 - 1]
E           IndexError: list index out of range

exercises/practice/say/say.py:26: IndexError
=========================== short test summary info ============================
FAILED exercises/practice/say/say_test.py::SayTest::test_a_big_number - Index...
FAILED exercises/practice/say/say_test.py::SayTest::test_nine_hundred_ninety_nine
FAILED exercises/practice/say/say_test.py::SayTest::test_one_hundred - IndexE...
FAILED exercises/practice/say/say_test.py::SayTest::test_one_hundred_seventy
FAILED exercises/practice/say/say_test.py::SayTest::test_one_hundred_twenty_three
FAILED exercises/practice/say/say_test.py::SayTest::test_one_million_two_thousand_three_hundred_forty_five
FAILED exercises/practice/say/say_test.py::SayTest::test_one_thousand_two_hundred_thirty_four
FAILED exercises/practice/say/say_test.py::SayTest::test_two_hundred - IndexE...
========================= 8 failed, 12 passed in 0.09s =========================
