============================= test session starts ==============================
platform linux -- Python 3.10.12, pytest-7.4.0, pluggy-1.2.0
rootdir: /home/jake/Development/exercism-python
configfile: pytest.ini
plugins: mock-3.11.1, reportlog-0.4.0, repeat-0.9.1
collected 20 items

exercises/practice/say/say_test.py FFFFFFFFFFFFFFFFFF..                  [100%]

=================================== FAILURES ===================================
__________________________ SayTest.test_a_big_number ___________________________

self = <say_test.SayTest testMethod=test_a_big_number>

    def test_a_big_number(self):
>       self.assertEqual(
            say(987654321123),
            "nine hundred eighty-seven billion six hundred fifty-four million three hundred twenty-one thousand one hundred twenty-three",
        )
E       AssertionError: '987654321123' != 'nine hundred eighty-seven billion six hun[78 chars]hree'
E       - 987654321123
E       + nine hundred eighty-seven billion six hundred fifty-four million three hundred twenty-one thousand one hundred twenty-three

exercises/practice/say/say_test.py:64: AssertionError
____________________________ SayTest.test_fourteen _____________________________

self = <say_test.SayTest testMethod=test_fourteen>

    def test_fourteen(self):
>       self.assertEqual(say(14), "fourteen")
E       AssertionError: '14' != 'fourteen'
E       - 14
E       + fourteen

exercises/practice/say/say_test.py:20: AssertionError
____________________ SayTest.test_nine_hundred_ninety_nine _____________________

self = <say_test.SayTest testMethod=test_nine_hundred_ninety_nine>

    def test_nine_hundred_ninety_nine(self):
>       self.assertEqual(say(999), "nine hundred ninety-nine")
E       AssertionError: '999' != 'nine hundred ninety-nine'
E       - 999
E       + nine hundred ninety-nine

exercises/practice/say/say_test.py:44: AssertionError
___________________________ SayTest.test_ninety_nine ___________________________

self = <say_test.SayTest testMethod=test_ninety_nine>

    def test_ninety_nine(self):
>       self.assertEqual(say(99), "ninety-nine")
E       AssertionError: '99' != 'ninety-nine'
E       - 99
E       + ninety-nine

exercises/practice/say/say_test.py:32: AssertionError
_________ SayTest.test_numbers_above_999_999_999_999_are_out_of_range __________

self = <say_test.SayTest testMethod=test_numbers_above_999_999_999_999_are_out_of_range>

    def test_numbers_above_999_999_999_999_are_out_of_range(self):
>       with self.assertRaises(ValueError) as err:
E       AssertionError: ValueError not raised

exercises/practice/say/say_test.py:77: AssertionError
_______________ SayTest.test_numbers_below_zero_are_out_of_range _______________

self = <say_test.SayTest testMethod=test_numbers_below_zero_are_out_of_range>

    def test_numbers_below_zero_are_out_of_range(self):
>       with self.assertRaises(ValueError) as err:
E       AssertionError: ValueError not raised

exercises/practice/say/say_test.py:70: AssertionError
_______________________________ SayTest.test_one _______________________________

self = <say_test.SayTest testMethod=test_one>

    def test_one(self):
>       self.assertEqual(say(1), "one")
E       AssertionError: '1' != 'one'
E       - 1
E       + one

exercises/practice/say/say_test.py:17: AssertionError
___________________________ SayTest.test_one_billion ___________________________

self = <say_test.SayTest testMethod=test_one_billion>

    def test_one_billion(self):
>       self.assertEqual(say(1000000000), "one billion")
E       AssertionError: '1000000000' != 'one billion'
E       - 1000000000
E       + one billion

exercises/practice/say/say_test.py:61: AssertionError
___________________________ SayTest.test_one_hundred ___________________________

self = <say_test.SayTest testMethod=test_one_hundred>

    def test_one_hundred(self):
>       self.assertEqual(say(100), "one hundred")
E       AssertionError: '100' != 'one hundred'
E       - 100
E       + one hundred

exercises/practice/say/say_test.py:35: AssertionError
_______________________ SayTest.test_one_hundred_seventy _______________________

self = <say_test.SayTest testMethod=test_one_hundred_seventy>

    def test_one_hundred_seventy(self):
>       self.assertEqual(say(170), "one hundred seventy")
E       AssertionError: '170' != 'one hundred seventy'
E       - 170
E       + one hundred seventy

exercises/practice/say/say_test.py:85: AssertionError
____________________ SayTest.test_one_hundred_twenty_three _____________________

self = <say_test.SayTest testMethod=test_one_hundred_twenty_three>

    def test_one_hundred_twenty_three(self):
>       self.assertEqual(say(123), "one hundred twenty-three")
E       AssertionError: '123' != 'one hundred twenty-three'
E       - 123
E       + one hundred twenty-three

exercises/practice/say/say_test.py:38: AssertionError
___________________________ SayTest.test_one_million ___________________________

self = <say_test.SayTest testMethod=test_one_million>

    def test_one_million(self):
>       self.assertEqual(say(1000000), "one million")
E       AssertionError: '1000000' != 'one million'
E       - 1000000
E       + one million

exercises/practice/say/say_test.py:53: AssertionError
________ SayTest.test_one_million_two_thousand_three_hundred_forty_five ________

self = <say_test.SayTest testMethod=test_one_million_two_thousand_three_hundred_forty_five>

    def test_one_million_two_thousand_three_hundred_forty_five(self):
>       self.assertEqual(
            say(1002345), "one million two thousand three hundred forty-five"
        )
E       AssertionError: '1002345' != 'one million two thousand three hundred forty-five'
E       - 1002345
E       + one million two thousand three hundred forty-five

exercises/practice/say/say_test.py:56: AssertionError
__________________________ SayTest.test_one_thousand ___________________________

self = <say_test.SayTest testMethod=test_one_thousand>

    def test_one_thousand(self):
>       self.assertEqual(say(1000), "one thousand")
E       AssertionError: '1000' != 'one thousand'
E       - 1000
E       + one thousand

exercises/practice/say/say_test.py:47: AssertionError
______________ SayTest.test_one_thousand_two_hundred_thirty_four _______________

self = <say_test.SayTest testMethod=test_one_thousand_two_hundred_thirty_four>

    def test_one_thousand_two_hundred_thirty_four(self):
>       self.assertEqual(say(1234), "one thousand two hundred thirty-four")
E       AssertionError: '1234' != 'one thousand two hundred thirty-four'
E       - 1234
E       + one thousand two hundred thirty-four

exercises/practice/say/say_test.py:50: AssertionError
_____________________________ SayTest.test_thirty ______________________________

self = <say_test.SayTest testMethod=test_thirty>

    def test_thirty(self):
>       self.assertEqual(say(30), "thirty")
E       AssertionError: '30' != 'thirty'
E       - 30
E       + thirty

exercises/practice/say/say_test.py:29: AssertionError
_____________________________ SayTest.test_twenty ______________________________

self = <say_test.SayTest testMethod=test_twenty>

    def test_twenty(self):
>       self.assertEqual(say(20), "twenty")
E       AssertionError: '20' != 'twenty'
E       - 20
E       + twenty

exercises/practice/say/say_test.py:23: AssertionError
___________________________ SayTest.test_twenty_two ____________________________

self = <say_test.SayTest testMethod=test_twenty_two>

    def test_twenty_two(self):
>       self.assertEqual(say(22), "twenty-two")
E       AssertionError: '22' != 'twenty-two'
E       - 22
E       + twenty-two

exercises/practice/say/say_test.py:26: AssertionError
=========================== short test summary info ============================
FAILED exercises/practice/say/say_test.py::SayTest::test_a_big_number - Asser...
FAILED exercises/practice/say/say_test.py::SayTest::test_fourteen - Assertion...
FAILED exercises/practice/say/say_test.py::SayTest::test_nine_hundred_ninety_nine
FAILED exercises/practice/say/say_test.py::SayTest::test_ninety_nine - Assert...
FAILED exercises/practice/say/say_test.py::SayTest::test_numbers_above_999_999_999_999_are_out_of_range
FAILED exercises/practice/say/say_test.py::SayTest::test_numbers_below_zero_are_out_of_range
FAILED exercises/practice/say/say_test.py::SayTest::test_one - AssertionError...
FAILED exercises/practice/say/say_test.py::SayTest::test_one_billion - Assert...
FAILED exercises/practice/say/say_test.py::SayTest::test_one_hundred - Assert...
FAILED exercises/practice/say/say_test.py::SayTest::test_one_hundred_seventy
FAILED exercises/practice/say/say_test.py::SayTest::test_one_hundred_twenty_three
FAILED exercises/practice/say/say_test.py::SayTest::test_one_million - Assert...
FAILED exercises/practice/say/say_test.py::SayTest::test_one_million_two_thousand_three_hundred_forty_five
FAILED exercises/practice/say/say_test.py::SayTest::test_one_thousand - Asser...
FAILED exercises/practice/say/say_test.py::SayTest::test_one_thousand_two_hundred_thirty_four
FAILED exercises/practice/say/say_test.py::SayTest::test_thirty - AssertionEr...
FAILED exercises/practice/say/say_test.py::SayTest::test_twenty - AssertionEr...
FAILED exercises/practice/say/say_test.py::SayTest::test_twenty_two - Asserti...
========================= 18 failed, 2 passed in 0.09s =========================
