============================= test session starts ==============================
platform linux -- Python 3.10.12, pytest-7.4.0, pluggy-1.2.0
rootdir: /home/jake/Development/exercism-python
configfile: pytest.ini
plugins: mock-3.11.1, reportlog-0.4.0, repeat-0.9.1
collected 7 items

exercises/practice/pythagorean-triplet/pythagorean_triplet_test.py ...

!!!!!!!!!!!!!!!!!!!!!!!!!!!!!! KeyboardInterrupt !!!!!!!!!!!!!!!!!!!!!!!!!!!!!!!
/home/jake/Development/exercism-python/exercises/practice/pythagorean-triplet/pythagorean_triplet.py:6: KeyboardInterrupt
(to show a full traceback on KeyboardInterrupt use --full-trace)
======================== 3 passed in 118.40s (0:01:58) =========================
