============================= test session starts ==============================
platform linux -- Python 3.10.12, pytest-7.4.0, pluggy-1.3.0
rootdir: /home/jake/Development/mentat/tests/benchmarks/repos/exercism-python
configfile: pytest.ini
plugins: mock-3.11.1, reportlog-0.4.0, asyncio-0.21.1, xdist-3.3.1
asyncio: mode=strict
collected 14 items

exercises/practice/circular-buffer/circular_buffer_test.py ............. [ 92%]
.                                                                        [100%]

============================== 14 passed in 0.03s ==============================
