============================= test session starts ==============================
platform linux -- Python 3.10.12, pytest-7.4.0, pluggy-1.2.0
rootdir: /home/jake/Development/exercism-python
configfile: pytest.ini
plugins: mock-3.11.1, reportlog-0.4.0, repeat-0.9.1, asyncio-0.21.1
asyncio: mode=strict
collected 14 items

exercises/practice/circular-buffer/circular_buffer_test.py .........F... [ 92%]
.                                                                        [100%]

=================================== FAILURES ===================================
_____ CircularBufferTest.test_overwrite_acts_like_write_on_non_full_buffer _____

self = <circular_buffer_test.CircularBufferTest testMethod=test_overwrite_acts_like_write_on_non_full_buffer>

    def test_overwrite_acts_like_write_on_non_full_buffer(self):
        buf = CircularBuffer(2)
        buf.write("1")
        buf.overwrite("2")
>       self.assertEqual(buf.read(), "1")
E       AssertionError: '2' != '1'
E       - 2
E       + 1

exercises/practice/circular-buffer/circular_buffer_test.py:97: AssertionError
=========================== short test summary info ============================
FAILED exercises/practice/circular-buffer/circular_buffer_test.py::CircularBufferTest::test_overwrite_acts_like_write_on_non_full_buffer
========================= 1 failed, 13 passed in 0.04s =========================
