============================= test session starts ==============================
platform linux -- Python 3.10.12, pytest-7.4.0, pluggy-1.3.0
rootdir: /home/jake/Development/mentat/tests/benchmarks/repos/exercism-python
configfile: pytest.ini
plugins: mock-3.11.1, reportlog-0.4.0, asyncio-0.21.1, xdist-3.3.1
asyncio: mode=strict
collected 25 items

exercises/practice/wordy/wordy_test.py ...............F.F.......         [100%]

=================================== FAILURES ===================================
_______________________ WordyTest.test_non_math_question _______________________

self = <wordy_test.WordyTest testMethod=test_non_math_question>

    def test_non_math_question(self):
        with self.assertRaises(ValueError) as err:
            answer("Who is the President of the United States?")
        self.assertEqual(type(err.exception), ValueError)
>       self.assertEqual(err.exception.args[0], "unknown operation")
E       AssertionError: 'syntax error' != 'unknown operation'
E       - syntax error
E       + unknown operation

exercises/practice/wordy/wordy_test.py:68: AssertionError
____________________ WordyTest.test_reject_prefix_notation _____________________

self = <wordy_test.WordyTest testMethod=test_reject_prefix_notation>

    def test_reject_prefix_notation(self):
>       with self.assertRaises(ValueError) as err:
E       AssertionError: ValueError not raised

exercises/practice/wordy/wordy_test.py:101: AssertionError
=========================== short test summary info ============================
FAILED exercises/practice/wordy/wordy_test.py::WordyTest::test_non_math_question
FAILED exercises/practice/wordy/wordy_test.py::WordyTest::test_reject_prefix_notation
========================= 2 failed, 23 passed in 0.07s =========================
