============================= test session starts ==============================
platform linux -- Python 3.10.12, pytest-7.4.0, pluggy-1.2.0
rootdir: /home/jake/Development/exercism-python
configfile: pytest.ini
plugins: mock-3.11.1, reportlog-0.4.0, repeat-0.9.1, asyncio-0.21.1
asyncio: mode=strict
collected 0 items / 1 error

==================================== ERRORS ====================================
__________ ERROR collecting exercises/practice/matrix/matrix_test.py ___________
../mentat/.venv/lib/python3.10/site-packages/_pytest/runner.py:341: in from_call
    result: Optional[TResult] = func()
../mentat/.venv/lib/python3.10/site-packages/_pytest/runner.py:372: in <lambda>
    call = CallInfo.from_call(lambda: list(collector.collect()), "collect")
../mentat/.venv/lib/python3.10/site-packages/_pytest/python.py:531: in collect
    self._inject_setup_module_fixture()
../mentat/.venv/lib/python3.10/site-packages/_pytest/python.py:545: in _inject_setup_module_fixture
    self.obj, ("setUpModule", "setup_module")
../mentat/.venv/lib/python3.10/site-packages/_pytest/python.py:310: in obj
    self._obj = obj = self._getobj()
../mentat/.venv/lib/python3.10/site-packages/_pytest/python.py:528: in _getobj
    return self._importtestmodule()
../mentat/.venv/lib/python3.10/site-packages/_pytest/python.py:617: in _importtestmodule
    mod = import_path(self.path, mode=importmode, root=self.config.rootpath)
../mentat/.venv/lib/python3.10/site-packages/_pytest/pathlib.py:565: in import_path
    importlib.import_module(module_name)
/usr/lib/python3.10/importlib/__init__.py:126: in import_module
    return _bootstrap._gcd_import(name[level:], package, level)
<frozen importlib._bootstrap>:1050: in _gcd_import
    ???
<frozen importlib._bootstrap>:1027: in _find_and_load
    ???
<frozen importlib._bootstrap>:1006: in _find_and_load_unlocked
    ???
<frozen importlib._bootstrap>:688: in _load_unlocked
    ???
../mentat/.venv/lib/python3.10/site-packages/_pytest/assertion/rewrite.py:178: in exec_module
    exec(co, module.__dict__)
exercises/practice/matrix/matrix_test.py:7: in <module>
    from matrix import (
exercises/practice/matrix/matrix.py:1: in <module>
    class Matrix:
exercises/practice/matrix/matrix.py:2: in Matrix
    rows = matrix_string.split("\n")
E   NameError: name 'matrix_string' is not defined
=========================== short test summary info ============================
ERROR exercises/practice/matrix/matrix_test.py - NameError: name 'matrix_stri...
!!!!!!!!!!!!!!!!!!!! Interrupted: 1 error during collection !!!!!!!!!!!!!!!!!!!!
=============================== 1 error in 0.17s ===============================
