============================= test session starts ==============================
platform linux -- Python 3.10.12, pytest-7.4.0, pluggy-1.3.0
rootdir: /home/jake/Development/mentat/tests/benchmarks/repos/exercism-python
configfile: pytest.ini
plugins: mock-3.11.1, reportlog-0.4.0, asyncio-0.21.1, xdist-3.3.1
asyncio: mode=strict
collected 17 items

exercises/practice/ocr-numbers/ocr_numbers_test.py F..FFFFFFFFFFFFF.     [100%]

=================================== FAILURES ===================================
______ OcrNumbersTest.test_garbled_numbers_in_a_string_are_replaced_with _______

self = <ocr_numbers_test.OcrNumbersTest testMethod=test_garbled_numbers_in_a_string_are_replaced_with>

    def test_garbled_numbers_in_a_string_are_replaced_with(self):
>       self.assertEqual(
            convert(
                [
                    "       _     _           _ ",
                    "  |  || |  || |     || || |",
                    "  |  | _|  ||_|  |  ||_||_|",
                    "                           ",
                ]
            ),
            "11?10?1?0",
        )
E       AssertionError: '?????????' != '11?10?1?0'
E       - ?????????
E       + 11?10?1?0

exercises/practice/ocr-numbers/ocr_numbers_test.py:56: AssertionError
_ OcrNumbersTest.test_numbers_separated_by_empty_lines_are_recognized_lines_are_joined_by_commas _

self = <ocr_numbers_test.OcrNumbersTest testMethod=test_numbers_separated_by_empty_lines_are_recognized_lines_are_joined_by_commas>

    def test_numbers_separated_by_empty_lines_are_recognized_lines_are_joined_by_commas(
        self,
    ):
>       self.assertEqual(
            convert(
                [
                    "    _  _ ",
                    "  | _| _|",
                    "  ||_  _|",
                    "         ",
                    "    _  _ ",
                    "|_||_ |_ ",
                    "  | _||_|",
                    "         ",
                    " _  _  _ ",
                    "  ||_||_|",
                    "  ||_| _|",
                    "         ",
                ]
            ),
            "123,456,789",
        )
E       AssertionError: '???,???,???' != '123,456,789'
E       - ???,???,???
E       + 123,456,789

exercises/practice/ocr-numbers/ocr_numbers_test.py:108: AssertionError
_______________________ OcrNumbersTest.test_recognizes_0 _______________________

self = <ocr_numbers_test.OcrNumbersTest testMethod=test_recognizes_0>

    def test_recognizes_0(self):
>       self.assertEqual(convert([" _ ", "| |", "|_|", "   "]), "0")
E       AssertionError: '?' != '0'
E       - ?
E       + 0

exercises/practice/ocr-numbers/ocr_numbers_test.py:14: AssertionError
_______________________ OcrNumbersTest.test_recognizes_1 _______________________

self = <ocr_numbers_test.OcrNumbersTest testMethod=test_recognizes_1>

    def test_recognizes_1(self):
>       self.assertEqual(convert(["   ", "  |", "  |", "   "]), "1")
E       AssertionError: '?' != '1'
E       - ?
E       + 1

exercises/practice/ocr-numbers/ocr_numbers_test.py:17: AssertionError
___________________ OcrNumbersTest.test_recognizes_110101100 ___________________

self = <ocr_numbers_test.OcrNumbersTest testMethod=test_recognizes_110101100>

    def test_recognizes_110101100(self):
>       self.assertEqual(
            convert(
                [
                    "       _     _        _  _ ",
                    "  |  || |  || |  |  || || |",
                    "  |  ||_|  ||_|  |  ||_||_|",
                    "                           ",
                ]
            ),
            "110101100",
        )
E       AssertionError: '?????????' != '110101100'
E       - ?????????
E       + 110101100

exercises/practice/ocr-numbers/ocr_numbers_test.py:43: AssertionError
_______________________ OcrNumbersTest.test_recognizes_2 _______________________

self = <ocr_numbers_test.OcrNumbersTest testMethod=test_recognizes_2>

    def test_recognizes_2(self):
>       self.assertEqual(convert([" _ ", " _|", "|_ ", "   "]), "2")
E       AssertionError: '?' != '2'
E       - ?
E       + 2

exercises/practice/ocr-numbers/ocr_numbers_test.py:69: AssertionError
_______________________ OcrNumbersTest.test_recognizes_3 _______________________

self = <ocr_numbers_test.OcrNumbersTest testMethod=test_recognizes_3>

    def test_recognizes_3(self):
>       self.assertEqual(convert([" _ ", " _|", " _|", "   "]), "3")
E       AssertionError: '?' != '3'
E       - ?
E       + 3

exercises/practice/ocr-numbers/ocr_numbers_test.py:72: AssertionError
_______________________ OcrNumbersTest.test_recognizes_4 _______________________

self = <ocr_numbers_test.OcrNumbersTest testMethod=test_recognizes_4>

    def test_recognizes_4(self):
>       self.assertEqual(convert(["   ", "|_|", "  |", "   "]), "4")
E       AssertionError: '?' != '4'
E       - ?
E       + 4

exercises/practice/ocr-numbers/ocr_numbers_test.py:75: AssertionError
_______________________ OcrNumbersTest.test_recognizes_5 _______________________

self = <ocr_numbers_test.OcrNumbersTest testMethod=test_recognizes_5>

    def test_recognizes_5(self):
>       self.assertEqual(convert([" _ ", "|_ ", " _|", "   "]), "5")
E       AssertionError: '?' != '5'
E       - ?
E       + 5

exercises/practice/ocr-numbers/ocr_numbers_test.py:78: AssertionError
_______________________ OcrNumbersTest.test_recognizes_6 _______________________

self = <ocr_numbers_test.OcrNumbersTest testMethod=test_recognizes_6>

    def test_recognizes_6(self):
>       self.assertEqual(convert([" _ ", "|_ ", "|_|", "   "]), "6")
E       AssertionError: '?' != '6'
E       - ?
E       + 6

exercises/practice/ocr-numbers/ocr_numbers_test.py:81: AssertionError
_______________________ OcrNumbersTest.test_recognizes_7 _______________________

self = <ocr_numbers_test.OcrNumbersTest testMethod=test_recognizes_7>

    def test_recognizes_7(self):
>       self.assertEqual(convert([" _ ", "  |", "  |", "   "]), "7")
E       AssertionError: '?' != '7'
E       - ?
E       + 7

exercises/practice/ocr-numbers/ocr_numbers_test.py:84: AssertionError
_______________________ OcrNumbersTest.test_recognizes_8 _______________________

self = <ocr_numbers_test.OcrNumbersTest testMethod=test_recognizes_8>

    def test_recognizes_8(self):
>       self.assertEqual(convert([" _ ", "|_|", "|_|", "   "]), "8")
E       AssertionError: '?' != '8'
E       - ?
E       + 8

exercises/practice/ocr-numbers/ocr_numbers_test.py:87: AssertionError
_______________________ OcrNumbersTest.test_recognizes_9 _______________________

self = <ocr_numbers_test.OcrNumbersTest testMethod=test_recognizes_9>

    def test_recognizes_9(self):
>       self.assertEqual(convert([" _ ", "|_|", " _|", "   "]), "9")
E       AssertionError: '?' != '9'
E       - ?
E       + 9

exercises/practice/ocr-numbers/ocr_numbers_test.py:90: AssertionError
___________ OcrNumbersTest.test_recognizes_string_of_decimal_numbers ___________

self = <ocr_numbers_test.OcrNumbersTest testMethod=test_recognizes_string_of_decimal_numbers>

    def test_recognizes_string_of_decimal_numbers(self):
>       self.assertEqual(
            convert(
                [
                    "    _  _     _  _  _  _  _  _ ",
                    "  | _| _||_||_ |_   ||_||_|| |",
                    "  ||_  _|  | _||_|  ||_| _||_|",
                    "                              ",
                ]
            ),
            "1234567890",
        )
E       AssertionError: '??????????' != '1234567890'
E       - ??????????
E       + 1234567890

exercises/practice/ocr-numbers/ocr_numbers_test.py:93: AssertionError
=========================== short test summary info ============================
FAILED exercises/practice/ocr-numbers/ocr_numbers_test.py::OcrNumbersTest::test_garbled_numbers_in_a_string_are_replaced_with
FAILED exercises/practice/ocr-numbers/ocr_numbers_test.py::OcrNumbersTest::test_numbers_separated_by_empty_lines_are_recognized_lines_are_joined_by_commas
FAILED exercises/practice/ocr-numbers/ocr_numbers_test.py::OcrNumbersTest::test_recognizes_0
FAILED exercises/practice/ocr-numbers/ocr_numbers_test.py::OcrNumbersTest::test_recognizes_1
FAILED exercises/practice/ocr-numbers/ocr_numbers_test.py::OcrNumbersTest::test_recognizes_110101100
FAILED exercises/practice/ocr-numbers/ocr_numbers_test.py::OcrNumbersTest::test_recognizes_2
FAILED exercises/practice/ocr-numbers/ocr_numbers_test.py::OcrNumbersTest::test_recognizes_3
FAILED exercises/practice/ocr-numbers/ocr_numbers_test.py::OcrNumbersTest::test_recognizes_4
FAILED exercises/practice/ocr-numbers/ocr_numbers_test.py::OcrNumbersTest::test_recognizes_5
FAILED exercises/practice/ocr-numbers/ocr_numbers_test.py::OcrNumbersTest::test_recognizes_6
FAILED exercises/practice/ocr-numbers/ocr_numbers_test.py::OcrNumbersTest::test_recognizes_7
FAILED exercises/practice/ocr-numbers/ocr_numbers_test.py::OcrNumbersTest::test_recognizes_8
FAILED exercises/practice/ocr-numbers/ocr_numbers_test.py::OcrNumbersTest::test_recognizes_9
FAILED exercises/practice/ocr-numbers/ocr_numbers_test.py::OcrNumbersTest::test_recognizes_string_of_decimal_numbers
========================= 14 failed, 3 passed in 0.08s =========================
