============================= test session starts ==============================
platform linux -- Python 3.10.12, pytest-7.4.0, pluggy-1.2.0
rootdir: /home/jake/Development/exercism-python
configfile: pytest.ini
plugins: mock-3.11.1, reportlog-0.4.0, repeat-0.9.1
collected 2 items

exercises/practice/zebra-puzzle/zebra_puzzle_test.py FF                  [100%]

=================================== FAILURES ===================================
________________ ZebraPuzzleTest.test_resident_who_drinks_water ________________

self = <zebra_puzzle_test.ZebraPuzzleTest testMethod=test_resident_who_drinks_water>

    def test_resident_who_drinks_water(self):
>       self.assertEqual(drinks_water(), "Norwegian")

exercises/practice/zebra-puzzle/zebra_puzzle_test.py:15: 
_ _ _ _ _ _ _ _ _ _ _ _ _ _ _ _ _ _ _ _ _ _ _ _ _ _ _ _ _ _ _ _ _ _ _ _ _ _ _ _ 

    def drinks_water():
        # Implement logic to determine which resident drinks water
        for house in range(1, 6):
            if house == 1:
                if "water" in residents[house]:
                    return residents[house]["nationality"]
            elif house == 2:
                if residents[house - 1]["color"] == "green":
                    if "water" in residents[house]:
                        return residents[house]["nationality"]
            elif house == 3:
                if residents[house - 1]["drink"] == "milk":
                    if "water" in residents[house]:
                        return residents[house]["nationality"]
            elif house == 4:
                if residents[house - 1]["nationality"] == "Norwegian":
                    if "water" in residents[house]:
                        return residents[house]["nationality"]
            elif house == 5:
>               if "water" in residents[house]:
E               IndexError: list index out of range

exercises/practice/zebra-puzzle/zebra_puzzle.py:27: IndexError
_________________ ZebraPuzzleTest.test_resident_who_owns_zebra _________________

self = <zebra_puzzle_test.ZebraPuzzleTest testMethod=test_resident_who_owns_zebra>

    def test_resident_who_owns_zebra(self):
>       self.assertEqual(owns_zebra(), "Japanese")

exercises/practice/zebra-puzzle/zebra_puzzle_test.py:18: 
_ _ _ _ _ _ _ _ _ _ _ _ _ _ _ _ _ _ _ _ _ _ _ _ _ _ _ _ _ _ _ _ _ _ _ _ _ _ _ _ 

    def owns_zebra():
        # Implement logic to determine who owns the zebra
        for house in range(1, 6):
>           if "zebra" in residents[house]:
E           IndexError: list index out of range

exercises/practice/zebra-puzzle/zebra_puzzle.py:33: IndexError
=========================== short test summary info ============================
FAILED exercises/practice/zebra-puzzle/zebra_puzzle_test.py::ZebraPuzzleTest::test_resident_who_drinks_water
FAILED exercises/practice/zebra-puzzle/zebra_puzzle_test.py::ZebraPuzzleTest::test_resident_who_owns_zebra
============================== 2 failed in 0.05s ===============================
