============================= test session starts ==============================
platform linux -- Python 3.10.12, pytest-7.4.0, pluggy-1.2.0
rootdir: /home/jake/Development/exercism-python
configfile: pytest.ini
plugins: mock-3.11.1, reportlog-0.4.0, repeat-0.9.1
collected 20 items

exercises/practice/grade-school/grade_school_test.py FFFFF..FFF.FFFFFF.F [ 95%]
F                                                                        [100%]

=================================== FAILURES ===================================
______________________ GradeSchoolTest.test_add_a_student ______________________

self = <grade_school_test.GradeSchoolTest testMethod=test_add_a_student>

    def test_add_a_student(self):
        school = School()
        school.add_student(name="Aimee", grade=2)
        expected = [True]
>       self.assertEqual(school.added(), expected)
E       AssertionError: False != [True]

exercises/practice/grade-school/grade_school_test.py:23: AssertionError
_ GradeSchoolTest.test_adding_multiple_students_in_the_same_grade_in_the_roster _

self = <grade_school_test.GradeSchoolTest testMethod=test_adding_multiple_students_in_the_same_grade_in_the_roster>

    def test_adding_multiple_students_in_the_same_grade_in_the_roster(self):
        school = School()
        school.add_student(name="Blair", grade=2)
        school.add_student(name="James", grade=2)
        school.add_student(name="Paul", grade=2)
        expected = [True, True, True]
>       self.assertEqual(school.added(), expected)
E       AssertionError: False != [True, True, True]

exercises/practice/grade-school/grade_school_test.py:38: AssertionError
___________ GradeSchoolTest.test_adding_students_in_multiple_grades ____________

self = <grade_school_test.GradeSchoolTest testMethod=test_adding_students_in_multiple_grades>

    def test_adding_students_in_multiple_grades(self):
        school = School()
        school.add_student(name="Chelsea", grade=3)
        school.add_student(name="Logan", grade=7)
        expected = [True, True]
>       self.assertEqual(school.added(), expected)
E       AssertionError: False != [True, True]

exercises/practice/grade-school/grade_school_test.py:73: AssertionError
_ GradeSchoolTest.test_cannot_add_same_student_to_multiple_grades_in_the_roster _

self = <grade_school_test.GradeSchoolTest testMethod=test_cannot_add_same_student_to_multiple_grades_in_the_roster>

    def test_cannot_add_same_student_to_multiple_grades_in_the_roster(self):
        school = School()
        school.add_student(name="Blair", grade=2)
        school.add_student(name="James", grade=2)
        school.add_student(name="James", grade=3)
        school.add_student(name="Paul", grade=3)
        expected = [True, True, False, True]
>       self.assertEqual(school.added(), expected)
E       AssertionError: False != [True, True, False, True]

exercises/practice/grade-school/grade_school_test.py:90: AssertionError
_ GradeSchoolTest.test_cannot_add_student_to_same_grade_in_the_roster_more_than_once _

self = <grade_school_test.GradeSchoolTest testMethod=test_cannot_add_student_to_same_grade_in_the_roster_more_than_once>

    def test_cannot_add_student_to_same_grade_in_the_roster_more_than_once(self):
        school = School()
        school.add_student(name="Blair", grade=2)
        school.add_student(name="James", grade=2)
>       school.add_student(name="James", grade=2)

exercises/practice/grade-school/grade_school_test.py:53: 
_ _ _ _ _ _ _ _ _ _ _ _ _ _ _ _ _ _ _ _ _ _ _ _ _ _ _ _ _ _ _ _ _ _ _ _ _ _ _ _ 

self = <grade_school.School object at 0x7f684171b910>, name = 'James', grade = 2

    def add_student(self, name, grade):
        if grade not in self.roster:
            self.roster[grade] = []
        if name in self.roster[grade]:
>           raise ValueError(f"{name} is already enrolled in grade {grade}.")
E           ValueError: James is already enrolled in grade 2.

exercises/practice/grade-school/grade_school.py:10: ValueError
_ GradeSchoolTest.test_multiple_students_in_the_same_grade_are_added_to_the_roster _

self = <grade_school_test.GradeSchoolTest testMethod=test_multiple_students_in_the_same_grade_are_added_to_the_roster>

    def test_multiple_students_in_the_same_grade_are_added_to_the_roster(self):
        school = School()
        school.add_student(name="Blair", grade=2)
        school.add_student(name="James", grade=2)
        school.add_student(name="Paul", grade=2)
        expected = ["Blair", "James", "Paul"]
    
>       self.assertEqual(school.roster(), expected)
E       TypeError: 'dict' object is not callable

exercises/practice/grade-school/grade_school_test.py:47: TypeError
________ GradeSchoolTest.test_roster_is_empty_when_no_student_is_added _________

self = <grade_school_test.GradeSchoolTest testMethod=test_roster_is_empty_when_no_student_is_added>

    def test_roster_is_empty_when_no_student_is_added(self):
        school = School()
        expected = []
    
>       self.assertEqual(school.roster(), expected)
E       TypeError: 'dict' object is not callable

exercises/practice/grade-school/grade_school_test.py:17: TypeError
_____________ GradeSchoolTest.test_student_is_added_to_the_roster ______________

self = <grade_school_test.GradeSchoolTest testMethod=test_student_is_added_to_the_roster>

    def test_student_is_added_to_the_roster(self):
        school = School()
        school.add_student(name="Aimee", grade=2)
        expected = ["Aimee"]
    
>       self.assertEqual(school.roster(), expected)
E       TypeError: 'dict' object is not callable

exercises/practice/grade-school/grade_school_test.py:30: TypeError
___ GradeSchoolTest.test_student_not_added_to_multiple_grades_in_the_roster ____

self = <grade_school_test.GradeSchoolTest testMethod=test_student_not_added_to_multiple_grades_in_the_roster>

    def test_student_not_added_to_multiple_grades_in_the_roster(self):
        school = School()
        school.add_student(name="Blair", grade=2)
        school.add_student(name="James", grade=2)
        school.add_student(name="James", grade=3)
        school.add_student(name="Paul", grade=3)
        expected = ["Blair", "James", "Paul"]
    
>       self.assertEqual(school.roster(), expected)
E       TypeError: 'dict' object is not callable

exercises/practice/grade-school/grade_school_test.py:100: TypeError
__ GradeSchoolTest.test_student_not_added_to_other_grade_for_multiple_grades ___

self = <grade_school_test.GradeSchoolTest testMethod=test_student_not_added_to_other_grade_for_multiple_grades>

    def test_student_not_added_to_other_grade_for_multiple_grades(self):
        school = School()
        school.add_student(name="Blair", grade=2)
        school.add_student(name="James", grade=2)
        school.add_student(name="James", grade=3)
        school.add_student(name="Paul", grade=3)
        expected = ["Paul"]
>       self.assertEqual(school.grade(3), expected)
E       AssertionError: Lists differ: ['James', 'Paul'] != ['Paul']
E       
E       First differing element 0:
E       'James'
E       'Paul'
E       
E       First list contains 1 additional elements.
E       First extra element 1:
E       'Paul'
E       
E       - ['James', 'Paul']
E       + ['Paul']

exercises/practice/grade-school/grade_school_test.py:172: AssertionError
_ GradeSchoolTest.test_student_not_added_to_same_grade_in_the_roster_more_than_once _

self = <grade_school_test.GradeSchoolTest testMethod=test_student_not_added_to_same_grade_in_the_roster_more_than_once>

    def test_student_not_added_to_same_grade_in_the_roster_more_than_once(self):
        school = School()
        school.add_student(name="Blair", grade=2)
        school.add_student(name="James", grade=2)
>       school.add_student(name="James", grade=2)

exercises/practice/grade-school/grade_school_test.py:62: 
_ _ _ _ _ _ _ _ _ _ _ _ _ _ _ _ _ _ _ _ _ _ _ _ _ _ _ _ _ _ _ _ _ _ _ _ _ _ _ _ 

self = <grade_school.School object at 0x7f684171b9d0>, name = 'James', grade = 2

    def add_student(self, name, grade):
        if grade not in self.roster:
            self.roster[grade] = []
        if name in self.roster[grade]:
>           raise ValueError(f"{name} is already enrolled in grade {grade}.")
E           ValueError: James is already enrolled in grade 2.

exercises/practice/grade-school/grade_school.py:10: ValueError
_____ GradeSchoolTest.test_student_not_added_to_same_grade_more_than_once ______

self = <grade_school_test.GradeSchoolTest testMethod=test_student_not_added_to_same_grade_more_than_once>

    def test_student_not_added_to_same_grade_more_than_once(self):
        school = School()
        school.add_student(name="Blair", grade=2)
        school.add_student(name="James", grade=2)
>       school.add_student(name="James", grade=2)

exercises/practice/grade-school/grade_school_test.py:151: 
_ _ _ _ _ _ _ _ _ _ _ _ _ _ _ _ _ _ _ _ _ _ _ _ _ _ _ _ _ _ _ _ _ _ _ _ _ _ _ _ 

self = <grade_school.School object at 0x7f6841581030>, name = 'James', grade = 2

    def add_student(self, name, grade):
        if grade not in self.roster:
            self.roster[grade] = []
        if name in self.roster[grade]:
>           raise ValueError(f"{name} is already enrolled in grade {grade}.")
E           ValueError: James is already enrolled in grade 2.

exercises/practice/grade-school/grade_school.py:10: ValueError
_ GradeSchoolTest.test_students_are_sorted_by_grades_and_then_by_name_in_the_roster _

self = <grade_school_test.GradeSchoolTest testMethod=test_students_are_sorted_by_grades_and_then_by_name_in_the_roster>

    def test_students_are_sorted_by_grades_and_then_by_name_in_the_roster(self):
        school = School()
        school.add_student(name="Peter", grade=2)
        school.add_student(name="Anna", grade=1)
        school.add_student(name="Barb", grade=1)
        school.add_student(name="Zoe", grade=2)
        school.add_student(name="Alex", grade=2)
        school.add_student(name="Jim", grade=3)
        school.add_student(name="Charlie", grade=1)
        expected = ["Anna", "Barb", "Charlie", "Alex", "Peter", "Zoe", "Jim"]
    
>       self.assertEqual(school.roster(), expected)
E       TypeError: 'dict' object is not callable

exercises/practice/grade-school/grade_school_test.py:131: TypeError
_______ GradeSchoolTest.test_students_are_sorted_by_grades_in_the_roster _______

self = <grade_school_test.GradeSchoolTest testMethod=test_students_are_sorted_by_grades_in_the_roster>

    def test_students_are_sorted_by_grades_in_the_roster(self):
        school = School()
        school.add_student(name="Jim", grade=3)
        school.add_student(name="Peter", grade=2)
        school.add_student(name="Anna", grade=1)
        expected = ["Anna", "Peter", "Jim"]
    
>       self.assertEqual(school.roster(), expected)
E       TypeError: 'dict' object is not callable

exercises/practice/grade-school/grade_school_test.py:109: TypeError
________ GradeSchoolTest.test_students_are_sorted_by_name_in_the_roster ________

self = <grade_school_test.GradeSchoolTest testMethod=test_students_are_sorted_by_name_in_the_roster>

    def test_students_are_sorted_by_name_in_the_roster(self):
        school = School()
        school.add_student(name="Peter", grade=2)
        school.add_student(name="Zoe", grade=2)
        school.add_student(name="Alex", grade=2)
        expected = ["Alex", "Peter", "Zoe"]
    
>       self.assertEqual(school.roster(), expected)
E       TypeError: 'dict' object is not callable

exercises/practice/grade-school/grade_school_test.py:118: TypeError
___ GradeSchoolTest.test_students_in_multiple_grades_are_added_to_the_roster ___

self = <grade_school_test.GradeSchoolTest testMethod=test_students_in_multiple_grades_are_added_to_the_roster>

    def test_students_in_multiple_grades_are_added_to_the_roster(self):
        school = School()
        school.add_student(name="Chelsea", grade=3)
        school.add_student(name="Logan", grade=7)
        expected = ["Chelsea", "Logan"]
    
>       self.assertEqual(school.roster(), expected)
E       TypeError: 'dict' object is not callable

exercises/practice/grade-school/grade_school_test.py:81: TypeError
=========================== short test summary info ============================
FAILED exercises/practice/grade-school/grade_school_test.py::GradeSchoolTest::test_add_a_student
FAILED exercises/practice/grade-school/grade_school_test.py::GradeSchoolTest::test_adding_multiple_students_in_the_same_grade_in_the_roster
FAILED exercises/practice/grade-school/grade_school_test.py::GradeSchoolTest::test_adding_students_in_multiple_grades
FAILED exercises/practice/grade-school/grade_school_test.py::GradeSchoolTest::test_cannot_add_same_student_to_multiple_grades_in_the_roster
FAILED exercises/practice/grade-school/grade_school_test.py::GradeSchoolTest::test_cannot_add_student_to_same_grade_in_the_roster_more_than_once
FAILED exercises/practice/grade-school/grade_school_test.py::GradeSchoolTest::test_multiple_students_in_the_same_grade_are_added_to_the_roster
FAILED exercises/practice/grade-school/grade_school_test.py::GradeSchoolTest::test_roster_is_empty_when_no_student_is_added
FAILED exercises/practice/grade-school/grade_school_test.py::GradeSchoolTest::test_student_is_added_to_the_roster
FAILED exercises/practice/grade-school/grade_school_test.py::GradeSchoolTest::test_student_not_added_to_multiple_grades_in_the_roster
FAILED exercises/practice/grade-school/grade_school_test.py::GradeSchoolTest::test_student_not_added_to_other_grade_for_multiple_grades
FAILED exercises/practice/grade-school/grade_school_test.py::GradeSchoolTest::test_student_not_added_to_same_grade_in_the_roster_more_than_once
FAILED exercises/practice/grade-school/grade_school_test.py::GradeSchoolTest::test_student_not_added_to_same_grade_more_than_once
FAILED exercises/practice/grade-school/grade_school_test.py::GradeSchoolTest::test_students_are_sorted_by_grades_and_then_by_name_in_the_roster
FAILED exercises/practice/grade-school/grade_school_test.py::GradeSchoolTest::test_students_are_sorted_by_grades_in_the_roster
FAILED exercises/practice/grade-school/grade_school_test.py::GradeSchoolTest::test_students_are_sorted_by_name_in_the_roster
FAILED exercises/practice/grade-school/grade_school_test.py::GradeSchoolTest::test_students_in_multiple_grades_are_added_to_the_roster
========================= 16 failed, 4 passed in 0.11s =========================
