============================= test session starts ==============================
platform linux -- Python 3.10.12, pytest-7.4.0, pluggy-1.2.0
rootdir: /home/jake/Development/exercism-python
configfile: pytest.ini
plugins: mock-3.11.1, reportlog-0.4.0, repeat-0.9.1, asyncio-0.21.1
asyncio: mode=strict
collected 20 items

exercises/practice/grade-school/grade_school_test.py FFFFF......FF...... [ 95%]
.                                                                        [100%]

=================================== FAILURES ===================================
______________________ GradeSchoolTest.test_add_a_student ______________________

self = <grade_school_test.GradeSchoolTest testMethod=test_add_a_student>

    def test_add_a_student(self):
        school = School()
        school.add_student(name="Aimee", grade=2)
        expected = [True]
>       self.assertEqual(school.added(), expected)
E       AttributeError: 'School' object has no attribute 'added'

exercises/practice/grade-school/grade_school_test.py:23: AttributeError
_ GradeSchoolTest.test_adding_multiple_students_in_the_same_grade_in_the_roster _

self = <grade_school_test.GradeSchoolTest testMethod=test_adding_multiple_students_in_the_same_grade_in_the_roster>

    def test_adding_multiple_students_in_the_same_grade_in_the_roster(self):
        school = School()
        school.add_student(name="Blair", grade=2)
        school.add_student(name="James", grade=2)
        school.add_student(name="Paul", grade=2)
        expected = [True, True, True]
>       self.assertEqual(school.added(), expected)
E       AttributeError: 'School' object has no attribute 'added'

exercises/practice/grade-school/grade_school_test.py:38: AttributeError
___________ GradeSchoolTest.test_adding_students_in_multiple_grades ____________

self = <grade_school_test.GradeSchoolTest testMethod=test_adding_students_in_multiple_grades>

    def test_adding_students_in_multiple_grades(self):
        school = School()
        school.add_student(name="Chelsea", grade=3)
        school.add_student(name="Logan", grade=7)
        expected = [True, True]
>       self.assertEqual(school.added(), expected)
E       AttributeError: 'School' object has no attribute 'added'

exercises/practice/grade-school/grade_school_test.py:73: AttributeError
_ GradeSchoolTest.test_cannot_add_same_student_to_multiple_grades_in_the_roster _

self = <grade_school_test.GradeSchoolTest testMethod=test_cannot_add_same_student_to_multiple_grades_in_the_roster>

    def test_cannot_add_same_student_to_multiple_grades_in_the_roster(self):
        school = School()
        school.add_student(name="Blair", grade=2)
        school.add_student(name="James", grade=2)
        school.add_student(name="James", grade=3)
        school.add_student(name="Paul", grade=3)
        expected = [True, True, False, True]
>       self.assertEqual(school.added(), expected)
E       AttributeError: 'School' object has no attribute 'added'

exercises/practice/grade-school/grade_school_test.py:90: AttributeError
_ GradeSchoolTest.test_cannot_add_student_to_same_grade_in_the_roster_more_than_once _

self = <grade_school_test.GradeSchoolTest testMethod=test_cannot_add_student_to_same_grade_in_the_roster_more_than_once>

    def test_cannot_add_student_to_same_grade_in_the_roster_more_than_once(self):
        school = School()
        school.add_student(name="Blair", grade=2)
        school.add_student(name="James", grade=2)
        school.add_student(name="James", grade=2)
        school.add_student(name="Paul", grade=2)
        expected = [True, True, False, True]
>       self.assertEqual(school.added(), expected)
E       AttributeError: 'School' object has no attribute 'added'

exercises/practice/grade-school/grade_school_test.py:56: AttributeError
___ GradeSchoolTest.test_student_not_added_to_multiple_grades_in_the_roster ____

self = <grade_school_test.GradeSchoolTest testMethod=test_student_not_added_to_multiple_grades_in_the_roster>

    def test_student_not_added_to_multiple_grades_in_the_roster(self):
        school = School()
        school.add_student(name="Blair", grade=2)
        school.add_student(name="James", grade=2)
        school.add_student(name="James", grade=3)
        school.add_student(name="Paul", grade=3)
        expected = ["Blair", "James", "Paul"]
    
>       self.assertEqual(school.roster(), expected)
E       AssertionError: Lists differ: ['Blair', 'James', 'James', 'Paul'] != ['Blair', 'James', 'Paul']
E       
E       First differing element 2:
E       'James'
E       'Paul'
E       
E       First list contains 1 additional elements.
E       First extra element 3:
E       'Paul'
E       
E       - ['Blair', 'James', 'James', 'Paul']
E       ?                    ---------
E       
E       + ['Blair', 'James', 'Paul']

exercises/practice/grade-school/grade_school_test.py:100: AssertionError
__ GradeSchoolTest.test_student_not_added_to_other_grade_for_multiple_grades ___

self = <grade_school_test.GradeSchoolTest testMethod=test_student_not_added_to_other_grade_for_multiple_grades>

    def test_student_not_added_to_other_grade_for_multiple_grades(self):
        school = School()
        school.add_student(name="Blair", grade=2)
        school.add_student(name="James", grade=2)
        school.add_student(name="James", grade=3)
        school.add_student(name="Paul", grade=3)
        expected = ["Paul"]
>       self.assertEqual(school.grade(3), expected)
E       AssertionError: Lists differ: ['James', 'Paul'] != ['Paul']
E       
E       First differing element 0:
E       'James'
E       'Paul'
E       
E       First list contains 1 additional elements.
E       First extra element 1:
E       'Paul'
E       
E       - ['James', 'Paul']
E       + ['Paul']

exercises/practice/grade-school/grade_school_test.py:172: AssertionError
=========================== short test summary info ============================
FAILED exercises/practice/grade-school/grade_school_test.py::GradeSchoolTest::test_add_a_student
FAILED exercises/practice/grade-school/grade_school_test.py::GradeSchoolTest::test_adding_multiple_students_in_the_same_grade_in_the_roster
FAILED exercises/practice/grade-school/grade_school_test.py::GradeSchoolTest::test_adding_students_in_multiple_grades
FAILED exercises/practice/grade-school/grade_school_test.py::GradeSchoolTest::test_cannot_add_same_student_to_multiple_grades_in_the_roster
FAILED exercises/practice/grade-school/grade_school_test.py::GradeSchoolTest::test_cannot_add_student_to_same_grade_in_the_roster_more_than_once
FAILED exercises/practice/grade-school/grade_school_test.py::GradeSchoolTest::test_student_not_added_to_multiple_grades_in_the_roster
FAILED exercises/practice/grade-school/grade_school_test.py::GradeSchoolTest::test_student_not_added_to_other_grade_for_multiple_grades
========================= 7 failed, 13 passed in 0.08s =========================
