============================= test session starts ==============================
platform linux -- Python 3.10.12, pytest-7.4.0, pluggy-1.2.0
rootdir: /home/jake/Development/exercism-python
configfile: pytest.ini
plugins: mock-3.11.1, reportlog-0.4.0, repeat-0.9.1
collected 20 items

exercises/practice/grade-school/grade_school_test.py ...FF......FF...... [ 95%]
.                                                                        [100%]

=================================== FAILURES ===================================
_ GradeSchoolTest.test_cannot_add_same_student_to_multiple_grades_in_the_roster _

self = <grade_school_test.GradeSchoolTest testMethod=test_cannot_add_same_student_to_multiple_grades_in_the_roster>

    def test_cannot_add_same_student_to_multiple_grades_in_the_roster(self):
        school = School()
        school.add_student(name="Blair", grade=2)
        school.add_student(name="James", grade=2)
        school.add_student(name="James", grade=3)
        school.add_student(name="Paul", grade=3)
        expected = [True, True, False, True]
>       self.assertEqual(school.added(), expected)
E       AssertionError: Lists differ: [True, True, True, True] != [True, True, False, True]
E       
E       First differing element 2:
E       True
E       False
E       
E       - [True, True, True, True]
E       ?              ^^^
E       
E       + [True, True, False, True]
E       ?              ^^^^

exercises/practice/grade-school/grade_school_test.py:90: AssertionError
_ GradeSchoolTest.test_cannot_add_student_to_same_grade_in_the_roster_more_than_once _

self = <grade_school_test.GradeSchoolTest testMethod=test_cannot_add_student_to_same_grade_in_the_roster_more_than_once>

    def test_cannot_add_student_to_same_grade_in_the_roster_more_than_once(self):
        school = School()
        school.add_student(name="Blair", grade=2)
        school.add_student(name="James", grade=2)
        school.add_student(name="James", grade=2)
        school.add_student(name="Paul", grade=2)
        expected = [True, True, False, True]
>       self.assertEqual(school.added(), expected)
E       AssertionError: Lists differ: [True, True, True] != [True, True, False, True]
E       
E       First differing element 2:
E       True
E       False
E       
E       Second list contains 1 additional elements.
E       First extra element 3:
E       True
E       
E       - [True, True, True]
E       + [True, True, False, True]
E       ?              +++++++

exercises/practice/grade-school/grade_school_test.py:56: AssertionError
___ GradeSchoolTest.test_student_not_added_to_multiple_grades_in_the_roster ____

self = <grade_school_test.GradeSchoolTest testMethod=test_student_not_added_to_multiple_grades_in_the_roster>

    def test_student_not_added_to_multiple_grades_in_the_roster(self):
        school = School()
        school.add_student(name="Blair", grade=2)
        school.add_student(name="James", grade=2)
        school.add_student(name="James", grade=3)
        school.add_student(name="Paul", grade=3)
        expected = ["Blair", "James", "Paul"]
    
>       self.assertEqual(school.roster(), expected)
E       AssertionError: Lists differ: ['Blair', 'James', 'James', 'Paul'] != ['Blair', 'James', 'Paul']
E       
E       First differing element 2:
E       'James'
E       'Paul'
E       
E       First list contains 1 additional elements.
E       First extra element 3:
E       'Paul'
E       
E       - ['Blair', 'James', 'James', 'Paul']
E       ?                    ---------
E       
E       + ['Blair', 'James', 'Paul']

exercises/practice/grade-school/grade_school_test.py:100: AssertionError
__ GradeSchoolTest.test_student_not_added_to_other_grade_for_multiple_grades ___

self = <grade_school_test.GradeSchoolTest testMethod=test_student_not_added_to_other_grade_for_multiple_grades>

    def test_student_not_added_to_other_grade_for_multiple_grades(self):
        school = School()
        school.add_student(name="Blair", grade=2)
        school.add_student(name="James", grade=2)
        school.add_student(name="James", grade=3)
        school.add_student(name="Paul", grade=3)
        expected = ["Paul"]
>       self.assertEqual(school.grade(3), expected)
E       AssertionError: Lists differ: ['James', 'Paul'] != ['Paul']
E       
E       First differing element 0:
E       'James'
E       'Paul'
E       
E       First list contains 1 additional elements.
E       First extra element 1:
E       'Paul'
E       
E       - ['James', 'Paul']
E       + ['Paul']

exercises/practice/grade-school/grade_school_test.py:172: AssertionError
=========================== short test summary info ============================
FAILED exercises/practice/grade-school/grade_school_test.py::GradeSchoolTest::test_cannot_add_same_student_to_multiple_grades_in_the_roster
FAILED exercises/practice/grade-school/grade_school_test.py::GradeSchoolTest::test_cannot_add_student_to_same_grade_in_the_roster_more_than_once
FAILED exercises/practice/grade-school/grade_school_test.py::GradeSchoolTest::test_student_not_added_to_multiple_grades_in_the_roster
FAILED exercises/practice/grade-school/grade_school_test.py::GradeSchoolTest::test_student_not_added_to_other_grade_for_multiple_grades
========================= 4 failed, 16 passed in 0.06s =========================
