============================= test session starts ==============================
platform linux -- Python 3.10.12, pytest-7.4.0, pluggy-1.2.0
rootdir: /home/jake/Development/exercism-python
configfile: pytest.ini
plugins: mock-3.11.1, reportlog-0.4.0, repeat-0.9.1
collected 10 items

exercises/practice/hexadecimal/hexadecimal_test.py F.........            [100%]

=================================== FAILURES ===================================
______________________ HexadecimalTest.test_invalid_hexa _______________________

self = <hexadecimal_test.HexadecimalTest testMethod=test_invalid_hexa>

    def test_invalid_hexa(self):
>       with self.assertRaisesWithMessage(ValueError):
E       AssertionError: ValueError not raised

exercises/practice/hexadecimal/hexadecimal_test.py:38: AssertionError
=========================== short test summary info ============================
FAILED exercises/practice/hexadecimal/hexadecimal_test.py::HexadecimalTest::test_invalid_hexa
========================= 1 failed, 9 passed in 0.04s ==========================
