============================= test session starts ==============================
platform linux -- Python 3.10.12, pytest-7.4.0, pluggy-1.2.0
rootdir: /home/jake/Development/exercism-python
configfile: pytest.ini
plugins: mock-3.11.1, reportlog-0.4.0, repeat-0.9.1
collected 10 items

exercises/practice/hexadecimal/hexadecimal_test.py ......F...            [100%]

=================================== FAILURES ===================================
_______________________ HexadecimalTest.test_valid_hexa6 _______________________

self = <hexadecimal_test.HexadecimalTest testMethod=test_valid_hexa6>

    def test_valid_hexa6(self):
>       self.assertEqual(hexa('19ACE'), 105166)

exercises/practice/hexadecimal/hexadecimal_test.py:26: 
_ _ _ _ _ _ _ _ _ _ _ _ _ _ _ _ _ _ _ _ _ _ _ _ _ _ _ _ _ _ _ _ _ _ _ _ _ _ _ _ 

hex_string = '19ACE'

    def hexa(hex_string):
        if not all(c in "0123456789abcdef" for c in hex_string):
>           raise ValueError("Invalid hexadecimal string")
E           ValueError: Invalid hexadecimal string

exercises/practice/hexadecimal/hexadecimal.py:3: ValueError
=========================== short test summary info ============================
FAILED exercises/practice/hexadecimal/hexadecimal_test.py::HexadecimalTest::test_valid_hexa6
========================= 1 failed, 9 passed in 0.04s ==========================
