============================= test session starts ==============================
platform linux -- Python 3.10.12, pytest-7.4.0, pluggy-1.2.0
rootdir: /home/jake/Development/exercism-python
configfile: pytest.ini
plugins: mock-3.11.1, reportlog-0.4.0, repeat-0.9.1, asyncio-0.21.1
asyncio: mode=strict
collected 12 items

exercises/practice/simple-cipher/simple_cipher_test.py FFFFFFFFFFFF      [100%]

=================================== FAILURES ===================================
_____________________ RandomKeyCipherTest.test_can_decode ______________________

self = <simple_cipher_test.RandomKeyCipherTest testMethod=test_can_decode>

    def test_can_decode(self):
        cipher = Cipher()
>       self.assertEqual(cipher.decode(cipher.key[0 : len("aaaaaaaaaa")]), "aaaaaaaaaa")
E       AttributeError: 'Cipher' object has no attribute 'decode'

exercises/practice/simple-cipher/simple_cipher_test.py:21: AttributeError
_____________________ RandomKeyCipherTest.test_can_encode ______________________

self = <simple_cipher_test.RandomKeyCipherTest testMethod=test_can_encode>

    def test_can_encode(self):
        cipher = Cipher()
        plaintext = "aaaaaaaaaa"
>       self.assertEqual(cipher.encode(plaintext), cipher.key[0 : len(plaintext)])
E       AttributeError: 'Cipher' object has no attribute 'encode'

exercises/practice/simple-cipher/simple_cipher_test.py:17: AttributeError
____________________ RandomKeyCipherTest.test_is_reversible ____________________

self = <simple_cipher_test.RandomKeyCipherTest testMethod=test_is_reversible>

    def test_is_reversible(self):
        cipher = Cipher()
        plaintext = "abcdefghij"
>       self.assertEqual(cipher.decode(cipher.encode(plaintext)), plaintext)
E       AttributeError: 'Cipher' object has no attribute 'decode'

exercises/practice/simple-cipher/simple_cipher_test.py:26: AttributeError
________ RandomKeyCipherTest.test_key_is_made_only_of_lowercase_letters ________

self = <simple_cipher_test.RandomKeyCipherTest testMethod=test_key_is_made_only_of_lowercase_letters>

    def test_key_is_made_only_of_lowercase_letters(self):
>       self.assertIsNotNone(re.match("^[a-z]+$", Cipher().key))
E       AttributeError: 'Cipher' object has no attribute 'key'

exercises/practice/simple-cipher/simple_cipher_test.py:29: AttributeError
____________________ SubstitutionCipherTest.test_can_decode ____________________

self = <simple_cipher_test.SubstitutionCipherTest testMethod=test_can_decode>

    def test_can_decode(self):
>       cipher = Cipher("abcdefghij")
E       TypeError: Cipher() takes no arguments

exercises/practice/simple-cipher/simple_cipher_test.py:39: TypeError
_____ SubstitutionCipherTest.test_can_decode_messages_longer_than_the_key ______

self = <simple_cipher_test.SubstitutionCipherTest testMethod=test_can_decode_messages_longer_than_the_key>

    def test_can_decode_messages_longer_than_the_key(self):
>       cipher = Cipher("abc")
E       TypeError: Cipher() takes no arguments

exercises/practice/simple-cipher/simple_cipher_test.py:67: TypeError
_____________ SubstitutionCipherTest.test_can_double_shift_encode ______________

self = <simple_cipher_test.SubstitutionCipherTest testMethod=test_can_double_shift_encode>

    def test_can_double_shift_encode(self):
>       cipher = Cipher("iamapandabear")
E       TypeError: Cipher() takes no arguments

exercises/practice/simple-cipher/simple_cipher_test.py:48: TypeError
____________________ SubstitutionCipherTest.test_can_encode ____________________

self = <simple_cipher_test.SubstitutionCipherTest testMethod=test_can_encode>

    def test_can_encode(self):
>       cipher = Cipher("abcdefghij")
E       TypeError: Cipher() takes no arguments

exercises/practice/simple-cipher/simple_cipher_test.py:34: TypeError
_____ SubstitutionCipherTest.test_can_encode_messages_longer_than_the_key ______

self = <simple_cipher_test.SubstitutionCipherTest testMethod=test_can_encode_messages_longer_than_the_key>

    def test_can_encode_messages_longer_than_the_key(self):
>       cipher = Cipher("abc")
E       TypeError: Cipher() takes no arguments

exercises/practice/simple-cipher/simple_cipher_test.py:62: TypeError
________________ SubstitutionCipherTest.test_can_wrap_on_decode ________________

self = <simple_cipher_test.SubstitutionCipherTest testMethod=test_can_wrap_on_decode>

    def test_can_wrap_on_decode(self):
>       cipher = Cipher("abcdefghij")
E       TypeError: Cipher() takes no arguments

exercises/practice/simple-cipher/simple_cipher_test.py:58: TypeError
________________ SubstitutionCipherTest.test_can_wrap_on_encode ________________

self = <simple_cipher_test.SubstitutionCipherTest testMethod=test_can_wrap_on_encode>

    def test_can_wrap_on_encode(self):
>       cipher = Cipher("abcdefghij")
E       TypeError: Cipher() takes no arguments

exercises/practice/simple-cipher/simple_cipher_test.py:53: TypeError
__________________ SubstitutionCipherTest.test_is_reversible ___________________

self = <simple_cipher_test.SubstitutionCipherTest testMethod=test_is_reversible>

    def test_is_reversible(self):
>       cipher = Cipher("abcdefghij")
E       TypeError: Cipher() takes no arguments

exercises/practice/simple-cipher/simple_cipher_test.py:43: TypeError
=========================== short test summary info ============================
FAILED exercises/practice/simple-cipher/simple_cipher_test.py::RandomKeyCipherTest::test_can_decode
FAILED exercises/practice/simple-cipher/simple_cipher_test.py::RandomKeyCipherTest::test_can_encode
FAILED exercises/practice/simple-cipher/simple_cipher_test.py::RandomKeyCipherTest::test_is_reversible
FAILED exercises/practice/simple-cipher/simple_cipher_test.py::RandomKeyCipherTest::test_key_is_made_only_of_lowercase_letters
FAILED exercises/practice/simple-cipher/simple_cipher_test.py::SubstitutionCipherTest::test_can_decode
FAILED exercises/practice/simple-cipher/simple_cipher_test.py::SubstitutionCipherTest::test_can_decode_messages_longer_than_the_key
FAILED exercises/practice/simple-cipher/simple_cipher_test.py::SubstitutionCipherTest::test_can_double_shift_encode
FAILED exercises/practice/simple-cipher/simple_cipher_test.py::SubstitutionCipherTest::test_can_encode
FAILED exercises/practice/simple-cipher/simple_cipher_test.py::SubstitutionCipherTest::test_can_encode_messages_longer_than_the_key
FAILED exercises/practice/simple-cipher/simple_cipher_test.py::SubstitutionCipherTest::test_can_wrap_on_decode
FAILED exercises/practice/simple-cipher/simple_cipher_test.py::SubstitutionCipherTest::test_can_wrap_on_encode
FAILED exercises/practice/simple-cipher/simple_cipher_test.py::SubstitutionCipherTest::test_is_reversible
============================== 12 failed in 0.06s ==============================
