============================= test session starts ==============================
platform linux -- Python 3.10.12, pytest-7.4.0, pluggy-1.2.0
rootdir: /home/jake/Development/exercism-python
configfile: pytest.ini
plugins: mock-3.11.1, reportlog-0.4.0, repeat-0.9.1
collected 10 items

exercises/practice/resistor-color-trio/resistor_color_trio_test.py FFFFF [ 50%]
FFFFF                                                                    [100%]

=================================== FAILURES ===================================
______________ ResistorColorTrioTest.test_blue_and_grey_and_brown ______________

self = <resistor_color_trio_test.ResistorColorTrioTest testMethod=test_blue_and_grey_and_brown>

    def test_blue_and_grey_and_brown(self):
>       self.assertEqual(label(["blue", "grey", "brown"]), "680 ohms")
E       AssertionError: '680  ohms' != '680 ohms'
E       - 680  ohms
E       ?    -
E       + 680 ohms

exercises/practice/resistor-color-trio/resistor_color_trio_test.py:17: AssertionError
_____________ ResistorColorTrioTest.test_blue_and_violet_and_blue ______________

self = <resistor_color_trio_test.ResistorColorTrioTest testMethod=test_blue_and_violet_and_blue>

    def test_blue_and_violet_and_blue(self):
>       self.assertEqual(label(["blue", "violet", "blue"]), "67 megaohms")
E       AssertionError: '67 mega ohms' != '67 megaohms'
E       - 67 mega ohms
E       ?        -
E       + 67 megaohms

exercises/practice/resistor-color-trio/resistor_color_trio_test.py:29: AssertionError
___ ResistorColorTrioTest.test_first_two_colors_make_an_invalid_octal_number ___

self = <resistor_color_trio_test.ResistorColorTrioTest testMethod=test_first_two_colors_make_an_invalid_octal_number>

    def test_first_two_colors_make_an_invalid_octal_number(self):
>       self.assertEqual(label(["black", "grey", "black"]), "8 ohms")
E       AssertionError: '8  ohms' != '8 ohms'
E       - 8  ohms
E       ?  -
E       + 8 ohms

exercises/practice/resistor-color-trio/resistor_color_trio_test.py:38: AssertionError
____________ ResistorColorTrioTest.test_green_and_brown_and_orange _____________

self = <resistor_color_trio_test.ResistorColorTrioTest testMethod=test_green_and_brown_and_orange>

    def test_green_and_brown_and_orange(self):
>       self.assertEqual(label(["green", "brown", "orange"]), "51 kiloohms")
E       AssertionError: '51 kilo ohms' != '51 kiloohms'
E       - 51 kilo ohms
E       ?        -
E       + 51 kiloohms

exercises/practice/resistor-color-trio/resistor_color_trio_test.py:23: AssertionError
________________ ResistorColorTrioTest.test_ignore_extra_colors ________________

self = <resistor_color_trio_test.ResistorColorTrioTest testMethod=test_ignore_extra_colors>

    def test_ignore_extra_colors(self):
>       self.assertEqual(label(["blue", "green", "yellow", "orange"]), "650 kiloohms")
E       AssertionError: '650 kilo ohms' != '650 kiloohms'
E       - 650 kilo ohms
E       ?         -
E       + 650 kiloohms

exercises/practice/resistor-color-trio/resistor_color_trio_test.py:41: AssertionError
______________ ResistorColorTrioTest.test_maximum_possible_value _______________

self = <resistor_color_trio_test.ResistorColorTrioTest testMethod=test_maximum_possible_value>

    def test_maximum_possible_value(self):
>       self.assertEqual(label(["white", "white", "white"]), "99 gigaohms")
E       AssertionError: '99 giga ohms' != '99 gigaohms'
E       - 99 giga ohms
E       ?        -
E       + 99 gigaohms

exercises/practice/resistor-color-trio/resistor_color_trio_test.py:35: AssertionError
______________ ResistorColorTrioTest.test_minimum_possible_value _______________

self = <resistor_color_trio_test.ResistorColorTrioTest testMethod=test_minimum_possible_value>

    def test_minimum_possible_value(self):
>       self.assertEqual(label(["black", "black", "black"]), "0 ohms")
E       AssertionError: '0  ohms' != '0 ohms'
E       - 0  ohms
E       ?  -
E       + 0 ohms

exercises/practice/resistor-color-trio/resistor_color_trio_test.py:32: AssertionError
____________ ResistorColorTrioTest.test_orange_and_orange_and_black ____________

self = <resistor_color_trio_test.ResistorColorTrioTest testMethod=test_orange_and_orange_and_black>

    def test_orange_and_orange_and_black(self):
>       self.assertEqual(label(["orange", "orange", "black"]), "33 ohms")
E       AssertionError: '33  ohms' != '33 ohms'
E       - 33  ohms
E       ?   -
E       + 33 ohms

exercises/practice/resistor-color-trio/resistor_color_trio_test.py:14: AssertionError
_______________ ResistorColorTrioTest.test_red_and_black_and_red _______________

self = <resistor_color_trio_test.ResistorColorTrioTest testMethod=test_red_and_black_and_red>

    def test_red_and_black_and_red(self):
>       self.assertEqual(label(["red", "black", "red"]), "2 kiloohms")
E       AssertionError: '2 kilo ohms' != '2 kiloohms'
E       - 2 kilo ohms
E       ?       -
E       + 2 kiloohms

exercises/practice/resistor-color-trio/resistor_color_trio_test.py:20: AssertionError
___________ ResistorColorTrioTest.test_yellow_and_violet_and_yellow ____________

self = <resistor_color_trio_test.ResistorColorTrioTest testMethod=test_yellow_and_violet_and_yellow>

    def test_yellow_and_violet_and_yellow(self):
>       self.assertEqual(label(["yellow", "violet", "yellow"]), "470 kiloohms")
E       AssertionError: '470 kilo ohms' != '470 kiloohms'
E       - 470 kilo ohms
E       ?         -
E       + 470 kiloohms

exercises/practice/resistor-color-trio/resistor_color_trio_test.py:26: AssertionError
=========================== short test summary info ============================
FAILED exercises/practice/resistor-color-trio/resistor_color_trio_test.py::ResistorColorTrioTest::test_blue_and_grey_and_brown
FAILED exercises/practice/resistor-color-trio/resistor_color_trio_test.py::ResistorColorTrioTest::test_blue_and_violet_and_blue
FAILED exercises/practice/resistor-color-trio/resistor_color_trio_test.py::ResistorColorTrioTest::test_first_two_colors_make_an_invalid_octal_number
FAILED exercises/practice/resistor-color-trio/resistor_color_trio_test.py::ResistorColorTrioTest::test_green_and_brown_and_orange
FAILED exercises/practice/resistor-color-trio/resistor_color_trio_test.py::ResistorColorTrioTest::test_ignore_extra_colors
FAILED exercises/practice/resistor-color-trio/resistor_color_trio_test.py::ResistorColorTrioTest::test_maximum_possible_value
FAILED exercises/practice/resistor-color-trio/resistor_color_trio_test.py::ResistorColorTrioTest::test_minimum_possible_value
FAILED exercises/practice/resistor-color-trio/resistor_color_trio_test.py::ResistorColorTrioTest::test_orange_and_orange_and_black
FAILED exercises/practice/resistor-color-trio/resistor_color_trio_test.py::ResistorColorTrioTest::test_red_and_black_and_red
FAILED exercises/practice/resistor-color-trio/resistor_color_trio_test.py::ResistorColorTrioTest::test_yellow_and_violet_and_yellow
============================== 10 failed in 0.05s ==============================
