============================= test session starts ==============================
platform linux -- Python 3.10.12, pytest-7.4.0, pluggy-1.2.0
rootdir: /home/jake/Development/exercism-python
configfile: pytest.ini
plugins: mock-3.11.1, reportlog-0.4.0, repeat-0.9.1
collected 10 items

exercises/practice/binary-search-tree/binary_search_tree_test.py FFFFFFF [ 70%]
FFF                                                                      [100%]

=================================== FAILURES ===================================
______________ BinarySearchTreeTest.test_can_create_complex_tree _______________

self = <binary_search_tree_test.BinarySearchTreeTest testMethod=test_can_create_complex_tree>

    def test_can_create_complex_tree(self):
        expected = TreeNode(
            "4",
            TreeNode("2", TreeNode("1", None, None), TreeNode("3", None, None)),
            TreeNode("6", TreeNode("5", None, None), TreeNode("7", None, None)),
        )
>       self.assertTreeEqual(
            BinarySearchTree(["4", "2", "6", "1", "3", "5", "7"]).data(), expected
        )

exercises/practice/binary-search-tree/binary_search_tree_test.py:36: 
_ _ _ _ _ _ _ _ _ _ _ _ _ _ _ _ _ _ _ _ _ _ _ _ _ _ _ _ _ _ _ _ _ _ _ _ _ _ _ _ 
exercises/practice/binary-search-tree/binary_search_tree_test.py:65: in assertTreeEqual
    self.compare_tree(tree_one, tree_two)
_ _ _ _ _ _ _ _ _ _ _ _ _ _ _ _ _ _ _ _ _ _ _ _ _ _ _ _ _ _ _ _ _ _ _ _ _ _ _ _ 

self = <binary_search_tree_test.BinarySearchTreeTest testMethod=test_can_create_complex_tree>
tree_one = None
tree_two = <binary_search_tree.TreeNode object at 0x7f4f0c77dd80>

    def compare_tree(self, tree_one, tree_two):
>       self.assertEqual(tree_one.data, tree_two.data)
E       AttributeError: 'NoneType' object has no attribute 'data'

exercises/practice/binary-search-tree/binary_search_tree_test.py:70: AttributeError
_______________ BinarySearchTreeTest.test_can_sort_complex_tree ________________

self = <binary_search_tree_test.BinarySearchTreeTest testMethod=test_can_sort_complex_tree>

    def test_can_sort_complex_tree(self):
        expected = ["1", "2", "3", "5", "6", "7"]
>       self.assertEqual(
            BinarySearchTree(["2", "1", "3", "6", "7", "5"]).sorted_data(), expected
        )
E       AssertionError: None != ['1', '2', '3', '5', '6', '7']

exercises/practice/binary-search-tree/binary_search_tree_test.py:58: AssertionError
__ BinarySearchTreeTest.test_can_sort_if_second_number_is_greater_than_first ___

self = <binary_search_tree_test.BinarySearchTreeTest testMethod=test_can_sort_if_second_number_is_greater_than_first>

    def test_can_sort_if_second_number_is_greater_than_first(self):
        expected = ["2", "3"]
>       self.assertEqual(BinarySearchTree(["2", "3"]).sorted_data(), expected)
E       AssertionError: None != ['2', '3']

exercises/practice/binary-search-tree/binary_search_tree_test.py:54: AssertionError
_____ BinarySearchTreeTest.test_can_sort_if_second_number_is_same_as_first _____

self = <binary_search_tree_test.BinarySearchTreeTest testMethod=test_can_sort_if_second_number_is_same_as_first>

    def test_can_sort_if_second_number_is_same_as_first(self):
        expected = ["2", "2"]
>       self.assertEqual(BinarySearchTree(["2", "2"]).sorted_data(), expected)
E       AssertionError: None != ['2', '2']

exercises/practice/binary-search-tree/binary_search_tree_test.py:50: AssertionError
__ BinarySearchTreeTest.test_can_sort_if_second_number_is_smaller_than_first ___

self = <binary_search_tree_test.BinarySearchTreeTest testMethod=test_can_sort_if_second_number_is_smaller_than_first>

    def test_can_sort_if_second_number_is_smaller_than_first(self):
        expected = ["1", "2"]
>       self.assertEqual(BinarySearchTree(["2", "1"]).sorted_data(), expected)
E       AssertionError: None != ['1', '2']

exercises/practice/binary-search-tree/binary_search_tree_test.py:46: AssertionError
_______________ BinarySearchTreeTest.test_can_sort_single_number _______________

self = <binary_search_tree_test.BinarySearchTreeTest testMethod=test_can_sort_single_number>

    def test_can_sort_single_number(self):
        expected = ["2"]
>       self.assertEqual(BinarySearchTree(["2"]).sorted_data(), expected)
E       AssertionError: None != ['2']

exercises/practice/binary-search-tree/binary_search_tree_test.py:42: AssertionError
__________________ BinarySearchTreeTest.test_data_is_retained __________________

self = <binary_search_tree_test.BinarySearchTreeTest testMethod=test_data_is_retained>

    def test_data_is_retained(self):
        expected = TreeNode("4", None, None)
>       self.assertTreeEqual(BinarySearchTree(["4"]).data(), expected)

exercises/practice/binary-search-tree/binary_search_tree_test.py:16: 
_ _ _ _ _ _ _ _ _ _ _ _ _ _ _ _ _ _ _ _ _ _ _ _ _ _ _ _ _ _ _ _ _ _ _ _ _ _ _ _ 
exercises/practice/binary-search-tree/binary_search_tree_test.py:65: in assertTreeEqual
    self.compare_tree(tree_one, tree_two)
_ _ _ _ _ _ _ _ _ _ _ _ _ _ _ _ _ _ _ _ _ _ _ _ _ _ _ _ _ _ _ _ _ _ _ _ _ _ _ _ 

self = <binary_search_tree_test.BinarySearchTreeTest testMethod=test_data_is_retained>
tree_one = None
tree_two = <binary_search_tree.TreeNode object at 0x7f4f0c5fb310>

    def compare_tree(self, tree_one, tree_two):
>       self.assertEqual(tree_one.data, tree_two.data)
E       AttributeError: 'NoneType' object has no attribute 'data'

exercises/practice/binary-search-tree/binary_search_tree_test.py:70: AttributeError
____________ BinarySearchTreeTest.test_greater_number_at_right_node ____________

self = <binary_search_tree_test.BinarySearchTreeTest testMethod=test_greater_number_at_right_node>

    def test_greater_number_at_right_node(self):
        expected = TreeNode("4", None, TreeNode("5", None, None))
>       self.assertTreeEqual(BinarySearchTree(["4", "5"]).data(), expected)

exercises/practice/binary-search-tree/binary_search_tree_test.py:28: 
_ _ _ _ _ _ _ _ _ _ _ _ _ _ _ _ _ _ _ _ _ _ _ _ _ _ _ _ _ _ _ _ _ _ _ _ _ _ _ _ 
exercises/practice/binary-search-tree/binary_search_tree_test.py:65: in assertTreeEqual
    self.compare_tree(tree_one, tree_two)
_ _ _ _ _ _ _ _ _ _ _ _ _ _ _ _ _ _ _ _ _ _ _ _ _ _ _ _ _ _ _ _ _ _ _ _ _ _ _ _ 

self = <binary_search_tree_test.BinarySearchTreeTest testMethod=test_greater_number_at_right_node>
tree_one = None
tree_two = <binary_search_tree.TreeNode object at 0x7f4f0c77ecb0>

    def compare_tree(self, tree_one, tree_two):
>       self.assertEqual(tree_one.data, tree_two.data)
E       AttributeError: 'NoneType' object has no attribute 'data'

exercises/practice/binary-search-tree/binary_search_tree_test.py:70: AttributeError
______________ BinarySearchTreeTest.test_same_number_at_left_node ______________

self = <binary_search_tree_test.BinarySearchTreeTest testMethod=test_same_number_at_left_node>

    def test_same_number_at_left_node(self):
        expected = TreeNode("4", TreeNode("4", None, None), None)
>       self.assertTreeEqual(BinarySearchTree(["4", "4"]).data(), expected)

exercises/practice/binary-search-tree/binary_search_tree_test.py:24: 
_ _ _ _ _ _ _ _ _ _ _ _ _ _ _ _ _ _ _ _ _ _ _ _ _ _ _ _ _ _ _ _ _ _ _ _ _ _ _ _ 
exercises/practice/binary-search-tree/binary_search_tree_test.py:65: in assertTreeEqual
    self.compare_tree(tree_one, tree_two)
_ _ _ _ _ _ _ _ _ _ _ _ _ _ _ _ _ _ _ _ _ _ _ _ _ _ _ _ _ _ _ _ _ _ _ _ _ _ _ _ 

self = <binary_search_tree_test.BinarySearchTreeTest testMethod=test_same_number_at_left_node>
tree_one = None
tree_two = <binary_search_tree.TreeNode object at 0x7f4f0c60af20>

    def compare_tree(self, tree_one, tree_two):
>       self.assertEqual(tree_one.data, tree_two.data)
E       AttributeError: 'NoneType' object has no attribute 'data'

exercises/practice/binary-search-tree/binary_search_tree_test.py:70: AttributeError
____________ BinarySearchTreeTest.test_smaller_number_at_left_node _____________

self = <binary_search_tree_test.BinarySearchTreeTest testMethod=test_smaller_number_at_left_node>

    def test_smaller_number_at_left_node(self):
        expected = TreeNode("4", TreeNode("2", None, None), None)
>       self.assertTreeEqual(BinarySearchTree(["4", "2"]).data(), expected)

exercises/practice/binary-search-tree/binary_search_tree_test.py:20: 
_ _ _ _ _ _ _ _ _ _ _ _ _ _ _ _ _ _ _ _ _ _ _ _ _ _ _ _ _ _ _ _ _ _ _ _ _ _ _ _ 
exercises/practice/binary-search-tree/binary_search_tree_test.py:65: in assertTreeEqual
    self.compare_tree(tree_one, tree_two)
_ _ _ _ _ _ _ _ _ _ _ _ _ _ _ _ _ _ _ _ _ _ _ _ _ _ _ _ _ _ _ _ _ _ _ _ _ _ _ _ 

self = <binary_search_tree_test.BinarySearchTreeTest testMethod=test_smaller_number_at_left_node>
tree_one = None
tree_two = <binary_search_tree.TreeNode object at 0x7f4f0c5c5d20>

    def compare_tree(self, tree_one, tree_two):
>       self.assertEqual(tree_one.data, tree_two.data)
E       AttributeError: 'NoneType' object has no attribute 'data'

exercises/practice/binary-search-tree/binary_search_tree_test.py:70: AttributeError
=========================== short test summary info ============================
FAILED exercises/practice/binary-search-tree/binary_search_tree_test.py::BinarySearchTreeTest::test_can_create_complex_tree
FAILED exercises/practice/binary-search-tree/binary_search_tree_test.py::BinarySearchTreeTest::test_can_sort_complex_tree
FAILED exercises/practice/binary-search-tree/binary_search_tree_test.py::BinarySearchTreeTest::test_can_sort_if_second_number_is_greater_than_first
FAILED exercises/practice/binary-search-tree/binary_search_tree_test.py::BinarySearchTreeTest::test_can_sort_if_second_number_is_same_as_first
FAILED exercises/practice/binary-search-tree/binary_search_tree_test.py::BinarySearchTreeTest::test_can_sort_if_second_number_is_smaller_than_first
FAILED exercises/practice/binary-search-tree/binary_search_tree_test.py::BinarySearchTreeTest::test_can_sort_single_number
FAILED exercises/practice/binary-search-tree/binary_search_tree_test.py::BinarySearchTreeTest::test_data_is_retained
FAILED exercises/practice/binary-search-tree/binary_search_tree_test.py::BinarySearchTreeTest::test_greater_number_at_right_node
FAILED exercises/practice/binary-search-tree/binary_search_tree_test.py::BinarySearchTreeTest::test_same_number_at_left_node
FAILED exercises/practice/binary-search-tree/binary_search_tree_test.py::BinarySearchTreeTest::test_smaller_number_at_left_node
============================== 10 failed in 0.09s ==============================
