============================= test session starts ==============================
platform linux -- Python 3.10.12, pytest-7.4.0, pluggy-1.3.0
rootdir: /home/jake/Development/mentat/tests/benchmarks/repos/exercism-python
configfile: pytest.ini
plugins: mock-3.11.1, reportlog-0.4.0, asyncio-0.21.1, xdist-3.3.1
asyncio: mode=strict
collected 25 items

exercises/practice/paasio/paasio_test.py FFFFFFFFFFFFFFFFFFFFFFFFF       [100%]

=================================== FAILURES ===================================
_________________ PaasioTest.test_meteredfile_context_manager __________________

self = <paasio_test.PaasioTest testMethod=test_meteredfile_context_manager>
super_mock = <SuperMock at 0x7ff4107d3af0 with mock object: <NonCallableMagicMock id='140686225389936'>>

    @patch("paasio.super", create=True, new_callable=SuperMock)
    def test_meteredfile_context_manager(self, super_mock):
        wrapped = MockFile(ZEN)
        mock = NonCallableMagicMock(wraps=wrapped, autospec=True)
        mock.__exit__.side_effect = wrapped.__exit__
        super_mock.mock_object = mock
>       with MeteredFile() as file:

exercises/practice/paasio/paasio_test.py:221: 
_ _ _ _ _ _ _ _ _ _ _ _ _ _ _ _ _ _ _ _ _ _ _ _ _ _ _ _ _ _ _ _ _ _ _ _ _ _ _ _ 

self = <MeteredFile>, exc_type = None, exc_val = None, exc_tb = None

    def __exit__(self, exc_type, exc_val, exc_tb):
>       self.close()
E       ValueError: I/O operation on uninitialized object

exercises/practice/paasio/paasio.py:17: ValueError
_________ PaasioTest.test_meteredfile_context_manager_exception_raise __________

self = <paasio_test.PaasioTest testMethod=test_meteredfile_context_manager_exception_raise>
super_mock = <SuperMock at 0x7ff410ff1f00 with mock object: <NonCallableMagicMock id='140686233907696'>>

    @patch("paasio.super", create=True, new_callable=SuperMock)
    def test_meteredfile_context_manager_exception_raise(self, super_mock):
        exception = MockException("Should raise")
        wrapped = MockFile(ZEN, exception=exception)
        mock = NonCallableMagicMock(wraps=wrapped, autospec=True)
        mock.__exit__.side_effect = wrapped.__exit__
        super_mock.mock_object = mock
        with self.assertRaisesRegex(MockException, "Should raise") as err:
            with MeteredFile() as file:
                self.assertFalse(mock.__enter__.called)
>               file.read()

exercises/practice/paasio/paasio_test.py:243: 
_ _ _ _ _ _ _ _ _ _ _ _ _ _ _ _ _ _ _ _ _ _ _ _ _ _ _ _ _ _ _ _ _ _ _ _ _ _ _ _ 
exercises/practice/paasio/paasio.py:20: in read
    data = super().read(size)
/usr/lib/python3.10/unittest/mock.py:1114: in __call__
    return self._mock_call(*args, **kwargs)
/usr/lib/python3.10/unittest/mock.py:1118: in _mock_call
    return self._execute_mock_call(*args, **kwargs)
/usr/lib/python3.10/unittest/mock.py:1188: in _execute_mock_call
    return self._mock_wraps(*args, **kwargs)
_ _ _ _ _ _ _ _ _ _ _ _ _ _ _ _ _ _ _ _ _ _ _ _ _ _ _ _ _ _ _ _ _ _ _ _ _ _ _ _ 

self = <test_utils.MockFile object at 0x7ff4109bbe70>, size = -1

    def read(self, size=-1):
        if self.__exception is not None:
>           raise self.__exception
E           test_utils.MockException: Should raise

exercises/practice/paasio/test_utils.py:47: MockException

During handling of the above exception, another exception occurred:

self = <paasio_test.PaasioTest testMethod=test_meteredfile_context_manager_exception_raise>
super_mock = <SuperMock at 0x7ff410ff1f00 with mock object: <NonCallableMagicMock id='140686233907696'>>

    @patch("paasio.super", create=True, new_callable=SuperMock)
    def test_meteredfile_context_manager_exception_raise(self, super_mock):
        exception = MockException("Should raise")
        wrapped = MockFile(ZEN, exception=exception)
        mock = NonCallableMagicMock(wraps=wrapped, autospec=True)
        mock.__exit__.side_effect = wrapped.__exit__
        super_mock.mock_object = mock
        with self.assertRaisesRegex(MockException, "Should raise") as err:
>           with MeteredFile() as file:

exercises/practice/paasio/paasio_test.py:241: 
_ _ _ _ _ _ _ _ _ _ _ _ _ _ _ _ _ _ _ _ _ _ _ _ _ _ _ _ _ _ _ _ _ _ _ _ _ _ _ _ 

    def __exit__(self, exc_type, exc_val, exc_tb):
>       self.close()
E       ValueError: I/O operation on uninitialized object

exercises/practice/paasio/paasio.py:17: ValueError
________ PaasioTest.test_meteredfile_context_manager_exception_suppress ________

self = <paasio_test.PaasioTest testMethod=test_meteredfile_context_manager_exception_suppress>
super_mock = <SuperMock at 0x7ff4104a51e0 with mock object: <NonCallableMagicMock id='140686222053040'>>

    @patch("paasio.super", create=True, new_callable=SuperMock)
    def test_meteredfile_context_manager_exception_suppress(self, super_mock):
        exception = MockException("Should suppress")
        wrapped = MockFile(ZEN, exception=exception)
        mock = NonCallableMagicMock(wraps=wrapped, autospec=True)
        mock.__exit__.side_effect = wrapped.__exit__
        super_mock.mock_object = mock
        with MeteredFile() as file:
            self.assertFalse(mock.__enter__.called)
>           file.read()

exercises/practice/paasio/paasio_test.py:261: 
_ _ _ _ _ _ _ _ _ _ _ _ _ _ _ _ _ _ _ _ _ _ _ _ _ _ _ _ _ _ _ _ _ _ _ _ _ _ _ _ 
exercises/practice/paasio/paasio.py:20: in read
    data = super().read(size)
/usr/lib/python3.10/unittest/mock.py:1114: in __call__
    return self._mock_call(*args, **kwargs)
/usr/lib/python3.10/unittest/mock.py:1118: in _mock_call
    return self._execute_mock_call(*args, **kwargs)
/usr/lib/python3.10/unittest/mock.py:1188: in _execute_mock_call
    return self._mock_wraps(*args, **kwargs)
_ _ _ _ _ _ _ _ _ _ _ _ _ _ _ _ _ _ _ _ _ _ _ _ _ _ _ _ _ _ _ _ _ _ _ _ _ _ _ _ 

self = <test_utils.MockFile object at 0x7ff410912ca0>, size = -1

    def read(self, size=-1):
        if self.__exception is not None:
>           raise self.__exception
E           test_utils.MockException: Should suppress

exercises/practice/paasio/test_utils.py:47: MockException

During handling of the above exception, another exception occurred:

self = <paasio_test.PaasioTest testMethod=test_meteredfile_context_manager_exception_suppress>
super_mock = <SuperMock at 0x7ff4104a51e0 with mock object: <NonCallableMagicMock id='140686222053040'>>

    @patch("paasio.super", create=True, new_callable=SuperMock)
    def test_meteredfile_context_manager_exception_suppress(self, super_mock):
        exception = MockException("Should suppress")
        wrapped = MockFile(ZEN, exception=exception)
        mock = NonCallableMagicMock(wraps=wrapped, autospec=True)
        mock.__exit__.side_effect = wrapped.__exit__
        super_mock.mock_object = mock
>       with MeteredFile() as file:

exercises/practice/paasio/paasio_test.py:259: 
_ _ _ _ _ _ _ _ _ _ _ _ _ _ _ _ _ _ _ _ _ _ _ _ _ _ _ _ _ _ _ _ _ _ _ _ _ _ _ _ 

self = <MeteredFile>, exc_type = <class 'test_utils.MockException'>
exc_val = MockException('Should suppress')
exc_tb = <traceback object at 0x7ff410672ac0>

    def __exit__(self, exc_type, exc_val, exc_tb):
>       self.close()
E       ValueError: I/O operation on uninitialized object

exercises/practice/paasio/paasio.py:17: ValueError
____________________ PaasioTest.test_meteredfile_iteration _____________________

self = <paasio_test.PaasioTest testMethod=test_meteredfile_iteration>
super_mock = <SuperMock at 0x7ff410860820 with mock object: <NonCallableMagicMock id='140686225969104'>>

    @patch("paasio.super", create=True, new_callable=SuperMock)
    def test_meteredfile_iteration(self, super_mock):
        mock = NonCallableMagicMock(wraps=MockFile(ZEN), autospec=True)
        super_mock.mock_object = mock
        actual_reads = b""
        file = MeteredFile()
>       for line in file:
E       ValueError: I/O operation on uninitialized object

exercises/practice/paasio/paasio_test.py:275: ValueError
__________________ PaasioTest.test_meteredfile_read_multiple ___________________

self = <paasio_test.PaasioTest testMethod=test_meteredfile_read_multiple>
super_mock = <SuperMock at 0x7ff4104d8b50 with mock object: <NonCallableMagicMock id='140686222265120'>>

    @patch("paasio.super", create=True, new_callable=SuperMock)
    def test_meteredfile_read_multiple(self, super_mock):
        wrapped = MockFile(ZEN)
        mock = NonCallableMagicMock(wraps=wrapped, autospec=True)
        super_mock.mock_object = mock
        actual_read = b""
>       with MeteredFile() as file:

exercises/practice/paasio/paasio_test.py:319: 
_ _ _ _ _ _ _ _ _ _ _ _ _ _ _ _ _ _ _ _ _ _ _ _ _ _ _ _ _ _ _ _ _ _ _ _ _ _ _ _ 

self = <MeteredFile>, exc_type = None, exc_val = None, exc_tb = None

    def __exit__(self, exc_type, exc_val, exc_tb):
>       self.close()
E       ValueError: I/O operation on uninitialized object

exercises/practice/paasio/paasio.py:17: ValueError
_______________ PaasioTest.test_meteredfile_read_multiple_chunk ________________

self = <paasio_test.PaasioTest testMethod=test_meteredfile_read_multiple_chunk>
super_mock = <SuperMock at 0x7ff410779cf0 with mock object: <NonCallableMagicMock id='140686225026032'>>

    @patch("paasio.super", create=True, new_callable=SuperMock)
    def test_meteredfile_read_multiple_chunk(self, super_mock):
        wrapped = MockFile(ZEN, chunk=20)
        mock = NonCallableMagicMock(wraps=wrapped, autospec=True)
        super_mock.mock_object = mock
        actual_read = b""
>       with MeteredFile() as file:

exercises/practice/paasio/paasio_test.py:333: 
_ _ _ _ _ _ _ _ _ _ _ _ _ _ _ _ _ _ _ _ _ _ _ _ _ _ _ _ _ _ _ _ _ _ _ _ _ _ _ _ 

self = <MeteredFile>, exc_type = None, exc_val = None, exc_tb = None

    def __exit__(self, exc_type, exc_val, exc_tb):
>       self.close()
E       ValueError: I/O operation on uninitialized object

exercises/practice/paasio/paasio.py:17: ValueError
____________________ PaasioTest.test_meteredfile_read_once _____________________

self = <paasio_test.PaasioTest testMethod=test_meteredfile_read_once>
super_mock = <SuperMock at 0x7ff4107741c0 with mock object: <NonCallableMagicMock id='140686224998992'>>

    @patch("paasio.super", create=True, new_callable=SuperMock)
    def test_meteredfile_read_once(self, super_mock):
        mock = NonCallableMagicMock(wraps=MockFile(ZEN), autospec=True)
        super_mock.mock_object = mock
>       with MeteredFile() as file:

exercises/practice/paasio/paasio_test.py:290: 
_ _ _ _ _ _ _ _ _ _ _ _ _ _ _ _ _ _ _ _ _ _ _ _ _ _ _ _ _ _ _ _ _ _ _ _ _ _ _ _ 

self = <MeteredFile>, exc_type = None, exc_val = None, exc_tb = None

    def __exit__(self, exc_type, exc_val, exc_tb):
>       self.close()
E       ValueError: I/O operation on uninitialized object

exercises/practice/paasio/paasio.py:17: ValueError
_________________ PaasioTest.test_meteredfile_read_under_size __________________

self = <paasio_test.PaasioTest testMethod=test_meteredfile_read_under_size>
super_mock = <SuperMock at 0x7ff410861180 with mock object: <NonCallableMagicMock id='140686222851232'>>

    @patch("paasio.super", create=True, new_callable=SuperMock)
    def test_meteredfile_read_under_size(self, super_mock):
        wrapped = MockFile(ZEN, chunk=257)  # largish odd number
        mock = NonCallableMagicMock(wraps=wrapped, autospec=True)
        super_mock.mock_object = mock
>       with MeteredFile() as file:

exercises/practice/paasio/paasio_test.py:359: 
_ _ _ _ _ _ _ _ _ _ _ _ _ _ _ _ _ _ _ _ _ _ _ _ _ _ _ _ _ _ _ _ _ _ _ _ _ _ _ _ 

self = <MeteredFile>, exc_type = None, exc_val = None, exc_tb = None

    def __exit__(self, exc_type, exc_val, exc_tb):
>       self.close()
E       ValueError: I/O operation on uninitialized object

exercises/practice/paasio/paasio.py:17: ValueError
_________________ PaasioTest.test_meteredfile_stats_read_only __________________

self = <paasio_test.PaasioTest testMethod=test_meteredfile_stats_read_only>
super_mock = <SuperMock at 0x7ff4106836d0 with mock object: <NonCallableMagicMock id='140686224000048'>>

    @patch("paasio.super", create=True, new_callable=SuperMock)
    def test_meteredfile_stats_read_only(self, super_mock):
        mock = NonCallableMagicMock(wraps=MockFile(ZEN), autospec=True)
        super_mock.mock_object = mock
>       with MeteredFile() as file:

exercises/practice/paasio/paasio_test.py:414: 
_ _ _ _ _ _ _ _ _ _ _ _ _ _ _ _ _ _ _ _ _ _ _ _ _ _ _ _ _ _ _ _ _ _ _ _ _ _ _ _ 

self = <MeteredFile>, exc_type = None, exc_val = None, exc_tb = None

    def __exit__(self, exc_type, exc_val, exc_tb):
>       self.close()
E       ValueError: I/O operation on uninitialized object

exercises/practice/paasio/paasio.py:17: ValueError
__________________ PaasioTest.test_meteredfile_write_multiple __________________

self = <paasio_test.PaasioTest testMethod=test_meteredfile_write_multiple>
super_mock = <SuperMock at 0x7ff410561810 with mock object: <NonCallableMagicMock id='140686222833264'>>

    @patch("paasio.super", create=True, new_callable=SuperMock)
    def test_meteredfile_write_multiple(self, super_mock):
        wrapped = MockFile()
        mock = NonCallableMagicMock(wraps=wrapped, autospec=True)
        super_mock.mock_object = mock
        write_len = 0
        expected = b"Tomorrow's victory is today's practice."
>       with MeteredFile() as file:

exercises/practice/paasio/paasio_test.py:386: 
_ _ _ _ _ _ _ _ _ _ _ _ _ _ _ _ _ _ _ _ _ _ _ _ _ _ _ _ _ _ _ _ _ _ _ _ _ _ _ _ 

self = <MeteredFile>, exc_type = None, exc_val = None, exc_tb = None

    def __exit__(self, exc_type, exc_val, exc_tb):
>       self.close()
E       ValueError: I/O operation on uninitialized object

exercises/practice/paasio/paasio.py:17: ValueError
____________________ PaasioTest.test_meteredfile_write_once ____________________

self = <paasio_test.PaasioTest testMethod=test_meteredfile_write_once>
super_mock = <SuperMock at 0x7ff4105570d0 with mock object: <NonCallableMagicMock id='140686222773456'>>

    @patch("paasio.super", create=True, new_callable=SuperMock)
    def test_meteredfile_write_once(self, super_mock):
        wrapped = MockFile(chunk=257)  # largish odd number
        mock = NonCallableMagicMock(wraps=wrapped, autospec=True)
        super_mock.mock_object = mock
>       with MeteredFile() as file:

exercises/practice/paasio/paasio_test.py:371: 
_ _ _ _ _ _ _ _ _ _ _ _ _ _ _ _ _ _ _ _ _ _ _ _ _ _ _ _ _ _ _ _ _ _ _ _ _ _ _ _ 

self = <MeteredFile>, exc_type = None, exc_val = None, exc_tb = None

    def __exit__(self, exc_type, exc_val, exc_tb):
>       self.close()
E       ValueError: I/O operation on uninitialized object

exercises/practice/paasio/paasio.py:17: ValueError
_________________ PaasioTest.test_meteredfile_write_under_size _________________

self = <paasio_test.PaasioTest testMethod=test_meteredfile_write_under_size>
super_mock = <SuperMock at 0x7ff410566170 with mock object: <NonCallableMagicMock id='140686222850944'>>

    @patch("paasio.super", create=True, new_callable=SuperMock)
    def test_meteredfile_write_under_size(self, super_mock):
        wrapped = MockFile(chunk=257)  # largish odd number
        mock = NonCallableMagicMock(wraps=wrapped, autospec=True)
        super_mock.mock_object = mock
>       with MeteredFile() as file:

exercises/practice/paasio/paasio_test.py:402: 
_ _ _ _ _ _ _ _ _ _ _ _ _ _ _ _ _ _ _ _ _ _ _ _ _ _ _ _ _ _ _ _ _ _ _ _ _ _ _ _ 

self = <MeteredFile>, exc_type = None, exc_val = None, exc_tb = None

    def __exit__(self, exc_type, exc_val, exc_tb):
>       self.close()
E       ValueError: I/O operation on uninitialized object

exercises/practice/paasio/paasio.py:17: ValueError
________________ PaasioTest.test_meteredsocket_bufsize_required ________________

self = <paasio_test.PaasioTest testMethod=test_meteredsocket_bufsize_required>

    def test_meteredsocket_bufsize_required(self):
        mock = NonCallableMagicMock(wraps=MockSock(), autospec=True)
        with self.assertRaisesRegex(TypeError, "argument"):
>           with MeteredSocket(mock) as socket:
E           AttributeError: __enter__

exercises/practice/paasio/paasio_test.py:144: AttributeError
________________ PaasioTest.test_meteredsocket_context_manager _________________

self = <paasio_test.PaasioTest testMethod=test_meteredsocket_context_manager>

    def test_meteredsocket_context_manager(self):
        wrapped = MockSock()
        mock = NonCallableMagicMock(wraps=wrapped, autospec=True)
        mock.__exit__.side_effect = wrapped.__exit__
>       with MeteredSocket(mock) as socket:
E       AttributeError: __enter__

exercises/practice/paasio/paasio_test.py:16: AttributeError
________ PaasioTest.test_meteredsocket_context_manager_exception_raise _________

self = <paasio_test.PaasioTest testMethod=test_meteredsocket_context_manager_exception_raise>

    def test_meteredsocket_context_manager_exception_raise(self):
        exception = MockException("Should raise")
        wrapped = MockSock(exception=exception)
        mock = NonCallableMagicMock(wraps=wrapped, autospec=True)
        mock.__exit__.side_effect = wrapped.__exit__
        with self.assertRaisesRegex(MockException, "Should raise") as err:
>           with MeteredSocket(mock) as socket:
E           AttributeError: __enter__

exercises/practice/paasio/paasio_test.py:33: AttributeError
_______ PaasioTest.test_meteredsocket_context_manager_exception_suppress _______

self = <paasio_test.PaasioTest testMethod=test_meteredsocket_context_manager_exception_suppress>

    def test_meteredsocket_context_manager_exception_suppress(self):
        exception = MockException("Should suppress")
        wrapped = MockSock(exception=exception)
        mock = NonCallableMagicMock(wraps=wrapped, autospec=True)
        mock.__exit__.side_effect = wrapped.__exit__
>       with MeteredSocket(mock) as socket:
E       AttributeError: __enter__

exercises/practice/paasio/paasio_test.py:49: AttributeError
_________________ PaasioTest.test_meteredsocket_flags_support __________________

self = <paasio_test.PaasioTest testMethod=test_meteredsocket_flags_support>

    def test_meteredsocket_flags_support(self):
        mock = NonCallableMagicMock(wraps=MockSock(), autospec=True)
>       with MeteredSocket(mock) as socket:
E       AttributeError: __enter__

exercises/practice/paasio/paasio_test.py:159: AttributeError
_________________ PaasioTest.test_meteredsocket_recv_multiple __________________

self = <paasio_test.PaasioTest testMethod=test_meteredsocket_recv_multiple>

    def test_meteredsocket_recv_multiple(self):
        wrapped = MockSock()
        mock = NonCallableMagicMock(wraps=wrapped, autospec=True)
        actual_recv = b""
>       with MeteredSocket(mock) as socket:
E       AttributeError: __enter__

exercises/practice/paasio/paasio_test.py:72: AttributeError
______________ PaasioTest.test_meteredsocket_recv_multiple_chunk _______________

self = <paasio_test.PaasioTest testMethod=test_meteredsocket_recv_multiple_chunk>

    def test_meteredsocket_recv_multiple_chunk(self):
        wrapped = MockSock(chunk=20)
        mock = NonCallableMagicMock(wraps=wrapped, autospec=True)
        actual_recv = b""
>       with MeteredSocket(mock) as socket:
E       AttributeError: __enter__

exercises/practice/paasio/paasio_test.py:84: AttributeError
___________________ PaasioTest.test_meteredsocket_recv_once ____________________

self = <paasio_test.PaasioTest testMethod=test_meteredsocket_recv_once>

    def test_meteredsocket_recv_once(self):
        mock = NonCallableMagicMock(wraps=MockSock(), autospec=True)
>       with MeteredSocket(mock) as socket:
E       AttributeError: __enter__

exercises/practice/paasio/paasio_test.py:61: AttributeError
________________ PaasioTest.test_meteredsocket_recv_under_size _________________

self = <paasio_test.PaasioTest testMethod=test_meteredsocket_recv_under_size>

    def test_meteredsocket_recv_under_size(self):
        wrapped = MockSock(chunk=257)  # largish odd number
        mock = NonCallableMagicMock(wraps=wrapped, autospec=True)
>       with MeteredSocket(mock) as socket:
E       AttributeError: __enter__

exercises/practice/paasio/paasio_test.py:96: AttributeError
_________________ PaasioTest.test_meteredsocket_send_multiple __________________

self = <paasio_test.PaasioTest testMethod=test_meteredsocket_send_multiple>

    def test_meteredsocket_send_multiple(self):
        wrapped = MockSock()
        mock = NonCallableMagicMock(wraps=wrapped, autospec=True)
        send_len = 0
        expected = b"Tomorrow's victory is today's practice."
>       with MeteredSocket(mock) as socket:
E       AttributeError: __enter__

exercises/practice/paasio/paasio_test.py:119: AttributeError
___________________ PaasioTest.test_meteredsocket_send_once ____________________

self = <paasio_test.PaasioTest testMethod=test_meteredsocket_send_once>

    def test_meteredsocket_send_once(self):
        wrapped = MockSock(chunk=257)  # largish odd number
        mock = NonCallableMagicMock(wraps=wrapped, autospec=True)
>       with MeteredSocket(mock) as socket:
E       AttributeError: __enter__

exercises/practice/paasio/paasio_test.py:106: AttributeError
________________ PaasioTest.test_meteredsocket_send_under_size _________________

self = <paasio_test.PaasioTest testMethod=test_meteredsocket_send_under_size>

    def test_meteredsocket_send_under_size(self):
        wrapped = MockSock(chunk=257)  # largish odd number
        mock = NonCallableMagicMock(wraps=wrapped, autospec=True)
>       with MeteredSocket(mock) as socket:
E       AttributeError: __enter__

exercises/practice/paasio/paasio_test.py:133: AttributeError
________________ PaasioTest.test_meteredsocket_stats_read_only _________________

self = <paasio_test.PaasioTest testMethod=test_meteredsocket_stats_read_only>

    def test_meteredsocket_stats_read_only(self):
        mock = NonCallableMagicMock(wraps=MockSock(), autospec=True)
>       with MeteredSocket(mock) as socket:
E       AttributeError: __enter__

exercises/practice/paasio/paasio_test.py:187: AttributeError
=========================== short test summary info ============================
FAILED exercises/practice/paasio/paasio_test.py::PaasioTest::test_meteredfile_context_manager
FAILED exercises/practice/paasio/paasio_test.py::PaasioTest::test_meteredfile_context_manager_exception_raise
FAILED exercises/practice/paasio/paasio_test.py::PaasioTest::test_meteredfile_context_manager_exception_suppress
FAILED exercises/practice/paasio/paasio_test.py::PaasioTest::test_meteredfile_iteration
FAILED exercises/practice/paasio/paasio_test.py::PaasioTest::test_meteredfile_read_multiple
FAILED exercises/practice/paasio/paasio_test.py::PaasioTest::test_meteredfile_read_multiple_chunk
FAILED exercises/practice/paasio/paasio_test.py::PaasioTest::test_meteredfile_read_once
FAILED exercises/practice/paasio/paasio_test.py::PaasioTest::test_meteredfile_read_under_size
FAILED exercises/practice/paasio/paasio_test.py::PaasioTest::test_meteredfile_stats_read_only
FAILED exercises/practice/paasio/paasio_test.py::PaasioTest::test_meteredfile_write_multiple
FAILED exercises/practice/paasio/paasio_test.py::PaasioTest::test_meteredfile_write_once
FAILED exercises/practice/paasio/paasio_test.py::PaasioTest::test_meteredfile_write_under_size
FAILED exercises/practice/paasio/paasio_test.py::PaasioTest::test_meteredsocket_bufsize_required
FAILED exercises/practice/paasio/paasio_test.py::PaasioTest::test_meteredsocket_context_manager
FAILED exercises/practice/paasio/paasio_test.py::PaasioTest::test_meteredsocket_context_manager_exception_raise
FAILED exercises/practice/paasio/paasio_test.py::PaasioTest::test_meteredsocket_context_manager_exception_suppress
FAILED exercises/practice/paasio/paasio_test.py::PaasioTest::test_meteredsocket_flags_support
FAILED exercises/practice/paasio/paasio_test.py::PaasioTest::test_meteredsocket_recv_multiple
FAILED exercises/practice/paasio/paasio_test.py::PaasioTest::test_meteredsocket_recv_multiple_chunk
FAILED exercises/practice/paasio/paasio_test.py::PaasioTest::test_meteredsocket_recv_once
FAILED exercises/practice/paasio/paasio_test.py::PaasioTest::test_meteredsocket_recv_under_size
FAILED exercises/practice/paasio/paasio_test.py::PaasioTest::test_meteredsocket_send_multiple
FAILED exercises/practice/paasio/paasio_test.py::PaasioTest::test_meteredsocket_send_once
FAILED exercises/practice/paasio/paasio_test.py::PaasioTest::test_meteredsocket_send_under_size
FAILED exercises/practice/paasio/paasio_test.py::PaasioTest::test_meteredsocket_stats_read_only
============================== 25 failed in 0.58s ==============================
