============================= test session starts ==============================
platform linux -- Python 3.10.12, pytest-7.4.0, pluggy-1.2.0
rootdir: /home/jake/Development/exercism-python
configfile: pytest.ini
plugins: mock-3.11.1, reportlog-0.4.0, repeat-0.9.1, asyncio-0.21.1
asyncio: mode=strict
collected 21 items

exercises/practice/all-your-base/all_your_base_test.py .....F......F.... [ 80%]
..F.                                                                     [100%]

=================================== FAILURES ===================================
_______________________ AllYourBaseTest.test_empty_list ________________________

self = <all_your_base_test.AllYourBaseTest testMethod=test_empty_list>

    def test_empty_list(self):
>       self.assertEqual(rebase(2, [], 10), [0])
E       AssertionError: Lists differ: [] != [0]
E       
E       Second list contains 1 additional elements.
E       First extra element 0:
E       0
E       
E       - []
E       + [0]
E       ?  +

exercises/practice/all-your-base/all_your_base_test.py:38: AssertionError
_____________________ AllYourBaseTest.test_multiple_zeros ______________________

self = <all_your_base_test.AllYourBaseTest testMethod=test_multiple_zeros>

    def test_multiple_zeros(self):
>       self.assertEqual(rebase(10, [0, 0, 0], 2), [0])
E       AssertionError: Lists differ: [] != [0]
E       
E       Second list contains 1 additional elements.
E       First extra element 0:
E       0
E       
E       - []
E       + [0]
E       ?  +

exercises/practice/all-your-base/all_your_base_test.py:44: AssertionError
_______________________ AllYourBaseTest.test_single_zero _______________________

self = <all_your_base_test.AllYourBaseTest testMethod=test_single_zero>

    def test_single_zero(self):
>       self.assertEqual(rebase(10, [0], 2), [0])
E       AssertionError: Lists differ: [] != [0]
E       
E       Second list contains 1 additional elements.
E       First extra element 0:
E       0
E       
E       - []
E       + [0]
E       ?  +

exercises/practice/all-your-base/all_your_base_test.py:41: AssertionError
=========================== short test summary info ============================
FAILED exercises/practice/all-your-base/all_your_base_test.py::AllYourBaseTest::test_empty_list
FAILED exercises/practice/all-your-base/all_your_base_test.py::AllYourBaseTest::test_multiple_zeros
FAILED exercises/practice/all-your-base/all_your_base_test.py::AllYourBaseTest::test_single_zero
========================= 3 failed, 18 passed in 0.05s =========================
