============================= test session starts ==============================
platform linux -- Python 3.10.12, pytest-7.4.0, pluggy-1.2.0
rootdir: /home/jake/Development/exercism-python
configfile: pytest.ini
plugins: mock-3.11.1, reportlog-0.4.0, repeat-0.9.1
collected 12 items

exercises/practice/dot-dsl/dot_dsl_test.py FFFFFFFFFFFF                  [100%]

=================================== FAILURES ===================================
_________________________ DotDslTest.test_empty_graph __________________________

self = <dot_dsl_test.DotDslTest testMethod=test_empty_graph>

    def test_empty_graph(self):
        g = Graph()
    
        self.assertEqual(g.nodes, [])
        self.assertEqual(g.edges, [])
>       self.assertEqual(g.attrs, {})
E       AttributeError: 'Graph' object has no attribute 'attrs'

exercises/practice/dot-dsl/dot_dsl_test.py:12: AttributeError
____________________ DotDslTest.test_graph_with_attributes _____________________

self = <dot_dsl_test.DotDslTest testMethod=test_graph_with_attributes>

    def test_graph_with_attributes(self):
>       g = Graph([
            (ATTR, "foo", "1"),
            (ATTR, "title", "Testing Attrs"),
            (NODE, "a", {"color": "green"}),
            (NODE, "c", {}),
            (NODE, "b", {"label": "Beta!"}),
            (EDGE, "b", "c", {}),
            (EDGE, "a", "b", {"color": "blue"}),
            (ATTR, "bar", "true")
        ])

exercises/practice/dot-dsl/dot_dsl_test.py:51: 
_ _ _ _ _ _ _ _ _ _ _ _ _ _ _ _ _ _ _ _ _ _ _ _ _ _ _ _ _ _ _ _ _ _ _ _ _ _ _ _ 
exercises/practice/dot-dsl/dot_dsl.py:35: in __init__
    self.parse_dsl(data)
_ _ _ _ _ _ _ _ _ _ _ _ _ _ _ _ _ _ _ _ _ _ _ _ _ _ _ _ _ _ _ _ _ _ _ _ _ _ _ _ 

self = <dot_dsl.Graph object at 0x7f94bab6f8b0>
data = [(2, 'foo', '1'), (2, 'title', 'Testing Attrs'), (0, 'a', {'color': 'green'}), (0, 'c', {}), (0, 'b', {'label': 'Beta!'}), (1, 'b', 'c', {}), ...]

    def parse_dsl(self, data):
>       lines = data.strip().split("\n")
E       AttributeError: 'list' object has no attribute 'strip'

exercises/practice/dot-dsl/dot_dsl.py:38: AttributeError
___________________ DotDslTest.test_graph_with_one_attribute ___________________

self = <dot_dsl_test.DotDslTest testMethod=test_graph_with_one_attribute>

    def test_graph_with_one_attribute(self):
>       g = Graph([
            (ATTR, "foo", "1")
        ])

exercises/practice/dot-dsl/dot_dsl_test.py:42: 
_ _ _ _ _ _ _ _ _ _ _ _ _ _ _ _ _ _ _ _ _ _ _ _ _ _ _ _ _ _ _ _ _ _ _ _ _ _ _ _ 
exercises/practice/dot-dsl/dot_dsl.py:35: in __init__
    self.parse_dsl(data)
_ _ _ _ _ _ _ _ _ _ _ _ _ _ _ _ _ _ _ _ _ _ _ _ _ _ _ _ _ _ _ _ _ _ _ _ _ _ _ _ 

self = <dot_dsl.Graph object at 0x7f94bab65cf0>, data = [(2, 'foo', '1')]

    def parse_dsl(self, data):
>       lines = data.strip().split("\n")
E       AttributeError: 'list' object has no attribute 'strip'

exercises/practice/dot-dsl/dot_dsl.py:38: AttributeError
_____________________ DotDslTest.test_graph_with_one_edge ______________________

self = <dot_dsl_test.DotDslTest testMethod=test_graph_with_one_edge>

    def test_graph_with_one_edge(self):
>       g = Graph([
            (EDGE, "a", "b", {})
        ])

exercises/practice/dot-dsl/dot_dsl_test.py:33: 
_ _ _ _ _ _ _ _ _ _ _ _ _ _ _ _ _ _ _ _ _ _ _ _ _ _ _ _ _ _ _ _ _ _ _ _ _ _ _ _ 
exercises/practice/dot-dsl/dot_dsl.py:35: in __init__
    self.parse_dsl(data)
_ _ _ _ _ _ _ _ _ _ _ _ _ _ _ _ _ _ _ _ _ _ _ _ _ _ _ _ _ _ _ _ _ _ _ _ _ _ _ _ 

self = <dot_dsl.Graph object at 0x7f94bad001f0>, data = [(1, 'a', 'b', {})]

    def parse_dsl(self, data):
>       lines = data.strip().split("\n")
E       AttributeError: 'list' object has no attribute 'strip'

exercises/practice/dot-dsl/dot_dsl.py:38: AttributeError
_____________________ DotDslTest.test_graph_with_one_node ______________________

self = <dot_dsl_test.DotDslTest testMethod=test_graph_with_one_node>

    def test_graph_with_one_node(self):
>       g = Graph([
            (NODE, "a", {})
        ])

exercises/practice/dot-dsl/dot_dsl_test.py:15: 
_ _ _ _ _ _ _ _ _ _ _ _ _ _ _ _ _ _ _ _ _ _ _ _ _ _ _ _ _ _ _ _ _ _ _ _ _ _ _ _ 
exercises/practice/dot-dsl/dot_dsl.py:35: in __init__
    self.parse_dsl(data)
_ _ _ _ _ _ _ _ _ _ _ _ _ _ _ _ _ _ _ _ _ _ _ _ _ _ _ _ _ _ _ _ _ _ _ _ _ _ _ _ 

self = <dot_dsl.Graph object at 0x7f94bab6d570>, data = [(0, 'a', {})]

    def parse_dsl(self, data):
>       lines = data.strip().split("\n")
E       AttributeError: 'list' object has no attribute 'strip'

exercises/practice/dot-dsl/dot_dsl.py:38: AttributeError
______________ DotDslTest.test_graph_with_one_node_with_keywords _______________

self = <dot_dsl_test.DotDslTest testMethod=test_graph_with_one_node_with_keywords>

    def test_graph_with_one_node_with_keywords(self):
>       g = Graph([
            (NODE, "a", {"color": "green"})
        ])

exercises/practice/dot-dsl/dot_dsl_test.py:24: 
_ _ _ _ _ _ _ _ _ _ _ _ _ _ _ _ _ _ _ _ _ _ _ _ _ _ _ _ _ _ _ _ _ _ _ _ _ _ _ _ 
exercises/practice/dot-dsl/dot_dsl.py:35: in __init__
    self.parse_dsl(data)
_ _ _ _ _ _ _ _ _ _ _ _ _ _ _ _ _ _ _ _ _ _ _ _ _ _ _ _ _ _ _ _ _ _ _ _ _ _ _ _ 

self = <dot_dsl.Graph object at 0x7f94bad005b0>
data = [(0, 'a', {'color': 'green'})]

    def parse_dsl(self, data):
>       lines = data.strip().split("\n")
E       AttributeError: 'list' object has no attribute 'strip'

exercises/practice/dot-dsl/dot_dsl.py:38: AttributeError
________________________ DotDslTest.test_malformed_EDGE ________________________

self = <dot_dsl_test.DotDslTest testMethod=test_malformed_EDGE>

    def test_malformed_EDGE(self):
        with self.assertRaises(ValueError) as err:
>           Graph([(EDGE, 1, 2)])

exercises/practice/dot-dsl/dot_dsl_test.py:113: 
_ _ _ _ _ _ _ _ _ _ _ _ _ _ _ _ _ _ _ _ _ _ _ _ _ _ _ _ _ _ _ _ _ _ _ _ _ _ _ _ 
exercises/practice/dot-dsl/dot_dsl.py:35: in __init__
    self.parse_dsl(data)
_ _ _ _ _ _ _ _ _ _ _ _ _ _ _ _ _ _ _ _ _ _ _ _ _ _ _ _ _ _ _ _ _ _ _ _ _ _ _ _ 

    def parse_dsl(self, data):
>       lines = data.strip().split("\n")
E       AttributeError: 'list' object has no attribute 'strip'

exercises/practice/dot-dsl/dot_dsl.py:38: AttributeError
________________________ DotDslTest.test_malformed_attr ________________________

self = <dot_dsl_test.DotDslTest testMethod=test_malformed_attr>

    def test_malformed_attr(self):
        with self.assertRaises(ValueError) as err:
>           Graph([(ATTR, 1, 2, 3)])

exercises/practice/dot-dsl/dot_dsl_test.py:99: 
_ _ _ _ _ _ _ _ _ _ _ _ _ _ _ _ _ _ _ _ _ _ _ _ _ _ _ _ _ _ _ _ _ _ _ _ _ _ _ _ 
exercises/practice/dot-dsl/dot_dsl.py:35: in __init__
    self.parse_dsl(data)
_ _ _ _ _ _ _ _ _ _ _ _ _ _ _ _ _ _ _ _ _ _ _ _ _ _ _ _ _ _ _ _ _ _ _ _ _ _ _ _ 

    def parse_dsl(self, data):
>       lines = data.strip().split("\n")
E       AttributeError: 'list' object has no attribute 'strip'

exercises/practice/dot-dsl/dot_dsl.py:38: AttributeError
_______________________ DotDslTest.test_malformed_graph ________________________

self = <dot_dsl_test.DotDslTest testMethod=test_malformed_graph>

    def test_malformed_graph(self):
        with self.assertRaises(TypeError) as err:
>           Graph(1)

exercises/practice/dot-dsl/dot_dsl_test.py:75: 
_ _ _ _ _ _ _ _ _ _ _ _ _ _ _ _ _ _ _ _ _ _ _ _ _ _ _ _ _ _ _ _ _ _ _ _ _ _ _ _ 
exercises/practice/dot-dsl/dot_dsl.py:35: in __init__
    self.parse_dsl(data)
_ _ _ _ _ _ _ _ _ _ _ _ _ _ _ _ _ _ _ _ _ _ _ _ _ _ _ _ _ _ _ _ _ _ _ _ _ _ _ _ 

    def parse_dsl(self, data):
>       lines = data.strip().split("\n")
E       AttributeError: 'int' object has no attribute 'strip'

exercises/practice/dot-dsl/dot_dsl.py:38: AttributeError
_____________________ DotDslTest.test_malformed_graph_item _____________________

self = <dot_dsl_test.DotDslTest testMethod=test_malformed_graph_item>

    def test_malformed_graph_item(self):
        with self.assertRaises(TypeError) as err:
>           Graph([()])

exercises/practice/dot-dsl/dot_dsl_test.py:86: 
_ _ _ _ _ _ _ _ _ _ _ _ _ _ _ _ _ _ _ _ _ _ _ _ _ _ _ _ _ _ _ _ _ _ _ _ _ _ _ _ 
exercises/practice/dot-dsl/dot_dsl.py:35: in __init__
    self.parse_dsl(data)
_ _ _ _ _ _ _ _ _ _ _ _ _ _ _ _ _ _ _ _ _ _ _ _ _ _ _ _ _ _ _ _ _ _ _ _ _ _ _ _ 

    def parse_dsl(self, data):
>       lines = data.strip().split("\n")
E       AttributeError: 'list' object has no attribute 'strip'

exercises/practice/dot-dsl/dot_dsl.py:38: AttributeError
________________________ DotDslTest.test_malformed_node ________________________

self = <dot_dsl_test.DotDslTest testMethod=test_malformed_node>

    def test_malformed_node(self):
        with self.assertRaises(ValueError) as err:
>           Graph([(NODE, 1, 2, 3)])

exercises/practice/dot-dsl/dot_dsl_test.py:106: 
_ _ _ _ _ _ _ _ _ _ _ _ _ _ _ _ _ _ _ _ _ _ _ _ _ _ _ _ _ _ _ _ _ _ _ _ _ _ _ _ 
exercises/practice/dot-dsl/dot_dsl.py:35: in __init__
    self.parse_dsl(data)
_ _ _ _ _ _ _ _ _ _ _ _ _ _ _ _ _ _ _ _ _ _ _ _ _ _ _ _ _ _ _ _ _ _ _ _ _ _ _ _ 

    def parse_dsl(self, data):
>       lines = data.strip().split("\n")
E       AttributeError: 'list' object has no attribute 'strip'

exercises/practice/dot-dsl/dot_dsl.py:38: AttributeError
_________________________ DotDslTest.test_unknown_item _________________________

self = <dot_dsl_test.DotDslTest testMethod=test_unknown_item>

    def test_unknown_item(self):
        with self.assertRaises(ValueError) as err:
>           Graph([(99, 1, 2)])

exercises/practice/dot-dsl/dot_dsl_test.py:119: 
_ _ _ _ _ _ _ _ _ _ _ _ _ _ _ _ _ _ _ _ _ _ _ _ _ _ _ _ _ _ _ _ _ _ _ _ _ _ _ _ 
exercises/practice/dot-dsl/dot_dsl.py:35: in __init__
    self.parse_dsl(data)
_ _ _ _ _ _ _ _ _ _ _ _ _ _ _ _ _ _ _ _ _ _ _ _ _ _ _ _ _ _ _ _ _ _ _ _ _ _ _ _ 

    def parse_dsl(self, data):
>       lines = data.strip().split("\n")
E       AttributeError: 'list' object has no attribute 'strip'

exercises/practice/dot-dsl/dot_dsl.py:38: AttributeError
=========================== short test summary info ============================
FAILED exercises/practice/dot-dsl/dot_dsl_test.py::DotDslTest::test_empty_graph
FAILED exercises/practice/dot-dsl/dot_dsl_test.py::DotDslTest::test_graph_with_attributes
FAILED exercises/practice/dot-dsl/dot_dsl_test.py::DotDslTest::test_graph_with_one_attribute
FAILED exercises/practice/dot-dsl/dot_dsl_test.py::DotDslTest::test_graph_with_one_edge
FAILED exercises/practice/dot-dsl/dot_dsl_test.py::DotDslTest::test_graph_with_one_node
FAILED exercises/practice/dot-dsl/dot_dsl_test.py::DotDslTest::test_graph_with_one_node_with_keywords
FAILED exercises/practice/dot-dsl/dot_dsl_test.py::DotDslTest::test_malformed_EDGE
FAILED exercises/practice/dot-dsl/dot_dsl_test.py::DotDslTest::test_malformed_attr
FAILED exercises/practice/dot-dsl/dot_dsl_test.py::DotDslTest::test_malformed_graph
FAILED exercises/practice/dot-dsl/dot_dsl_test.py::DotDslTest::test_malformed_graph_item
FAILED exercises/practice/dot-dsl/dot_dsl_test.py::DotDslTest::test_malformed_node
FAILED exercises/practice/dot-dsl/dot_dsl_test.py::DotDslTest::test_unknown_item
============================== 12 failed in 0.10s ==============================
