============================= test session starts ==============================
platform linux -- Python 3.10.12, pytest-7.4.0, pluggy-1.3.0
rootdir: /home/jake/Development/mentat/tests/benchmarks/repos/exercism-python
configfile: pytest.ini
plugins: mock-3.11.1, reportlog-0.4.0, asyncio-0.21.1, xdist-3.3.1
asyncio: mode=strict
collected 14 items

exercises/practice/queen-attack/queen_attack_test.py .........FF...      [100%]

=================================== FAILURES ===================================
_____________ QueenAttackTest.test_queen_must_have_positive_column _____________

self = <queen_attack_test.QueenAttackTest testMethod=test_queen_must_have_positive_column>

    def test_queen_must_have_positive_column(self):
        with self.assertRaises(ValueError) as err:
            Queen(2, -2)
        self.assertEqual(type(err.exception), ValueError)
>       self.assertEqual(err.exception.args[0], "column not positive")
E       AssertionError: 'column not on board' != 'column not positive'
E       - column not on board
E       + column not positive

exercises/practice/queen-attack/queen_attack_test.py:33: AssertionError
______________ QueenAttackTest.test_queen_must_have_positive_row _______________

self = <queen_attack_test.QueenAttackTest testMethod=test_queen_must_have_positive_row>

    def test_queen_must_have_positive_row(self):
        with self.assertRaises(ValueError) as err:
            Queen(-2, 2)
        self.assertEqual(type(err.exception), ValueError)
>       self.assertEqual(err.exception.args[0], "row not positive")
E       AssertionError: 'row not on board' != 'row not positive'
E       - row not on board
E       + row not positive

exercises/practice/queen-attack/queen_attack_test.py:21: AssertionError
=========================== short test summary info ============================
FAILED exercises/practice/queen-attack/queen_attack_test.py::QueenAttackTest::test_queen_must_have_positive_column
FAILED exercises/practice/queen-attack/queen_attack_test.py::QueenAttackTest::test_queen_must_have_positive_row
========================= 2 failed, 12 passed in 0.05s =========================
