============================= test session starts ==============================
platform linux -- Python 3.10.12, pytest-7.4.0, pluggy-1.2.0
rootdir: /home/jake/Development/exercism-python
configfile: pytest.ini
plugins: mock-3.11.1, reportlog-0.4.0, repeat-0.9.1, asyncio-0.21.1
asyncio: mode=strict
collected 14 items

exercises/practice/queen-attack/queen_attack_test.py ........F..F..      [100%]

=================================== FAILURES ===================================
_____________ QueenAttackTest.test_queen_must_have_column_on_board _____________

self = <queen_attack_test.QueenAttackTest testMethod=test_queen_must_have_column_on_board>

    def test_queen_must_have_column_on_board(self):
        with self.assertRaises(ValueError) as err:
            Queen(4, 8)
        self.assertEqual(type(err.exception), ValueError)
>       self.assertEqual(err.exception.args[0], "column not on board")
E       AssertionError: 'column not positive' != 'column not on board'
E       - column not positive
E       + column not on board

exercises/practice/queen-attack/queen_attack_test.py:39: AssertionError
______________ QueenAttackTest.test_queen_must_have_row_on_board _______________

self = <queen_attack_test.QueenAttackTest testMethod=test_queen_must_have_row_on_board>

    def test_queen_must_have_row_on_board(self):
        with self.assertRaises(ValueError) as err:
            Queen(8, 4)
        self.assertEqual(type(err.exception), ValueError)
>       self.assertEqual(err.exception.args[0], "row not on board")
E       AssertionError: 'row not positive' != 'row not on board'
E       - row not positive
E       + row not on board

exercises/practice/queen-attack/queen_attack_test.py:27: AssertionError
=========================== short test summary info ============================
FAILED exercises/practice/queen-attack/queen_attack_test.py::QueenAttackTest::test_queen_must_have_column_on_board
FAILED exercises/practice/queen-attack/queen_attack_test.py::QueenAttackTest::test_queen_must_have_row_on_board
========================= 2 failed, 12 passed in 0.05s =========================
