============================= test session starts ==============================
platform linux -- Python 3.10.12, pytest-7.4.0, pluggy-1.2.0
rootdir: /home/jake/Development/exercism-python
configfile: pytest.ini
plugins: mock-3.11.1, reportlog-0.4.0, repeat-0.9.1
collected 43 items

exercises/practice/rational-numbers/rational_numbers_test.py ........... [ 25%]
................................                                         [100%]

============================== 43 passed in 0.10s ==============================
