============================= test session starts ==============================
platform linux -- Python 3.10.12, pytest-7.4.0, pluggy-1.3.0
rootdir: /home/jake/Development/mentat/tests/benchmarks/repos/exercism-python
configfile: pytest.ini
plugins: mock-3.11.1, reportlog-0.4.0, asyncio-0.21.1, xdist-3.3.1
asyncio: mode=strict
collected 6 items

exercises/practice/rail-fence-cipher/rail_fence_cipher_test.py FFF...    [100%]

=================================== FAILURES ===================================
_______________ RailFenceCipherTest.test_decode_with_five_rails ________________

self = <rail_fence_cipher_test.RailFenceCipherTest testMethod=test_decode_with_five_rails>

    def test_decode_with_five_rails(self):
>       self.assertMultiLineEqual(decode("EIEXMSMESAORIWSCE", 5), "EXERCISMISAWESOME")

exercises/practice/rail-fence-cipher/rail_fence_cipher_test.py:31: 
_ _ _ _ _ _ _ _ _ _ _ _ _ _ _ _ _ _ _ _ _ _ _ _ _ _ _ _ _ _ _ _ _ _ _ _ _ _ _ _ 
exercises/practice/rail-fence-cipher/rail_fence_cipher.py:48: in decode
    order = sorted(range(n), key=lambda i: indices.index(i))
_ _ _ _ _ _ _ _ _ _ _ _ _ _ _ _ _ _ _ _ _ _ _ _ _ _ _ _ _ _ _ _ _ _ _ _ _ _ _ _ 

i = 5

>   order = sorted(range(n), key=lambda i: indices.index(i))
E   ValueError: 5 is not in list

exercises/practice/rail-fence-cipher/rail_fence_cipher.py:48: ValueError
________________ RailFenceCipherTest.test_decode_with_six_rails ________________

self = <rail_fence_cipher_test.RailFenceCipherTest testMethod=test_decode_with_six_rails>

    def test_decode_with_six_rails(self):
        self.assertMultiLineEqual(
>           decode("133714114238148966225439541018335470986172518171757571896261", 6),
            "112358132134558914423337761098715972584418167651094617711286",
        )

exercises/practice/rail-fence-cipher/rail_fence_cipher_test.py:35: 
_ _ _ _ _ _ _ _ _ _ _ _ _ _ _ _ _ _ _ _ _ _ _ _ _ _ _ _ _ _ _ _ _ _ _ _ _ _ _ _ 
exercises/practice/rail-fence-cipher/rail_fence_cipher.py:48: in decode
    order = sorted(range(n), key=lambda i: indices.index(i))
_ _ _ _ _ _ _ _ _ _ _ _ _ _ _ _ _ _ _ _ _ _ _ _ _ _ _ _ _ _ _ _ _ _ _ _ _ _ _ _ 

i = 6

>   order = sorted(range(n), key=lambda i: indices.index(i))
E   ValueError: 6 is not in list

exercises/practice/rail-fence-cipher/rail_fence_cipher.py:48: ValueError
_______________ RailFenceCipherTest.test_decode_with_three_rails _______________

self = <rail_fence_cipher_test.RailFenceCipherTest testMethod=test_decode_with_three_rails>

    def test_decode_with_three_rails(self):
        self.assertMultiLineEqual(
>           decode("TEITELHDVLSNHDTISEIIEA", 3), "THEDEVILISINTHEDETAILS"
        )

exercises/practice/rail-fence-cipher/rail_fence_cipher_test.py:27: 
_ _ _ _ _ _ _ _ _ _ _ _ _ _ _ _ _ _ _ _ _ _ _ _ _ _ _ _ _ _ _ _ _ _ _ _ _ _ _ _ 
exercises/practice/rail-fence-cipher/rail_fence_cipher.py:48: in decode
    order = sorted(range(n), key=lambda i: indices.index(i))
_ _ _ _ _ _ _ _ _ _ _ _ _ _ _ _ _ _ _ _ _ _ _ _ _ _ _ _ _ _ _ _ _ _ _ _ _ _ _ _ 

i = 3

>   order = sorted(range(n), key=lambda i: indices.index(i))
E   ValueError: 3 is not in list

exercises/practice/rail-fence-cipher/rail_fence_cipher.py:48: ValueError
=========================== short test summary info ============================
FAILED exercises/practice/rail-fence-cipher/rail_fence_cipher_test.py::RailFenceCipherTest::test_decode_with_five_rails
FAILED exercises/practice/rail-fence-cipher/rail_fence_cipher_test.py::RailFenceCipherTest::test_decode_with_six_rails
FAILED exercises/practice/rail-fence-cipher/rail_fence_cipher_test.py::RailFenceCipherTest::test_decode_with_three_rails
========================= 3 failed, 3 passed in 0.04s ==========================
