============================= test session starts ==============================
platform linux -- Python 3.10.12, pytest-7.4.0, pluggy-1.2.0
rootdir: /home/jake/Development/exercism-python
configfile: pytest.ini
plugins: mock-3.11.1, reportlog-0.4.0, repeat-0.9.1
collected 12 items

exercises/practice/change/change_test.py .F...FF..F..                    [100%]

=================================== FAILURES ===================================
______________ ChangeTest.test_cannot_find_negative_change_values ______________

self = <change_test.ChangeTest testMethod=test_cannot_find_negative_change_values>

    def test_cannot_find_negative_change_values(self):
        with self.assertRaises(ValueError) as err:
            find_fewest_coins([1, 2, 5], -5)
        self.assertEqual(type(err.exception), ValueError)
>       self.assertEqual(err.exception.args[0], "target can't be negative")
E       AssertionError: 'Negative change is not allowed.' != "target can't be negative"
E       - Negative change is not allowed.
E       + target can't be negative

exercises/practice/change/change_test.py:59: AssertionError
_________ ChangeTest.test_error_if_no_combination_can_add_up_to_target _________

self = <change_test.ChangeTest testMethod=test_error_if_no_combination_can_add_up_to_target>

    def test_error_if_no_combination_can_add_up_to_target(self):
        with self.assertRaises(ValueError) as err:
            find_fewest_coins([5, 10], 94)
        self.assertEqual(type(err.exception), ValueError)
>       self.assertEqual(err.exception.args[0], "can't make target with given coins")
E       AssertionError: 'Cannot make change with the given coins.' != "can't make target with given coins"
E       - Cannot make change with the given coins.
E       ? ^  ^^       ^^ ^       ----            -
E       + can't make target with given coins
E       ? ^  ^       ^ ^  +

exercises/practice/change/change_test.py:53: AssertionError
_ ChangeTest.test_error_testing_for_change_smaller_than_the_smallest_of_coins __

self = <change_test.ChangeTest testMethod=test_error_testing_for_change_smaller_than_the_smallest_of_coins>

    def test_error_testing_for_change_smaller_than_the_smallest_of_coins(self):
        with self.assertRaises(ValueError) as err:
            find_fewest_coins([5, 10], 3)
        self.assertEqual(type(err.exception), ValueError)
>       self.assertEqual(err.exception.args[0], "can't make target with given coins")
E       AssertionError: 'Change value is smaller than the smallest coin value.' != "can't make target with given coins"
E       - Change value is smaller than the smallest coin value.
E       + can't make target with given coins

exercises/practice/change/change_test.py:47: AssertionError
____________________ ChangeTest.test_no_coins_make_0_change ____________________

self = <change_test.ChangeTest testMethod=test_no_coins_make_0_change>

    def test_no_coins_make_0_change(self):
>       self.assertEqual(find_fewest_coins([1, 5, 10, 21, 25], 0), [])

exercises/practice/change/change_test.py:41: 
_ _ _ _ _ _ _ _ _ _ _ _ _ _ _ _ _ _ _ _ _ _ _ _ _ _ _ _ _ _ _ _ _ _ _ _ _ _ _ _ 

coins = [1, 5, 10, 21, 25], target = 0

    def find_fewest_coins(coins, target):
        if target < 0:
            raise ValueError("Negative change is not allowed.")
        if target < min(coins):
>           raise ValueError("Change value is smaller than the smallest coin value.")
E           ValueError: Change value is smaller than the smallest coin value.

exercises/practice/change/change.py:5: ValueError
=========================== short test summary info ============================
FAILED exercises/practice/change/change_test.py::ChangeTest::test_cannot_find_negative_change_values
FAILED exercises/practice/change/change_test.py::ChangeTest::test_error_if_no_combination_can_add_up_to_target
FAILED exercises/practice/change/change_test.py::ChangeTest::test_error_testing_for_change_smaller_than_the_smallest_of_coins
FAILED exercises/practice/change/change_test.py::ChangeTest::test_no_coins_make_0_change
========================= 4 failed, 8 passed in 0.05s ==========================
