============================= test session starts ==============================
platform linux -- Python 3.10.12, pytest-7.4.0, pluggy-1.3.0
rootdir: /home/jake/Development/mentat/tests/benchmarks/repos/exercism-python
configfile: pytest.ini
plugins: mock-3.11.1, reportlog-0.4.0, asyncio-0.21.1, xdist-3.3.1
asyncio: mode=strict
collected 6 items

exercises/practice/satellite/satellite_test.py F.....                    [100%]

=================================== FAILURES ===================================
________________________ SatelliteTest.test_empty_tree _________________________

self = <satellite_test.SatelliteTest testMethod=test_empty_tree>

    def test_empty_tree(self):
        preorder = []
        inorder = []
    
        expected = {}
>       self.assertEqual(tree_from_traversals(preorder, inorder), expected)

exercises/practice/satellite/satellite_test.py:18: 
_ _ _ _ _ _ _ _ _ _ _ _ _ _ _ _ _ _ _ _ _ _ _ _ _ _ _ _ _ _ _ _ _ _ _ _ _ _ _ _ 

preorder = [], inorder = []

    def tree_from_traversals(preorder, inorder):
        if len(preorder) != len(inorder):
            raise ValueError("traversals must have the same length")
    
        if sorted(preorder) != sorted(inorder):
            raise ValueError("traversals must have the same elements")
    
        if len(set(preorder)) != len(preorder) or len(set(inorder)) != len(inorder):
            raise ValueError("traversals must contain unique items")
    
        def build_tree(preorder, inorder):
            if not preorder or not inorder:
                return None
    
            root_value = preorder[0]
            root = Node(root_value)
            root_index = inorder.index(root_value)
    
            root.left = build_tree(preorder[1:1+root_index], inorder[:root_index])
            root.right = build_tree(preorder[1+root_index:], inorder[root_index+1:])
    
            return root
    
>       return build_tree(preorder, inorder).to_dict()
E       AttributeError: 'NoneType' object has no attribute 'to_dict'

exercises/practice/satellite/satellite.py:36: AttributeError
=========================== short test summary info ============================
FAILED exercises/practice/satellite/satellite_test.py::SatelliteTest::test_empty_tree
========================= 1 failed, 5 passed in 0.04s ==========================
