============================= test session starts ==============================
platform linux -- Python 3.10.12, pytest-7.4.0, pluggy-1.3.0
rootdir: /home/jake/Development/mentat/tests/benchmarks/repos/exercism-python
configfile: pytest.ini
plugins: mock-3.11.1, reportlog-0.4.0, asyncio-0.21.1, xdist-3.3.1
asyncio: mode=strict
collected 6 items

exercises/practice/satellite/satellite_test.py ....F.                    [100%]

=================================== FAILURES ===================================
___________________ SatelliteTest.test_tree_with_many_items ____________________

self = <satellite_test.SatelliteTest testMethod=test_tree_with_many_items>

    def test_tree_with_many_items(self):
        preorder = ["a", "i", "x", "f", "r"]
        inorder = ["i", "a", "f", "x", "r"]
    
        expected = {
            "v": "a",
            "l": {"v": "i", "l": {}, "r": {}},
            "r": {
                "v": "x",
                "l": {"v": "f", "l": {}, "r": {}},
                "r": {"v": "r", "l": {}, "r": {}},
            },
        }
>       self.assertEqual(tree_from_traversals(preorder, inorder), expected)

exercises/practice/satellite/satellite_test.py:40: 
_ _ _ _ _ _ _ _ _ _ _ _ _ _ _ _ _ _ _ _ _ _ _ _ _ _ _ _ _ _ _ _ _ _ _ _ _ _ _ _ 
exercises/practice/satellite/satellite.py:32: in tree_from_traversals
    return build_tree(preorder, inorder)
exercises/practice/satellite/satellite.py:16: in build_tree
    root.right = build_tree(preorder[1 + root_index:], inorder[root_index + 1:])
exercises/practice/satellite/satellite.py:17: in build_tree
    return root.to_dict()
_ _ _ _ _ _ _ _ _ _ _ _ _ _ _ _ _ _ _ _ _ _ _ _ _ _ _ _ _ _ _ _ _ _ _ _ _ _ _ _ 

self = <satellite.tree_from_traversals.<locals>.TreeNode object at 0x7f0607864e20>

    def to_dict(self):
        return {
            'v': self.value,
>           'l': self.left.to_dict() if self.left else {},
            'r': self.right.to_dict() if self.right else {}
        }
E       AttributeError: 'dict' object has no attribute 'to_dict'

exercises/practice/satellite/satellite.py:28: AttributeError
=========================== short test summary info ============================
FAILED exercises/practice/satellite/satellite_test.py::SatelliteTest::test_tree_with_many_items
========================= 1 failed, 5 passed in 0.04s ==========================
