============================= test session starts ==============================
platform linux -- Python 3.10.12, pytest-7.4.0, pluggy-1.2.0
rootdir: /home/jake/Development/exercism-python
configfile: pytest.ini
plugins: mock-3.11.1, reportlog-0.4.0, repeat-0.9.1
collected 6 items

exercises/practice/satellite/satellite_test.py FFFFFF                    [100%]

=================================== FAILURES ===================================
________________________ SatelliteTest.test_empty_tree _________________________

self = <satellite_test.SatelliteTest testMethod=test_empty_tree>

    def test_empty_tree(self):
        preorder = []
        inorder = []
    
        expected = {}
>       self.assertEqual(tree_from_traversals(preorder, inorder), expected)
E       AssertionError: <satellite.TreeNode object at 0x7f95f9275930> != {}

exercises/practice/satellite/satellite_test.py:18: AssertionError
_______ SatelliteTest.test_reject_inconsistent_traversals_of_same_length _______

self = <satellite_test.SatelliteTest testMethod=test_reject_inconsistent_traversals_of_same_length>

    def test_reject_inconsistent_traversals_of_same_length(self):
        preorder = ["x", "y", "z"]
        inorder = ["a", "b", "c"]
    
        with self.assertRaises(ValueError) as err:
            tree_from_traversals(preorder, inorder)
        self.assertEqual(type(err.exception), ValueError)
>       self.assertEqual(
            err.exception.args[0], "traversals must have the same elements"
        )
E       AssertionError: "'x' is not in list" != 'traversals must have the same elements'
E       - 'x' is not in list
E       + traversals must have the same elements

exercises/practice/satellite/satellite_test.py:58: AssertionError
___________ SatelliteTest.test_reject_traversals_of_different_length ___________

self = <satellite_test.SatelliteTest testMethod=test_reject_traversals_of_different_length>

    def test_reject_traversals_of_different_length(self):
        preorder = ["a", "b"]
        inorder = ["b", "a", "r"]
    
        with self.assertRaises(ValueError) as err:
            tree_from_traversals(preorder, inorder)
        self.assertEqual(type(err.exception), ValueError)
>       self.assertEqual(err.exception.args[0], "traversals must have the same length")
E       AssertionError: 'traversals must have the same elements' != 'traversals must have the same length'
E       - traversals must have the same elements
E       ?                               -  --  ^
E       + traversals must have the same length
E       ?                                  + ^

exercises/practice/satellite/satellite_test.py:49: AssertionError
___________ SatelliteTest.test_reject_traversals_with_repeated_items ___________

self = <satellite_test.SatelliteTest testMethod=test_reject_traversals_with_repeated_items>

    def test_reject_traversals_with_repeated_items(self):
        preorder = ["a", "b", "a"]
        inorder = ["b", "a", "a"]
    
        with self.assertRaises(ValueError) as err:
            tree_from_traversals(preorder, inorder)
        self.assertEqual(type(err.exception), ValueError)
>       self.assertEqual(err.exception.args[0], "traversals must contain unique items")
E       AssertionError: 'traversals must have the same elements' != 'traversals must contain unique items'
E       - traversals must have the same elements
E       + traversals must contain unique items

exercises/practice/satellite/satellite_test.py:69: AssertionError
___________________ SatelliteTest.test_tree_with_many_items ____________________

self = <satellite_test.SatelliteTest testMethod=test_tree_with_many_items>

    def test_tree_with_many_items(self):
        preorder = ["a", "i", "x", "f", "r"]
        inorder = ["i", "a", "f", "x", "r"]
    
        expected = {
            "v": "a",
            "l": {"v": "i", "l": {}, "r": {}},
            "r": {
                "v": "x",
                "l": {"v": "f", "l": {}, "r": {}},
                "r": {"v": "r", "l": {}, "r": {}},
            },
        }
>       self.assertEqual(tree_from_traversals(preorder, inorder), expected)

exercises/practice/satellite/satellite_test.py:40: 
_ _ _ _ _ _ _ _ _ _ _ _ _ _ _ _ _ _ _ _ _ _ _ _ _ _ _ _ _ _ _ _ _ _ _ _ _ _ _ _ 

preorder = ['a', 'i', 'x', 'f', 'r'], inorder = ['i', 'a', 'f', 'x', 'r']

    def tree_from_traversals(preorder, inorder):
        if not preorder:
            return TreeNode()
            return None
    
        root_val = preorder[0]
        root_index = inorder.index(root_val)
    
        left_inorder = inorder[:root_index]
        right_inorder = inorder[root_index + 1:]
    
        left_preorder = preorder[1:root_index + 1]
        right_preorder = preorder[root_index + 1:]
>       raise ValueError("traversals must have the same elements")
E       ValueError: traversals must have the same elements

exercises/practice/satellite/satellite.py:19: ValueError
____________________ SatelliteTest.test_tree_with_one_item _____________________

self = <satellite_test.SatelliteTest testMethod=test_tree_with_one_item>

    def test_tree_with_one_item(self):
        preorder = ["a"]
        inorder = ["a"]
    
        expected = {"v": "a", "l": {}, "r": {}}
>       self.assertEqual(tree_from_traversals(preorder, inorder), expected)

exercises/practice/satellite/satellite_test.py:25: 
_ _ _ _ _ _ _ _ _ _ _ _ _ _ _ _ _ _ _ _ _ _ _ _ _ _ _ _ _ _ _ _ _ _ _ _ _ _ _ _ 

preorder = ['a'], inorder = ['a']

    def tree_from_traversals(preorder, inorder):
        if not preorder:
            return TreeNode()
            return None
    
        root_val = preorder[0]
        root_index = inorder.index(root_val)
    
        left_inorder = inorder[:root_index]
        right_inorder = inorder[root_index + 1:]
    
        left_preorder = preorder[1:root_index + 1]
        right_preorder = preorder[root_index + 1:]
>       raise ValueError("traversals must have the same elements")
E       ValueError: traversals must have the same elements

exercises/practice/satellite/satellite.py:19: ValueError
=========================== short test summary info ============================
FAILED exercises/practice/satellite/satellite_test.py::SatelliteTest::test_empty_tree
FAILED exercises/practice/satellite/satellite_test.py::SatelliteTest::test_reject_inconsistent_traversals_of_same_length
FAILED exercises/practice/satellite/satellite_test.py::SatelliteTest::test_reject_traversals_of_different_length
FAILED exercises/practice/satellite/satellite_test.py::SatelliteTest::test_reject_traversals_with_repeated_items
FAILED exercises/practice/satellite/satellite_test.py::SatelliteTest::test_tree_with_many_items
FAILED exercises/practice/satellite/satellite_test.py::SatelliteTest::test_tree_with_one_item
============================== 6 failed in 0.05s ===============================
