============================= test session starts ==============================
platform linux -- Python 3.10.12, pytest-7.4.0, pluggy-1.2.0
rootdir: /home/jake/Development/exercism-python
configfile: pytest.ini
plugins: mock-3.11.1, reportlog-0.4.0, repeat-0.9.1, asyncio-0.21.1
asyncio: mode=strict
collected 13 items

exercises/practice/killer-sudoku-helper/killer_sudoku_helper_test.py FFF [ 23%]
FFFFFFFFFF                                                               [100%]

=================================== FAILURES ===================================
________________________ KillerSudokuHelperTest.test_1 _________________________

self = <killer_sudoku_helper_test.KillerSudokuHelperTest testMethod=test_1>

    def test_1(self):
>       self.assertEqual(combinations(1, 1, []), [[1]])
E       AssertionError: Lists differ: [] != [[1]]
E       
E       Second list contains 1 additional elements.
E       First extra element 0:
E       [1]
E       
E       - []
E       + [[1]]

exercises/practice/killer-sudoku-helper/killer_sudoku_helper_test.py:14: AssertionError
________________________ KillerSudokuHelperTest.test_2 _________________________

self = <killer_sudoku_helper_test.KillerSudokuHelperTest testMethod=test_2>

    def test_2(self):
>       self.assertEqual(combinations(2, 1, []), [[2]])
E       AssertionError: Lists differ: [] != [[2]]
E       
E       Second list contains 1 additional elements.
E       First extra element 0:
E       [2]
E       
E       - []
E       + [[2]]

exercises/practice/killer-sudoku-helper/killer_sudoku_helper_test.py:17: AssertionError
________________________ KillerSudokuHelperTest.test_3 _________________________

self = <killer_sudoku_helper_test.KillerSudokuHelperTest testMethod=test_3>

    def test_3(self):
>       self.assertEqual(combinations(3, 1, []), [[3]])
E       AssertionError: Lists differ: [] != [[3]]
E       
E       Second list contains 1 additional elements.
E       First extra element 0:
E       [3]
E       
E       - []
E       + [[3]]

exercises/practice/killer-sudoku-helper/killer_sudoku_helper_test.py:20: AssertionError
________________________ KillerSudokuHelperTest.test_4 _________________________

self = <killer_sudoku_helper_test.KillerSudokuHelperTest testMethod=test_4>

    def test_4(self):
>       self.assertEqual(combinations(4, 1, []), [[4]])
E       AssertionError: Lists differ: [] != [[4]]
E       
E       Second list contains 1 additional elements.
E       First extra element 0:
E       [4]
E       
E       - []
E       + [[4]]

exercises/practice/killer-sudoku-helper/killer_sudoku_helper_test.py:23: AssertionError
________________________ KillerSudokuHelperTest.test_5 _________________________

self = <killer_sudoku_helper_test.KillerSudokuHelperTest testMethod=test_5>

    def test_5(self):
>       self.assertEqual(combinations(5, 1, []), [[5]])
E       AssertionError: Lists differ: [] != [[5]]
E       
E       Second list contains 1 additional elements.
E       First extra element 0:
E       [5]
E       
E       - []
E       + [[5]]

exercises/practice/killer-sudoku-helper/killer_sudoku_helper_test.py:26: AssertionError
________________________ KillerSudokuHelperTest.test_6 _________________________

self = <killer_sudoku_helper_test.KillerSudokuHelperTest testMethod=test_6>

    def test_6(self):
>       self.assertEqual(combinations(6, 1, []), [[6]])
E       AssertionError: Lists differ: [] != [[6]]
E       
E       Second list contains 1 additional elements.
E       First extra element 0:
E       [6]
E       
E       - []
E       + [[6]]

exercises/practice/killer-sudoku-helper/killer_sudoku_helper_test.py:29: AssertionError
________________________ KillerSudokuHelperTest.test_7 _________________________

self = <killer_sudoku_helper_test.KillerSudokuHelperTest testMethod=test_7>

    def test_7(self):
>       self.assertEqual(combinations(7, 1, []), [[7]])
E       AssertionError: Lists differ: [] != [[7]]
E       
E       Second list contains 1 additional elements.
E       First extra element 0:
E       [7]
E       
E       - []
E       + [[7]]

exercises/practice/killer-sudoku-helper/killer_sudoku_helper_test.py:32: AssertionError
________________________ KillerSudokuHelperTest.test_8 _________________________

self = <killer_sudoku_helper_test.KillerSudokuHelperTest testMethod=test_8>

    def test_8(self):
>       self.assertEqual(combinations(8, 1, []), [[8]])
E       AssertionError: Lists differ: [] != [[8]]
E       
E       Second list contains 1 additional elements.
E       First extra element 0:
E       [8]
E       
E       - []
E       + [[8]]

exercises/practice/killer-sudoku-helper/killer_sudoku_helper_test.py:35: AssertionError
________________________ KillerSudokuHelperTest.test_9 _________________________

self = <killer_sudoku_helper_test.KillerSudokuHelperTest testMethod=test_9>

    def test_9(self):
>       self.assertEqual(combinations(9, 1, []), [[9]])
E       AssertionError: Lists differ: [] != [[9]]
E       
E       Second list contains 1 additional elements.
E       First extra element 0:
E       [9]
E       
E       - []
E       + [[9]]

exercises/practice/killer-sudoku-helper/killer_sudoku_helper_test.py:38: AssertionError
______ KillerSudokuHelperTest.test_cage_with_only_1_possible_combination _______

self = <killer_sudoku_helper_test.KillerSudokuHelperTest testMethod=test_cage_with_only_1_possible_combination>

    def test_cage_with_only_1_possible_combination(self):
>       self.assertEqual(combinations(7, 3, []), [[1, 2, 4]])
E       AssertionError: Lists differ: [] != [[1, 2, 4]]
E       
E       Second list contains 1 additional elements.
E       First extra element 0:
E       [1, 2, 4]
E       
E       - []
E       + [[1, 2, 4]]

exercises/practice/killer-sudoku-helper/killer_sudoku_helper_test.py:44: AssertionError
__________ KillerSudokuHelperTest.test_cage_with_several_combinations __________

self = <killer_sudoku_helper_test.KillerSudokuHelperTest testMethod=test_cage_with_several_combinations>

    def test_cage_with_several_combinations(self):
>       self.assertEqual(combinations(10, 2, []), [[1, 9], [2, 8], [3, 7], [4, 6]])
E       AssertionError: Lists differ: [] != [[1, 9], [2, 8], [3, 7], [4, 6]]
E       
E       Second list contains 4 additional elements.
E       First extra element 0:
E       [1, 9]
E       
E       - []
E       + [[1, 9], [2, 8], [3, 7], [4, 6]]

exercises/practice/killer-sudoku-helper/killer_sudoku_helper_test.py:47: AssertionError
_ KillerSudokuHelperTest.test_cage_with_several_combinations_that_is_restricted _

self = <killer_sudoku_helper_test.KillerSudokuHelperTest testMethod=test_cage_with_several_combinations_that_is_restricted>

    def test_cage_with_several_combinations_that_is_restricted(self):
>       self.assertEqual(combinations(10, 2, [1, 4]), [[2, 8], [3, 7]])
E       AssertionError: Lists differ: [] != [[2, 8], [3, 7]]
E       
E       Second list contains 2 additional elements.
E       First extra element 0:
E       [2, 8]
E       
E       - []
E       + [[2, 8], [3, 7]]

exercises/practice/killer-sudoku-helper/killer_sudoku_helper_test.py:50: AssertionError
_____ KillerSudokuHelperTest.test_cage_with_sum_45_contains_all_digits_1_9 _____

self = <killer_sudoku_helper_test.KillerSudokuHelperTest testMethod=test_cage_with_sum_45_contains_all_digits_1_9>

    def test_cage_with_sum_45_contains_all_digits_1_9(self):
>       self.assertEqual(combinations(45, 9, []), [[1, 2, 3, 4, 5, 6, 7, 8, 9]])
E       AssertionError: Lists differ: [] != [[1, 2, 3, 4, 5, 6, 7, 8, 9]]
E       
E       Second list contains 1 additional elements.
E       First extra element 0:
E       [1, 2, 3, 4, 5, 6, 7, 8, 9]
E       
E       - []
E       + [[1, 2, 3, 4, 5, 6, 7, 8, 9]]

exercises/practice/killer-sudoku-helper/killer_sudoku_helper_test.py:41: AssertionError
=========================== short test summary info ============================
FAILED exercises/practice/killer-sudoku-helper/killer_sudoku_helper_test.py::KillerSudokuHelperTest::test_1
FAILED exercises/practice/killer-sudoku-helper/killer_sudoku_helper_test.py::KillerSudokuHelperTest::test_2
FAILED exercises/practice/killer-sudoku-helper/killer_sudoku_helper_test.py::KillerSudokuHelperTest::test_3
FAILED exercises/practice/killer-sudoku-helper/killer_sudoku_helper_test.py::KillerSudokuHelperTest::test_4
FAILED exercises/practice/killer-sudoku-helper/killer_sudoku_helper_test.py::KillerSudokuHelperTest::test_5
FAILED exercises/practice/killer-sudoku-helper/killer_sudoku_helper_test.py::KillerSudokuHelperTest::test_6
FAILED exercises/practice/killer-sudoku-helper/killer_sudoku_helper_test.py::KillerSudokuHelperTest::test_7
FAILED exercises/practice/killer-sudoku-helper/killer_sudoku_helper_test.py::KillerSudokuHelperTest::test_8
FAILED exercises/practice/killer-sudoku-helper/killer_sudoku_helper_test.py::KillerSudokuHelperTest::test_9
FAILED exercises/practice/killer-sudoku-helper/killer_sudoku_helper_test.py::KillerSudokuHelperTest::test_cage_with_only_1_possible_combination
FAILED exercises/practice/killer-sudoku-helper/killer_sudoku_helper_test.py::KillerSudokuHelperTest::test_cage_with_several_combinations
FAILED exercises/practice/killer-sudoku-helper/killer_sudoku_helper_test.py::KillerSudokuHelperTest::test_cage_with_several_combinations_that_is_restricted
FAILED exercises/practice/killer-sudoku-helper/killer_sudoku_helper_test.py::KillerSudokuHelperTest::test_cage_with_sum_45_contains_all_digits_1_9
============================== 13 failed in 0.08s ==============================
