============================= test session starts ==============================
platform linux -- Python 3.10.12, pytest-7.4.0, pluggy-1.2.0
rootdir: /home/jake/Development/exercism-python
configfile: pytest.ini
plugins: mock-3.11.1, reportlog-0.4.0, repeat-0.9.1
collected 13 items

exercises/practice/run-length-encoding/run_length_encoding_test.py ..... [ 38%]
........                                                                 [100%]

============================== 13 passed in 0.03s ==============================
