============================= test session starts ==============================
platform linux -- Python 3.10.12, pytest-7.4.0, pluggy-1.2.0
rootdir: /home/jake/Development/exercism-python
configfile: pytest.ini
plugins: mock-3.11.1, reportlog-0.4.0, repeat-0.9.1
collected 13 items

exercises/practice/run-length-encoding/run_length_encoding_test.py ..... [ 38%]
.F......                                                                 [100%]

=================================== FAILURES ===================================
________________ RunLengthEncodingTest.test_encode_empty_string ________________

self = <run_length_encoding_test.RunLengthEncodingTest testMethod=test_encode_empty_string>

    def test_encode_empty_string(self):
>       self.assertMultiLineEqual(encode(""), "")

exercises/practice/run-length-encoding/run_length_encoding_test.py:15: 
_ _ _ _ _ _ _ _ _ _ _ _ _ _ _ _ _ _ _ _ _ _ _ _ _ _ _ _ _ _ _ _ _ _ _ _ _ _ _ _ 

string = ''

    def encode(string):
        encoded_string = ""
        count = 1
        for i in range(1, len(string)):
            if string[i] == string[i - 1]:
                count += 1
            else:
                if count > 1:
                    encoded_string += str(count)
                encoded_string += string[i - 1]
                count = 1
        if count > 1:
            encoded_string += str(count)
>       encoded_string += string[-1]
E       IndexError: string index out of range

exercises/practice/run-length-encoding/run_length_encoding.py:29: IndexError
=========================== short test summary info ============================
FAILED exercises/practice/run-length-encoding/run_length_encoding_test.py::RunLengthEncodingTest::test_encode_empty_string
========================= 1 failed, 12 passed in 0.05s =========================
