============================= test session starts ==============================
platform linux -- Python 3.10.12, pytest-7.4.0, pluggy-1.2.0
rootdir: /home/jake/Development/exercism-python
configfile: pytest.ini
plugins: mock-3.11.1, reportlog-0.4.0, repeat-0.9.1
collected 19 items

exercises/practice/kindergarten-garden/kindergarten_garden_test.py FFFFF [ 26%]
FFFFFFFFFFFFFF                                                           [100%]

=================================== FAILURES ===================================
___ KindergartenGardenTest.test_full_garden_for_alice_first_student_s_garden ___

self = <kindergarten_garden_test.KindergartenGardenTest testMethod=test_full_garden_for_alice_first_student_s_garden>

    def test_full_garden_for_alice_first_student_s_garden(self):
        garden = Garden("VRCGVVRVCGGCCGVRGCVCGCGV\nVRCCCGCRRGVCGCRVVCVGCGCV")
        self.assertEqual(
>           garden.plants("Alice"), ["Violets", "Radishes", "Violets", "Radishes"]
        )
E       TypeError: 'dict' object is not callable

exercises/practice/kindergarten-garden/kindergarten_garden_test.py:42: TypeError
___ KindergartenGardenTest.test_full_garden_for_bob_second_student_s_garden ____

self = <kindergarten_garden_test.KindergartenGardenTest testMethod=test_full_garden_for_bob_second_student_s_garden>

    def test_full_garden_for_bob_second_student_s_garden(self):
        garden = Garden("VRCGVVRVCGGCCGVRGCVCGCGV\nVRCCCGCRRGVCGCRVVCVGCGCV")
>       self.assertEqual(garden.plants("Bob"), ["Clover", "Grass", "Clover", "Clover"])
E       TypeError: 'dict' object is not callable

exercises/practice/kindergarten-garden/kindergarten_garden_test.py:47: TypeError
_____________ KindergartenGardenTest.test_full_garden_for_charlie ______________

self = <kindergarten_garden_test.KindergartenGardenTest testMethod=test_full_garden_for_charlie>

    def test_full_garden_for_charlie(self):
        garden = Garden("VRCGVVRVCGGCCGVRGCVCGCGV\nVRCCCGCRRGVCGCRVVCVGCGCV")
        self.assertEqual(
>           garden.plants("Charlie"), ["Violets", "Violets", "Clover", "Grass"]
        )
E       TypeError: 'dict' object is not callable

exercises/practice/kindergarten-garden/kindergarten_garden_test.py:52: TypeError
______________ KindergartenGardenTest.test_full_garden_for_david _______________

self = <kindergarten_garden_test.KindergartenGardenTest testMethod=test_full_garden_for_david>

    def test_full_garden_for_david(self):
        garden = Garden("VRCGVVRVCGGCCGVRGCVCGCGV\nVRCCCGCRRGVCGCRVVCVGCGCV")
        self.assertEqual(
>           garden.plants("David"), ["Radishes", "Violets", "Clover", "Radishes"]
        )
E       TypeError: 'dict' object is not callable

exercises/practice/kindergarten-garden/kindergarten_garden_test.py:58: TypeError
_______________ KindergartenGardenTest.test_full_garden_for_eve ________________

self = <kindergarten_garden_test.KindergartenGardenTest testMethod=test_full_garden_for_eve>

    def test_full_garden_for_eve(self):
        garden = Garden("VRCGVVRVCGGCCGVRGCVCGCGV\nVRCCCGCRRGVCGCRVVCVGCGCV")
>       self.assertEqual(garden.plants("Eve"), ["Clover", "Grass", "Radishes", "Grass"])
E       TypeError: 'dict' object is not callable

exercises/practice/kindergarten-garden/kindergarten_garden_test.py:63: TypeError
_______________ KindergartenGardenTest.test_full_garden_for_fred _______________

self = <kindergarten_garden_test.KindergartenGardenTest testMethod=test_full_garden_for_fred>

    def test_full_garden_for_fred(self):
        garden = Garden("VRCGVVRVCGGCCGVRGCVCGCGV\nVRCCCGCRRGVCGCRVVCVGCGCV")
        self.assertEqual(
>           garden.plants("Fred"), ["Grass", "Clover", "Violets", "Clover"]
        )
E       TypeError: 'dict' object is not callable

exercises/practice/kindergarten-garden/kindergarten_garden_test.py:68: TypeError
______________ KindergartenGardenTest.test_full_garden_for_ginny _______________

self = <kindergarten_garden_test.KindergartenGardenTest testMethod=test_full_garden_for_ginny>

    def test_full_garden_for_ginny(self):
        garden = Garden("VRCGVVRVCGGCCGVRGCVCGCGV\nVRCCCGCRRGVCGCRVVCVGCGCV")
>       self.assertEqual(garden.plants("Ginny"), ["Clover", "Grass", "Grass", "Clover"])
E       TypeError: 'dict' object is not callable

exercises/practice/kindergarten-garden/kindergarten_garden_test.py:73: TypeError
_____________ KindergartenGardenTest.test_full_garden_for_harriet ______________

self = <kindergarten_garden_test.KindergartenGardenTest testMethod=test_full_garden_for_harriet>

    def test_full_garden_for_harriet(self):
        garden = Garden("VRCGVVRVCGGCCGVRGCVCGCGV\nVRCCCGCRRGVCGCRVVCVGCGCV")
        self.assertEqual(
>           garden.plants("Harriet"), ["Violets", "Radishes", "Radishes", "Violets"]
        )
E       TypeError: 'dict' object is not callable

exercises/practice/kindergarten-garden/kindergarten_garden_test.py:78: TypeError
______________ KindergartenGardenTest.test_full_garden_for_ileana ______________

self = <kindergarten_garden_test.KindergartenGardenTest testMethod=test_full_garden_for_ileana>

    def test_full_garden_for_ileana(self):
        garden = Garden("VRCGVVRVCGGCCGVRGCVCGCGV\nVRCCCGCRRGVCGCRVVCVGCGCV")
        self.assertEqual(
>           garden.plants("Ileana"), ["Grass", "Clover", "Violets", "Clover"]
        )
E       TypeError: 'dict' object is not callable

exercises/practice/kindergarten-garden/kindergarten_garden_test.py:84: TypeError
______________ KindergartenGardenTest.test_full_garden_for_joseph ______________

self = <kindergarten_garden_test.KindergartenGardenTest testMethod=test_full_garden_for_joseph>

    def test_full_garden_for_joseph(self):
        garden = Garden("VRCGVVRVCGGCCGVRGCVCGCGV\nVRCCCGCRRGVCGCRVVCVGCGCV")
        self.assertEqual(
>           garden.plants("Joseph"), ["Violets", "Clover", "Violets", "Grass"]
        )
E       TypeError: 'dict' object is not callable

exercises/practice/kindergarten-garden/kindergarten_garden_test.py:90: TypeError
_ KindergartenGardenTest.test_full_garden_for_kincaid_second_to_last_student_s_garden _

self = <kindergarten_garden_test.KindergartenGardenTest testMethod=test_full_garden_for_kincaid_second_to_last_student_s_garden>

    def test_full_garden_for_kincaid_second_to_last_student_s_garden(self):
        garden = Garden("VRCGVVRVCGGCCGVRGCVCGCGV\nVRCCCGCRRGVCGCRVVCVGCGCV")
        self.assertEqual(
>           garden.plants("Kincaid"), ["Grass", "Clover", "Clover", "Grass"]
        )
E       TypeError: 'dict' object is not callable

exercises/practice/kindergarten-garden/kindergarten_garden_test.py:96: TypeError
___ KindergartenGardenTest.test_full_garden_for_larry_last_student_s_garden ____

self = <kindergarten_garden_test.KindergartenGardenTest testMethod=test_full_garden_for_larry_last_student_s_garden>

    def test_full_garden_for_larry_last_student_s_garden(self):
        garden = Garden("VRCGVVRVCGGCCGVRGCVCGCGV\nVRCCCGCRRGVCGCRVVCVGCGCV")
        self.assertEqual(
>           garden.plants("Larry"), ["Grass", "Violets", "Clover", "Violets"]
        )
E       TypeError: 'dict' object is not callable

exercises/practice/kindergarten-garden/kindergarten_garden_test.py:102: TypeError
_ KindergartenGardenTest.test_partial_garden_different_garden_with_single_student _

self = <kindergarten_garden_test.KindergartenGardenTest testMethod=test_partial_garden_different_garden_with_single_student>

    def test_partial_garden_different_garden_with_single_student(self):
>       garden = Garden("VC\nRC")

exercises/practice/kindergarten-garden/kindergarten_garden_test.py:20: 
_ _ _ _ _ _ _ _ _ _ _ _ _ _ _ _ _ _ _ _ _ _ _ _ _ _ _ _ _ _ _ _ _ _ _ _ _ _ _ _ 
exercises/practice/kindergarten-garden/kindergarten_garden.py:10: in __init__
    self.assign_plants(students)
_ _ _ _ _ _ _ _ _ _ _ _ _ _ _ _ _ _ _ _ _ _ _ _ _ _ _ _ _ _ _ _ _ _ _ _ _ _ _ _ 

self = <kindergarten_garden.Garden object at 0x7fb48299cdc0>
students = ['Alice', 'Bob', 'Charlie', 'David', 'Eve', 'Fred', ...]

    def assign_plants(self, students):
        self.students = sorted(students)
        self.student_plants = {student: [] for student in self.students}
        for i, student in enumerate(self.students):
            for row in self.rows:
>               self.student_plants[student].append(self.plants[row[i * 2]])
E               IndexError: string index out of range

exercises/practice/kindergarten-garden/kindergarten_garden.py:25: IndexError
____ KindergartenGardenTest.test_partial_garden_garden_with_single_student _____

self = <kindergarten_garden_test.KindergartenGardenTest testMethod=test_partial_garden_garden_with_single_student>

    def test_partial_garden_garden_with_single_student(self):
>       garden = Garden("RC\nGG")

exercises/practice/kindergarten-garden/kindergarten_garden_test.py:14: 
_ _ _ _ _ _ _ _ _ _ _ _ _ _ _ _ _ _ _ _ _ _ _ _ _ _ _ _ _ _ _ _ _ _ _ _ _ _ _ _ 
exercises/practice/kindergarten-garden/kindergarten_garden.py:10: in __init__
    self.assign_plants(students)
_ _ _ _ _ _ _ _ _ _ _ _ _ _ _ _ _ _ _ _ _ _ _ _ _ _ _ _ _ _ _ _ _ _ _ _ _ _ _ _ 

self = <kindergarten_garden.Garden object at 0x7fb4829c8190>
students = ['Alice', 'Bob', 'Charlie', 'David', 'Eve', 'Fred', ...]

    def assign_plants(self, students):
        self.students = sorted(students)
        self.student_plants = {student: [] for student in self.students}
        for i, student in enumerate(self.students):
            for row in self.rows:
>               self.student_plants[student].append(self.plants[row[i * 2]])
E               IndexError: string index out of range

exercises/practice/kindergarten-garden/kindergarten_garden.py:25: IndexError
_____ KindergartenGardenTest.test_partial_garden_garden_with_two_students ______

self = <kindergarten_garden_test.KindergartenGardenTest testMethod=test_partial_garden_garden_with_two_students>

    def test_partial_garden_garden_with_two_students(self):
>       garden = Garden("VVCG\nVVRC")

exercises/practice/kindergarten-garden/kindergarten_garden_test.py:26: 
_ _ _ _ _ _ _ _ _ _ _ _ _ _ _ _ _ _ _ _ _ _ _ _ _ _ _ _ _ _ _ _ _ _ _ _ _ _ _ _ 
exercises/practice/kindergarten-garden/kindergarten_garden.py:10: in __init__
    self.assign_plants(students)
_ _ _ _ _ _ _ _ _ _ _ _ _ _ _ _ _ _ _ _ _ _ _ _ _ _ _ _ _ _ _ _ _ _ _ _ _ _ _ _ 

self = <kindergarten_garden.Garden object at 0x7fb4829e7ac0>
students = ['Alice', 'Bob', 'Charlie', 'David', 'Eve', 'Fred', ...]

    def assign_plants(self, students):
        self.students = sorted(students)
        self.student_plants = {student: [] for student in self.students}
        for i, student in enumerate(self.students):
            for row in self.rows:
>               self.student_plants[student].append(self.plants[row[i * 2]])
E               IndexError: string index out of range

exercises/practice/kindergarten-garden/kindergarten_garden.py:25: IndexError
______ KindergartenGardenTest.test_partial_garden_second_student_s_garden ______

self = <kindergarten_garden_test.KindergartenGardenTest testMethod=test_partial_garden_second_student_s_garden>

    def test_partial_garden_second_student_s_garden(self):
>       garden = Garden("VVCCGG\nVVCCGG")

exercises/practice/kindergarten-garden/kindergarten_garden_test.py:32: 
_ _ _ _ _ _ _ _ _ _ _ _ _ _ _ _ _ _ _ _ _ _ _ _ _ _ _ _ _ _ _ _ _ _ _ _ _ _ _ _ 
exercises/practice/kindergarten-garden/kindergarten_garden.py:10: in __init__
    self.assign_plants(students)
_ _ _ _ _ _ _ _ _ _ _ _ _ _ _ _ _ _ _ _ _ _ _ _ _ _ _ _ _ _ _ _ _ _ _ _ _ _ _ _ 

self = <kindergarten_garden.Garden object at 0x7fb4829988e0>
students = ['Alice', 'Bob', 'Charlie', 'David', 'Eve', 'Fred', ...]

    def assign_plants(self, students):
        self.students = sorted(students)
        self.student_plants = {student: [] for student in self.students}
        for i, student in enumerate(self.students):
            for row in self.rows:
>               self.student_plants[student].append(self.plants[row[i * 2]])
E               IndexError: string index out of range

exercises/practice/kindergarten-garden/kindergarten_garden.py:25: IndexError
______ KindergartenGardenTest.test_partial_garden_third_student_s_garden _______

self = <kindergarten_garden_test.KindergartenGardenTest testMethod=test_partial_garden_third_student_s_garden>

    def test_partial_garden_third_student_s_garden(self):
>       garden = Garden("VVCCGG\nVVCCGG")

exercises/practice/kindergarten-garden/kindergarten_garden_test.py:36: 
_ _ _ _ _ _ _ _ _ _ _ _ _ _ _ _ _ _ _ _ _ _ _ _ _ _ _ _ _ _ _ _ _ _ _ _ _ _ _ _ 
exercises/practice/kindergarten-garden/kindergarten_garden.py:10: in __init__
    self.assign_plants(students)
_ _ _ _ _ _ _ _ _ _ _ _ _ _ _ _ _ _ _ _ _ _ _ _ _ _ _ _ _ _ _ _ _ _ _ _ _ _ _ _ 

self = <kindergarten_garden.Garden object at 0x7fb482b39e70>
students = ['Alice', 'Bob', 'Charlie', 'David', 'Eve', 'Fred', ...]

    def assign_plants(self, students):
        self.students = sorted(students)
        self.student_plants = {student: [] for student in self.students}
        for i, student in enumerate(self.students):
            for row in self.rows:
>               self.student_plants[student].append(self.plants[row[i * 2]])
E               IndexError: string index out of range

exercises/practice/kindergarten-garden/kindergarten_garden.py:25: IndexError
_______ KindergartenGardenTest.test_students_are_unordered_first_student _______

self = <kindergarten_garden_test.KindergartenGardenTest testMethod=test_students_are_unordered_first_student>

    def test_students_are_unordered_first_student(self):
        garden = Garden(
            "VCRRGVRG\nRVGCCGCV", students=["Samantha", "Patricia", "Xander", "Roger"]
        )
        self.assertEqual(
>           garden.plants("Patricia"), ["Violets", "Clover", "Radishes", "Violets"]
        )
E       TypeError: 'dict' object is not callable

exercises/practice/kindergarten-garden/kindergarten_garden_test.py:112: TypeError
_______ KindergartenGardenTest.test_students_are_unordered_last_student ________

self = <kindergarten_garden_test.KindergartenGardenTest testMethod=test_students_are_unordered_last_student>

    def test_students_are_unordered_last_student(self):
        garden = Garden(
            "VCRRGVRG\nRVGCCGCV", students=["Samantha", "Patricia", "Xander", "Roger"]
        )
        self.assertEqual(
>           garden.plants("Xander"), ["Radishes", "Grass", "Clover", "Violets"]
        )
E       TypeError: 'dict' object is not callable

exercises/practice/kindergarten-garden/kindergarten_garden_test.py:120: TypeError
=========================== short test summary info ============================
FAILED exercises/practice/kindergarten-garden/kindergarten_garden_test.py::KindergartenGardenTest::test_full_garden_for_alice_first_student_s_garden
FAILED exercises/practice/kindergarten-garden/kindergarten_garden_test.py::KindergartenGardenTest::test_full_garden_for_bob_second_student_s_garden
FAILED exercises/practice/kindergarten-garden/kindergarten_garden_test.py::KindergartenGardenTest::test_full_garden_for_charlie
FAILED exercises/practice/kindergarten-garden/kindergarten_garden_test.py::KindergartenGardenTest::test_full_garden_for_david
FAILED exercises/practice/kindergarten-garden/kindergarten_garden_test.py::KindergartenGardenTest::test_full_garden_for_eve
FAILED exercises/practice/kindergarten-garden/kindergarten_garden_test.py::KindergartenGardenTest::test_full_garden_for_fred
FAILED exercises/practice/kindergarten-garden/kindergarten_garden_test.py::KindergartenGardenTest::test_full_garden_for_ginny
FAILED exercises/practice/kindergarten-garden/kindergarten_garden_test.py::KindergartenGardenTest::test_full_garden_for_harriet
FAILED exercises/practice/kindergarten-garden/kindergarten_garden_test.py::KindergartenGardenTest::test_full_garden_for_ileana
FAILED exercises/practice/kindergarten-garden/kindergarten_garden_test.py::KindergartenGardenTest::test_full_garden_for_joseph
FAILED exercises/practice/kindergarten-garden/kindergarten_garden_test.py::KindergartenGardenTest::test_full_garden_for_kincaid_second_to_last_student_s_garden
FAILED exercises/practice/kindergarten-garden/kindergarten_garden_test.py::KindergartenGardenTest::test_full_garden_for_larry_last_student_s_garden
FAILED exercises/practice/kindergarten-garden/kindergarten_garden_test.py::KindergartenGardenTest::test_partial_garden_different_garden_with_single_student
FAILED exercises/practice/kindergarten-garden/kindergarten_garden_test.py::KindergartenGardenTest::test_partial_garden_garden_with_single_student
FAILED exercises/practice/kindergarten-garden/kindergarten_garden_test.py::KindergartenGardenTest::test_partial_garden_garden_with_two_students
FAILED exercises/practice/kindergarten-garden/kindergarten_garden_test.py::KindergartenGardenTest::test_partial_garden_second_student_s_garden
FAILED exercises/practice/kindergarten-garden/kindergarten_garden_test.py::KindergartenGardenTest::test_partial_garden_third_student_s_garden
FAILED exercises/practice/kindergarten-garden/kindergarten_garden_test.py::KindergartenGardenTest::test_students_are_unordered_first_student
FAILED exercises/practice/kindergarten-garden/kindergarten_garden_test.py::KindergartenGardenTest::test_students_are_unordered_last_student
============================== 19 failed in 0.09s ==============================
