============================= test session starts ==============================
platform linux -- Python 3.10.12, pytest-7.4.0, pluggy-1.2.0
rootdir: /home/jake/Development/exercism-python
configfile: pytest.ini
plugins: mock-3.11.1, reportlog-0.4.0, repeat-0.9.1, asyncio-0.21.1
asyncio: mode=strict
collected 9 items

exercises/practice/acronym/acronym_test.py .......F.                     [100%]

=================================== FAILURES ===================================
_____________________ AcronymTest.test_underscore_emphasis _____________________

self = <acronym_test.AcronymTest testMethod=test_underscore_emphasis>

    def test_underscore_emphasis(self):
>       self.assertEqual(abbreviate("The Road _Not_ Taken"), "TRNT")
E       AssertionError: 'TR_T' != 'TRNT'
E       - TR_T
E       ?   ^
E       + TRNT
E       ?   ^

exercises/practice/acronym/acronym_test.py:43: AssertionError
=========================== short test summary info ============================
FAILED exercises/practice/acronym/acronym_test.py::AcronymTest::test_underscore_emphasis
========================= 1 failed, 8 passed in 0.03s ==========================
