============================= test session starts ==============================
platform linux -- Python 3.10.12, pytest-7.4.0, pluggy-1.2.0
rootdir: /home/jake/Development/exercism-python
configfile: pytest.ini
plugins: mock-3.11.1, reportlog-0.4.0, repeat-0.9.1
collected 0 items / 1 error

==================================== ERRORS ====================================
_______ ERROR collecting exercises/practice/pig-latin/pig_latin_test.py ________
../mentat/.venv/lib/python3.10/site-packages/_pytest/python.py:617: in _importtestmodule
    mod = import_path(self.path, mode=importmode, root=self.config.rootpath)
../mentat/.venv/lib/python3.10/site-packages/_pytest/pathlib.py:565: in import_path
    importlib.import_module(module_name)
/usr/lib/python3.10/importlib/__init__.py:126: in import_module
    return _bootstrap._gcd_import(name[level:], package, level)
<frozen importlib._bootstrap>:1050: in _gcd_import
    ???
<frozen importlib._bootstrap>:1027: in _find_and_load
    ???
<frozen importlib._bootstrap>:1006: in _find_and_load_unlocked
    ???
<frozen importlib._bootstrap>:688: in _load_unlocked
    ???
../mentat/.venv/lib/python3.10/site-packages/_pytest/assertion/rewrite.py:178: in exec_module
    exec(co, module.__dict__)
exercises/practice/pig-latin/pig_latin_test.py:7: in <module>
    from pig_latin import (
E     File "/home/jake/Development/exercism-python/exercises/practice/pig-latin/pig_latin.py", line 28
E       if word[index - 1] in ["x", "y"]:
E   IndentationError: unexpected indent
=========================== short test summary info ============================
ERROR exercises/practice/pig-latin/pig_latin_test.py
!!!!!!!!!!!!!!!!!!!! Interrupted: 1 error during collection !!!!!!!!!!!!!!!!!!!!
=============================== 1 error in 0.13s ===============================
