============================= test session starts ==============================
platform linux -- Python 3.10.12, pytest-7.4.0, pluggy-1.2.0
rootdir: /home/jake/Development/exercism-python
configfile: pytest.ini
plugins: mock-3.11.1, reportlog-0.4.0, repeat-0.9.1
collected 22 items

exercises/practice/pig-latin/pig_latin_test.py ....................F.    [100%]

=================================== FAILURES ===================================
__ PigLatinTest.test_y_is_treated_like_a_consonant_at_the_beginning_of_a_word __

self = <pig_latin_test.PigLatinTest testMethod=test_y_is_treated_like_a_consonant_at_the_beginning_of_a_word>

    def test_y_is_treated_like_a_consonant_at_the_beginning_of_a_word(self):
>       self.assertEqual(translate("yellow"), "ellowyay")
E       AssertionError: 'yelloway' != 'ellowyay'
E       - yelloway
E       ? -
E       + ellowyay
E       ?      +

exercises/practice/pig-latin/pig_latin_test.py:68: AssertionError
=========================== short test summary info ============================
FAILED exercises/practice/pig-latin/pig_latin_test.py::PigLatinTest::test_y_is_treated_like_a_consonant_at_the_beginning_of_a_word
========================= 1 failed, 21 passed in 0.06s =========================
