============================= test session starts ==============================
platform linux -- Python 3.10.12, pytest-7.4.0, pluggy-1.2.0
rootdir: /home/jake/Development/exercism-python
configfile: pytest.ini
plugins: mock-3.11.1, reportlog-0.4.0, repeat-0.9.1
collected 13 items

exercises/practice/dominoes/dominoes_test.py F....FFF.....               [100%]

=================================== FAILURES ===================================
____________________ DominoesTest.test_can_reverse_dominoes ____________________

self = <dominoes_test.DominoesTest testMethod=test_can_reverse_dominoes>

    def test_can_reverse_dominoes(self):
        input_dominoes = [(1, 2), (1, 3), (2, 3)]
        output_chain = can_chain(input_dominoes)
>       self.assert_correct_chain(input_dominoes, output_chain)

exercises/practice/dominoes/dominoes_test.py:36: 
_ _ _ _ _ _ _ _ _ _ _ _ _ _ _ _ _ _ _ _ _ _ _ _ _ _ _ _ _ _ _ _ _ _ _ _ _ _ _ _ 
exercises/practice/dominoes/dominoes_test.py:123: in assert_correct_chain
    self.assertIsNotNone(output_chain, msg)
E   AssertionError: unexpectedly None : There should be a chain for [(1, 2), (1, 3), (2, 3)]
__________________ DominoesTest.test_empty_input_empty_output __________________

self = <dominoes_test.DominoesTest testMethod=test_empty_input_empty_output>

    def test_empty_input_empty_output(self):
        input_dominoes = []
        output_chain = can_chain(input_dominoes)
>       self.assert_correct_chain(input_dominoes, output_chain)

exercises/practice/dominoes/dominoes_test.py:16: 
_ _ _ _ _ _ _ _ _ _ _ _ _ _ _ _ _ _ _ _ _ _ _ _ _ _ _ _ _ _ _ _ _ _ _ _ _ _ _ _ 
exercises/practice/dominoes/dominoes_test.py:124: in assert_correct_chain
    self.assert_same_dominoes(input_dominoes, output_chain)
exercises/practice/dominoes/dominoes_test.py:99: in assert_same_dominoes
    output_normal = self.normalize_dominoes(output_chain)
_ _ _ _ _ _ _ _ _ _ _ _ _ _ _ _ _ _ _ _ _ _ _ _ _ _ _ _ _ _ _ _ _ _ _ _ _ _ _ _ 

self = <dominoes_test.DominoesTest testMethod=test_empty_input_empty_output>
dominoes = True

    def normalize_dominoes(self, dominoes):
>       return list(sorted(tuple(sorted(domino)) for domino in dominoes))
E       TypeError: 'bool' object is not iterable

exercises/practice/dominoes/dominoes_test.py:91: TypeError
_______________________ DominoesTest.test_need_backtrack _______________________

self = <dominoes_test.DominoesTest testMethod=test_need_backtrack>

    def test_need_backtrack(self):
        input_dominoes = [(1, 2), (2, 3), (3, 1), (2, 4), (2, 4)]
        output_chain = can_chain(input_dominoes)
>       self.assert_correct_chain(input_dominoes, output_chain)

exercises/practice/dominoes/dominoes_test.py:61: 
_ _ _ _ _ _ _ _ _ _ _ _ _ _ _ _ _ _ _ _ _ _ _ _ _ _ _ _ _ _ _ _ _ _ _ _ _ _ _ _ 
exercises/practice/dominoes/dominoes_test.py:123: in assert_correct_chain
    self.assertIsNotNone(output_chain, msg)
E   AssertionError: unexpectedly None : There should be a chain for [(1, 2), (2, 3), (3, 1), (2, 4), (2, 4)]
_______________________ DominoesTest.test_nine_elements ________________________

self = <dominoes_test.DominoesTest testMethod=test_nine_elements>

    def test_nine_elements(self):
        input_dominoes = [
            (1, 2),
            (5, 3),
            (3, 1),
            (1, 2),
            (2, 4),
            (1, 6),
            (2, 3),
            (3, 4),
            (5, 6),
        ]
        output_chain = can_chain(input_dominoes)
>       self.assert_correct_chain(input_dominoes, output_chain)

exercises/practice/dominoes/dominoes_test.py:81: 
_ _ _ _ _ _ _ _ _ _ _ _ _ _ _ _ _ _ _ _ _ _ _ _ _ _ _ _ _ _ _ _ _ _ _ _ _ _ _ _ 
exercises/practice/dominoes/dominoes_test.py:123: in assert_correct_chain
    self.assertIsNotNone(output_chain, msg)
E   AssertionError: unexpectedly None : There should be a chain for [(1, 2), (5, 3), (3, 1), (1, 2), (2, 4), (1, 6), (2, 3), (3, 4), (5, 6)]
=========================== short test summary info ============================
FAILED exercises/practice/dominoes/dominoes_test.py::DominoesTest::test_can_reverse_dominoes
FAILED exercises/practice/dominoes/dominoes_test.py::DominoesTest::test_empty_input_empty_output
FAILED exercises/practice/dominoes/dominoes_test.py::DominoesTest::test_need_backtrack
FAILED exercises/practice/dominoes/dominoes_test.py::DominoesTest::test_nine_elements
========================= 4 failed, 9 passed in 0.26s ==========================
