============================= test session starts ==============================
platform linux -- Python 3.10.12, pytest-7.4.0, pluggy-1.2.0
rootdir: /home/jake/Development/exercism-python
configfile: pytest.ini
plugins: mock-3.11.1, reportlog-0.4.0, repeat-0.9.1
collected 13 items

dominoes/dominoes_test.py F.....FF.....                                  [100%]

=================================== FAILURES ===================================
____________________ DominoesTest.test_can_reverse_dominoes ____________________

self = <dominoes_test.DominoesTest testMethod=test_can_reverse_dominoes>

    def test_can_reverse_dominoes(self):
        input_dominoes = [(1, 2), (1, 3), (2, 3)]
        output_chain = can_chain(input_dominoes)
>       self.assert_correct_chain(input_dominoes, output_chain)

dominoes/dominoes_test.py:36: 
_ _ _ _ _ _ _ _ _ _ _ _ _ _ _ _ _ _ _ _ _ _ _ _ _ _ _ _ _ _ _ _ _ _ _ _ _ _ _ _ 
dominoes/dominoes_test.py:123: in assert_correct_chain
    self.assertIsNotNone(output_chain, msg)
E   AssertionError: unexpectedly None : There should be a chain for [(1, 2), (1, 3), (2, 3)]
_______________________ DominoesTest.test_need_backtrack _______________________

self = <dominoes_test.DominoesTest testMethod=test_need_backtrack>

    def test_need_backtrack(self):
        input_dominoes = [(1, 2), (2, 3), (3, 1), (2, 4), (2, 4)]
        output_chain = can_chain(input_dominoes)
>       self.assert_correct_chain(input_dominoes, output_chain)

dominoes/dominoes_test.py:61: 
_ _ _ _ _ _ _ _ _ _ _ _ _ _ _ _ _ _ _ _ _ _ _ _ _ _ _ _ _ _ _ _ _ _ _ _ _ _ _ _ 
dominoes/dominoes_test.py:123: in assert_correct_chain
    self.assertIsNotNone(output_chain, msg)
E   AssertionError: unexpectedly None : There should be a chain for [(1, 2), (2, 3), (3, 1), (2, 4), (2, 4)]
_______________________ DominoesTest.test_nine_elements ________________________

self = <dominoes_test.DominoesTest testMethod=test_nine_elements>

    def test_nine_elements(self):
        input_dominoes = [
            (1, 2),
            (5, 3),
            (3, 1),
            (1, 2),
            (2, 4),
            (1, 6),
            (2, 3),
            (3, 4),
            (5, 6),
        ]
        output_chain = can_chain(input_dominoes)
>       self.assert_correct_chain(input_dominoes, output_chain)

dominoes/dominoes_test.py:81: 
_ _ _ _ _ _ _ _ _ _ _ _ _ _ _ _ _ _ _ _ _ _ _ _ _ _ _ _ _ _ _ _ _ _ _ _ _ _ _ _ 
dominoes/dominoes_test.py:123: in assert_correct_chain
    self.assertIsNotNone(output_chain, msg)
E   AssertionError: unexpectedly None : There should be a chain for [(1, 2), (5, 3), (3, 1), (1, 2), (2, 4), (1, 6), (2, 3), (3, 4), (5, 6)]
=========================== short test summary info ============================
FAILED dominoes/dominoes_test.py::DominoesTest::test_can_reverse_dominoes - A...
FAILED dominoes/dominoes_test.py::DominoesTest::test_need_backtrack - Asserti...
FAILED dominoes/dominoes_test.py::DominoesTest::test_nine_elements - Assertio...
========================= 3 failed, 10 passed in 0.28s =========================
