============================= test session starts ==============================
platform linux -- Python 3.10.12, pytest-7.4.0, pluggy-1.2.0
rootdir: /home/jake/Development/exercism-python
configfile: pytest.ini
plugins: mock-3.11.1, reportlog-0.4.0, repeat-0.9.1
collected 25 items

exercises/practice/grep/grep_test.py ..F............F.........           [100%]

=================================== FAILURES ===================================
____________ GrepTest.test_multiple_files_one_match_multiple_flags _____________

self = <grep_test.GrepTest testMethod=test_multiple_files_one_match_multiple_flags>
mock_file = <MagicMock name='StringIO' id='140643110454896'>
mock_open = <MagicMock name='open' id='140643110462768'>

    def test_multiple_files_one_match_multiple_flags(self, mock_file, mock_open):
>       self.assertMultiLineEqual(
            grep(
                "WITH LOSS OF EDEN, TILL ONE GREATER MAN",
                "-n -i -x",
                ["iliad.txt", "midsummer-night.txt", "paradise-lost.txt"],
            ),
            "paradise-lost.txt:4:With loss of Eden, till one greater Man\n",
        )
E       AssertionError: '' != 'paradise-lost.txt:4:With loss of Eden, till one greater Man\n'
E       + paradise-lost.txt:4:With loss of Eden, till one greater Man

exercises/practice/grep/grep_test.py:231: AssertionError
_______________ GrepTest.test_one_file_one_match_multiple_flags ________________

self = <grep_test.GrepTest testMethod=test_one_file_one_match_multiple_flags>
mock_file = <MagicMock name='StringIO' id='140643110651888'>
mock_open = <MagicMock name='open' id='140643110623968'>

    def test_one_file_one_match_multiple_flags(self, mock_file, mock_open):
>       self.assertMultiLineEqual(
            grep("OF ATREUS, Agamemnon, KIng of MEN.", "-n -i -x", ["iliad.txt"]),
            "9:Of Atreus, Agamemnon, King of men.\n",
        )
E       AssertionError: '' != '9:Of Atreus, Agamemnon, King of men.\n'
E       + 9:Of Atreus, Agamemnon, King of men.

exercises/practice/grep/grep_test.py:85: AssertionError
=========================== short test summary info ============================
FAILED exercises/practice/grep/grep_test.py::GrepTest::test_multiple_files_one_match_multiple_flags
FAILED exercises/practice/grep/grep_test.py::GrepTest::test_one_file_one_match_multiple_flags
========================= 2 failed, 23 passed in 0.07s =========================
