============================= test session starts ==============================
platform linux -- Python 3.10.12, pytest-7.4.0, pluggy-1.2.0
rootdir: /home/jake/Development/exercism-python
configfile: pytest.ini
plugins: mock-3.11.1, reportlog-0.4.0, repeat-0.9.1
collected 25 items

exercises/practice/grep/grep_test.py .FFFFFFFFFF.FFFFFFFFFF.FF           [100%]

=================================== FAILURES ===================================
________ GrepTest.test_multiple_files_one_match_match_entire_lines_flag ________

self = <grep_test.GrepTest testMethod=test_multiple_files_one_match_match_entire_lines_flag>
mock_file = <MagicMock name='StringIO' id='139843330442192'>
mock_open = <MagicMock name='open' id='139843330450064'>

    def test_multiple_files_one_match_match_entire_lines_flag(
        self, mock_file, mock_open
    ):
>       self.assertMultiLineEqual(
            grep(
                "But I beseech your grace that I may know",
                "-x",
                ["iliad.txt", "midsummer-night.txt", "paradise-lost.txt"],
            ),
            "midsummer-night.txt:But I beseech your grace that I may know\n",
        )
E       AssertionError: 'midsummer-night.txt:But I beseech your grace that I may know' != 'midsummer-night.txt:But I beseech your grace that I may know\n'
E       - midsummer-night.txt:But I beseech your grace that I may know
E       + midsummer-night.txt:But I beseech your grace that I may know
E       
E       ?                                                             
E       +

exercises/practice/grep/grep_test.py:221: AssertionError
____________ GrepTest.test_multiple_files_one_match_multiple_flags _____________

self = <grep_test.GrepTest testMethod=test_multiple_files_one_match_multiple_flags>
mock_file = <MagicMock name='StringIO' id='139843330637008'>
mock_open = <MagicMock name='open' id='139843330629040'>

    def test_multiple_files_one_match_multiple_flags(self, mock_file, mock_open):
>       self.assertMultiLineEqual(
            grep(
                "WITH LOSS OF EDEN, TILL ONE GREATER MAN",
                "-n -i -x",
                ["iliad.txt", "midsummer-night.txt", "paradise-lost.txt"],
            ),
            "paradise-lost.txt:4:With loss of Eden, till one greater Man\n",
        )
E       AssertionError: 'paradise-lost.txt:5:With loss of Eden, till one greater Man' != 'paradise-lost.txt:4:With loss of Eden, till one greater Man\n'
E       - paradise-lost.txt:5:With loss of Eden, till one greater Man
E       ?                   ^
E       + paradise-lost.txt:4:With loss of Eden, till one greater Man
E       
E       ?                   ^                                        
E       +

exercises/practice/grep/grep_test.py:231: AssertionError
_______________ GrepTest.test_multiple_files_one_match_no_flags ________________

self = <grep_test.GrepTest testMethod=test_multiple_files_one_match_no_flags>
mock_file = <MagicMock name='StringIO' id='139843330586464'>
mock_open = <MagicMock name='open' id='139843330579168'>

    def test_multiple_files_one_match_no_flags(self, mock_file, mock_open):
>       self.assertMultiLineEqual(
            grep(
                "Agamemnon",
                "",
                ["iliad.txt", "midsummer-night.txt", "paradise-lost.txt"],
            ),
            "iliad.txt:Of Atreus, Agamemnon, King of men.\n",
        )
E       AssertionError: 'iliad.txt:Of Atreus, Agamemnon, King of men.' != 'iliad.txt:Of Atreus, Agamemnon, King of men.\n'
E       - iliad.txt:Of Atreus, Agamemnon, King of men.
E       + iliad.txt:Of Atreus, Agamemnon, King of men.
E       
E       ?                                             
E       +

exercises/practice/grep/grep_test.py:155: AssertionError
_________ GrepTest.test_multiple_files_one_match_print_file_names_flag _________

self = <grep_test.GrepTest testMethod=test_multiple_files_one_match_print_file_names_flag>
mock_file = <MagicMock name='StringIO' id='139843330881376'>
mock_open = <MagicMock name='open' id='139843330874080'>

    def test_multiple_files_one_match_print_file_names_flag(self, mock_file, mock_open):
>       self.assertMultiLineEqual(
            grep(
                "who", "-l", ["iliad.txt", "midsummer-night.txt", "paradise-lost.txt"]
            ),
            "iliad.txt\n" "paradise-lost.txt\n",
        )
E       AssertionError: 'iliad.txt\nparadise-lost.txt' != 'iliad.txt\nparadise-lost.txt\n'
E         iliad.txt
E       - paradise-lost.txt+ paradise-lost.txt
E       ?                  +

exercises/practice/grep/grep_test.py:186: AssertionError
______ GrepTest.test_multiple_files_several_matches_case_insensitive_flag ______

self = <grep_test.GrepTest testMethod=test_multiple_files_several_matches_case_insensitive_flag>
mock_file = <MagicMock name='StringIO' id='139843330963296'>
mock_open = <MagicMock name='open' id='139843330956000'>

    def test_multiple_files_several_matches_case_insensitive_flag(
        self, mock_file, mock_open
    ):
>       self.assertMultiLineEqual(
            grep("TO", "-i", ["iliad.txt", "midsummer-night.txt", "paradise-lost.txt"]),
            "iliad.txt:Caused to Achaia's host, sent many a soul\n"
            "iliad.txt:Illustrious into Ades premature,\n"
            "iliad.txt:And Heroes gave (so stood the will of Jove)\n"
            "iliad.txt:To dogs and to all ravening fowls a prey,\n"
            "midsummer-night.txt:I do entreat your grace to pardon me.\n"
            "midsummer-night.txt:In such a presence here to plead my thoughts;\n"
            "midsummer-night.txt:If I refuse to wed Demetrius.\n"
            "paradise-lost.txt:Brought Death into the World, and all our woe,\n"
            "paradise-lost.txt:Restore us, and regain the blissful Seat,\n"
            "paradise-lost.txt:Sing Heav'nly Muse, that on the secret top\n",
        )
E       AssertionError: "ilia[505 chars]paradise-lost.txt:Sing Heav'nly Muse, that on the secret top" != "ilia[505 chars]paradise-lost.txt:Sing Heav'nly Muse, that on the secret top\n"
E       Diff is 708 characters long. Set self.maxDiff to None to see it.

exercises/practice/grep/grep_test.py:196: AssertionError
_ GrepTest.test_multiple_files_several_matches_file_flag_takes_precedence_over_line_number_flag _

self = <grep_test.GrepTest testMethod=test_multiple_files_several_matches_file_flag_takes_precedence_over_line_number_flag>
mock_file = <MagicMock name='StringIO' id='139843330469712'>
mock_open = <MagicMock name='open' id='139843330461168'>

    def test_multiple_files_several_matches_file_flag_takes_precedence_over_line_number_flag(
        self, mock_file, mock_open
    ):
>       self.assertMultiLineEqual(
            grep(
                "who",
                "-n -l",
                ["iliad.txt", "midsummer-night.txt", "paradise-lost.txt"],
            ),
            "iliad.txt\n" "paradise-lost.txt\n",
        )
E       AssertionError: 'iliad.txt\nparadise-lost.txt' != 'iliad.txt\nparadise-lost.txt\n'
E         iliad.txt
E       - paradise-lost.txt+ paradise-lost.txt
E       ?                  +

exercises/practice/grep/grep_test.py:253: AssertionError
_ GrepTest.test_multiple_files_several_matches_inverted_and_match_entire_lines_flags _

self = <grep_test.GrepTest testMethod=test_multiple_files_several_matches_inverted_and_match_entire_lines_flags>
mock_file = <MagicMock name='StringIO' id='139843331045744'>
mock_open = <MagicMock name='open' id='139843331034752'>

    def test_multiple_files_several_matches_inverted_and_match_entire_lines_flags(
        self, mock_file, mock_open
    ):
>       self.assertMultiLineEqual(
            grep(
                "Illustrious into Ades premature,",
                "-x -v",
                ["iliad.txt", "midsummer-night.txt", "paradise-lost.txt"],
            ),
            "iliad.txt:Achilles sing, O Goddess! Peleus' son;\n"
            "iliad.txt:His wrath pernicious, who ten thousand woes\n"
            "iliad.txt:Caused to Achaia's host, sent many a soul\n"
            "iliad.txt:And Heroes gave (so stood the will of Jove)\n"
            "iliad.txt:To dogs and to all ravening fowls a prey,\n"
            "iliad.txt:When fierce dispute had separated once\n"
            "iliad.txt:The noble Chief Achilles from the son\n"
            "iliad.txt:Of Atreus, Agamemnon, King of men.\n"
            "midsummer-night.txt:I do entreat your grace to pardon me.\n"
            "midsummer-night.txt:I know not by what power I am made bold,\n"
            "midsummer-night.txt:Nor how it may concern my modesty,\n"
            "midsummer-night.txt:In such a presence here to plead my thoughts;\n"
            "midsummer-night.txt:But I beseech your grace that I may know\n"
            "midsummer-night.txt:The worst that may befall me in this case,\n"
            "midsummer-night.txt:If I refuse to wed Demetrius.\n"
            "paradise-lost.txt:Of Mans First Disobedience, and the Fruit\n"
            "paradise-lost.txt:Of that Forbidden Tree, whose mortal tast\n"
            "paradise-lost.txt:Brought Death into the World, and all our woe,\n"
            "paradise-lost.txt:With loss of Eden, till one greater Man\n"
            "paradise-lost.txt:Restore us, and regain the blissful Seat,\n"
            "paradise-lost.txt:Sing Heav'nly Muse, that on the secret top\n"
            "paradise-lost.txt:Of Oreb, or of Sinai, didst inspire\n"
            "paradise-lost.txt:That Shepherd, who first taught the chosen Seed\n",
        )
E       AssertionError: "ilia[1258 chars]ise-lost.txt:That Shepherd, who first taught the chosen Seed" != "ilia[1258 chars]ise-lost.txt:That Shepherd, who first taught the chosen Seed\n"
E       Diff is 1484 characters long. Set self.maxDiff to None to see it.

exercises/practice/grep/grep_test.py:265: AssertionError
__________ GrepTest.test_multiple_files_several_matches_inverted_flag __________

self = <grep_test.GrepTest testMethod=test_multiple_files_several_matches_inverted_flag>
mock_file = <MagicMock name='StringIO' id='139843330668528'>
mock_open = <MagicMock name='open' id='139843330655184'>

    def test_multiple_files_several_matches_inverted_flag(self, mock_file, mock_open):
>       self.assertMultiLineEqual(
            grep("a", "-v", ["iliad.txt", "midsummer-night.txt", "paradise-lost.txt"]),
            "iliad.txt:Achilles sing, O Goddess! Peleus' son;\n"
            "iliad.txt:The noble Chief Achilles from the son\n"
            "midsummer-night.txt:If I refuse to wed Demetrius.\n",
        )
E       AssertionError: "ilia[84 chars]m the son\nmidsummer-night.txt:If I refuse to wed Demetrius." != "ilia[84 chars]m the son\nmidsummer-night.txt:If I refuse to wed Demetrius.\n"
E         iliad.txt:Achilles sing, O Goddess! Peleus' son;
E         iliad.txt:The noble Chief Achilles from the son
E       - midsummer-night.txt:If I refuse to wed Demetrius.+ midsummer-night.txt:If I refuse to wed Demetrius.
E       ?                                                  +

exercises/practice/grep/grep_test.py:211: AssertionError
____________ GrepTest.test_multiple_files_several_matches_no_flags _____________

self = <grep_test.GrepTest testMethod=test_multiple_files_several_matches_no_flags>
mock_file = <MagicMock name='StringIO' id='139843330376992'>
mock_open = <MagicMock name='open' id='139843330386976'>

    def test_multiple_files_several_matches_no_flags(self, mock_file, mock_open):
>       self.assertMultiLineEqual(
            grep("may", "", ["iliad.txt", "midsummer-night.txt", "paradise-lost.txt"]),
            "midsummer-night.txt:Nor how it may concern my modesty,\n"
            "midsummer-night.txt:But I beseech your grace that I may know\n"
            "midsummer-night.txt:The worst that may befall me in this case,\n",
        )
E       AssertionError: 'mids[116 chars]dsummer-night.txt:The worst that may befall me in this case,' != 'mids[116 chars]dsummer-night.txt:The worst that may befall me in this case,\n'
E         midsummer-night.txt:Nor how it may concern my modesty,
E         midsummer-night.txt:But I beseech your grace that I may know
E       - midsummer-night.txt:The worst that may befall me in this case,+ midsummer-night.txt:The worst that may befall me in this case,
E       ?                                                               +

exercises/practice/grep/grep_test.py:165: AssertionError
_____ GrepTest.test_multiple_files_several_matches_print_line_numbers_flag _____

self = <grep_test.GrepTest testMethod=test_multiple_files_several_matches_print_line_numbers_flag>
mock_file = <MagicMock name='StringIO' id='139843330953552'>
mock_open = <MagicMock name='open' id='139843330961472'>

    def test_multiple_files_several_matches_print_line_numbers_flag(
        self, mock_file, mock_open
    ):
>       self.assertMultiLineEqual(
            grep(
                "that", "-n", ["iliad.txt", "midsummer-night.txt", "paradise-lost.txt"]
            ),
            "midsummer-night.txt:5:But I beseech your grace that I may know\n"
            "midsummer-night.txt:6:The worst that may befall me in this case,\n"
            "paradise-lost.txt:2:Of that Forbidden Tree, whose mortal tast\n"
            "paradise-lost.txt:6:Sing Heav'nly Muse, that on the secret top\n",
        )
E       AssertionError: "midsummer-night.txt:6:But I beseech your grace that I may kno[190 chars] top" != "midsummer-night.txt:5:But I beseech your grace that I may kno[192 chars]op\n"
E       Diff is 750 characters long. Set self.maxDiff to None to see it.

exercises/practice/grep/grep_test.py:175: AssertionError
____________ GrepTest.test_one_file_one_match_case_insensitive_flag ____________

self = <grep_test.GrepTest testMethod=test_one_file_one_match_case_insensitive_flag>
mock_file = <MagicMock name='StringIO' id='139843330644176'>
mock_open = <MagicMock name='open' id='139843330636048'>

    def test_one_file_one_match_case_insensitive_flag(self, mock_file, mock_open):
>       self.assertMultiLineEqual(
            grep("FORBIDDEN", "-i", ["paradise-lost.txt"]),
            "Of that Forbidden Tree, whose mortal tast\n",
        )
E       AssertionError: 'paradise-lost.txt:Of that Forbidden Tree, whose mortal tast' != 'Of that Forbidden Tree, whose mortal tast\n'
E       - paradise-lost.txt:Of that Forbidden Tree, whose mortal tast
E       ? ------------------
E       + Of that Forbidden Tree, whose mortal tast
E       
E       ?                                          
E       +

exercises/practice/grep/grep_test.py:66: AssertionError
__ GrepTest.test_one_file_one_match_file_flag_takes_precedence_over_line_flag __

self = <grep_test.GrepTest testMethod=test_one_file_one_match_file_flag_takes_precedence_over_line_flag>
mock_file = <MagicMock name='StringIO' id='139843330874704'>
mock_open = <MagicMock name='open' id='139843330870096'>

    def test_one_file_one_match_file_flag_takes_precedence_over_line_flag(
        self, mock_file, mock_open
    ):
>       self.assertMultiLineEqual(grep("ten", "-n -l", ["iliad.txt"]), "iliad.txt\n")
E       AssertionError: 'iliad.txt' != 'iliad.txt\n'
E       - iliad.txt
E       + iliad.txt
E       
E       ?          
E       +

exercises/practice/grep/grep_test.py:136: AssertionError
___________ GrepTest.test_one_file_one_match_match_entire_lines_flag ___________

self = <grep_test.GrepTest testMethod=test_one_file_one_match_match_entire_lines_flag>
mock_file = <MagicMock name='StringIO' id='139843331176672'>
mock_open = <MagicMock name='open' id='139843331168944'>

    def test_one_file_one_match_match_entire_lines_flag(self, mock_file, mock_open):
>       self.assertMultiLineEqual(
            grep(
                "With loss of Eden, till one greater Man", "-x", ["paradise-lost.txt"]
            ),
            "With loss of Eden, till one greater Man\n",
        )
E       AssertionError: 'paradise-lost.txt:With loss of Eden, till one greater Man' != 'With loss of Eden, till one greater Man\n'
E       - paradise-lost.txt:With loss of Eden, till one greater Man
E       ? ------------------
E       + With loss of Eden, till one greater Man
E       
E       ?                                        
E       +

exercises/practice/grep/grep_test.py:77: AssertionError
_______________ GrepTest.test_one_file_one_match_multiple_flags ________________

self = <grep_test.GrepTest testMethod=test_one_file_one_match_multiple_flags>
mock_file = <MagicMock name='StringIO' id='139843331128384'>
mock_open = <MagicMock name='open' id='139843331120800'>

    def test_one_file_one_match_multiple_flags(self, mock_file, mock_open):
>       self.assertMultiLineEqual(
            grep("OF ATREUS, Agamemnon, KIng of MEN.", "-n -i -x", ["iliad.txt"]),
            "9:Of Atreus, Agamemnon, King of men.\n",
        )
E       AssertionError: 'iliad.txt:10:Of Atreus, Agamemnon, King of men.' != '9:Of Atreus, Agamemnon, King of men.\n'
E       - iliad.txt:10:Of Atreus, Agamemnon, King of men.
E       ? ^^^^^^^^^^^^
E       + 9:Of Atreus, Agamemnon, King of men.
E       
E       ? ^                                   
E       +

exercises/practice/grep/grep_test.py:85: AssertionError
__________________ GrepTest.test_one_file_one_match_no_flags ___________________

self = <grep_test.GrepTest testMethod=test_one_file_one_match_no_flags>
mock_file = <MagicMock name='StringIO' id='139843330631392'>
mock_open = <MagicMock name='open' id='139843330633168'>

    def test_one_file_one_match_no_flags(self, mock_file, mock_open):
>       self.assertMultiLineEqual(
            grep("Agamemnon", "", ["iliad.txt"]), "Of Atreus, Agamemnon, King of men.\n"
        )
E       AssertionError: 'iliad.txt:Of Atreus, Agamemnon, King of men.' != 'Of Atreus, Agamemnon, King of men.\n'
E       - iliad.txt:Of Atreus, Agamemnon, King of men.
E       ? ----------
E       + Of Atreus, Agamemnon, King of men.
E       
E       ?                                   
E       +

exercises/practice/grep/grep_test.py:55: AssertionError
____________ GrepTest.test_one_file_one_match_print_file_names_flag ____________

self = <grep_test.GrepTest testMethod=test_one_file_one_match_print_file_names_flag>
mock_file = <MagicMock name='StringIO' id='139843330641824'>
mock_open = <MagicMock name='open' id='139843330643984'>

    def test_one_file_one_match_print_file_names_flag(self, mock_file, mock_open):
>       self.assertMultiLineEqual(
            grep("Forbidden", "-l", ["paradise-lost.txt"]), "paradise-lost.txt\n"
        )
E       AssertionError: 'paradise-lost.txt' != 'paradise-lost.txt\n'
E       - paradise-lost.txt
E       + paradise-lost.txt
E       
E       ?                  
E       +

exercises/practice/grep/grep_test.py:72: AssertionError
___________ GrepTest.test_one_file_one_match_print_line_numbers_flag ___________

self = <grep_test.GrepTest testMethod=test_one_file_one_match_print_line_numbers_flag>
mock_file = <MagicMock name='StringIO' id='139843331154960'>
mock_open = <MagicMock name='open' id='139843331160480'>

    def test_one_file_one_match_print_line_numbers_flag(self, mock_file, mock_open):
>       self.assertMultiLineEqual(
            grep("Forbidden", "-n", ["paradise-lost.txt"]),
            "2:Of that Forbidden Tree, whose mortal tast\n",
        )
E       AssertionError: 'paradise-lost.txt:3:Of that Forbidden Tree, whose mortal tast' != '2:Of that Forbidden Tree, whose mortal tast\n'
E       - paradise-lost.txt:3:Of that Forbidden Tree, whose mortal tast
E       ? ^^^^^^^^^^^^^^^^^^^
E       + 2:Of that Forbidden Tree, whose mortal tast
E       
E       ? ^                                          
E       +

exercises/practice/grep/grep_test.py:60: AssertionError
_________ GrepTest.test_one_file_several_matches_case_insensitive_flag _________

self = <grep_test.GrepTest testMethod=test_one_file_several_matches_case_insensitive_flag>
mock_file = <MagicMock name='StringIO' id='139843330881232'>
mock_open = <MagicMock name='open' id='139843330875952'>

    def test_one_file_several_matches_case_insensitive_flag(self, mock_file, mock_open):
>       self.assertMultiLineEqual(
            grep("ACHILLES", "-i", ["iliad.txt"]),
            "Achilles sing, O Goddess! Peleus' son;\n"
            "The noble Chief Achilles from the son\n",
        )
E       AssertionError: "iliad.txt:Achilles sing, O Goddess! Peleu[52 chars] son" != "Achilles sing, O Goddess! Peleus' son;\nT[34 chars]on\n"
E       - iliad.txt:Achilles sing, O Goddess! Peleus' son;
E       ? ----------
E       + Achilles sing, O Goddess! Peleus' son;
E       - iliad.txt:The noble Chief Achilles from the son? ----------
E       + The noble Chief Achilles from the son
E       ?                                      +

exercises/practice/grep/grep_test.py:114: AssertionError
_ GrepTest.test_one_file_several_matches_inverted_and_match_entire_lines_flags _

self = <grep_test.GrepTest testMethod=test_one_file_several_matches_inverted_and_match_entire_lines_flags>
mock_file = <MagicMock name='StringIO' id='139843330575712'>
mock_open = <MagicMock name='open' id='139843330574320'>

    def test_one_file_several_matches_inverted_and_match_entire_lines_flags(
        self, mock_file, mock_open
    ):
>       self.assertMultiLineEqual(
            grep("Illustrious into Ades premature,", "-x -v", ["iliad.txt"]),
            "Achilles sing, O Goddess! Peleus' son;\n"
            "His wrath pernicious, who ten thousand woes\n"
            "Caused to Achaia's host, sent many a soul\n"
            "And Heroes gave (so stood the will of Jove)\n"
            "To dogs and to all ravening fowls a prey,\n"
            "When fierce dispute had separated once\n"
            "The noble Chief Achilles from the son\n"
            "Of Atreus, Agamemnon, King of men.\n",
        )
E       AssertionError: "iliad.txt:Achilles sing, O Goddess! Peleu[364 chars]men." != "Achilles sing, O Goddess! Peleus' son;\nH[286 chars]n.\n"
E       Diff is 900 characters long. Set self.maxDiff to None to see it.

exercises/practice/grep/grep_test.py:141: AssertionError
_____________ GrepTest.test_one_file_several_matches_inverted_flag _____________

self = <grep_test.GrepTest testMethod=test_one_file_several_matches_inverted_flag>
mock_file = <MagicMock name='StringIO' id='139843331143472'>
mock_open = <MagicMock name='open' id='139843331136032'>

    def test_one_file_several_matches_inverted_flag(self, mock_file, mock_open):
>       self.assertMultiLineEqual(
            grep("Of", "-v", ["paradise-lost.txt"]),
            "Brought Death into the World, and all our woe,\n"
            "With loss of Eden, till one greater Man\n"
            "Restore us, and regain the blissful Seat,\n"
            "Sing Heav'nly Muse, that on the secret top\n"
            "That Shepherd, who first taught the chosen Seed\n",
        )
E       AssertionError: "paradise-lost.txt:Brought Death into the [268 chars]Seed" != "Brought Death into the World, and all our[180 chars]ed\n"
E       Diff is 706 characters long. Set self.maxDiff to None to see it.

exercises/practice/grep/grep_test.py:121: AssertionError
_______________ GrepTest.test_one_file_several_matches_no_flags ________________

self = <grep_test.GrepTest testMethod=test_one_file_several_matches_no_flags>
mock_file = <MagicMock name='StringIO' id='139843331046368'>
mock_open = <MagicMock name='open' id='139843331038640'>

    def test_one_file_several_matches_no_flags(self, mock_file, mock_open):
>       self.assertMultiLineEqual(
            grep("may", "", ["midsummer-night.txt"]),
            "Nor how it may concern my modesty,\n"
            "But I beseech your grace that I may know\n"
            "The worst that may befall me in this case,\n",
        )
E       AssertionError: 'midsummer-night.txt:Nor how it may concer[135 chars]ase,' != 'Nor how it may concern my modesty,\nBut I[77 chars]e,\n'
E       - midsummer-night.txt:Nor how it may concern my modesty,
E       ? --------------------
E       + Nor how it may concern my modesty,
E       - midsummer-night.txt:But I beseech your grace that I may know
E       ? --------------------
E       + But I beseech your grace that I may know
E       - midsummer-night.txt:The worst that may befall me in this case,? --------------------
E       + The worst that may befall me in this case,
E       ?                                           +

exercises/practice/grep/grep_test.py:91: AssertionError
________ GrepTest.test_one_file_several_matches_print_line_numbers_flag ________

self = <grep_test.GrepTest testMethod=test_one_file_several_matches_print_line_numbers_flag>
mock_file = <MagicMock name='StringIO' id='139843330624816'>
mock_open = <MagicMock name='open' id='139843330637344'>

    def test_one_file_several_matches_print_line_numbers_flag(
        self, mock_file, mock_open
    ):
>       self.assertMultiLineEqual(
            grep("may", "-n", ["midsummer-night.txt"]),
            "3:Nor how it may concern my modesty,\n"
            "5:But I beseech your grace that I may know\n"
            "6:The worst that may befall me in this case,\n",
        )
E       AssertionError: 'midsummer-night.txt:4:Nor how it may conc[141 chars]ase,' != '3:Nor how it may concern my modesty,\n5:B[83 chars]e,\n'
E       - midsummer-night.txt:4:Nor how it may concern my modesty,
E       ? ^^^^^^^^^^^^^^^^^^^^^
E       + 3:Nor how it may concern my modesty,
E       ? ^
E       - midsummer-night.txt:6:But I beseech your grace that I may know
E       ? ^^^^^^^^^^^^^^^^^^^^^
E       + 5:But I beseech your grace that I may know
E       ? ^
E       - midsummer-night.txt:7:The worst that may befall me in this case,? ^^^^^^^^^^^^^^^^^^^^^
E       + 6:The worst that may befall me in this case,
E       ? ^                                           +

exercises/practice/grep/grep_test.py:101: AssertionError
=========================== short test summary info ============================
FAILED exercises/practice/grep/grep_test.py::GrepTest::test_multiple_files_one_match_match_entire_lines_flag
FAILED exercises/practice/grep/grep_test.py::GrepTest::test_multiple_files_one_match_multiple_flags
FAILED exercises/practice/grep/grep_test.py::GrepTest::test_multiple_files_one_match_no_flags
FAILED exercises/practice/grep/grep_test.py::GrepTest::test_multiple_files_one_match_print_file_names_flag
FAILED exercises/practice/grep/grep_test.py::GrepTest::test_multiple_files_several_matches_case_insensitive_flag
FAILED exercises/practice/grep/grep_test.py::GrepTest::test_multiple_files_several_matches_file_flag_takes_precedence_over_line_number_flag
FAILED exercises/practice/grep/grep_test.py::GrepTest::test_multiple_files_several_matches_inverted_and_match_entire_lines_flags
FAILED exercises/practice/grep/grep_test.py::GrepTest::test_multiple_files_several_matches_inverted_flag
FAILED exercises/practice/grep/grep_test.py::GrepTest::test_multiple_files_several_matches_no_flags
FAILED exercises/practice/grep/grep_test.py::GrepTest::test_multiple_files_several_matches_print_line_numbers_flag
FAILED exercises/practice/grep/grep_test.py::GrepTest::test_one_file_one_match_case_insensitive_flag
FAILED exercises/practice/grep/grep_test.py::GrepTest::test_one_file_one_match_file_flag_takes_precedence_over_line_flag
FAILED exercises/practice/grep/grep_test.py::GrepTest::test_one_file_one_match_match_entire_lines_flag
FAILED exercises/practice/grep/grep_test.py::GrepTest::test_one_file_one_match_multiple_flags
FAILED exercises/practice/grep/grep_test.py::GrepTest::test_one_file_one_match_no_flags
FAILED exercises/practice/grep/grep_test.py::GrepTest::test_one_file_one_match_print_file_names_flag
FAILED exercises/practice/grep/grep_test.py::GrepTest::test_one_file_one_match_print_line_numbers_flag
FAILED exercises/practice/grep/grep_test.py::GrepTest::test_one_file_several_matches_case_insensitive_flag
FAILED exercises/practice/grep/grep_test.py::GrepTest::test_one_file_several_matches_inverted_and_match_entire_lines_flags
FAILED exercises/practice/grep/grep_test.py::GrepTest::test_one_file_several_matches_inverted_flag
FAILED exercises/practice/grep/grep_test.py::GrepTest::test_one_file_several_matches_no_flags
FAILED exercises/practice/grep/grep_test.py::GrepTest::test_one_file_several_matches_print_line_numbers_flag
========================= 22 failed, 3 passed in 0.17s =========================
