============================= test session starts ==============================
platform linux -- Python 3.10.12, pytest-7.4.0, pluggy-1.2.0
rootdir: /home/jake/Development/exercism-python
configfile: pytest.ini
plugins: mock-3.11.1, reportlog-0.4.0, repeat-0.9.1, asyncio-0.21.1
asyncio: mode=strict
collected 25 items

exercises/practice/grep/grep_test.py FFFFFFFFFFFFFFFFFFFFFFFFF           [100%]

=================================== FAILURES ===================================
____________ GrepTest.test_multiple_files_no_matches_various_flags _____________

self = <grep_test.GrepTest testMethod=test_multiple_files_no_matches_various_flags>
mock_file = <MagicMock name='StringIO' id='140299324907696'>
mock_open = <MagicMock name='open' id='140299324915664'>

    def test_multiple_files_no_matches_various_flags(self, mock_file, mock_open):
>       self.assertMultiLineEqual(
            grep(
                "Frodo",
                "-n -l -x -i",
                ["iliad.txt", "midsummer-night.txt", "paradise-lost.txt"],
            ),
            "",
        )
E       AssertionError: None is not an instance of <class 'str'> : First argument is not a string

exercises/practice/grep/grep_test.py:241: AssertionError
________ GrepTest.test_multiple_files_one_match_match_entire_lines_flag ________

self = <grep_test.GrepTest testMethod=test_multiple_files_one_match_match_entire_lines_flag>
mock_file = <MagicMock name='StringIO' id='140299323422464'>
mock_open = <MagicMock name='open' id='140299323415024'>

    def test_multiple_files_one_match_match_entire_lines_flag(
        self, mock_file, mock_open
    ):
>       self.assertMultiLineEqual(
            grep(
                "But I beseech your grace that I may know",
                "-x",
                ["iliad.txt", "midsummer-night.txt", "paradise-lost.txt"],
            ),
            "midsummer-night.txt:But I beseech your grace that I may know\n",
        )
E       AssertionError: None is not an instance of <class 'str'> : First argument is not a string

exercises/practice/grep/grep_test.py:221: AssertionError
____________ GrepTest.test_multiple_files_one_match_multiple_flags _____________

self = <grep_test.GrepTest testMethod=test_multiple_files_one_match_multiple_flags>
mock_file = <MagicMock name='StringIO' id='140299323223504'>
mock_open = <MagicMock name='open' id='140299323365200'>

    def test_multiple_files_one_match_multiple_flags(self, mock_file, mock_open):
>       self.assertMultiLineEqual(
            grep(
                "WITH LOSS OF EDEN, TILL ONE GREATER MAN",
                "-n -i -x",
                ["iliad.txt", "midsummer-night.txt", "paradise-lost.txt"],
            ),
            "paradise-lost.txt:4:With loss of Eden, till one greater Man\n",
        )
E       AssertionError: None is not an instance of <class 'str'> : First argument is not a string

exercises/practice/grep/grep_test.py:231: AssertionError
_______________ GrepTest.test_multiple_files_one_match_no_flags ________________

self = <grep_test.GrepTest testMethod=test_multiple_files_one_match_no_flags>
mock_file = <MagicMock name='StringIO' id='140299323718000'>
mock_open = <MagicMock name='open' id='140299323707008'>

    def test_multiple_files_one_match_no_flags(self, mock_file, mock_open):
>       self.assertMultiLineEqual(
            grep(
                "Agamemnon",
                "",
                ["iliad.txt", "midsummer-night.txt", "paradise-lost.txt"],
            ),
            "iliad.txt:Of Atreus, Agamemnon, King of men.\n",
        )
E       AssertionError: None is not an instance of <class 'str'> : First argument is not a string

exercises/practice/grep/grep_test.py:155: AssertionError
_________ GrepTest.test_multiple_files_one_match_print_file_names_flag _________

self = <grep_test.GrepTest testMethod=test_multiple_files_one_match_print_file_names_flag>
mock_file = <MagicMock name='StringIO' id='140299323731360'>
mock_open = <MagicMock name='open' id='140299323723392'>

    def test_multiple_files_one_match_print_file_names_flag(self, mock_file, mock_open):
>       self.assertMultiLineEqual(
            grep(
                "who", "-l", ["iliad.txt", "midsummer-night.txt", "paradise-lost.txt"]
            ),
            "iliad.txt\n" "paradise-lost.txt\n",
        )
E       AssertionError: None is not an instance of <class 'str'> : First argument is not a string

exercises/practice/grep/grep_test.py:186: AssertionError
______ GrepTest.test_multiple_files_several_matches_case_insensitive_flag ______

self = <grep_test.GrepTest testMethod=test_multiple_files_several_matches_case_insensitive_flag>
mock_file = <MagicMock name='StringIO' id='140299323695232'>
mock_open = <MagicMock name='open' id='140299323687936'>

    def test_multiple_files_several_matches_case_insensitive_flag(
        self, mock_file, mock_open
    ):
>       self.assertMultiLineEqual(
            grep("TO", "-i", ["iliad.txt", "midsummer-night.txt", "paradise-lost.txt"]),
            "iliad.txt:Caused to Achaia's host, sent many a soul\n"
            "iliad.txt:Illustrious into Ades premature,\n"
            "iliad.txt:And Heroes gave (so stood the will of Jove)\n"
            "iliad.txt:To dogs and to all ravening fowls a prey,\n"
            "midsummer-night.txt:I do entreat your grace to pardon me.\n"
            "midsummer-night.txt:In such a presence here to plead my thoughts;\n"
            "midsummer-night.txt:If I refuse to wed Demetrius.\n"
            "paradise-lost.txt:Brought Death into the World, and all our woe,\n"
            "paradise-lost.txt:Restore us, and regain the blissful Seat,\n"
            "paradise-lost.txt:Sing Heav'nly Muse, that on the secret top\n",
        )
E       AssertionError: None is not an instance of <class 'str'> : First argument is not a string

exercises/practice/grep/grep_test.py:196: AssertionError
_ GrepTest.test_multiple_files_several_matches_file_flag_takes_precedence_over_line_number_flag _

self = <grep_test.GrepTest testMethod=test_multiple_files_several_matches_file_flag_takes_precedence_over_line_number_flag>
mock_file = <MagicMock name='StringIO' id='140299323881312'>
mock_open = <MagicMock name='open' id='140299323874016'>

    def test_multiple_files_several_matches_file_flag_takes_precedence_over_line_number_flag(
        self, mock_file, mock_open
    ):
>       self.assertMultiLineEqual(
            grep(
                "who",
                "-n -l",
                ["iliad.txt", "midsummer-night.txt", "paradise-lost.txt"],
            ),
            "iliad.txt\n" "paradise-lost.txt\n",
        )
E       AssertionError: None is not an instance of <class 'str'> : First argument is not a string

exercises/practice/grep/grep_test.py:253: AssertionError
_ GrepTest.test_multiple_files_several_matches_inverted_and_match_entire_lines_flags _

self = <grep_test.GrepTest testMethod=test_multiple_files_several_matches_inverted_and_match_entire_lines_flags>
mock_file = <MagicMock name='StringIO' id='140299323848688'>
mock_open = <MagicMock name='open' id='140299323841200'>

    def test_multiple_files_several_matches_inverted_and_match_entire_lines_flags(
        self, mock_file, mock_open
    ):
>       self.assertMultiLineEqual(
            grep(
                "Illustrious into Ades premature,",
                "-x -v",
                ["iliad.txt", "midsummer-night.txt", "paradise-lost.txt"],
            ),
            "iliad.txt:Achilles sing, O Goddess! Peleus' son;\n"
            "iliad.txt:His wrath pernicious, who ten thousand woes\n"
            "iliad.txt:Caused to Achaia's host, sent many a soul\n"
            "iliad.txt:And Heroes gave (so stood the will of Jove)\n"
            "iliad.txt:To dogs and to all ravening fowls a prey,\n"
            "iliad.txt:When fierce dispute had separated once\n"
            "iliad.txt:The noble Chief Achilles from the son\n"
            "iliad.txt:Of Atreus, Agamemnon, King of men.\n"
            "midsummer-night.txt:I do entreat your grace to pardon me.\n"
            "midsummer-night.txt:I know not by what power I am made bold,\n"
            "midsummer-night.txt:Nor how it may concern my modesty,\n"
            "midsummer-night.txt:In such a presence here to plead my thoughts;\n"
            "midsummer-night.txt:But I beseech your grace that I may know\n"
            "midsummer-night.txt:The worst that may befall me in this case,\n"
            "midsummer-night.txt:If I refuse to wed Demetrius.\n"
            "paradise-lost.txt:Of Mans First Disobedience, and the Fruit\n"
            "paradise-lost.txt:Of that Forbidden Tree, whose mortal tast\n"
            "paradise-lost.txt:Brought Death into the World, and all our woe,\n"
            "paradise-lost.txt:With loss of Eden, till one greater Man\n"
            "paradise-lost.txt:Restore us, and regain the blissful Seat,\n"
            "paradise-lost.txt:Sing Heav'nly Muse, that on the secret top\n"
            "paradise-lost.txt:Of Oreb, or of Sinai, didst inspire\n"
            "paradise-lost.txt:That Shepherd, who first taught the chosen Seed\n",
        )
E       AssertionError: None is not an instance of <class 'str'> : First argument is not a string

exercises/practice/grep/grep_test.py:265: AssertionError
__________ GrepTest.test_multiple_files_several_matches_inverted_flag __________

self = <grep_test.GrepTest testMethod=test_multiple_files_several_matches_inverted_flag>
mock_file = <MagicMock name='StringIO' id='140299323347568'>
mock_open = <MagicMock name='open' id='140299323358128'>

    def test_multiple_files_several_matches_inverted_flag(self, mock_file, mock_open):
>       self.assertMultiLineEqual(
            grep("a", "-v", ["iliad.txt", "midsummer-night.txt", "paradise-lost.txt"]),
            "iliad.txt:Achilles sing, O Goddess! Peleus' son;\n"
            "iliad.txt:The noble Chief Achilles from the son\n"
            "midsummer-night.txt:If I refuse to wed Demetrius.\n",
        )
E       AssertionError: None is not an instance of <class 'str'> : First argument is not a string

exercises/practice/grep/grep_test.py:211: AssertionError
____________ GrepTest.test_multiple_files_several_matches_no_flags _____________

self = <grep_test.GrepTest testMethod=test_multiple_files_several_matches_no_flags>
mock_file = <MagicMock name='StringIO' id='140299323725792'>
mock_open = <MagicMock name='open' id='140299323735152'>

    def test_multiple_files_several_matches_no_flags(self, mock_file, mock_open):
>       self.assertMultiLineEqual(
            grep("may", "", ["iliad.txt", "midsummer-night.txt", "paradise-lost.txt"]),
            "midsummer-night.txt:Nor how it may concern my modesty,\n"
            "midsummer-night.txt:But I beseech your grace that I may know\n"
            "midsummer-night.txt:The worst that may befall me in this case,\n",
        )
E       AssertionError: None is not an instance of <class 'str'> : First argument is not a string

exercises/practice/grep/grep_test.py:165: AssertionError
_____ GrepTest.test_multiple_files_several_matches_print_line_numbers_flag _____

self = <grep_test.GrepTest testMethod=test_multiple_files_several_matches_print_line_numbers_flag>
mock_file = <MagicMock name='StringIO' id='140299323421744'>
mock_open = <MagicMock name='open' id='140299323413200'>

    def test_multiple_files_several_matches_print_line_numbers_flag(
        self, mock_file, mock_open
    ):
>       self.assertMultiLineEqual(
            grep(
                "that", "-n", ["iliad.txt", "midsummer-night.txt", "paradise-lost.txt"]
            ),
            "midsummer-night.txt:5:But I beseech your grace that I may know\n"
            "midsummer-night.txt:6:The worst that may befall me in this case,\n"
            "paradise-lost.txt:2:Of that Forbidden Tree, whose mortal tast\n"
            "paradise-lost.txt:6:Sing Heav'nly Muse, that on the secret top\n",
        )
E       AssertionError: None is not an instance of <class 'str'> : First argument is not a string

exercises/practice/grep/grep_test.py:175: AssertionError
_______________ GrepTest.test_one_file_no_matches_various_flags ________________

self = <grep_test.GrepTest testMethod=test_one_file_no_matches_various_flags>
mock_file = <MagicMock name='StringIO' id='140299323689232'>
mock_open = <MagicMock name='open' id='140299323693456'>

    def test_one_file_no_matches_various_flags(self, mock_file, mock_open):
>       self.assertMultiLineEqual(grep("Gandalf", "-n -l -x -i", ["iliad.txt"]), "")
E       AssertionError: None is not an instance of <class 'str'> : First argument is not a string

exercises/practice/grep/grep_test.py:131: AssertionError
____________ GrepTest.test_one_file_one_match_case_insensitive_flag ____________

self = <grep_test.GrepTest testMethod=test_one_file_one_match_case_insensitive_flag>
mock_file = <MagicMock name='StringIO' id='140299323947472'>
mock_open = <MagicMock name='open' id='140299323936480'>

    def test_one_file_one_match_case_insensitive_flag(self, mock_file, mock_open):
>       self.assertMultiLineEqual(
            grep("FORBIDDEN", "-i", ["paradise-lost.txt"]),
            "Of that Forbidden Tree, whose mortal tast\n",
        )
E       AssertionError: None is not an instance of <class 'str'> : First argument is not a string

exercises/practice/grep/grep_test.py:66: AssertionError
__ GrepTest.test_one_file_one_match_file_flag_takes_precedence_over_line_flag __

self = <grep_test.GrepTest testMethod=test_one_file_one_match_file_flag_takes_precedence_over_line_flag>
mock_file = <MagicMock name='StringIO' id='140299321931760'>
mock_open = <MagicMock name='open' id='140299321918416'>

    def test_one_file_one_match_file_flag_takes_precedence_over_line_flag(
        self, mock_file, mock_open
    ):
>       self.assertMultiLineEqual(grep("ten", "-n -l", ["iliad.txt"]), "iliad.txt\n")
E       AssertionError: None is not an instance of <class 'str'> : First argument is not a string

exercises/practice/grep/grep_test.py:136: AssertionError
___________ GrepTest.test_one_file_one_match_match_entire_lines_flag ___________

self = <grep_test.GrepTest testMethod=test_one_file_one_match_match_entire_lines_flag>
mock_file = <MagicMock name='StringIO' id='140299323226192'>
mock_open = <MagicMock name='open' id='140299323372016'>

    def test_one_file_one_match_match_entire_lines_flag(self, mock_file, mock_open):
>       self.assertMultiLineEqual(
            grep(
                "With loss of Eden, till one greater Man", "-x", ["paradise-lost.txt"]
            ),
            "With loss of Eden, till one greater Man\n",
        )
E       AssertionError: None is not an instance of <class 'str'> : First argument is not a string

exercises/practice/grep/grep_test.py:77: AssertionError
_______________ GrepTest.test_one_file_one_match_multiple_flags ________________

self = <grep_test.GrepTest testMethod=test_one_file_one_match_multiple_flags>
mock_file = <MagicMock name='StringIO' id='140299323722528'>
mock_open = <MagicMock name='open' id='140299323726128'>

    def test_one_file_one_match_multiple_flags(self, mock_file, mock_open):
>       self.assertMultiLineEqual(
            grep("OF ATREUS, Agamemnon, KIng of MEN.", "-n -i -x", ["iliad.txt"]),
            "9:Of Atreus, Agamemnon, King of men.\n",
        )
E       AssertionError: None is not an instance of <class 'str'> : First argument is not a string

exercises/practice/grep/grep_test.py:85: AssertionError
__________________ GrepTest.test_one_file_one_match_no_flags ___________________

self = <grep_test.GrepTest testMethod=test_one_file_one_match_no_flags>
mock_file = <MagicMock name='StringIO' id='140299323690960'>
mock_open = <MagicMock name='open' id='140299323698256'>

    def test_one_file_one_match_no_flags(self, mock_file, mock_open):
>       self.assertMultiLineEqual(
            grep("Agamemnon", "", ["iliad.txt"]), "Of Atreus, Agamemnon, King of men.\n"
        )
E       AssertionError: None is not an instance of <class 'str'> : First argument is not a string

exercises/practice/grep/grep_test.py:55: AssertionError
____________ GrepTest.test_one_file_one_match_print_file_names_flag ____________

self = <grep_test.GrepTest testMethod=test_one_file_one_match_print_file_names_flag>
mock_file = <MagicMock name='StringIO' id='140299323351312'>
mock_open = <MagicMock name='open' id='140299323347664'>

    def test_one_file_one_match_print_file_names_flag(self, mock_file, mock_open):
>       self.assertMultiLineEqual(
            grep("Forbidden", "-l", ["paradise-lost.txt"]), "paradise-lost.txt\n"
        )
E       AssertionError: None is not an instance of <class 'str'> : First argument is not a string

exercises/practice/grep/grep_test.py:72: AssertionError
___________ GrepTest.test_one_file_one_match_print_line_numbers_flag ___________

self = <grep_test.GrepTest testMethod=test_one_file_one_match_print_line_numbers_flag>
mock_file = <MagicMock name='StringIO' id='140299323717520'>
mock_open = <MagicMock name='open' id='140299323712096'>

    def test_one_file_one_match_print_line_numbers_flag(self, mock_file, mock_open):
>       self.assertMultiLineEqual(
            grep("Forbidden", "-n", ["paradise-lost.txt"]),
            "2:Of that Forbidden Tree, whose mortal tast\n",
        )
E       AssertionError: None is not an instance of <class 'str'> : First argument is not a string

exercises/practice/grep/grep_test.py:60: AssertionError
_________ GrepTest.test_one_file_several_matches_case_insensitive_flag _________

self = <grep_test.GrepTest testMethod=test_one_file_several_matches_case_insensitive_flag>
mock_file = <MagicMock name='StringIO' id='140299322007632'>
mock_open = <MagicMock name='open' id='140299322000192'>

    def test_one_file_several_matches_case_insensitive_flag(self, mock_file, mock_open):
>       self.assertMultiLineEqual(
            grep("ACHILLES", "-i", ["iliad.txt"]),
            "Achilles sing, O Goddess! Peleus' son;\n"
            "The noble Chief Achilles from the son\n",
        )
E       AssertionError: None is not an instance of <class 'str'> : First argument is not a string

exercises/practice/grep/grep_test.py:114: AssertionError
_ GrepTest.test_one_file_several_matches_inverted_and_match_entire_lines_flags _

self = <grep_test.GrepTest testMethod=test_one_file_several_matches_inverted_and_match_entire_lines_flags>
mock_file = <MagicMock name='StringIO' id='140299323940896'>
mock_open = <MagicMock name='open' id='140299323938304'>

    def test_one_file_several_matches_inverted_and_match_entire_lines_flags(
        self, mock_file, mock_open
    ):
>       self.assertMultiLineEqual(
            grep("Illustrious into Ades premature,", "-x -v", ["iliad.txt"]),
            "Achilles sing, O Goddess! Peleus' son;\n"
            "His wrath pernicious, who ten thousand woes\n"
            "Caused to Achaia's host, sent many a soul\n"
            "And Heroes gave (so stood the will of Jove)\n"
            "To dogs and to all ravening fowls a prey,\n"
            "When fierce dispute had separated once\n"
            "The noble Chief Achilles from the son\n"
            "Of Atreus, Agamemnon, King of men.\n",
        )
E       AssertionError: None is not an instance of <class 'str'> : First argument is not a string

exercises/practice/grep/grep_test.py:141: AssertionError
_____________ GrepTest.test_one_file_several_matches_inverted_flag _____________

self = <grep_test.GrepTest testMethod=test_one_file_several_matches_inverted_flag>
mock_file = <MagicMock name='StringIO' id='140299324908224'>
mock_open = <MagicMock name='open' id='140299323353328'>

    def test_one_file_several_matches_inverted_flag(self, mock_file, mock_open):
>       self.assertMultiLineEqual(
            grep("Of", "-v", ["paradise-lost.txt"]),
            "Brought Death into the World, and all our woe,\n"
            "With loss of Eden, till one greater Man\n"
            "Restore us, and regain the blissful Seat,\n"
            "Sing Heav'nly Muse, that on the secret top\n"
            "That Shepherd, who first taught the chosen Seed\n",
        )
E       AssertionError: None is not an instance of <class 'str'> : First argument is not a string

exercises/practice/grep/grep_test.py:121: AssertionError
________ GrepTest.test_one_file_several_matches_match_entire_lines_flag ________

self = <grep_test.GrepTest testMethod=test_one_file_several_matches_match_entire_lines_flag>
mock_file = <MagicMock name='StringIO' id='140299323714400'>
mock_open = <MagicMock name='open' id='140299323714256'>

    def test_one_file_several_matches_match_entire_lines_flag(
        self, mock_file, mock_open
    ):
>       self.assertMultiLineEqual(grep("may", "-x", ["midsummer-night.txt"]), "")
E       AssertionError: None is not an instance of <class 'str'> : First argument is not a string

exercises/practice/grep/grep_test.py:111: AssertionError
_______________ GrepTest.test_one_file_several_matches_no_flags ________________

self = <grep_test.GrepTest testMethod=test_one_file_several_matches_no_flags>
mock_file = <MagicMock name='StringIO' id='140299323350688'>
mock_open = <MagicMock name='open' id='140299323690192'>

    def test_one_file_several_matches_no_flags(self, mock_file, mock_open):
>       self.assertMultiLineEqual(
            grep("may", "", ["midsummer-night.txt"]),
            "Nor how it may concern my modesty,\n"
            "But I beseech your grace that I may know\n"
            "The worst that may befall me in this case,\n",
        )
E       AssertionError: None is not an instance of <class 'str'> : First argument is not a string

exercises/practice/grep/grep_test.py:91: AssertionError
________ GrepTest.test_one_file_several_matches_print_line_numbers_flag ________

self = <grep_test.GrepTest testMethod=test_one_file_several_matches_print_line_numbers_flag>
mock_file = <MagicMock name='StringIO' id='140299323876560'>
mock_open = <MagicMock name='open' id='140299321967904'>

    def test_one_file_several_matches_print_line_numbers_flag(
        self, mock_file, mock_open
    ):
>       self.assertMultiLineEqual(
            grep("may", "-n", ["midsummer-night.txt"]),
            "3:Nor how it may concern my modesty,\n"
            "5:But I beseech your grace that I may know\n"
            "6:The worst that may befall me in this case,\n",
        )
E       AssertionError: None is not an instance of <class 'str'> : First argument is not a string

exercises/practice/grep/grep_test.py:101: AssertionError
=========================== short test summary info ============================
FAILED exercises/practice/grep/grep_test.py::GrepTest::test_multiple_files_no_matches_various_flags
FAILED exercises/practice/grep/grep_test.py::GrepTest::test_multiple_files_one_match_match_entire_lines_flag
FAILED exercises/practice/grep/grep_test.py::GrepTest::test_multiple_files_one_match_multiple_flags
FAILED exercises/practice/grep/grep_test.py::GrepTest::test_multiple_files_one_match_no_flags
FAILED exercises/practice/grep/grep_test.py::GrepTest::test_multiple_files_one_match_print_file_names_flag
FAILED exercises/practice/grep/grep_test.py::GrepTest::test_multiple_files_several_matches_case_insensitive_flag
FAILED exercises/practice/grep/grep_test.py::GrepTest::test_multiple_files_several_matches_file_flag_takes_precedence_over_line_number_flag
FAILED exercises/practice/grep/grep_test.py::GrepTest::test_multiple_files_several_matches_inverted_and_match_entire_lines_flags
FAILED exercises/practice/grep/grep_test.py::GrepTest::test_multiple_files_several_matches_inverted_flag
FAILED exercises/practice/grep/grep_test.py::GrepTest::test_multiple_files_several_matches_no_flags
FAILED exercises/practice/grep/grep_test.py::GrepTest::test_multiple_files_several_matches_print_line_numbers_flag
FAILED exercises/practice/grep/grep_test.py::GrepTest::test_one_file_no_matches_various_flags
FAILED exercises/practice/grep/grep_test.py::GrepTest::test_one_file_one_match_case_insensitive_flag
FAILED exercises/practice/grep/grep_test.py::GrepTest::test_one_file_one_match_file_flag_takes_precedence_over_line_flag
FAILED exercises/practice/grep/grep_test.py::GrepTest::test_one_file_one_match_match_entire_lines_flag
FAILED exercises/practice/grep/grep_test.py::GrepTest::test_one_file_one_match_multiple_flags
FAILED exercises/practice/grep/grep_test.py::GrepTest::test_one_file_one_match_no_flags
FAILED exercises/practice/grep/grep_test.py::GrepTest::test_one_file_one_match_print_file_names_flag
FAILED exercises/practice/grep/grep_test.py::GrepTest::test_one_file_one_match_print_line_numbers_flag
FAILED exercises/practice/grep/grep_test.py::GrepTest::test_one_file_several_matches_case_insensitive_flag
FAILED exercises/practice/grep/grep_test.py::GrepTest::test_one_file_several_matches_inverted_and_match_entire_lines_flags
FAILED exercises/practice/grep/grep_test.py::GrepTest::test_one_file_several_matches_inverted_flag
FAILED exercises/practice/grep/grep_test.py::GrepTest::test_one_file_several_matches_match_entire_lines_flag
FAILED exercises/practice/grep/grep_test.py::GrepTest::test_one_file_several_matches_no_flags
FAILED exercises/practice/grep/grep_test.py::GrepTest::test_one_file_several_matches_print_line_numbers_flag
============================== 25 failed in 0.18s ==============================
