============================= test session starts ==============================
platform linux -- Python 3.10.12, pytest-7.4.0, pluggy-1.2.0
rootdir: /home/jake/Development/exercism-python
configfile: pytest.ini
plugins: mock-3.11.1, reportlog-0.4.0, repeat-0.9.1, asyncio-0.21.1
asyncio: mode=strict
collected 0 items / 1 error

==================================== ERRORS ====================================
_ ERROR collecting exercises/practice/simple-linked-list/simple_linked_list_test.py _
ImportError while importing test module '/home/jake/Development/exercism-python/exercises/practice/simple-linked-list/simple_linked_list_test.py'.
Hint: make sure your test modules/packages have valid Python names.
Traceback:
/usr/lib/python3.10/importlib/__init__.py:126: in import_module
    return _bootstrap._gcd_import(name[level:], package, level)
exercises/practice/simple-linked-list/simple_linked_list_test.py:3: in <module>
    from simple_linked_list import LinkedList, EmptyListException
E   ImportError: cannot import name 'LinkedList' from 'simple_linked_list' (/home/jake/Development/exercism-python/exercises/practice/simple-linked-list/simple_linked_list.py)
=========================== short test summary info ============================
ERROR exercises/practice/simple-linked-list/simple_linked_list_test.py
!!!!!!!!!!!!!!!!!!!! Interrupted: 1 error during collection !!!!!!!!!!!!!!!!!!!!
=============================== 1 error in 0.07s ===============================
