============================= test session starts ==============================
platform linux -- Python 3.10.12, pytest-7.4.0, pluggy-1.2.0
rootdir: /home/jake/Development/exercism-python
configfile: pytest.ini
plugins: mock-3.11.1, reportlog-0.4.0, repeat-0.9.1
collected 20 items

exercises/practice/simple-linked-list/simple_linked_list_test.py F...FFF [ 35%]
F.FFF.F......                                                            [100%]

=================================== FAILURES ===================================
____________ SimpleLinkedListTest.test_can_pop_from_non_empty_list _____________

self = <simple_linked_list_test.SimpleLinkedListTest testMethod=test_can_pop_from_non_empty_list>

    def test_can_pop_from_non_empty_list(self):
        sut = LinkedList([3, 4, 5])
>       self.assertEqual(sut.pop(), 5)
E       AssertionError: 3 != 5

exercises/practice/simple-linked-list/simple_linked_list_test.py:49: AssertionError
______________ SimpleLinkedListTest.test_error_on_empty_list_head ______________

self = <simple_linked_list_test.SimpleLinkedListTest testMethod=test_error_on_empty_list_head>

    def test_error_on_empty_list_head(self):
        sut = LinkedList()
        with self.assertRaises(EmptyListException) as err:
            sut.head()
        self.assertEqual(type(err.exception), EmptyListException)
>       self.assertEqual(err.exception.args[0], "The list is empty.")
E       AssertionError: 'The list is empty' != 'The list is empty.'
E       - The list is empty
E       + The list is empty.
E       ?                  +

exercises/practice/simple-linked-list/simple_linked_list_test.py:26: AssertionError
______________ SimpleLinkedListTest.test_error_on_empty_list_pop _______________

self = <simple_linked_list_test.SimpleLinkedListTest testMethod=test_error_on_empty_list_pop>

    def test_error_on_empty_list_pop(self):
        sut = LinkedList()
        with self.assertRaises(EmptyListException) as err:
            sut.pop()
        self.assertEqual(type(err.exception), EmptyListException)
>       self.assertEqual(err.exception.args[0], "The list is empty.")
E       AssertionError: 'The list is empty' != 'The list is empty.'
E       - The list is empty
E       + The list is empty.
E       ?                  +

exercises/practice/simple-linked-list/simple_linked_list_test.py:66: AssertionError
_ SimpleLinkedListTest.test_non_empty_linked_list_to_list_is_list_with_all_elements _

self = <simple_linked_list_test.SimpleLinkedListTest testMethod=test_non_empty_linked_list_to_list_is_list_with_all_elements>

    def test_non_empty_linked_list_to_list_is_list_with_all_elements(self):
        sut = LinkedList([1, 2, 3])
>       self.assertEqual(list(sut), [3, 2, 1])
E       AssertionError: Lists differ: [1, 2, 3] != [3, 2, 1]
E       
E       First differing element 0:
E       1
E       3
E       
E       - [1, 2, 3]
E       ?  ^     ^
E       
E       + [3, 2, 1]
E       ?  ^     ^

exercises/practice/simple-linked-list/simple_linked_list_test.py:102: AssertionError
__________ SimpleLinkedListTest.test_non_empty_list_has_correct_head ___________

self = <simple_linked_list_test.SimpleLinkedListTest testMethod=test_non_empty_list_has_correct_head>

    def test_non_empty_list_has_correct_head(self):
        sut = LinkedList([1, 2])
>       self.assertEqual(sut.head().value(), 2)
E       AssertionError: 1 != 2

exercises/practice/simple-linked-list/simple_linked_list_test.py:34: AssertionError
______________ SimpleLinkedListTest.test_non_empty_list_traverse _______________

self = <simple_linked_list_test.SimpleLinkedListTest testMethod=test_non_empty_list_traverse>

    def test_non_empty_list_traverse(self):
        sut = LinkedList(range(10))
        current = sut.head()
        for i in range(10):
>           self.assertEqual(current.value(), 9 - i)
E           AssertionError: 0 != 9

exercises/practice/simple-linked-list/simple_linked_list_test.py:88: AssertionError
________ SimpleLinkedListTest.test_pop_from_singleton_list_removes_head ________

self = <simple_linked_list_test.SimpleLinkedListTest testMethod=test_pop_from_singleton_list_removes_head>

    def test_pop_from_singleton_list_removes_head(self):
        sut = LinkedList([1])
        self.assertEqual(sut.pop(), 1)
        with self.assertRaises(EmptyListException) as err:
            sut.head()
        self.assertEqual(type(err.exception), EmptyListException)
>       self.assertEqual(err.exception.args[0], "The list is empty.")
E       AssertionError: 'The list is empty' != 'The list is empty.'
E       - The list is empty
E       + The list is empty.
E       ?                  +

exercises/practice/simple-linked-list/simple_linked_list_test.py:59: AssertionError
____________________ SimpleLinkedListTest.test_push_and_pop ____________________

self = <simple_linked_list_test.SimpleLinkedListTest testMethod=test_push_and_pop>

    def test_push_and_pop(self):
        sut = LinkedList([1, 2])
        sut.push(3)
        self.assertEqual(len(sut), 3)
        self.assertEqual(sut.pop(), 3)
>       self.assertEqual(sut.pop(), 2)
E       AssertionError: 1 != 2

exercises/practice/simple-linked-list/simple_linked_list_test.py:73: AssertionError
_______________ SimpleLinkedListTest.test_reverse_non_empty_list _______________

self = <simple_linked_list_test.SimpleLinkedListTest testMethod=test_reverse_non_empty_list>

    def test_reverse_non_empty_list(self):
        sut = LinkedList([1, 2, 3])
>       self.assertEqual(list(sut.reversed()), [1, 2, 3])
E       AssertionError: Lists differ: [3, 2, 1] != [1, 2, 3]
E       
E       First differing element 0:
E       3
E       1
E       
E       - [3, 2, 1]
E       ?  ^     ^
E       
E       + [1, 2, 3]
E       ?  ^     ^

exercises/practice/simple-linked-list/simple_linked_list_test.py:114: AssertionError
=========================== short test summary info ============================
FAILED exercises/practice/simple-linked-list/simple_linked_list_test.py::SimpleLinkedListTest::test_can_pop_from_non_empty_list
FAILED exercises/practice/simple-linked-list/simple_linked_list_test.py::SimpleLinkedListTest::test_error_on_empty_list_head
FAILED exercises/practice/simple-linked-list/simple_linked_list_test.py::SimpleLinkedListTest::test_error_on_empty_list_pop
FAILED exercises/practice/simple-linked-list/simple_linked_list_test.py::SimpleLinkedListTest::test_non_empty_linked_list_to_list_is_list_with_all_elements
FAILED exercises/practice/simple-linked-list/simple_linked_list_test.py::SimpleLinkedListTest::test_non_empty_list_has_correct_head
FAILED exercises/practice/simple-linked-list/simple_linked_list_test.py::SimpleLinkedListTest::test_non_empty_list_traverse
FAILED exercises/practice/simple-linked-list/simple_linked_list_test.py::SimpleLinkedListTest::test_pop_from_singleton_list_removes_head
FAILED exercises/practice/simple-linked-list/simple_linked_list_test.py::SimpleLinkedListTest::test_push_and_pop
FAILED exercises/practice/simple-linked-list/simple_linked_list_test.py::SimpleLinkedListTest::test_reverse_non_empty_list
========================= 9 failed, 11 passed in 0.07s =========================
