============================= test session starts ==============================
platform linux -- Python 3.10.12, pytest-7.4.0, pluggy-1.2.0
rootdir: /home/jake/Development/exercism-python
configfile: pytest.ini
plugins: mock-3.11.1, reportlog-0.4.0, repeat-0.9.1
collected 22 items

sublist/sublist_test.py ........F.......FF....                           [100%]

=================================== FAILURES ===================================
_________ SublistTest.test_first_list_missing_element_from_second_list _________

self = <sublist_test.SublistTest testMethod=test_first_list_missing_element_from_second_list>

    def test_first_list_missing_element_from_second_list(self):
>       self.assertEqual(sublist([1, 3], [1, 2, 3]), UNEQUAL)
E       AssertionError: 'sublist' != 'unequal'
E       - sublist
E       + unequal

sublist/sublist_test.py:57: AssertionError
_________ SublistTest.test_second_list_missing_element_from_first_list _________

self = <sublist_test.SublistTest testMethod=test_second_list_missing_element_from_first_list>

    def test_second_list_missing_element_from_first_list(self):
>       self.assertEqual(sublist([1, 2, 3], [1, 3]), UNEQUAL)
E       AssertionError: 'superlist' != 'unequal'
E       - superlist
E       + unequal

sublist/sublist_test.py:60: AssertionError
_______________________ SublistTest.test_spread_sublist ________________________

self = <sublist_test.SublistTest testMethod=test_spread_sublist>

    def test_spread_sublist(self):
>       self.assertEqual(
            sublist(list(range(3, 200, 3)), list(range(15, 200, 15))), UNEQUAL
        )
E       AssertionError: 'superlist' != 'unequal'
E       - superlist
E       + unequal

sublist/sublist_test.py:88: AssertionError
=========================== short test summary info ============================
FAILED sublist/sublist_test.py::SublistTest::test_first_list_missing_element_from_second_list
FAILED sublist/sublist_test.py::SublistTest::test_second_list_missing_element_from_first_list
FAILED sublist/sublist_test.py::SublistTest::test_spread_sublist - AssertionE...
========================= 3 failed, 19 passed in 0.07s =========================
