============================= test session starts ==============================
platform linux -- Python 3.10.12, pytest-7.4.0, pluggy-1.3.0
rootdir: /home/jake/Development/mentat/tests/benchmarks/repos/exercism-python
configfile: pytest.ini
plugins: mock-3.11.1, reportlog-0.4.0, asyncio-0.21.1, xdist-3.3.1
asyncio: mode=strict
collected 0 items / 1 error

==================================== ERRORS ====================================
___ ERROR collecting exercises/practice/dnd-character/dnd_character_test.py ____
ImportError while importing test module '/home/jake/Development/mentat/tests/benchmarks/repos/exercism-python/exercises/practice/dnd-character/dnd_character_test.py'.
Hint: make sure your test modules/packages have valid Python names.
Traceback:
/usr/lib/python3.10/importlib/__init__.py:126: in import_module
    return _bootstrap._gcd_import(name[level:], package, level)
exercises/practice/dnd-character/dnd_character_test.py:7: in <module>
    from dnd_character import (
E   ImportError: cannot import name 'modifier' from 'dnd_character' (/home/jake/Development/mentat/tests/benchmarks/repos/exercism-python/exercises/practice/dnd-character/dnd_character.py)
=========================== short test summary info ============================
ERROR exercises/practice/dnd-character/dnd_character_test.py
!!!!!!!!!!!!!!!!!!!! Interrupted: 1 error during collection !!!!!!!!!!!!!!!!!!!!
=============================== 1 error in 0.06s ===============================
