============================= test session starts ==============================
platform linux -- Python 3.10.12, pytest-7.4.0, pluggy-1.3.0
rootdir: /home/jake/Development/mentat/tests/benchmarks/repos/exercism-python
configfile: pytest.ini
plugins: mock-3.11.1, reportlog-0.4.0, asyncio-0.21.1, xdist-3.3.1
asyncio: mode=strict
collected 13 items

exercises/practice/perfect-numbers/perfect_numbers_test.py ......F...... [100%]

=================================== FAILURES ===================================
_ DeficientNumbersTest.test_edge_case_no_factors_other_than_itself_is_classified_correctly _

self = <perfect_numbers_test.DeficientNumbersTest testMethod=test_edge_case_no_factors_other_than_itself_is_classified_correctly>

    def test_edge_case_no_factors_other_than_itself_is_classified_correctly(self):
>       self.assertEqual(classify(1), "deficient")
E       AssertionError: 'perfect' != 'deficient'
E       - perfect
E       + deficient

exercises/practice/perfect-numbers/perfect_numbers_test.py:48: AssertionError
=========================== short test summary info ============================
FAILED exercises/practice/perfect-numbers/perfect_numbers_test.py::DeficientNumbersTest::test_edge_case_no_factors_other_than_itself_is_classified_correctly
========================= 1 failed, 12 passed in 0.04s =========================
