============================= test session starts ==============================
platform linux -- Python 3.10.12, pytest-7.4.0, pluggy-1.2.0
rootdir: /home/jake/Development/exercism-python
configfile: pytest.ini
plugins: mock-3.11.1, reportlog-0.4.0, repeat-0.9.1, asyncio-0.21.1
asyncio: mode=strict
collected 17 items

exercises/practice/markdown/markdown_test.py .F.FFFFF.......F.           [100%]

=================================== FAILURES ===================================
_____________ MarkdownTest.test_mixed_normal_italics_and_bold_text _____________

self = <markdown_test.MarkdownTest testMethod=test_mixed_normal_italics_and_bold_text>

    def test_mixed_normal_italics_and_bold_text(self):
>       self.assertEqual(
            parse("This will _be_ __mixed__"),
            "<p>This will <em>be</em> <strong>mixed</strong></p>",
        )
E       AssertionError: '<p>This will _<em>be</em>_ _<em></em>_<strong>mixed</strong>_<em></em>_</p>' != '<p>This will <em>be</em> <strong>mixed</strong></p>'
E       - <p>This will _<em>be</em>_ _<em></em>_<strong>mixed</strong>_<em></em>_</p>
E       ?              -           ^^^^^^^^^^^^^                      -----------
E       + <p>This will <em>be</em> <strong>mixed</strong></p>
E       ?                         ^

exercises/practice/markdown/markdown_test.py:29: AssertionError
_____________________ MarkdownTest.test_parsing_bold_text ______________________

self = <markdown_test.MarkdownTest testMethod=test_parsing_bold_text>

    def test_parsing_bold_text(self):
>       self.assertEqual(
            parse("__This will be bold__"), "<p><strong>This will be bold</strong></p>"
        )
E       AssertionError: '<p>_<em></em>_<strong>This will be bold</strong>_<em></em>_</p>' != '<p><strong>This will be bold</strong></p>'
E       - <p>_<em></em>_<strong>This will be bold</strong>_<em></em>_</p>
E       ?    -----------                                  -----------
E       + <p><strong>This will be bold</strong></p>

exercises/practice/markdown/markdown_test.py:24: AssertionError
______________________ MarkdownTest.test_parsing_italics _______________________

self = <markdown_test.MarkdownTest testMethod=test_parsing_italics>

    def test_parsing_italics(self):
>       self.assertEqual(
            parse("_This will be italic_"), "<p><em>This will be italic</em></p>"
        )
E       AssertionError: '<p>_<em>This will be italic</em>_</p>' != '<p><em>This will be italic</em></p>'
E       - <p>_<em>This will be italic</em>_</p>
E       ?    -                            -
E       + <p><em>This will be italic</em></p>

exercises/practice/markdown/markdown_test.py:19: AssertionError
______________________ MarkdownTest.test_unordered_lists _______________________

self = <markdown_test.MarkdownTest testMethod=test_unordered_lists>

    def test_unordered_lists(self):
>       self.assertEqual(
            parse("* Item 1\n* Item 2"), "<ul><li>Item 1</li><li>Item 2</li></ul>"
        )
E       AssertionError: '<ul><li>Item 1<li>Item 2</ul>' != '<ul><li>Item 1</li><li>Item 2</li></ul>'
E       - <ul><li>Item 1<li>Item 2</ul>
E       + <ul><li>Item 1</li><li>Item 2</li></ul>
E       ?               +++++          +++++

exercises/practice/markdown/markdown_test.py:65: AssertionError
_ MarkdownTest.test_unordered_lists_close_properly_with_preceding_and_following_lines _

self = <markdown_test.MarkdownTest testMethod=test_unordered_lists_close_properly_with_preceding_and_following_lines>

    def test_unordered_lists_close_properly_with_preceding_and_following_lines(self):
>       self.assertEqual(
            parse("# Start a list\n* Item 1\n* Item 2\nEnd a list"),
            "<h1>Start a list</h1><ul><li>Item 1</li><li>Item 2</li></ul><p>End a list</p>",
        )
E       AssertionError: '<h1>Start a list</h1><ul><li>Item 1<li>Item 2<p></ul>End a list</p></ul>' != '<h1>Start a list</h1><ul><li>Item 1</li><li>Item 2</li></ul><p>End a list</p>'
E       - <h1>Start a list</h1><ul><li>Item 1<li>Item 2<p></ul>End a list</p></ul>
E       ?                                               ^                    -----
E       + <h1>Start a list</h1><ul><li>Item 1</li><li>Item 2</li></ul><p>End a list</p>
E       ?                                    +++++           ^^^      +++

exercises/practice/markdown/markdown_test.py:100: AssertionError
______________ MarkdownTest.test_with_a_little_bit_of_everything _______________

self = <markdown_test.MarkdownTest testMethod=test_with_a_little_bit_of_everything>

    def test_with_a_little_bit_of_everything(self):
>       self.assertEqual(
            parse("# Header!\n* __Bold Item__\n* _Italic Item_"),
            "<h1>Header!</h1><ul><li><strong>Bold Item</strong></li><li><em>Italic Item</em></li></ul>",
        )
E       AssertionError: '<h1>[15 chars]><li>_<em></em>_<strong>Bold Item</strong>_<em[34 chars]/ul>' != '<h1>[15 chars]><li><strong>Bold Item</strong></li><li><em>It[20 chars]/ul>'
E       - <h1>Header!</h1><ul><li>_<em></em>_<strong>Bold Item</strong>_<em></em>_<li>_<em>Italic Item</em>_</ul>
E       ?                         -----------                          -----  ^^ -    -                    ^
E       + <h1>Header!</h1><ul><li><strong>Bold Item</strong></li><li><em>Italic Item</em></li></ul>
E       ?                                                     ^^                         ^^^^^

exercises/practice/markdown/markdown_test.py:70: AssertionError
_ MarkdownTest.test_with_markdown_symbols_in_the_list_item_text_that_should_not_be_interpreted _

self = <markdown_test.MarkdownTest testMethod=test_with_markdown_symbols_in_the_list_item_text_that_should_not_be_interpreted>

    def test_with_markdown_symbols_in_the_list_item_text_that_should_not_be_interpreted(
        self,
    ):
>       self.assertEqual(
            parse("* Item 1 with a # in the text\n* Item 2 with * in the text"),
            "<ul><li>Item 1 with a # in the text</li><li>Item 2 with * in the text</li></ul>",
        )
E       AssertionError: '<ul>[13 chars]th a # in the text<li>Item 2 with * in the text</ul>' != '<ul>[13 chars]th a # in the text</li><li>Item 2 with * in the text</li></ul>'
E       - <ul><li>Item 1 with a # in the text<li>Item 2 with * in the text</ul>
E       + <ul><li>Item 1 with a # in the text</li><li>Item 2 with * in the text</li></ul>
E       ?                                    +++++                               +++++

exercises/practice/markdown/markdown_test.py:86: AssertionError
=========================== short test summary info ============================
FAILED exercises/practice/markdown/markdown_test.py::MarkdownTest::test_mixed_normal_italics_and_bold_text
FAILED exercises/practice/markdown/markdown_test.py::MarkdownTest::test_parsing_bold_text
FAILED exercises/practice/markdown/markdown_test.py::MarkdownTest::test_parsing_italics
FAILED exercises/practice/markdown/markdown_test.py::MarkdownTest::test_unordered_lists
FAILED exercises/practice/markdown/markdown_test.py::MarkdownTest::test_unordered_lists_close_properly_with_preceding_and_following_lines
FAILED exercises/practice/markdown/markdown_test.py::MarkdownTest::test_with_a_little_bit_of_everything
FAILED exercises/practice/markdown/markdown_test.py::MarkdownTest::test_with_markdown_symbols_in_the_list_item_text_that_should_not_be_interpreted
========================= 7 failed, 10 passed in 0.07s =========================
