============================= test session starts ==============================
platform linux -- Python 3.10.12, pytest-7.4.0, pluggy-1.3.0
rootdir: /home/jake/Development/mentat/tests/benchmarks/repos/exercism-python
configfile: pytest.ini
plugins: mock-3.11.1, reportlog-0.4.0, asyncio-0.21.1, xdist-3.3.1
asyncio: mode=strict
collected 20 items

exercises/practice/book-store/book_store_test.py F...F..F.F......FFF.    [100%]

=================================== FAILURES ===================================
_ BookStoreTest.test_check_that_groups_of_four_are_created_properly_even_when_there_are_more_groups_of_three_than_groups_of_five _

self = <book_store_test.BookStoreTest testMethod=test_check_that_groups_of_four_are_created_properly_even_when_there_are_more_groups_of_three_than_groups_of_five>

    def test_check_that_groups_of_four_are_created_properly_even_when_there_are_more_groups_of_three_than_groups_of_five(
        self,
    ):
        basket = [1, 1, 1, 1, 1, 1, 2, 2, 2, 2, 2, 2, 3, 3, 3, 3, 3, 3, 4, 4, 5, 5]
>       self.assertEqual(total(basket), 14560)
E       AssertionError: 14640 != 14560

exercises/practice/book-store/book_store_test.py:79: AssertionError
_ BookStoreTest.test_four_groups_of_four_are_cheaper_than_two_groups_each_of_five_and_three _

self = <book_store_test.BookStoreTest testMethod=test_four_groups_of_four_are_cheaper_than_two_groups_each_of_five_and_three>

    def test_four_groups_of_four_are_cheaper_than_two_groups_each_of_five_and_three(
        self,
    ):
        basket = [1, 1, 2, 2, 3, 3, 4, 5, 1, 1, 2, 2, 3, 3, 4, 5]
>       self.assertEqual(total(basket), 10240)
E       AssertionError: 10320 != 10240

exercises/practice/book-store/book_store_test.py:73: AssertionError
_ BookStoreTest.test_one_group_of_one_and_two_plus_three_groups_of_four_is_cheaper_than_one_group_of_each_size _

self = <book_store_test.BookStoreTest testMethod=test_one_group_of_one_and_two_plus_three_groups_of_four_is_cheaper_than_one_group_of_each_size>

    def test_one_group_of_one_and_two_plus_three_groups_of_four_is_cheaper_than_one_group_of_each_size(
        self,
    ):
        basket = [1, 2, 2, 3, 3, 3, 4, 4, 4, 4, 5, 5, 5, 5, 5]
>       self.assertEqual(total(basket), 10000)
E       AssertionError: 10040 != 10000

exercises/practice/book-store/book_store_test.py:89: AssertionError
____________________ BookStoreTest.test_shuffled_book_order ____________________

self = <book_store_test.BookStoreTest testMethod=test_shuffled_book_order>

    def test_shuffled_book_order(self):
        basket = [1, 2, 3, 4, 5, 1, 2, 3, 4, 5, 1, 2, 3]
>       self.assertEqual(total(basket), 8120)
E       AssertionError: 8160 != 8120

exercises/practice/book-store/book_store_test.py:99: AssertionError
__________ BookStoreTest.test_two_groups_of_four_and_a_group_of_five ___________

self = <book_store_test.BookStoreTest testMethod=test_two_groups_of_four_and_a_group_of_five>

    def test_two_groups_of_four_and_a_group_of_five(self):
        basket = [1, 1, 1, 2, 2, 2, 3, 3, 3, 4, 4, 5, 5]
>       self.assertEqual(total(basket), 8120)
E       AssertionError: 8160 != 8120

exercises/practice/book-store/book_store_test.py:95: AssertionError
_ BookStoreTest.test_two_groups_of_four_is_cheaper_than_group_of_five_plus_group_of_three _

self = <book_store_test.BookStoreTest testMethod=test_two_groups_of_four_is_cheaper_than_group_of_five_plus_group_of_three>

    def test_two_groups_of_four_is_cheaper_than_group_of_five_plus_group_of_three(self):
        basket = [1, 1, 2, 2, 3, 3, 4, 5]
>       self.assertEqual(total(basket), 5120)
E       AssertionError: 5160 != 5120

exercises/practice/book-store/book_store_test.py:43: AssertionError
_ BookStoreTest.test_two_groups_of_four_is_cheaper_than_groups_of_five_and_three _

self = <book_store_test.BookStoreTest testMethod=test_two_groups_of_four_is_cheaper_than_groups_of_five_and_three>

    def test_two_groups_of_four_is_cheaper_than_groups_of_five_and_three(self):
        basket = [1, 1, 2, 3, 4, 4, 5, 5]
>       self.assertEqual(total(basket), 5120)
E       AssertionError: 5160 != 5120

exercises/practice/book-store/book_store_test.py:47: AssertionError
=========================== short test summary info ============================
FAILED exercises/practice/book-store/book_store_test.py::BookStoreTest::test_check_that_groups_of_four_are_created_properly_even_when_there_are_more_groups_of_three_than_groups_of_five
FAILED exercises/practice/book-store/book_store_test.py::BookStoreTest::test_four_groups_of_four_are_cheaper_than_two_groups_each_of_five_and_three
FAILED exercises/practice/book-store/book_store_test.py::BookStoreTest::test_one_group_of_one_and_two_plus_three_groups_of_four_is_cheaper_than_one_group_of_each_size
FAILED exercises/practice/book-store/book_store_test.py::BookStoreTest::test_shuffled_book_order
FAILED exercises/practice/book-store/book_store_test.py::BookStoreTest::test_two_groups_of_four_and_a_group_of_five
FAILED exercises/practice/book-store/book_store_test.py::BookStoreTest::test_two_groups_of_four_is_cheaper_than_group_of_five_plus_group_of_three
FAILED exercises/practice/book-store/book_store_test.py::BookStoreTest::test_two_groups_of_four_is_cheaper_than_groups_of_five_and_three
========================= 7 failed, 13 passed in 0.09s =========================
