============================= test session starts ==============================
platform linux -- Python 3.10.12, pytest-7.4.0, pluggy-1.2.0
rootdir: /home/jake/Development/exercism-python
configfile: pytest.ini
plugins: mock-3.11.1, reportlog-0.4.0, repeat-0.9.1
collected 4 items

exercises/practice/etl/etl_test.py FFFF                                  [100%]

=================================== FAILURES ===================================
________ EtlTest.test_multiple_scores_with_differing_numbers_of_letters ________

self = <etl_test.EtlTest testMethod=test_multiple_scores_with_differing_numbers_of_letters>

    def test_multiple_scores_with_differing_numbers_of_letters(self):
        legacy_data = {
            1: ["A", "E", "I", "O", "U", "L", "N", "R", "S", "T"],
            2: ["D", "G"],
            3: ["B", "C", "M", "P"],
            4: ["F", "H", "V", "W", "Y"],
            5: ["K"],
            8: ["J", "X"],
            10: ["Q", "Z"],
        }
        data = {
            "a": 1,
            "b": 3,
            "c": 3,
            "d": 2,
            "e": 1,
            "f": 4,
            "g": 2,
            "h": 4,
            "i": 1,
            "j": 8,
            "k": 5,
            "l": 1,
            "m": 3,
            "n": 1,
            "o": 1,
            "p": 3,
            "q": 10,
            "r": 1,
            "s": 1,
            "t": 1,
            "u": 1,
            "v": 4,
            "w": 4,
            "x": 8,
            "y": 4,
            "z": 10,
        }
>       self.assertEqual(transform(legacy_data), data)

exercises/practice/etl/etl_test.py:66: 
_ _ _ _ _ _ _ _ _ _ _ _ _ _ _ _ _ _ _ _ _ _ _ _ _ _ _ _ _ _ _ _ _ _ _ _ _ _ _ _ 

legacy_data = {1: ['A', 'E', 'I', 'O', 'U', 'L', ...], 2: ['D', 'G'], 3: ['B', 'C', 'M', 'P'], 4: ['F', 'H', 'V', 'W', 'Y'], ...}

    def transform(legacy_data):
        points = {}
        for key, values in legacy_data.items():
>           letter = key.lower()
E           AttributeError: 'int' object has no attribute 'lower'

exercises/practice/etl/etl.py:4: AttributeError
______________ EtlTest.test_multiple_scores_with_multiple_letters ______________

self = <etl_test.EtlTest testMethod=test_multiple_scores_with_multiple_letters>

    def test_multiple_scores_with_multiple_letters(self):
        legacy_data = {1: ["A", "E"], 2: ["D", "G"]}
        data = {"a": 1, "d": 2, "e": 1, "g": 2}
>       self.assertEqual(transform(legacy_data), data)

exercises/practice/etl/etl_test.py:26: 
_ _ _ _ _ _ _ _ _ _ _ _ _ _ _ _ _ _ _ _ _ _ _ _ _ _ _ _ _ _ _ _ _ _ _ _ _ _ _ _ 

legacy_data = {1: ['A', 'E'], 2: ['D', 'G']}

    def transform(legacy_data):
        points = {}
        for key, values in legacy_data.items():
>           letter = key.lower()
E           AttributeError: 'int' object has no attribute 'lower'

exercises/practice/etl/etl.py:4: AttributeError
__________________________ EtlTest.test_single_letter __________________________

self = <etl_test.EtlTest testMethod=test_single_letter>

    def test_single_letter(self):
        legacy_data = {1: ["A"]}
        data = {"a": 1}
>       self.assertEqual(transform(legacy_data), data)

exercises/practice/etl/etl_test.py:16: 
_ _ _ _ _ _ _ _ _ _ _ _ _ _ _ _ _ _ _ _ _ _ _ _ _ _ _ _ _ _ _ _ _ _ _ _ _ _ _ _ 

legacy_data = {1: ['A']}

    def transform(legacy_data):
        points = {}
        for key, values in legacy_data.items():
>           letter = key.lower()
E           AttributeError: 'int' object has no attribute 'lower'

exercises/practice/etl/etl.py:4: AttributeError
_______________ EtlTest.test_single_score_with_multiple_letters ________________

self = <etl_test.EtlTest testMethod=test_single_score_with_multiple_letters>

    def test_single_score_with_multiple_letters(self):
        legacy_data = {1: ["A", "E", "I", "O", "U"]}
        data = {"a": 1, "e": 1, "i": 1, "o": 1, "u": 1}
>       self.assertEqual(transform(legacy_data), data)

exercises/practice/etl/etl_test.py:21: 
_ _ _ _ _ _ _ _ _ _ _ _ _ _ _ _ _ _ _ _ _ _ _ _ _ _ _ _ _ _ _ _ _ _ _ _ _ _ _ _ 

legacy_data = {1: ['A', 'E', 'I', 'O', 'U']}

    def transform(legacy_data):
        points = {}
        for key, values in legacy_data.items():
>           letter = key.lower()
E           AttributeError: 'int' object has no attribute 'lower'

exercises/practice/etl/etl.py:4: AttributeError
=========================== short test summary info ============================
FAILED exercises/practice/etl/etl_test.py::EtlTest::test_multiple_scores_with_differing_numbers_of_letters
FAILED exercises/practice/etl/etl_test.py::EtlTest::test_multiple_scores_with_multiple_letters
FAILED exercises/practice/etl/etl_test.py::EtlTest::test_single_letter - Attr...
FAILED exercises/practice/etl/etl_test.py::EtlTest::test_single_score_with_multiple_letters
============================== 4 failed in 0.05s ===============================
