============================= test session starts ==============================
platform linux -- Python 3.10.12, pytest-7.4.0, pluggy-1.2.0
rootdir: /home/jake/Development/exercism-python
configfile: pytest.ini
plugins: mock-3.11.1, reportlog-0.4.0, repeat-0.9.1
collected 12 items

transpose/transpose_test.py .F.F.F.F....                                 [100%]

=================================== FAILURES ===================================
____________ TransposeTest.test_first_line_longer_than_second_line _____________

self = <transpose_test.TransposeTest testMethod=test_first_line_longer_than_second_line>

    def test_first_line_longer_than_second_line(self):
        lines = ["The fourth line.", "The fifth line."]
        expected = [
            "TT",
            "hh",
            "ee",
            "  ",
            "ff",
            "oi",
            "uf",
            "rt",
            "th",
            "h ",
            " l",
            "li",
            "in",
            "ne",
            "e.",
            ".",
        ]
>       self.assertEqual(transpose("\n".join(lines)), "\n".join(expected))
E       AssertionError: 'TT\nhh\nee\n\nff\noi\nuf\nrt\nth\nh\n l\nli\nin\nne\ne.\n.' != 'TT\nhh\nee\n  \nff\noi\nuf\nrt\nth\nh \n l\nli\nin\nne\ne.\n.'
E         TT
E         hh
E         ee
E       - 
E       +   
E         ff
E         oi
E         uf
E         rt
E         th
E       - h
E       + h 
E       ?  +
E          l
E         li
E         in
E         ne
E         e.
E         .

transpose/transpose_test.py:58: AssertionError
_____________________ TransposeTest.test_mixed_line_length _____________________

self = <transpose_test.TransposeTest testMethod=test_mixed_line_length>

    def test_mixed_line_length(self):
        lines = ["The longest line.", "A long line.", "A longer line.", "A line."]
        expected = [
            "TAAA",
            "h   ",
            "elll",
            " ooi",
            "lnnn",
            "ogge",
            "n e.",
            "glr",
            "ei ",
            "snl",
            "tei",
            " .n",
            "l e",
            "i .",
            "n",
            "e",
            ".",
        ]
>       self.assertEqual(transpose("\n".join(lines)), "\n".join(expected))
E       AssertionError: 'TAAA\nh\nelll\n ooi\nlnnn\nogge\nn e.\nglr\nei\n[28 chars]e\n.' != 'TAAA\nh   \nelll\n ooi\nlnnn\nogge\nn e.\nglr\ne[32 chars]e\n.'
E         TAAA
E       - h
E       + h   
E         elll
E          ooi
E         lnnn
E         ogge
E         n e.
E         glr
E       - ei
E       + ei 
E       ?   +
E         snl
E         tei
E          .n
E         l e
E         i .
E         n
E         e
E         .

transpose/transpose_test.py:103: AssertionError
____________ TransposeTest.test_second_line_longer_than_first_line _____________

self = <transpose_test.TransposeTest testMethod=test_second_line_longer_than_first_line>

    def test_second_line_longer_than_first_line(self):
        lines = ["The first line.", "The second line."]
        expected = [
            "TT",
            "hh",
            "ee",
            "  ",
            "fs",
            "ie",
            "rc",
            "so",
            "tn",
            " d",
            "l ",
            "il",
            "ni",
            "en",
            ".e",
            " .",
        ]
>       self.assertEqual(transpose("\n".join(lines)), "\n".join(expected))
E       AssertionError: 'TT\nhh\nee\n\nfs\nie\nrc\nso\ntn\n d\nl\nil\nni\nen\n.e\n .' != 'TT\nhh\nee\n  \nfs\nie\nrc\nso\ntn\n d\nl \nil\nni\nen\n.e\n .'
E         TT
E         hh
E         ee
E       - 
E       +   
E         fs
E         ie
E         rc
E         so
E         tn
E          d
E       - l
E       + l 
E       ?  +
E         il
E         ni
E         en
E         .e
E          .

transpose/transpose_test.py:80: AssertionError
________________________ TransposeTest.test_single_line ________________________

self = <transpose_test.TransposeTest testMethod=test_single_line>

    def test_single_line(self):
        lines = ["Single line."]
        expected = ["S", "i", "n", "g", "l", "e", " ", "l", "i", "n", "e", "."]
>       self.assertEqual(transpose("\n".join(lines)), "\n".join(expected))
E       AssertionError: 'S\ni\nn\ng\nl\ne\n\nl\ni\nn\ne\n.' != 'S\ni\nn\ng\nl\ne\n \nl\ni\nn\ne\n.'
E         S
E         i
E         n
E         g
E         l
E         e
E       - 
E       +  
E         l
E         i
E         n
E         e
E         .

transpose/transpose_test.py:36: AssertionError
=========================== short test summary info ============================
FAILED transpose/transpose_test.py::TransposeTest::test_first_line_longer_than_second_line
FAILED transpose/transpose_test.py::TransposeTest::test_mixed_line_length - A...
FAILED transpose/transpose_test.py::TransposeTest::test_second_line_longer_than_first_line
FAILED transpose/transpose_test.py::TransposeTest::test_single_line - Asserti...
========================= 4 failed, 8 passed in 0.05s ==========================
