============================= test session starts ==============================
platform linux -- Python 3.10.12, pytest-7.4.0, pluggy-1.2.0
rootdir: /home/jake/Development/exercism-python
configfile: pytest.ini
plugins: mock-3.11.1, reportlog-0.4.0, repeat-0.9.1
collected 12 items

exercises/practice/transpose/transpose_test.py FFFFFFFFFFFF              [100%]

=================================== FAILURES ===================================
_______________________ TransposeTest.test_empty_string ________________________

self = <transpose_test.TransposeTest testMethod=test_empty_string>

    def test_empty_string(self):
        lines = []
        expected = []
>       self.assertEqual(transpose("\n".join(lines)), "\n".join(expected))
E       AssertionError: [] != ''

exercises/practice/transpose/transpose_test.py:16: AssertionError
____________ TransposeTest.test_first_line_longer_than_second_line _____________

self = <transpose_test.TransposeTest testMethod=test_first_line_longer_than_second_line>

    def test_first_line_longer_than_second_line(self):
        lines = ["The fourth line.", "The fifth line."]
        expected = [
            "TT",
            "hh",
            "ee",
            "  ",
            "ff",
            "oi",
            "uf",
            "rt",
            "th",
            "h ",
            " l",
            "li",
            "in",
            "ne",
            "e.",
            ".",
        ]
>       self.assertEqual(transpose("\n".join(lines)), "\n".join(expected))

exercises/practice/transpose/transpose_test.py:58: 
_ _ _ _ _ _ _ _ _ _ _ _ _ _ _ _ _ _ _ _ _ _ _ _ _ _ _ _ _ _ _ _ _ _ _ _ _ _ _ _ 
exercises/practice/transpose/transpose.py:4: in transpose
    lines = [line.ljust(max_length) for line in lines]
_ _ _ _ _ _ _ _ _ _ _ _ _ _ _ _ _ _ _ _ _ _ _ _ _ _ _ _ _ _ _ _ _ _ _ _ _ _ _ _ 

.0 = <str_iterator object at 0x7f3be712fac0>

>   lines = [line.ljust(max_length) for line in lines]
E   NameError: name 'max_length' is not defined

exercises/practice/transpose/transpose.py:4: NameError
______________________ TransposeTest.test_jagged_triangle ______________________

self = <transpose_test.TransposeTest testMethod=test_jagged_triangle>

    def test_jagged_triangle(self):
        lines = ["11", "2", "3333", "444", "555555", "66666"]
        expected = ["123456", "1 3456", "  3456", "  3 56", "    56", "    5"]
>       self.assertEqual(transpose("\n".join(lines)), "\n".join(expected))

exercises/practice/transpose/transpose_test.py:123: 
_ _ _ _ _ _ _ _ _ _ _ _ _ _ _ _ _ _ _ _ _ _ _ _ _ _ _ _ _ _ _ _ _ _ _ _ _ _ _ _ 
exercises/practice/transpose/transpose.py:4: in transpose
    lines = [line.ljust(max_length) for line in lines]
_ _ _ _ _ _ _ _ _ _ _ _ _ _ _ _ _ _ _ _ _ _ _ _ _ _ _ _ _ _ _ _ _ _ _ _ _ _ _ _ 

.0 = <str_iterator object at 0x7f3be70eaa40>

>   lines = [line.ljust(max_length) for line in lines]
E   NameError: name 'max_length' is not defined

exercises/practice/transpose/transpose.py:4: NameError
_____________________ TransposeTest.test_mixed_line_length _____________________

self = <transpose_test.TransposeTest testMethod=test_mixed_line_length>

    def test_mixed_line_length(self):
        lines = ["The longest line.", "A long line.", "A longer line.", "A line."]
        expected = [
            "TAAA",
            "h   ",
            "elll",
            " ooi",
            "lnnn",
            "ogge",
            "n e.",
            "glr",
            "ei ",
            "snl",
            "tei",
            " .n",
            "l e",
            "i .",
            "n",
            "e",
            ".",
        ]
>       self.assertEqual(transpose("\n".join(lines)), "\n".join(expected))

exercises/practice/transpose/transpose_test.py:103: 
_ _ _ _ _ _ _ _ _ _ _ _ _ _ _ _ _ _ _ _ _ _ _ _ _ _ _ _ _ _ _ _ _ _ _ _ _ _ _ _ 
exercises/practice/transpose/transpose.py:4: in transpose
    lines = [line.ljust(max_length) for line in lines]
_ _ _ _ _ _ _ _ _ _ _ _ _ _ _ _ _ _ _ _ _ _ _ _ _ _ _ _ _ _ _ _ _ _ _ _ _ _ _ _ 

.0 = <str_iterator object at 0x7f3be712eb30>

>   lines = [line.ljust(max_length) for line in lines]
E   NameError: name 'max_length' is not defined

exercises/practice/transpose/transpose.py:4: NameError
_________________________ TransposeTest.test_rectangle _________________________

self = <transpose_test.TransposeTest testMethod=test_rectangle>

    def test_rectangle(self):
        lines = ["FRACTURE", "OUTLINED", "BLOOMING", "SEPTETTE"]
        expected = ["FOBS", "RULE", "ATOP", "CLOT", "TIME", "UNIT", "RENT", "EDGE"]
>       self.assertEqual(transpose("\n".join(lines)), "\n".join(expected))

exercises/practice/transpose/transpose_test.py:113: 
_ _ _ _ _ _ _ _ _ _ _ _ _ _ _ _ _ _ _ _ _ _ _ _ _ _ _ _ _ _ _ _ _ _ _ _ _ _ _ _ 
exercises/practice/transpose/transpose.py:4: in transpose
    lines = [line.ljust(max_length) for line in lines]
_ _ _ _ _ _ _ _ _ _ _ _ _ _ _ _ _ _ _ _ _ _ _ _ _ _ _ _ _ _ _ _ _ _ _ _ _ _ _ _ 

.0 = <str_iterator object at 0x7f3be6f6c3a0>

>   lines = [line.ljust(max_length) for line in lines]
E   NameError: name 'max_length' is not defined

exercises/practice/transpose/transpose.py:4: NameError
____________ TransposeTest.test_second_line_longer_than_first_line _____________

self = <transpose_test.TransposeTest testMethod=test_second_line_longer_than_first_line>

    def test_second_line_longer_than_first_line(self):
        lines = ["The first line.", "The second line."]
        expected = [
            "TT",
            "hh",
            "ee",
            "  ",
            "fs",
            "ie",
            "rc",
            "so",
            "tn",
            " d",
            "l ",
            "il",
            "ni",
            "en",
            ".e",
            " .",
        ]
>       self.assertEqual(transpose("\n".join(lines)), "\n".join(expected))

exercises/practice/transpose/transpose_test.py:80: 
_ _ _ _ _ _ _ _ _ _ _ _ _ _ _ _ _ _ _ _ _ _ _ _ _ _ _ _ _ _ _ _ _ _ _ _ _ _ _ _ 
exercises/practice/transpose/transpose.py:4: in transpose
    lines = [line.ljust(max_length) for line in lines]
_ _ _ _ _ _ _ _ _ _ _ _ _ _ _ _ _ _ _ _ _ _ _ _ _ _ _ _ _ _ _ _ _ _ _ _ _ _ _ _ 

.0 = <str_iterator object at 0x7f3be712e440>

>   lines = [line.ljust(max_length) for line in lines]
E   NameError: name 'max_length' is not defined

exercises/practice/transpose/transpose.py:4: NameError
__________________________ TransposeTest.test_simple ___________________________

self = <transpose_test.TransposeTest testMethod=test_simple>

    def test_simple(self):
        lines = ["ABC", "123"]
        expected = ["A1", "B2", "C3"]
>       self.assertEqual(transpose("\n".join(lines)), "\n".join(expected))

exercises/practice/transpose/transpose_test.py:31: 
_ _ _ _ _ _ _ _ _ _ _ _ _ _ _ _ _ _ _ _ _ _ _ _ _ _ _ _ _ _ _ _ _ _ _ _ _ _ _ _ 
exercises/practice/transpose/transpose.py:4: in transpose
    lines = [line.ljust(max_length) for line in lines]
_ _ _ _ _ _ _ _ _ _ _ _ _ _ _ _ _ _ _ _ _ _ _ _ _ _ _ _ _ _ _ _ _ _ _ _ _ _ _ _ 

.0 = <str_iterator object at 0x7f3be6f77820>

>   lines = [line.ljust(max_length) for line in lines]
E   NameError: name 'max_length' is not defined

exercises/practice/transpose/transpose.py:4: NameError
________________________ TransposeTest.test_single_line ________________________

self = <transpose_test.TransposeTest testMethod=test_single_line>

    def test_single_line(self):
        lines = ["Single line."]
        expected = ["S", "i", "n", "g", "l", "e", " ", "l", "i", "n", "e", "."]
>       self.assertEqual(transpose("\n".join(lines)), "\n".join(expected))

exercises/practice/transpose/transpose_test.py:36: 
_ _ _ _ _ _ _ _ _ _ _ _ _ _ _ _ _ _ _ _ _ _ _ _ _ _ _ _ _ _ _ _ _ _ _ _ _ _ _ _ 
exercises/practice/transpose/transpose.py:4: in transpose
    lines = [line.ljust(max_length) for line in lines]
_ _ _ _ _ _ _ _ _ _ _ _ _ _ _ _ _ _ _ _ _ _ _ _ _ _ _ _ _ _ _ _ _ _ _ _ _ _ _ _ 

.0 = <str_iterator object at 0x7f3be712e290>

>   lines = [line.ljust(max_length) for line in lines]
E   NameError: name 'max_length' is not defined

exercises/practice/transpose/transpose.py:4: NameError
__________________________ TransposeTest.test_square ___________________________

self = <transpose_test.TransposeTest testMethod=test_square>

    def test_square(self):
        lines = ["HEART", "EMBER", "ABUSE", "RESIN", "TREND"]
        expected = ["HEART", "EMBER", "ABUSE", "RESIN", "TREND"]
>       self.assertEqual(transpose("\n".join(lines)), "\n".join(expected))

exercises/practice/transpose/transpose_test.py:108: 
_ _ _ _ _ _ _ _ _ _ _ _ _ _ _ _ _ _ _ _ _ _ _ _ _ _ _ _ _ _ _ _ _ _ _ _ _ _ _ _ 
exercises/practice/transpose/transpose.py:4: in transpose
    lines = [line.ljust(max_length) for line in lines]
_ _ _ _ _ _ _ _ _ _ _ _ _ _ _ _ _ _ _ _ _ _ _ _ _ _ _ _ _ _ _ _ _ _ _ _ _ _ _ _ 

.0 = <str_iterator object at 0x7f3be6f76950>

>   lines = [line.ljust(max_length) for line in lines]
E   NameError: name 'max_length' is not defined

exercises/practice/transpose/transpose.py:4: NameError
_________________________ TransposeTest.test_triangle __________________________

self = <transpose_test.TransposeTest testMethod=test_triangle>

    def test_triangle(self):
        lines = ["T", "EE", "AAA", "SSSS", "EEEEE", "RRRRRR"]
        expected = ["TEASER", " EASER", "  ASER", "   SER", "    ER", "     R"]
>       self.assertEqual(transpose("\n".join(lines)), "\n".join(expected))

exercises/practice/transpose/transpose_test.py:118: 
_ _ _ _ _ _ _ _ _ _ _ _ _ _ _ _ _ _ _ _ _ _ _ _ _ _ _ _ _ _ _ _ _ _ _ _ _ _ _ _ 
exercises/practice/transpose/transpose.py:4: in transpose
    lines = [line.ljust(max_length) for line in lines]
_ _ _ _ _ _ _ _ _ _ _ _ _ _ _ _ _ _ _ _ _ _ _ _ _ _ _ _ _ _ _ _ _ _ _ _ _ _ _ _ 

.0 = <str_iterator object at 0x7f3be712dff0>

>   lines = [line.ljust(max_length) for line in lines]
E   NameError: name 'max_length' is not defined

exercises/practice/transpose/transpose.py:4: NameError
________________ TransposeTest.test_two_characters_in_a_column _________________

self = <transpose_test.TransposeTest testMethod=test_two_characters_in_a_column>

    def test_two_characters_in_a_column(self):
        lines = ["A", "1"]
        expected = ["A1"]
>       self.assertEqual(transpose("\n".join(lines)), "\n".join(expected))

exercises/practice/transpose/transpose_test.py:26: 
_ _ _ _ _ _ _ _ _ _ _ _ _ _ _ _ _ _ _ _ _ _ _ _ _ _ _ _ _ _ _ _ _ _ _ _ _ _ _ _ 
exercises/practice/transpose/transpose.py:4: in transpose
    lines = [line.ljust(max_length) for line in lines]
_ _ _ _ _ _ _ _ _ _ _ _ _ _ _ _ _ _ _ _ _ _ _ _ _ _ _ _ _ _ _ _ _ _ _ _ _ _ _ _ 

.0 = <str_iterator object at 0x7f3be6f75420>

>   lines = [line.ljust(max_length) for line in lines]
E   NameError: name 'max_length' is not defined

exercises/practice/transpose/transpose.py:4: NameError
__________________ TransposeTest.test_two_characters_in_a_row __________________

self = <transpose_test.TransposeTest testMethod=test_two_characters_in_a_row>

    def test_two_characters_in_a_row(self):
        lines = ["A1"]
        expected = ["A", "1"]
>       self.assertEqual(transpose("\n".join(lines)), "\n".join(expected))

exercises/practice/transpose/transpose_test.py:21: 
_ _ _ _ _ _ _ _ _ _ _ _ _ _ _ _ _ _ _ _ _ _ _ _ _ _ _ _ _ _ _ _ _ _ _ _ _ _ _ _ 
exercises/practice/transpose/transpose.py:4: in transpose
    lines = [line.ljust(max_length) for line in lines]
_ _ _ _ _ _ _ _ _ _ _ _ _ _ _ _ _ _ _ _ _ _ _ _ _ _ _ _ _ _ _ _ _ _ _ _ _ _ _ _ 

.0 = <str_iterator object at 0x7f3be712c730>

>   lines = [line.ljust(max_length) for line in lines]
E   NameError: name 'max_length' is not defined

exercises/practice/transpose/transpose.py:4: NameError
=========================== short test summary info ============================
FAILED exercises/practice/transpose/transpose_test.py::TransposeTest::test_empty_string
FAILED exercises/practice/transpose/transpose_test.py::TransposeTest::test_first_line_longer_than_second_line
FAILED exercises/practice/transpose/transpose_test.py::TransposeTest::test_jagged_triangle
FAILED exercises/practice/transpose/transpose_test.py::TransposeTest::test_mixed_line_length
FAILED exercises/practice/transpose/transpose_test.py::TransposeTest::test_rectangle
FAILED exercises/practice/transpose/transpose_test.py::TransposeTest::test_second_line_longer_than_first_line
FAILED exercises/practice/transpose/transpose_test.py::TransposeTest::test_simple
FAILED exercises/practice/transpose/transpose_test.py::TransposeTest::test_single_line
FAILED exercises/practice/transpose/transpose_test.py::TransposeTest::test_square
FAILED exercises/practice/transpose/transpose_test.py::TransposeTest::test_triangle
FAILED exercises/practice/transpose/transpose_test.py::TransposeTest::test_two_characters_in_a_column
FAILED exercises/practice/transpose/transpose_test.py::TransposeTest::test_two_characters_in_a_row
============================== 12 failed in 0.09s ==============================
