============================= test session starts ==============================
platform linux -- Python 3.10.12, pytest-7.4.0, pluggy-1.2.0
rootdir: /home/jake/Development/exercism-python
configfile: pytest.ini
plugins: mock-3.11.1, reportlog-0.4.0, repeat-0.9.1
collected 12 items

tournament/tournament_test.py FFFFFF.FFFFF                               [100%]

=================================== FAILURES ===================================
_________________ TournamentTest.test_a_different_team_can_win _________________

self = <tournament_test.TournamentTest testMethod=test_a_different_team_can_win>

    def test_a_different_team_can_win(self):
        results = ["Blithering Badgers;Allegoric Alaskans;win"]
        table = [
            "Team                           | MP |  W |  D |  L |  P",
            "Blithering Badgers             |  1 |  1 |  0 |  0 |  3",
            "Allegoric Alaskans             |  1 |  0 |  0 |  1 |  0",
        ]
>       self.assertEqual(tally(results), table)
E       AssertionError: Lists differ: ['Tea[84 chars]   | 1 |  1 |  0 |  0 |  3', 'Allegoric Alaska[35 chars]  0'] != ['Tea[84 chars]   |  1 |  1 |  0 |  0 |  3', 'Allegoric Alask[37 chars]  0']
E       
E       First differing element 1:
E       'Blithering Badgers             | 1 |  1 |  0 |  0 |  3'
E       'Blithering Badgers             |  1 |  1 |  0 |  0 |  3'
E       
E         ['Team                           | MP |  W |  D |  L |  P',
E       -  'Blithering Badgers             | 1 |  1 |  0 |  0 |  3',
E       +  'Blithering Badgers             |  1 |  1 |  0 |  0 |  3',
E       ?                                    +
E       
E       -  'Allegoric Alaskans             | 1 |  0 |  0 |  1 |  0']
E       +  'Allegoric Alaskans             |  1 |  0 |  0 |  1 |  0']
E       ?                                    +

tournament/tournament_test.py:43: AssertionError
_________________ TournamentTest.test_a_draw_is_one_point_each _________________

self = <tournament_test.TournamentTest testMethod=test_a_draw_is_one_point_each>

    def test_a_draw_is_one_point_each(self):
        results = ["Allegoric Alaskans;Blithering Badgers;draw"]
        table = [
            "Team                           | MP |  W |  D |  L |  P",
            "Allegoric Alaskans             |  1 |  0 |  1 |  0 |  1",
            "Blithering Badgers             |  1 |  0 |  1 |  0 |  1",
        ]
>       self.assertEqual(tally(results), table)
E       AssertionError: Lists differ: ['Tea[84 chars]   | 1 |  0 |  1 |  0 |  1', 'Blithering Badge[35 chars]  1'] != ['Tea[84 chars]   |  1 |  0 |  1 |  0 |  1', 'Blithering Badg[37 chars]  1']
E       
E       First differing element 1:
E       'Allegoric Alaskans             | 1 |  0 |  1 |  0 |  1'
E       'Allegoric Alaskans             |  1 |  0 |  1 |  0 |  1'
E       
E         ['Team                           | MP |  W |  D |  L |  P',
E       -  'Allegoric Alaskans             | 1 |  0 |  1 |  0 |  1',
E       +  'Allegoric Alaskans             |  1 |  0 |  1 |  0 |  1',
E       ?                                    +
E       
E       -  'Blithering Badgers             | 1 |  0 |  1 |  0 |  1']
E       +  'Blithering Badgers             |  1 |  0 |  1 |  0 |  1']
E       ?                                    +

tournament/tournament_test.py:52: AssertionError
__________ TournamentTest.test_a_win_can_also_be_expressed_as_a_loss ___________

self = <tournament_test.TournamentTest testMethod=test_a_win_can_also_be_expressed_as_a_loss>

    def test_a_win_can_also_be_expressed_as_a_loss(self):
        results = ["Blithering Badgers;Allegoric Alaskans;loss"]
        table = [
            "Team                           | MP |  W |  D |  L |  P",
            "Allegoric Alaskans             |  1 |  1 |  0 |  0 |  3",
            "Blithering Badgers             |  1 |  0 |  0 |  1 |  0",
        ]
>       self.assertEqual(tally(results), table)
E       AssertionError: Lists differ: ['Tea[84 chars]   | 1 |  1 |  0 |  0 |  3', 'Blithering Badge[35 chars]  0'] != ['Tea[84 chars]   |  1 |  1 |  0 |  0 |  3', 'Blithering Badg[37 chars]  0']
E       
E       First differing element 1:
E       'Allegoric Alaskans             | 1 |  1 |  0 |  0 |  3'
E       'Allegoric Alaskans             |  1 |  1 |  0 |  0 |  3'
E       
E         ['Team                           | MP |  W |  D |  L |  P',
E       -  'Allegoric Alaskans             | 1 |  1 |  0 |  0 |  3',
E       +  'Allegoric Alaskans             |  1 |  1 |  0 |  0 |  3',
E       ?                                    +
E       
E       -  'Blithering Badgers             | 1 |  0 |  0 |  1 |  0']
E       +  'Blithering Badgers             |  1 |  0 |  0 |  1 |  0']
E       ?                                    +

tournament/tournament_test.py:34: AssertionError
_______ TournamentTest.test_a_win_is_three_points_a_loss_is_zero_points ________

self = <tournament_test.TournamentTest testMethod=test_a_win_is_three_points_a_loss_is_zero_points>

    def test_a_win_is_three_points_a_loss_is_zero_points(self):
        results = ["Allegoric Alaskans;Blithering Badgers;win"]
        table = [
            "Team                           | MP |  W |  D |  L |  P",
            "Allegoric Alaskans             |  1 |  1 |  0 |  0 |  3",
            "Blithering Badgers             |  1 |  0 |  0 |  1 |  0",
        ]
>       self.assertEqual(tally(results), table)
E       AssertionError: Lists differ: ['Tea[84 chars]   | 1 |  1 |  0 |  0 |  3', 'Blithering Badge[35 chars]  0'] != ['Tea[84 chars]   |  1 |  1 |  0 |  0 |  3', 'Blithering Badg[37 chars]  0']
E       
E       First differing element 1:
E       'Allegoric Alaskans             | 1 |  1 |  0 |  0 |  3'
E       'Allegoric Alaskans             |  1 |  1 |  0 |  0 |  3'
E       
E         ['Team                           | MP |  W |  D |  L |  P',
E       -  'Allegoric Alaskans             | 1 |  1 |  0 |  0 |  3',
E       +  'Allegoric Alaskans             |  1 |  1 |  0 |  0 |  3',
E       ?                                    +
E       
E       -  'Blithering Badgers             | 1 |  0 |  0 |  1 |  0']
E       +  'Blithering Badgers             |  1 |  0 |  0 |  1 |  0']
E       ?                                    +

tournament/tournament_test.py:25: AssertionError
_____________ TournamentTest.test_ensure_points_sorted_numerically _____________

self = <tournament_test.TournamentTest testMethod=test_ensure_points_sorted_numerically>

    def test_ensure_points_sorted_numerically(self):
        results = [
            "Devastating Donkeys;Blithering Badgers;win",
            "Devastating Donkeys;Blithering Badgers;win",
            "Devastating Donkeys;Blithering Badgers;win",
            "Devastating Donkeys;Blithering Badgers;win",
            "Blithering Badgers;Devastating Donkeys;win",
        ]
        table = [
            "Team                           | MP |  W |  D |  L |  P",
            "Devastating Donkeys            |  5 |  4 |  0 |  1 | 12",
            "Blithering Badgers             |  5 |  1 |  0 |  4 |  3",
        ]
>       self.assertEqual(tally(results), table)
E       AssertionError: Lists differ: ['Tea[84 chars]   | 5 |  4 |  0 |  1 |  12', 'Blithering Badg[36 chars]  3'] != ['Tea[84 chars]   |  5 |  4 |  0 |  1 | 12', 'Blithering Badg[37 chars]  3']
E       
E       First differing element 1:
E       'Devastating Donkeys            | 5 |  4 |  0 |  1 |  12'
E       'Devastating Donkeys            |  5 |  4 |  0 |  1 | 12'
E       
E         ['Team                           | MP |  W |  D |  L |  P',
E       -  'Devastating Donkeys            | 5 |  4 |  0 |  1 |  12',
E       ?                                                      -
E       
E       +  'Devastating Donkeys            |  5 |  4 |  0 |  1 | 12',
E       ?                                    +
E       
E       -  'Blithering Badgers             | 5 |  1 |  0 |  4 |  3']
E       +  'Blithering Badgers             |  5 |  1 |  0 |  4 |  3']
E       ?                                    +

tournament/tournament_test.py:157: AssertionError
_____ TournamentTest.test_incomplete_competition_not_all_pairs_have_played _____

self = <tournament_test.TournamentTest testMethod=test_incomplete_competition_not_all_pairs_have_played>

    def test_incomplete_competition_not_all_pairs_have_played(self):
        results = [
            "Allegoric Alaskans;Blithering Badgers;loss",
            "Devastating Donkeys;Allegoric Alaskans;loss",
            "Courageous Californians;Blithering Badgers;draw",
            "Allegoric Alaskans;Courageous Californians;win",
        ]
        table = [
            "Team                           | MP |  W |  D |  L |  P",
            "Allegoric Alaskans             |  3 |  2 |  0 |  1 |  6",
            "Blithering Badgers             |  2 |  1 |  1 |  0 |  4",
            "Courageous Californians        |  2 |  0 |  1 |  1 |  1",
            "Devastating Donkeys            |  1 |  0 |  0 |  1 |  0",
        ]
>       self.assertEqual(tally(results), table)
E       AssertionError: Lists differ: ['Tea[84 chars]   | 3 |  2 |  0 |  1 |  6', 'Blithering Badge[151 chars]  0'] != ['Tea[84 chars]   |  3 |  2 |  0 |  1 |  6', 'Blithering Badg[155 chars]  0']
E       
E       First differing element 1:
E       'Allegoric Alaskans             | 3 |  2 |  0 |  1 |  6'
E       'Allegoric Alaskans             |  3 |  2 |  0 |  1 |  6'
E       
E       Diff is 714 characters long. Set self.maxDiff to None to see it.

tournament/tournament_test.py:124: AssertionError
_____________ TournamentTest.test_there_can_be_more_than_one_match _____________

self = <tournament_test.TournamentTest testMethod=test_there_can_be_more_than_one_match>

    def test_there_can_be_more_than_one_match(self):
        results = [
            "Allegoric Alaskans;Blithering Badgers;win",
            "Allegoric Alaskans;Blithering Badgers;win",
        ]
        table = [
            "Team                           | MP |  W |  D |  L |  P",
            "Allegoric Alaskans             |  2 |  2 |  0 |  0 |  6",
            "Blithering Badgers             |  2 |  0 |  0 |  2 |  0",
        ]
>       self.assertEqual(tally(results), table)
E       AssertionError: Lists differ: ['Tea[84 chars]   | 2 |  2 |  0 |  0 |  6', 'Blithering Badge[35 chars]  0'] != ['Tea[84 chars]   |  2 |  2 |  0 |  0 |  6', 'Blithering Badg[37 chars]  0']
E       
E       First differing element 1:
E       'Allegoric Alaskans             | 2 |  2 |  0 |  0 |  6'
E       'Allegoric Alaskans             |  2 |  2 |  0 |  0 |  6'
E       
E         ['Team                           | MP |  W |  D |  L |  P',
E       -  'Allegoric Alaskans             | 2 |  2 |  0 |  0 |  6',
E       +  'Allegoric Alaskans             |  2 |  2 |  0 |  0 |  6',
E       ?                                    +
E       
E       -  'Blithering Badgers             | 2 |  0 |  0 |  2 |  0']
E       +  'Blithering Badgers             |  2 |  0 |  0 |  2 |  0']
E       ?                                    +

tournament/tournament_test.py:64: AssertionError
____________ TournamentTest.test_there_can_be_more_than_one_winner _____________

self = <tournament_test.TournamentTest testMethod=test_there_can_be_more_than_one_winner>

    def test_there_can_be_more_than_one_winner(self):
        results = [
            "Allegoric Alaskans;Blithering Badgers;loss",
            "Allegoric Alaskans;Blithering Badgers;win",
        ]
        table = [
            "Team                           | MP |  W |  D |  L |  P",
            "Allegoric Alaskans             |  2 |  1 |  0 |  1 |  3",
            "Blithering Badgers             |  2 |  1 |  0 |  1 |  3",
        ]
>       self.assertEqual(tally(results), table)
E       AssertionError: Lists differ: ['Tea[84 chars]   | 2 |  1 |  0 |  1 |  3', 'Blithering Badge[35 chars]  3'] != ['Tea[84 chars]   |  2 |  1 |  0 |  1 |  3', 'Blithering Badg[37 chars]  3']
E       
E       First differing element 1:
E       'Allegoric Alaskans             | 2 |  1 |  0 |  1 |  3'
E       'Allegoric Alaskans             |  2 |  1 |  0 |  1 |  3'
E       
E         ['Team                           | MP |  W |  D |  L |  P',
E       -  'Allegoric Alaskans             | 2 |  1 |  0 |  1 |  3',
E       +  'Allegoric Alaskans             |  2 |  1 |  0 |  1 |  3',
E       ?                                    +
E       
E       -  'Blithering Badgers             | 2 |  1 |  0 |  1 |  3']
E       +  'Blithering Badgers             |  2 |  1 |  0 |  1 |  3']
E       ?                                    +

tournament/tournament_test.py:76: AssertionError
_____________ TournamentTest.test_there_can_be_more_than_two_teams _____________

self = <tournament_test.TournamentTest testMethod=test_there_can_be_more_than_two_teams>

    def test_there_can_be_more_than_two_teams(self):
        results = [
            "Allegoric Alaskans;Blithering Badgers;win",
            "Blithering Badgers;Courageous Californians;win",
            "Courageous Californians;Allegoric Alaskans;loss",
        ]
        table = [
            "Team                           | MP |  W |  D |  L |  P",
            "Allegoric Alaskans             |  2 |  2 |  0 |  0 |  6",
            "Blithering Badgers             |  2 |  1 |  0 |  1 |  3",
            "Courageous Californians        |  2 |  0 |  0 |  2 |  0",
        ]
>       self.assertEqual(tally(results), table)
E       AssertionError: Lists differ: ['Tea[84 chars]   | 2 |  2 |  0 |  0 |  6', 'Blithering Badge[93 chars]  0'] != ['Tea[84 chars]   |  2 |  2 |  0 |  0 |  6', 'Blithering Badg[96 chars]  0']
E       
E       First differing element 1:
E       'Allegoric Alaskans             | 2 |  2 |  0 |  0 |  6'
E       'Allegoric Alaskans             |  2 |  2 |  0 |  0 |  6'
E       
E         ['Team                           | MP |  W |  D |  L |  P',
E       -  'Allegoric Alaskans             | 2 |  2 |  0 |  0 |  6',
E       +  'Allegoric Alaskans             |  2 |  2 |  0 |  0 |  6',
E       ?                                    +
E       
E       -  'Blithering Badgers             | 2 |  1 |  0 |  1 |  3',
E       +  'Blithering Badgers             |  2 |  1 |  0 |  1 |  3',
E       ?                                    +
E       
E       -  'Courageous Californians        | 2 |  0 |  0 |  2 |  0']
E       +  'Courageous Californians        |  2 |  0 |  0 |  2 |  0']
E       ?                                    +

tournament/tournament_test.py:90: AssertionError
________________ TournamentTest.test_ties_broken_alphabetically ________________

self = <tournament_test.TournamentTest testMethod=test_ties_broken_alphabetically>

    def test_ties_broken_alphabetically(self):
        results = [
            "Courageous Californians;Devastating Donkeys;win",
            "Allegoric Alaskans;Blithering Badgers;win",
            "Devastating Donkeys;Allegoric Alaskans;loss",
            "Courageous Californians;Blithering Badgers;win",
            "Blithering Badgers;Devastating Donkeys;draw",
            "Allegoric Alaskans;Courageous Californians;draw",
        ]
        table = [
            "Team                           | MP |  W |  D |  L |  P",
            "Allegoric Alaskans             |  3 |  2 |  1 |  0 |  7",
            "Courageous Californians        |  3 |  2 |  1 |  0 |  7",
            "Blithering Badgers             |  3 |  0 |  1 |  2 |  1",
            "Devastating Donkeys            |  3 |  0 |  1 |  2 |  1",
        ]
>       self.assertEqual(tally(results), table)
E       AssertionError: Lists differ: ['Tea[84 chars]   | 3 |  2 |  1 |  0 |  7', 'Courageous Calif[151 chars]  1'] != ['Tea[84 chars]   |  3 |  2 |  1 |  0 |  7', 'Courageous Cali[155 chars]  1']
E       
E       First differing element 1:
E       'Allegoric Alaskans             | 3 |  2 |  1 |  0 |  7'
E       'Allegoric Alaskans             |  3 |  2 |  1 |  0 |  7'
E       
E       Diff is 714 characters long. Set self.maxDiff to None to see it.

tournament/tournament_test.py:142: AssertionError
______________________ TournamentTest.test_typical_input _______________________

self = <tournament_test.TournamentTest testMethod=test_typical_input>

    def test_typical_input(self):
        results = [
            "Allegoric Alaskans;Blithering Badgers;win",
            "Devastating Donkeys;Courageous Californians;draw",
            "Devastating Donkeys;Allegoric Alaskans;win",
            "Courageous Californians;Blithering Badgers;loss",
            "Blithering Badgers;Devastating Donkeys;loss",
            "Allegoric Alaskans;Courageous Californians;win",
        ]
        table = [
            "Team                           | MP |  W |  D |  L |  P",
            "Devastating Donkeys            |  3 |  2 |  1 |  0 |  7",
            "Allegoric Alaskans             |  3 |  2 |  0 |  1 |  6",
            "Blithering Badgers             |  3 |  1 |  0 |  2 |  3",
            "Courageous Californians        |  3 |  0 |  1 |  2 |  1",
        ]
>       self.assertEqual(tally(results), table)
E       AssertionError: Lists differ: ['Tea[84 chars]   | 3 |  2 |  1 |  0 |  7', 'Allegoric Alaska[151 chars]  1'] != ['Tea[84 chars]   |  3 |  2 |  1 |  0 |  7', 'Allegoric Alask[155 chars]  1']
E       
E       First differing element 1:
E       'Devastating Donkeys            | 3 |  2 |  1 |  0 |  7'
E       'Devastating Donkeys            |  3 |  2 |  1 |  0 |  7'
E       
E       Diff is 714 characters long. Set self.maxDiff to None to see it.

tournament/tournament_test.py:108: AssertionError
=========================== short test summary info ============================
FAILED tournament/tournament_test.py::TournamentTest::test_a_different_team_can_win
FAILED tournament/tournament_test.py::TournamentTest::test_a_draw_is_one_point_each
FAILED tournament/tournament_test.py::TournamentTest::test_a_win_can_also_be_expressed_as_a_loss
FAILED tournament/tournament_test.py::TournamentTest::test_a_win_is_three_points_a_loss_is_zero_points
FAILED tournament/tournament_test.py::TournamentTest::test_ensure_points_sorted_numerically
FAILED tournament/tournament_test.py::TournamentTest::test_incomplete_competition_not_all_pairs_have_played
FAILED tournament/tournament_test.py::TournamentTest::test_there_can_be_more_than_one_match
FAILED tournament/tournament_test.py::TournamentTest::test_there_can_be_more_than_one_winner
FAILED tournament/tournament_test.py::TournamentTest::test_there_can_be_more_than_two_teams
FAILED tournament/tournament_test.py::TournamentTest::test_ties_broken_alphabetically
FAILED tournament/tournament_test.py::TournamentTest::test_typical_input - As...
========================= 11 failed, 1 passed in 0.09s =========================
