============================= test session starts ==============================
platform linux -- Python 3.10.12, pytest-7.4.0, pluggy-1.2.0
rootdir: /home/jake/Development/exercism-python
configfile: pytest.ini
plugins: mock-3.11.1, reportlog-0.4.0, repeat-0.9.1
collected 10 items

exercises/practice/food-chain/food_chain_test.py FFFFFFFFFF              [100%]

=================================== FAILURES ===================================
___________________________ FoodChainTest.test_bird ____________________________

self = <food_chain_test.FoodChainTest testMethod=test_bird>

    def test_bird(self):
>       self.assertEqual(
            recite(3, 3),
            [
                "I know an old lady who swallowed a bird.",
                "How absurd to swallow a bird!",
                "She swallowed the bird to catch the spider that wriggled and jiggled and tickled inside her.",
                "She swallowed the spider to catch the fly.",
                "I don't know why she swallowed the fly. Perhaps she'll die.",
            ],
        )
E       AssertionError: Lists differ: ['I k[111 chars]pider', 'She swallowed the bird to catch the s[259 chars], ''] != ['I k[111 chars]pider that wriggled and jiggled and tickled in[115 chars]ie."]
E       
E       First differing element 2:
E       'She [26 chars]h the spider'
E       'She [26 chars]h the spider that wriggled and jiggled and tickled inside her.'
E       
E       First list contains 3 additional elements.
E       First extra element 5:
E       'She swallowed the spider to catch the fly that wriggled and jiggled and tickled inside her.'
E       
E       Diff is 879 characters long. Set self.maxDiff to None to see it.

exercises/practice/food-chain/food_chain_test.py:34: AssertionError
____________________________ FoodChainTest.test_cat ____________________________

self = <food_chain_test.FoodChainTest testMethod=test_cat>

    def test_cat(self):
>       self.assertEqual(
            recite(4, 4),
            [
                "I know an old lady who swallowed a cat.",
                "Imagine that, to swallow a cat!",
                "She swallowed the cat to catch the bird.",
                "She swallowed the bird to catch the spider that wriggled and jiggled and tickled inside her.",
                "She swallowed the spider to catch the fly.",
                "I don't know why she swallowed the fly. Perhaps she'll die.",
            ],
        )
E       AssertionError: Lists differ: ['I k[109 chars] bird', 'She swallowed the cat to catch the bi[348 chars], ''] != ['I k[109 chars] bird.', 'She swallowed the bird to catch the [162 chars]ie."]
E       
E       First differing element 2:
E       'She swallowed the cat to catch the bird'
E       'She swallowed the cat to catch the bird.'
E       
E       First list contains 4 additional elements.
E       First extra element 6:
E       'She swallowed the spider to catch the fly that wriggled and jiggled and tickled inside her.'
E       
E       Diff is 1065 characters long. Set self.maxDiff to None to see it.

exercises/practice/food-chain/food_chain_test.py:46: AssertionError
____________________________ FoodChainTest.test_cow ____________________________

self = <food_chain_test.FoodChainTest testMethod=test_cow>

    def test_cow(self):
>       self.assertEqual(
            recite(7, 7),
            [
                "I know an old lady who swallowed a cow.",
                "I don't know how she swallowed a cow!",
                "She swallowed the cow to catch the goat.",
                "She swallowed the goat to catch the dog.",
                "She swallowed the dog to catch the cat.",
                "She swallowed the cat to catch the bird.",
                "She swallowed the bird to catch the spider that wriggled and jiggled and tickled inside her.",
                "She swallowed the spider to catch the fly.",
                "I don't know why she swallowed the fly. Perhaps she'll die.",
            ],
        )
E       AssertionError: Lists differ: ['I k[115 chars] goat', 'She swallowed the cow to catch the go[604 chars], ''] != ['I k[115 chars] goat.', 'She swallowed the goat to catch the [293 chars]ie."]
E       
E       First differing element 2:
E       'She swallowed the cow to catch the goat'
E       'She swallowed the cow to catch the goat.'
E       
E       First list contains 7 additional elements.
E       First extra element 9:
E       'She swallowed the cat to catch the bird'
E       
E       Diff is 1622 characters long. Set self.maxDiff to None to see it.

exercises/practice/food-chain/food_chain_test.py:88: AssertionError
____________________________ FoodChainTest.test_dog ____________________________

self = <food_chain_test.FoodChainTest testMethod=test_dog>

    def test_dog(self):
>       self.assertEqual(
            recite(5, 5),
            [
                "I know an old lady who swallowed a dog.",
                "What a hog, to swallow a dog!",
                "She swallowed the dog to catch the cat.",
                "She swallowed the cat to catch the bird.",
                "She swallowed the bird to catch the spider that wriggled and jiggled and tickled inside her.",
                "She swallowed the spider to catch the fly.",
                "I don't know why she swallowed the fly. Perhaps she'll die.",
            ],
        )
E       AssertionError: Lists differ: ['I k[106 chars]e cat', 'She swallowed the dog to catch the ca[433 chars], ''] != ['I k[106 chars]e cat.', 'She swallowed the cat to catch the b[206 chars]ie."]
E       
E       First differing element 2:
E       'She swallowed the dog to catch the cat'
E       'She swallowed the dog to catch the cat.'
E       
E       First list contains 5 additional elements.
E       First extra element 7:
E       'She swallowed the bird to catch the spider'
E       
E       Diff is 1244 characters long. Set self.maxDiff to None to see it.

exercises/practice/food-chain/food_chain_test.py:59: AssertionError
____________________________ FoodChainTest.test_fly ____________________________

self = <food_chain_test.FoodChainTest testMethod=test_fly>

    def test_fly(self):
>       self.assertEqual(
            recite(1, 1),
            [
                "I know an old lady who swallowed a fly.",
                "I don't know why she swallowed the fly. Perhaps she'll die.",
            ],
        )
E       AssertionError: Lists differ: ['I k[42 chars]don't know why she swallowed the fly. Perhaps she'll die.", ''] != ['I k[42 chars]don't know why she swallowed the fly. Perhaps she'll die."]
E       
E       First list contains 1 additional elements.
E       First extra element 2:
E       ''
E       
E         ['I know an old lady who swallowed a fly.',
E       -  "I don't know why she swallowed the fly. Perhaps she'll die.",
E       ?                                                               ^
E       
E       +  "I don't know why she swallowed the fly. Perhaps she'll die."]
E       ?                                                               ^
E       
E       -  '']

exercises/practice/food-chain/food_chain_test.py:14: AssertionError
_________________________ FoodChainTest.test_full_song _________________________

self = <food_chain_test.FoodChainTest testMethod=test_full_song>

    def test_full_song(self):
>       self.assertEqual(
            recite(1, 8),
            [
                "I know an old lady who swallowed a fly.",
                "I don't know why she swallowed the fly. Perhaps she'll die.",
                "",
                "I know an old lady who swallowed a spider.",
                "It wriggled and jiggled and tickled inside her.",
                "She swallowed the spider to catch the fly.",
                "I don't know why she swallowed the fly. Perhaps she'll die.",
                "",
                "I know an old lady who swallowed a bird.",
                "How absurd to swallow a bird!",
                "She swallowed the bird to catch the spider that wriggled and jiggled and tickled inside her.",
                "She swallowed the spider to catch the fly.",
                "I don't know why she swallowed the fly. Perhaps she'll die.",
                "",
                "I know an old lady who swallowed a cat.",
                "Imagine that, to swallow a cat!",
                "She swallowed the cat to catch the bird.",
                "She swallowed the bird to catch the spider that wriggled and jiggled and tickled inside her.",
                "She swallowed the spider to catch the fly.",
                "I don't know why she swallowed the fly. Perhaps she'll die.",
                "",
                "I know an old lady who swallowed a dog.",
                "What a hog, to swallow a dog!",
                "She swallowed the dog to catch the cat.",
                "She swallowed the cat to catch the bird.",
                "She swallowed the bird to catch the spider that wriggled and jiggled and tickled inside her.",
                "She swallowed the spider to catch the fly.",
                "I don't know why she swallowed the fly. Perhaps she'll die.",
                "",
                "I know an old lady who swallowed a goat.",
                "Just opened her throat and swallowed a goat!",
                "She swallowed the goat to catch the dog.",
                "She swallowed the dog to catch the cat.",
                "She swallowed the cat to catch the bird.",
                "She swallowed the bird to catch the spider that wriggled and jiggled and tickled inside her.",
                "She swallowed the spider to catch the fly.",
                "I don't know why she swallowed the fly. Perhaps she'll die.",
                "",
                "I know an old lady who swallowed a cow.",
                "I don't know how she swallowed a cow!",
                "She swallowed the cow to catch the goat.",
                "She swallowed the goat to catch the dog.",
                "She swallowed the dog to catch the cat.",
                "She swallowed the cat to catch the bird.",
                "She swallowed the bird to catch the spider that wriggled and jiggled and tickled inside her.",
                "She swallowed the spider to catch the fly.",
                "I don't know why she swallowed the fly. Perhaps she'll die.",
                "",
                "I know an old lady who swallowed a horse.",
                "She's dead, of course!",
            ],
        )
E       AssertionError: Lists differ: ['I k[240 chars]e fly', 'She swallowed the spider to catch the[3861 chars], ''] != ['I k[240 chars]e fly.', "I don't know why she swallowed the f[1984 chars]se!"]
E       
E       First differing element 5:
E       'She swallowed the spider to catch the fly'
E       'She swallowed the spider to catch the fly.'
E       
E       First list contains 36 additional elements.
E       First extra element 50:
E       'She swallowed the spider to catch the fly that wriggled and jiggled and tickled inside her.'
E       
E       Diff is 6682 characters long. Set self.maxDiff to None to see it.

exercises/practice/food-chain/food_chain_test.py:130: AssertionError
___________________________ FoodChainTest.test_goat ____________________________

self = <food_chain_test.FoodChainTest testMethod=test_goat>

    def test_goat(self):
>       self.assertEqual(
            recite(6, 6),
            [
                "I know an old lady who swallowed a goat.",
                "Just opened her throat and swallowed a goat!",
                "She swallowed the goat to catch the dog.",
                "She swallowed the dog to catch the cat.",
                "She swallowed the cat to catch the bird.",
                "She swallowed the bird to catch the spider that wriggled and jiggled and tickled inside her.",
                "She swallowed the spider to catch the fly.",
                "I don't know why she swallowed the fly. Perhaps she'll die.",
            ],
        )
E       AssertionError: Lists differ: ['I k[123 chars]e dog', 'She swallowed the goat to catch the d[518 chars], ''] != ['I k[123 chars]e dog.', 'She swallowed the dog to catch the c[249 chars]ie."]
E       
E       First differing element 2:
E       'She swallowed the goat to catch the dog'
E       'She swallowed the goat to catch the dog.'
E       
E       First list contains 6 additional elements.
E       First extra element 8:
E       'She swallowed the bird to catch the spider'
E       
E       Diff is 1445 characters long. Set self.maxDiff to None to see it.

exercises/practice/food-chain/food_chain_test.py:73: AssertionError
___________________________ FoodChainTest.test_horse ___________________________

self = <food_chain_test.FoodChainTest testMethod=test_horse>

    def test_horse(self):
>       self.assertEqual(
            recite(8, 8),
            ["I know an old lady who swallowed a horse.", "She's dead, of course!"],
        )
E       AssertionError: Lists differ: ['I k[60 chars]rse!", 'She swallowed the horse to catch the c[671 chars], ''] != ['I k[60 chars]rse!"]
E       
E       First list contains 15 additional elements.
E       First extra element 2:
E       'She swallowed the horse to catch the cow'
E       
E       Diff is 999 characters long. Set self.maxDiff to None to see it.

exercises/practice/food-chain/food_chain_test.py:104: AssertionError
______________________ FoodChainTest.test_multiple_verses ______________________

self = <food_chain_test.FoodChainTest testMethod=test_multiple_verses>

    def test_multiple_verses(self):
>       self.assertEqual(
            recite(1, 3),
            [
                "I know an old lady who swallowed a fly.",
                "I don't know why she swallowed the fly. Perhaps she'll die.",
                "",
                "I know an old lady who swallowed a spider.",
                "It wriggled and jiggled and tickled inside her.",
                "She swallowed the spider to catch the fly.",
                "I don't know why she swallowed the fly. Perhaps she'll die.",
                "",
                "I know an old lady who swallowed a bird.",
                "How absurd to swallow a bird!",
                "She swallowed the bird to catch the spider that wriggled and jiggled and tickled inside her.",
                "She swallowed the spider to catch the fly.",
                "I don't know why she swallowed the fly. Perhaps she'll die.",
            ],
        )
E       AssertionError: Lists differ: ['I k[240 chars]e fly', 'She swallowed the spider to catch the[494 chars], ''] != ['I k[240 chars]e fly.', "I don't know why she swallowed the f[306 chars]ie."]
E       
E       First differing element 5:
E       'She swallowed the spider to catch the fly'
E       'She swallowed the spider to catch the fly.'
E       
E       First list contains 4 additional elements.
E       First extra element 13:
E       'She swallowed the spider to catch the fly that wriggled and jiggled and tickled inside her.'
E       
E       Diff is 1367 characters long. Set self.maxDiff to None to see it.

exercises/practice/food-chain/food_chain_test.py:110: AssertionError
__________________________ FoodChainTest.test_spider ___________________________

self = <food_chain_test.FoodChainTest testMethod=test_spider>

    def test_spider(self):
>       self.assertEqual(
            recite(2, 2),
            [
                "I know an old lady who swallowed a spider.",
                "It wriggled and jiggled and tickled inside her.",
                "She swallowed the spider to catch the fly.",
                "I don't know why she swallowed the fly. Perhaps she'll die.",
            ],
        )
E       AssertionError: Lists differ: ['I k[130 chars]e fly', 'She swallowed the spider to catch the[68 chars], ''] != ['I k[130 chars]e fly.', "I don't know why she swallowed the f[20 chars]ie."]
E       
E       First differing element 2:
E       'She swallowed the spider to catch the fly'
E       'She swallowed the spider to catch the fly.'
E       
E       First list contains 2 additional elements.
E       First extra element 4:
E       "I don't know why she swallowed the fly. Perhaps she'll die."
E       
E         ['I know an old lady who swallowed a spider.',
E          'It wriggled and jiggled and tickled inside her.',
E       -  'She swallowed the spider to catch the fly',
E       +  'She swallowed the spider to catch the fly.',
E       ?                                            +
E       
E       -  'She swallowed the spider to catch the fly',
E       -  "I don't know why she swallowed the fly. Perhaps she'll die.",
E       ?                                                               ^
E       
E       +  "I don't know why she swallowed the fly. Perhaps she'll die."]
E       ?                                                               ^
E       
E       -  '']

exercises/practice/food-chain/food_chain_test.py:23: AssertionError
=========================== short test summary info ============================
FAILED exercises/practice/food-chain/food_chain_test.py::FoodChainTest::test_bird
FAILED exercises/practice/food-chain/food_chain_test.py::FoodChainTest::test_cat
FAILED exercises/practice/food-chain/food_chain_test.py::FoodChainTest::test_cow
FAILED exercises/practice/food-chain/food_chain_test.py::FoodChainTest::test_dog
FAILED exercises/practice/food-chain/food_chain_test.py::FoodChainTest::test_fly
FAILED exercises/practice/food-chain/food_chain_test.py::FoodChainTest::test_full_song
FAILED exercises/practice/food-chain/food_chain_test.py::FoodChainTest::test_goat
FAILED exercises/practice/food-chain/food_chain_test.py::FoodChainTest::test_horse
FAILED exercises/practice/food-chain/food_chain_test.py::FoodChainTest::test_multiple_verses
FAILED exercises/practice/food-chain/food_chain_test.py::FoodChainTest::test_spider
============================== 10 failed in 0.07s ==============================
