============================= test session starts ==============================
platform linux -- Python 3.10.12, pytest-7.4.0, pluggy-1.3.0
rootdir: /home/jake/Development/mentat/tests/benchmarks/repos/exercism-python
configfile: pytest.ini
plugins: mock-3.11.1, reportlog-0.4.0, asyncio-0.21.1, xdist-3.3.1
asyncio: mode=strict
collected 10 items

exercises/practice/food-chain/food_chain_test.py FFFFFFFFFF              [100%]

=================================== FAILURES ===================================
___________________________ FoodChainTest.test_bird ____________________________

self = <food_chain_test.FoodChainTest testMethod=test_bird>

    def test_bird(self):
>       self.assertEqual(
            recite(3, 3),
            [
                "I know an old lady who swallowed a bird.",
                "How absurd to swallow a bird!",
                "She swallowed the bird to catch the spider that wriggled and jiggled and tickled inside her.",
                "She swallowed the spider to catch the fly.",
                "I don't know why she swallowed the fly. Perhaps she'll die.",
            ],
        )
E       AssertionError: Lists differ: [] != ['I know an old lady who swallowed a bird.[235 chars]ie."]
E       
E       Second list contains 5 additional elements.
E       First extra element 0:
E       'I know an old lady who swallowed a bird.'
E       
E       - []
E       + ['I know an old lady who swallowed a bird.',
E       +  'How absurd to swallow a bird!',
E       +  'She swallowed the bird to catch the spider that wriggled and jiggled and '
E       +  'tickled inside her.',
E       +  'She swallowed the spider to catch the fly.',
E       +  "I don't know why she swallowed the fly. Perhaps she'll die."]

exercises/practice/food-chain/food_chain_test.py:34: AssertionError
____________________________ FoodChainTest.test_cat ____________________________

self = <food_chain_test.FoodChainTest testMethod=test_cat>

    def test_cat(self):
>       self.assertEqual(
            recite(4, 4),
            [
                "I know an old lady who swallowed a cat.",
                "Imagine that, to swallow a cat!",
                "She swallowed the cat to catch the bird.",
                "She swallowed the bird to catch the spider that wriggled and jiggled and tickled inside her.",
                "She swallowed the spider to catch the fly.",
                "I don't know why she swallowed the fly. Perhaps she'll die.",
            ],
        )
E       AssertionError: Lists differ: [] != ['I know an old lady who swallowed a cat.'[280 chars]ie."]
E       
E       Second list contains 6 additional elements.
E       First extra element 0:
E       'I know an old lady who swallowed a cat.'
E       
E       - []
E       + ['I know an old lady who swallowed a cat.',
E       +  'Imagine that, to swallow a cat!',
E       +  'She swallowed the cat to catch the bird.',
E       +  'She swallowed the bird to catch the spider that wriggled and jiggled and '
E       +  'tickled inside her.',
E       +  'She swallowed the spider to catch the fly.',
E       +  "I don't know why she swallowed the fly. Perhaps she'll die."]

exercises/practice/food-chain/food_chain_test.py:46: AssertionError
____________________________ FoodChainTest.test_cow ____________________________

self = <food_chain_test.FoodChainTest testMethod=test_cow>

    def test_cow(self):
>       self.assertEqual(
            recite(7, 7),
            [
                "I know an old lady who swallowed a cow.",
                "I don't know how she swallowed a cow!",
                "She swallowed the cow to catch the goat.",
                "She swallowed the goat to catch the dog.",
                "She swallowed the dog to catch the cat.",
                "She swallowed the cat to catch the bird.",
                "She swallowed the bird to catch the spider that wriggled and jiggled and tickled inside her.",
                "She swallowed the spider to catch the fly.",
                "I don't know why she swallowed the fly. Perhaps she'll die.",
            ],
        )
E       AssertionError: Lists differ: [] != ['I know an old lady who swallowed a cow.'[417 chars]ie."]
E       
E       Second list contains 9 additional elements.
E       First extra element 0:
E       'I know an old lady who swallowed a cow.'
E       
E       - []
E       + ['I know an old lady who swallowed a cow.',
E       +  "I don't know how she swallowed a cow!",
E       +  'She swallowed the cow to catch the goat.',
E       +  'She swallowed the goat to catch the dog.',
E       +  'She swallowed the dog to catch the cat.',
E       +  'She swallowed the cat to catch the bird.',
E       +  'She swallowed the bird to catch the spider that wriggled and jiggled and '
E       +  'tickled inside her.',
E       +  'She swallowed the spider to catch the fly.',
E       +  "I don't know why she swallowed the fly. Perhaps she'll die."]

exercises/practice/food-chain/food_chain_test.py:88: AssertionError
____________________________ FoodChainTest.test_dog ____________________________

self = <food_chain_test.FoodChainTest testMethod=test_dog>

    def test_dog(self):
>       self.assertEqual(
            recite(5, 5),
            [
                "I know an old lady who swallowed a dog.",
                "What a hog, to swallow a dog!",
                "She swallowed the dog to catch the cat.",
                "She swallowed the cat to catch the bird.",
                "She swallowed the bird to catch the spider that wriggled and jiggled and tickled inside her.",
                "She swallowed the spider to catch the fly.",
                "I don't know why she swallowed the fly. Perhaps she'll die.",
            ],
        )
E       AssertionError: Lists differ: [] != ['I know an old lady who swallowed a dog.'[321 chars]ie."]
E       
E       Second list contains 7 additional elements.
E       First extra element 0:
E       'I know an old lady who swallowed a dog.'
E       
E       - []
E       + ['I know an old lady who swallowed a dog.',
E       +  'What a hog, to swallow a dog!',
E       +  'She swallowed the dog to catch the cat.',
E       +  'She swallowed the cat to catch the bird.',
E       +  'She swallowed the bird to catch the spider that wriggled and jiggled and '
E       +  'tickled inside her.',
E       +  'She swallowed the spider to catch the fly.',
E       +  "I don't know why she swallowed the fly. Perhaps she'll die."]

exercises/practice/food-chain/food_chain_test.py:59: AssertionError
____________________________ FoodChainTest.test_fly ____________________________

self = <food_chain_test.FoodChainTest testMethod=test_fly>

    def test_fly(self):
>       self.assertEqual(
            recite(1, 1),
            [
                "I know an old lady who swallowed a fly.",
                "I don't know why she swallowed the fly. Perhaps she'll die.",
            ],
        )
E       AssertionError: Lists differ: [] != ['I know an old lady who swallowed a fly.'[59 chars]ie."]
E       
E       Second list contains 2 additional elements.
E       First extra element 0:
E       'I know an old lady who swallowed a fly.'
E       
E       - []
E       + ['I know an old lady who swallowed a fly.',
E       +  "I don't know why she swallowed the fly. Perhaps she'll die."]

exercises/practice/food-chain/food_chain_test.py:14: AssertionError
_________________________ FoodChainTest.test_full_song _________________________

self = <food_chain_test.FoodChainTest testMethod=test_full_song>

    def test_full_song(self):
>       self.assertEqual(
            recite(1, 8),
            [
                "I know an old lady who swallowed a fly.",
                "I don't know why she swallowed the fly. Perhaps she'll die.",
                "",
                "I know an old lady who swallowed a spider.",
                "It wriggled and jiggled and tickled inside her.",
                "She swallowed the spider to catch the fly.",
                "I don't know why she swallowed the fly. Perhaps she'll die.",
                "",
                "I know an old lady who swallowed a bird.",
                "How absurd to swallow a bird!",
                "She swallowed the bird to catch the spider that wriggled and jiggled and tickled inside her.",
                "She swallowed the spider to catch the fly.",
                "I don't know why she swallowed the fly. Perhaps she'll die.",
                "",
                "I know an old lady who swallowed a cat.",
                "Imagine that, to swallow a cat!",
                "She swallowed the cat to catch the bird.",
                "She swallowed the bird to catch the spider that wriggled and jiggled and tickled inside her.",
                "She swallowed the spider to catch the fly.",
                "I don't know why she swallowed the fly. Perhaps she'll die.",
                "",
                "I know an old lady who swallowed a dog.",
                "What a hog, to swallow a dog!",
                "She swallowed the dog to catch the cat.",
                "She swallowed the cat to catch the bird.",
                "She swallowed the bird to catch the spider that wriggled and jiggled and tickled inside her.",
                "She swallowed the spider to catch the fly.",
                "I don't know why she swallowed the fly. Perhaps she'll die.",
                "",
                "I know an old lady who swallowed a goat.",
                "Just opened her throat and swallowed a goat!",
                "She swallowed the goat to catch the dog.",
                "She swallowed the dog to catch the cat.",
                "She swallowed the cat to catch the bird.",
                "She swallowed the bird to catch the spider that wriggled and jiggled and tickled inside her.",
                "She swallowed the spider to catch the fly.",
                "I don't know why she swallowed the fly. Perhaps she'll die.",
                "",
                "I know an old lady who swallowed a cow.",
                "I don't know how she swallowed a cow!",
                "She swallowed the cow to catch the goat.",
                "She swallowed the goat to catch the dog.",
                "She swallowed the dog to catch the cat.",
                "She swallowed the cat to catch the bird.",
                "She swallowed the bird to catch the spider that wriggled and jiggled and tickled inside her.",
                "She swallowed the spider to catch the fly.",
                "I don't know why she swallowed the fly. Perhaps she'll die.",
                "",
                "I know an old lady who swallowed a horse.",
                "She's dead, of course!",
            ],
        )
E       AssertionError: Lists differ: [] != ['I know an old lady who swallowed a fly.'[2233 chars]se!"]
E       
E       Second list contains 50 additional elements.
E       First extra element 0:
E       'I know an old lady who swallowed a fly.'
E       
E       Diff is 2465 characters long. Set self.maxDiff to None to see it.

exercises/practice/food-chain/food_chain_test.py:130: AssertionError
___________________________ FoodChainTest.test_goat ____________________________

self = <food_chain_test.FoodChainTest testMethod=test_goat>

    def test_goat(self):
>       self.assertEqual(
            recite(6, 6),
            [
                "I know an old lady who swallowed a goat.",
                "Just opened her throat and swallowed a goat!",
                "She swallowed the goat to catch the dog.",
                "She swallowed the dog to catch the cat.",
                "She swallowed the cat to catch the bird.",
                "She swallowed the bird to catch the spider that wriggled and jiggled and tickled inside her.",
                "She swallowed the spider to catch the fly.",
                "I don't know why she swallowed the fly. Perhaps she'll die.",
            ],
        )
E       AssertionError: Lists differ: [] != ['I know an old lady who swallowed a goat.[381 chars]ie."]
E       
E       Second list contains 8 additional elements.
E       First extra element 0:
E       'I know an old lady who swallowed a goat.'
E       
E       - []
E       + ['I know an old lady who swallowed a goat.',
E       +  'Just opened her throat and swallowed a goat!',
E       +  'She swallowed the goat to catch the dog.',
E       +  'She swallowed the dog to catch the cat.',
E       +  'She swallowed the cat to catch the bird.',
E       +  'She swallowed the bird to catch the spider that wriggled and jiggled and '
E       +  'tickled inside her.',
E       +  'She swallowed the spider to catch the fly.',
E       +  "I don't know why she swallowed the fly. Perhaps she'll die."]

exercises/practice/food-chain/food_chain_test.py:73: AssertionError
___________________________ FoodChainTest.test_horse ___________________________

self = <food_chain_test.FoodChainTest testMethod=test_horse>

    def test_horse(self):
>       self.assertEqual(
            recite(8, 8),
            ["I know an old lady who swallowed a horse.", "She's dead, of course!"],
        )
E       AssertionError: Lists differ: [] != ['I know an old lady who swallowed a horse.', "She's dead, of course!"]
E       
E       Second list contains 2 additional elements.
E       First extra element 0:
E       'I know an old lady who swallowed a horse.'
E       
E       - []
E       + ['I know an old lady who swallowed a horse.', "She's dead, of course!"]

exercises/practice/food-chain/food_chain_test.py:104: AssertionError
______________________ FoodChainTest.test_multiple_verses ______________________

self = <food_chain_test.FoodChainTest testMethod=test_multiple_verses>

    def test_multiple_verses(self):
>       self.assertEqual(
            recite(1, 3),
            [
                "I know an old lady who swallowed a fly.",
                "I don't know why she swallowed the fly. Perhaps she'll die.",
                "",
                "I know an old lady who swallowed a spider.",
                "It wriggled and jiggled and tickled inside her.",
                "She swallowed the spider to catch the fly.",
                "I don't know why she swallowed the fly. Perhaps she'll die.",
                "",
                "I know an old lady who swallowed a bird.",
                "How absurd to swallow a bird!",
                "She swallowed the bird to catch the spider that wriggled and jiggled and tickled inside her.",
                "She swallowed the spider to catch the fly.",
                "I don't know why she swallowed the fly. Perhaps she'll die.",
            ],
        )
E       AssertionError: Lists differ: [] != ['I know an old lady who swallowed a fly.'[555 chars]ie."]
E       
E       Second list contains 13 additional elements.
E       First extra element 0:
E       'I know an old lady who swallowed a fly.'
E       
E       Diff is 652 characters long. Set self.maxDiff to None to see it.

exercises/practice/food-chain/food_chain_test.py:110: AssertionError
__________________________ FoodChainTest.test_spider ___________________________

self = <food_chain_test.FoodChainTest testMethod=test_spider>

    def test_spider(self):
>       self.assertEqual(
            recite(2, 2),
            [
                "I know an old lady who swallowed a spider.",
                "It wriggled and jiggled and tickled inside her.",
                "She swallowed the spider to catch the fly.",
                "I don't know why she swallowed the fly. Perhaps she'll die.",
            ],
        )
E       AssertionError: Lists differ: [] != ['I know an old lady who swallowed a spide[159 chars]ie."]
E       
E       Second list contains 4 additional elements.
E       First extra element 0:
E       'I know an old lady who swallowed a spider.'
E       
E       - []
E       + ['I know an old lady who swallowed a spider.',
E       +  'It wriggled and jiggled and tickled inside her.',
E       +  'She swallowed the spider to catch the fly.',
E       +  "I don't know why she swallowed the fly. Perhaps she'll die."]

exercises/practice/food-chain/food_chain_test.py:23: AssertionError
=========================== short test summary info ============================
FAILED exercises/practice/food-chain/food_chain_test.py::FoodChainTest::test_bird
FAILED exercises/practice/food-chain/food_chain_test.py::FoodChainTest::test_cat
FAILED exercises/practice/food-chain/food_chain_test.py::FoodChainTest::test_cow
FAILED exercises/practice/food-chain/food_chain_test.py::FoodChainTest::test_dog
FAILED exercises/practice/food-chain/food_chain_test.py::FoodChainTest::test_fly
FAILED exercises/practice/food-chain/food_chain_test.py::FoodChainTest::test_full_song
FAILED exercises/practice/food-chain/food_chain_test.py::FoodChainTest::test_goat
FAILED exercises/practice/food-chain/food_chain_test.py::FoodChainTest::test_horse
FAILED exercises/practice/food-chain/food_chain_test.py::FoodChainTest::test_multiple_verses
FAILED exercises/practice/food-chain/food_chain_test.py::FoodChainTest::test_spider
============================== 10 failed in 0.07s ==============================
