============================= test session starts ==============================
platform linux -- Python 3.10.12, pytest-7.4.0, pluggy-1.2.0
rootdir: /home/jake/Development/exercism-python
configfile: pytest.ini
plugins: mock-3.11.1, reportlog-0.4.0, repeat-0.9.1
collected 25 items

exercises/practice/bob/bob_test.py ....F....................             [100%]

=================================== FAILURES ===================================
_____________________ BobTest.test_ending_with_whitespace ______________________

self = <bob_test.BobTest testMethod=test_ending_with_whitespace>

    def test_ending_with_whitespace(self):
>       self.assertEqual(
            response("Okay if like my  spacebar  quite a bit?   "), "Sure."
        )
E       AssertionError: 'Whatever.' != 'Sure.'
E       - Whatever.
E       + Sure.

exercises/practice/bob/bob_test.py:92: AssertionError
=========================== short test summary info ============================
FAILED exercises/practice/bob/bob_test.py::BobTest::test_ending_with_whitespace
========================= 1 failed, 24 passed in 0.08s =========================
