============================= test session starts ==============================
platform linux -- Python 3.10.12, pytest-7.4.0, pluggy-1.2.0
rootdir: /home/jake/Development/exercism-python
configfile: pytest.ini
plugins: mock-3.11.1, reportlog-0.4.0, repeat-0.9.1
collected 103 items

exercises/practice/meetup/meetup_test.py FFF.F.............FFFF.FFFFFFFF [ 30%]
FFFFFFFFFFFFFFFFFFFFF..FFFFFFFFFFFFFF.....................FFFFFFFFFFFFFF [100%]

=================================== FAILURES ===================================
__________________ MeetupTest.test_fifth_monday_of_march_2015 __________________

self = <meetup_test.MeetupTest testMethod=test_fifth_monday_of_march_2015>

    def test_fifth_monday_of_march_2015(self):
>       self.assertEqual(meetup(2015, 3, "fifth", "Monday"), date(2015, 3, 30))

exercises/practice/meetup/meetup_test.py:303: 
_ _ _ _ _ _ _ _ _ _ _ _ _ _ _ _ _ _ _ _ _ _ _ _ _ _ _ _ _ _ _ _ _ _ _ _ _ _ _ _ 

year = 2015, month = 3, week = 'fifth', day_of_week = 'Monday'

    def meetup(year, month, week, day_of_week):
        weekdays = {
            'Monday': 0,
            'Tuesday': 1,
            'Wednesday': 2,
            'Thursday': 3,
            'Friday': 4,
            'Saturday': 5,
            'Sunday': 6
        }
    
        teenth_days = [13, 14, 15, 16, 17, 18, 19]
    
        first_day_of_month = date(year, month, 1)
        first_weekday = first_day_of_month.weekday()
    
        if week == 'teenth':
            for day in teenth_days:
                meetup_date = date(year, month, day)
                if meetup_date.weekday() == weekdays[day_of_week]:
                    return meetup_date
        elif week == 'last':
            last_day_of_month = date(year, month + 1, 1) - timedelta(days=1)
            last_weekday = last_day_of_month.weekday()
            for day in range(last_day_of_month.day - 6, last_day_of_month.day + 1):
                meetup_date = date(year, month, day)
                if meetup_date.weekday() == weekdays[day_of_week]:
                    return meetup_date
        else:
>           day = (week - 1) * 7 + (weekdays[day_of_week] - first_weekday + 7) % 7 + 1
E           TypeError: unsupported operand type(s) for -: 'str' and 'int'

exercises/practice/meetup/meetup.py:44: TypeError
_______________ MeetupTest.test_fifth_saturday_of_february_2020 ________________

self = <meetup_test.MeetupTest testMethod=test_fifth_saturday_of_february_2020>

    def test_fifth_saturday_of_february_2020(self):
>       self.assertEqual(meetup(2020, 2, "fifth", "Saturday"), date(2020, 2, 29))

exercises/practice/meetup/meetup_test.py:309: 
_ _ _ _ _ _ _ _ _ _ _ _ _ _ _ _ _ _ _ _ _ _ _ _ _ _ _ _ _ _ _ _ _ _ _ _ _ _ _ _ 

year = 2020, month = 2, week = 'fifth', day_of_week = 'Saturday'

    def meetup(year, month, week, day_of_week):
        weekdays = {
            'Monday': 0,
            'Tuesday': 1,
            'Wednesday': 2,
            'Thursday': 3,
            'Friday': 4,
            'Saturday': 5,
            'Sunday': 6
        }
    
        teenth_days = [13, 14, 15, 16, 17, 18, 19]
    
        first_day_of_month = date(year, month, 1)
        first_weekday = first_day_of_month.weekday()
    
        if week == 'teenth':
            for day in teenth_days:
                meetup_date = date(year, month, day)
                if meetup_date.weekday() == weekdays[day_of_week]:
                    return meetup_date
        elif week == 'last':
            last_day_of_month = date(year, month + 1, 1) - timedelta(days=1)
            last_weekday = last_day_of_month.weekday()
            for day in range(last_day_of_month.day - 6, last_day_of_month.day + 1):
                meetup_date = date(year, month, day)
                if meetup_date.weekday() == weekdays[day_of_week]:
                    return meetup_date
        else:
>           day = (week - 1) * 7 + (weekdays[day_of_week] - first_weekday + 7) % 7 + 1
E           TypeError: unsupported operand type(s) for -: 'str' and 'int'

exercises/practice/meetup/meetup.py:44: TypeError
_______________ MeetupTest.test_fifth_thursday_of_february_2024 ________________

self = <meetup_test.MeetupTest testMethod=test_fifth_thursday_of_february_2024>

    def test_fifth_thursday_of_february_2024(self):
>       self.assertEqual(meetup(2024, 2, "fifth", "Thursday"), date(2024, 2, 29))

exercises/practice/meetup/meetup_test.py:306: 
_ _ _ _ _ _ _ _ _ _ _ _ _ _ _ _ _ _ _ _ _ _ _ _ _ _ _ _ _ _ _ _ _ _ _ _ _ _ _ _ 

year = 2024, month = 2, week = 'fifth', day_of_week = 'Thursday'

    def meetup(year, month, week, day_of_week):
        weekdays = {
            'Monday': 0,
            'Tuesday': 1,
            'Wednesday': 2,
            'Thursday': 3,
            'Friday': 4,
            'Saturday': 5,
            'Sunday': 6
        }
    
        teenth_days = [13, 14, 15, 16, 17, 18, 19]
    
        first_day_of_month = date(year, month, 1)
        first_weekday = first_day_of_month.weekday()
    
        if week == 'teenth':
            for day in teenth_days:
                meetup_date = date(year, month, day)
                if meetup_date.weekday() == weekdays[day_of_week]:
                    return meetup_date
        elif week == 'last':
            last_day_of_month = date(year, month + 1, 1) - timedelta(days=1)
            last_weekday = last_day_of_month.weekday()
            for day in range(last_day_of_month.day - 6, last_day_of_month.day + 1):
                meetup_date = date(year, month, day)
                if meetup_date.weekday() == weekdays[day_of_week]:
                    return meetup_date
        else:
>           day = (week - 1) * 7 + (weekdays[day_of_week] - first_weekday + 7) % 7 + 1
E           TypeError: unsupported operand type(s) for -: 'str' and 'int'

exercises/practice/meetup/meetup.py:44: TypeError
___________ MeetupTest.test_last_friday_in_a_month_with_four_fridays ___________

self = <meetup_test.MeetupTest testMethod=test_last_friday_in_a_month_with_four_fridays>

    def test_last_friday_in_a_month_with_four_fridays(self):
>       self.assertEqual(meetup(2013, 12, "last", "Friday"), date(2013, 12, 27))

exercises/practice/meetup/meetup_test.py:274: 
_ _ _ _ _ _ _ _ _ _ _ _ _ _ _ _ _ _ _ _ _ _ _ _ _ _ _ _ _ _ _ _ _ _ _ _ _ _ _ _ 

year = 2013, month = 12, week = 'last', day_of_week = 'Friday'

    def meetup(year, month, week, day_of_week):
        weekdays = {
            'Monday': 0,
            'Tuesday': 1,
            'Wednesday': 2,
            'Thursday': 3,
            'Friday': 4,
            'Saturday': 5,
            'Sunday': 6
        }
    
        teenth_days = [13, 14, 15, 16, 17, 18, 19]
    
        first_day_of_month = date(year, month, 1)
        first_weekday = first_day_of_month.weekday()
    
        if week == 'teenth':
            for day in teenth_days:
                meetup_date = date(year, month, day)
                if meetup_date.weekday() == weekdays[day_of_week]:
                    return meetup_date
        elif week == 'last':
>           last_day_of_month = date(year, month + 1, 1) - timedelta(days=1)
E           ValueError: month must be in 1..12

exercises/practice/meetup/meetup.py:37: ValueError
_ MeetupTest.test_last_wednesday_in_december_that_is_also_the_last_day_of_the_year _

self = <meetup_test.MeetupTest testMethod=test_last_wednesday_in_december_that_is_also_the_last_day_of_the_year>

    def test_last_wednesday_in_december_that_is_also_the_last_day_of_the_year(self):
>       self.assertEqual(meetup(2014, 12, "last", "Wednesday"), date(2014, 12, 31))

exercises/practice/meetup/meetup_test.py:292: 
_ _ _ _ _ _ _ _ _ _ _ _ _ _ _ _ _ _ _ _ _ _ _ _ _ _ _ _ _ _ _ _ _ _ _ _ _ _ _ _ 

year = 2014, month = 12, week = 'last', day_of_week = 'Wednesday'

    def meetup(year, month, week, day_of_week):
        weekdays = {
            'Monday': 0,
            'Tuesday': 1,
            'Wednesday': 2,
            'Thursday': 3,
            'Friday': 4,
            'Saturday': 5,
            'Sunday': 6
        }
    
        teenth_days = [13, 14, 15, 16, 17, 18, 19]
    
        first_day_of_month = date(year, month, 1)
        first_weekday = first_day_of_month.weekday()
    
        if week == 'teenth':
            for day in teenth_days:
                meetup_date = date(year, month, day)
                if meetup_date.weekday() == weekdays[day_of_week]:
                    return meetup_date
        elif week == 'last':
>           last_day_of_month = date(year, month + 1, 1) - timedelta(days=1)
E           ValueError: month must be in 1..12

exercises/practice/meetup/meetup.py:37: ValueError
___________ MeetupTest.test_nonexistent_fifth_friday_of_august_2022 ____________

self = <meetup_test.MeetupTest testMethod=test_nonexistent_fifth_friday_of_august_2022>

    def test_nonexistent_fifth_friday_of_august_2022(self):
        with self.assertRaises(MeetupDayException) as err:
>           meetup(2022, 8, "fifth", "Friday")

exercises/practice/meetup/meetup_test.py:325: 
_ _ _ _ _ _ _ _ _ _ _ _ _ _ _ _ _ _ _ _ _ _ _ _ _ _ _ _ _ _ _ _ _ _ _ _ _ _ _ _ 

    def meetup(year, month, week, day_of_week):
        weekdays = {
            'Monday': 0,
            'Tuesday': 1,
            'Wednesday': 2,
            'Thursday': 3,
            'Friday': 4,
            'Saturday': 5,
            'Sunday': 6
        }
    
        teenth_days = [13, 14, 15, 16, 17, 18, 19]
    
        first_day_of_month = date(year, month, 1)
        first_weekday = first_day_of_month.weekday()
    
        if week == 'teenth':
            for day in teenth_days:
                meetup_date = date(year, month, day)
                if meetup_date.weekday() == weekdays[day_of_week]:
                    return meetup_date
        elif week == 'last':
            last_day_of_month = date(year, month + 1, 1) - timedelta(days=1)
            last_weekday = last_day_of_month.weekday()
            for day in range(last_day_of_month.day - 6, last_day_of_month.day + 1):
                meetup_date = date(year, month, day)
                if meetup_date.weekday() == weekdays[day_of_week]:
                    return meetup_date
        else:
>           day = (week - 1) * 7 + (weekdays[day_of_week] - first_weekday + 7) % 7 + 1
E           TypeError: unsupported operand type(s) for -: 'str' and 'int'

exercises/practice/meetup/meetup.py:44: TypeError
__________ MeetupTest.test_nonexistent_fifth_monday_of_february_2022 ___________

self = <meetup_test.MeetupTest testMethod=test_nonexistent_fifth_monday_of_february_2022>

    def test_nonexistent_fifth_monday_of_february_2022(self):
        with self.assertRaises(MeetupDayException) as err:
>           meetup(2022, 2, "fifth", "Monday")

exercises/practice/meetup/meetup_test.py:319: 
_ _ _ _ _ _ _ _ _ _ _ _ _ _ _ _ _ _ _ _ _ _ _ _ _ _ _ _ _ _ _ _ _ _ _ _ _ _ _ _ 

    def meetup(year, month, week, day_of_week):
        weekdays = {
            'Monday': 0,
            'Tuesday': 1,
            'Wednesday': 2,
            'Thursday': 3,
            'Friday': 4,
            'Saturday': 5,
            'Sunday': 6
        }
    
        teenth_days = [13, 14, 15, 16, 17, 18, 19]
    
        first_day_of_month = date(year, month, 1)
        first_weekday = first_day_of_month.weekday()
    
        if week == 'teenth':
            for day in teenth_days:
                meetup_date = date(year, month, day)
                if meetup_date.weekday() == weekdays[day_of_week]:
                    return meetup_date
        elif week == 'last':
            last_day_of_month = date(year, month + 1, 1) - timedelta(days=1)
            last_weekday = last_day_of_month.weekday()
            for day in range(last_day_of_month.day - 6, last_day_of_month.day + 1):
                meetup_date = date(year, month, day)
                if meetup_date.weekday() == weekdays[day_of_week]:
                    return meetup_date
        else:
>           day = (week - 1) * 7 + (weekdays[day_of_week] - first_weekday + 7) % 7 + 1
E           TypeError: unsupported operand type(s) for -: 'str' and 'int'

exercises/practice/meetup/meetup.py:44: TypeError
____________ MeetupTest.test_nonexistent_fifth_thursday_of_may_2023 ____________

self = <meetup_test.MeetupTest testMethod=test_nonexistent_fifth_thursday_of_may_2023>

    def test_nonexistent_fifth_thursday_of_may_2023(self):
        with self.assertRaises(MeetupDayException) as err:
>           meetup(2023, 5, "fifth", "Thursday")

exercises/practice/meetup/meetup_test.py:331: 
_ _ _ _ _ _ _ _ _ _ _ _ _ _ _ _ _ _ _ _ _ _ _ _ _ _ _ _ _ _ _ _ _ _ _ _ _ _ _ _ 

    def meetup(year, month, week, day_of_week):
        weekdays = {
            'Monday': 0,
            'Tuesday': 1,
            'Wednesday': 2,
            'Thursday': 3,
            'Friday': 4,
            'Saturday': 5,
            'Sunday': 6
        }
    
        teenth_days = [13, 14, 15, 16, 17, 18, 19]
    
        first_day_of_month = date(year, month, 1)
        first_weekday = first_day_of_month.weekday()
    
        if week == 'teenth':
            for day in teenth_days:
                meetup_date = date(year, month, day)
                if meetup_date.weekday() == weekdays[day_of_week]:
                    return meetup_date
        elif week == 'last':
            last_day_of_month = date(year, month + 1, 1) - timedelta(days=1)
            last_weekday = last_day_of_month.weekday()
            for day in range(last_day_of_month.day - 6, last_day_of_month.day + 1):
                meetup_date = date(year, month, day)
                if meetup_date.weekday() == weekdays[day_of_week]:
                    return meetup_date
        else:
>           day = (week - 1) * 7 + (weekdays[day_of_week] - first_weekday + 7) % 7 + 1
E           TypeError: unsupported operand type(s) for -: 'str' and 'int'

exercises/practice/meetup/meetup.py:44: TypeError
_ MeetupTest.test_when_first_friday_is_some_day_in_the_middle_of_the_first_week _

self = <meetup_test.MeetupTest testMethod=test_when_first_friday_is_some_day_in_the_middle_of_the_first_week>

    def test_when_first_friday_is_some_day_in_the_middle_of_the_first_week(self):
>       self.assertEqual(meetup(2013, 12, "first", "Friday"), date(2013, 12, 6))

exercises/practice/meetup/meetup_test.py:106: 
_ _ _ _ _ _ _ _ _ _ _ _ _ _ _ _ _ _ _ _ _ _ _ _ _ _ _ _ _ _ _ _ _ _ _ _ _ _ _ _ 

year = 2013, month = 12, week = 'first', day_of_week = 'Friday'

    def meetup(year, month, week, day_of_week):
        weekdays = {
            'Monday': 0,
            'Tuesday': 1,
            'Wednesday': 2,
            'Thursday': 3,
            'Friday': 4,
            'Saturday': 5,
            'Sunday': 6
        }
    
        teenth_days = [13, 14, 15, 16, 17, 18, 19]
    
        first_day_of_month = date(year, month, 1)
        first_weekday = first_day_of_month.weekday()
    
        if week == 'teenth':
            for day in teenth_days:
                meetup_date = date(year, month, day)
                if meetup_date.weekday() == weekdays[day_of_week]:
                    return meetup_date
        elif week == 'last':
            last_day_of_month = date(year, month + 1, 1) - timedelta(days=1)
            last_weekday = last_day_of_month.weekday()
            for day in range(last_day_of_month.day - 6, last_day_of_month.day + 1):
                meetup_date = date(year, month, day)
                if meetup_date.weekday() == weekdays[day_of_week]:
                    return meetup_date
        else:
>           day = (week - 1) * 7 + (weekdays[day_of_week] - first_weekday + 7) % 7 + 1
E           TypeError: unsupported operand type(s) for -: 'str' and 'int'

exercises/practice/meetup/meetup.py:44: TypeError
_ MeetupTest.test_when_first_friday_is_the_1st_the_first_day_of_the_first_week _

self = <meetup_test.MeetupTest testMethod=test_when_first_friday_is_the_1st_the_first_day_of_the_first_week>

    def test_when_first_friday_is_the_1st_the_first_day_of_the_first_week(self):
>       self.assertEqual(meetup(2013, 11, "first", "Friday"), date(2013, 11, 1))

exercises/practice/meetup/meetup_test.py:103: 
_ _ _ _ _ _ _ _ _ _ _ _ _ _ _ _ _ _ _ _ _ _ _ _ _ _ _ _ _ _ _ _ _ _ _ _ _ _ _ _ 

year = 2013, month = 11, week = 'first', day_of_week = 'Friday'

    def meetup(year, month, week, day_of_week):
        weekdays = {
            'Monday': 0,
            'Tuesday': 1,
            'Wednesday': 2,
            'Thursday': 3,
            'Friday': 4,
            'Saturday': 5,
            'Sunday': 6
        }
    
        teenth_days = [13, 14, 15, 16, 17, 18, 19]
    
        first_day_of_month = date(year, month, 1)
        first_weekday = first_day_of_month.weekday()
    
        if week == 'teenth':
            for day in teenth_days:
                meetup_date = date(year, month, day)
                if meetup_date.weekday() == weekdays[day_of_week]:
                    return meetup_date
        elif week == 'last':
            last_day_of_month = date(year, month + 1, 1) - timedelta(days=1)
            last_weekday = last_day_of_month.weekday()
            for day in range(last_day_of_month.day - 6, last_day_of_month.day + 1):
                meetup_date = date(year, month, day)
                if meetup_date.weekday() == weekdays[day_of_week]:
                    return meetup_date
        else:
>           day = (week - 1) * 7 + (weekdays[day_of_week] - first_weekday + 7) % 7 + 1
E           TypeError: unsupported operand type(s) for -: 'str' and 'int'

exercises/practice/meetup/meetup.py:44: TypeError
_ MeetupTest.test_when_first_friday_is_the_7th_the_last_day_of_the_first_week __

self = <meetup_test.MeetupTest testMethod=test_when_first_friday_is_the_7th_the_last_day_of_the_first_week>

    def test_when_first_friday_is_the_7th_the_last_day_of_the_first_week(self):
>       self.assertEqual(meetup(2012, 12, "first", "Friday"), date(2012, 12, 7))

exercises/practice/meetup/meetup_test.py:298: 
_ _ _ _ _ _ _ _ _ _ _ _ _ _ _ _ _ _ _ _ _ _ _ _ _ _ _ _ _ _ _ _ _ _ _ _ _ _ _ _ 

year = 2012, month = 12, week = 'first', day_of_week = 'Friday'

    def meetup(year, month, week, day_of_week):
        weekdays = {
            'Monday': 0,
            'Tuesday': 1,
            'Wednesday': 2,
            'Thursday': 3,
            'Friday': 4,
            'Saturday': 5,
            'Sunday': 6
        }
    
        teenth_days = [13, 14, 15, 16, 17, 18, 19]
    
        first_day_of_month = date(year, month, 1)
        first_weekday = first_day_of_month.weekday()
    
        if week == 'teenth':
            for day in teenth_days:
                meetup_date = date(year, month, day)
                if meetup_date.weekday() == weekdays[day_of_week]:
                    return meetup_date
        elif week == 'last':
            last_day_of_month = date(year, month + 1, 1) - timedelta(days=1)
            last_weekday = last_day_of_month.weekday()
            for day in range(last_day_of_month.day - 6, last_day_of_month.day + 1):
                meetup_date = date(year, month, day)
                if meetup_date.weekday() == weekdays[day_of_week]:
                    return meetup_date
        else:
>           day = (week - 1) * 7 + (weekdays[day_of_week] - first_weekday + 7) % 7 + 1
E           TypeError: unsupported operand type(s) for -: 'str' and 'int'

exercises/practice/meetup/meetup.py:44: TypeError
_ MeetupTest.test_when_first_monday_is_some_day_in_the_middle_of_the_first_week _

self = <meetup_test.MeetupTest testMethod=test_when_first_monday_is_some_day_in_the_middle_of_the_first_week>

    def test_when_first_monday_is_some_day_in_the_middle_of_the_first_week(self):
>       self.assertEqual(meetup(2013, 3, "first", "Monday"), date(2013, 3, 4))

exercises/practice/meetup/meetup_test.py:79: 
_ _ _ _ _ _ _ _ _ _ _ _ _ _ _ _ _ _ _ _ _ _ _ _ _ _ _ _ _ _ _ _ _ _ _ _ _ _ _ _ 

year = 2013, month = 3, week = 'first', day_of_week = 'Monday'

    def meetup(year, month, week, day_of_week):
        weekdays = {
            'Monday': 0,
            'Tuesday': 1,
            'Wednesday': 2,
            'Thursday': 3,
            'Friday': 4,
            'Saturday': 5,
            'Sunday': 6
        }
    
        teenth_days = [13, 14, 15, 16, 17, 18, 19]
    
        first_day_of_month = date(year, month, 1)
        first_weekday = first_day_of_month.weekday()
    
        if week == 'teenth':
            for day in teenth_days:
                meetup_date = date(year, month, day)
                if meetup_date.weekday() == weekdays[day_of_week]:
                    return meetup_date
        elif week == 'last':
            last_day_of_month = date(year, month + 1, 1) - timedelta(days=1)
            last_weekday = last_day_of_month.weekday()
            for day in range(last_day_of_month.day - 6, last_day_of_month.day + 1):
                meetup_date = date(year, month, day)
                if meetup_date.weekday() == weekdays[day_of_week]:
                    return meetup_date
        else:
>           day = (week - 1) * 7 + (weekdays[day_of_week] - first_weekday + 7) % 7 + 1
E           TypeError: unsupported operand type(s) for -: 'str' and 'int'

exercises/practice/meetup/meetup.py:44: TypeError
_ MeetupTest.test_when_first_monday_is_the_1st_the_first_day_of_the_first_week _

self = <meetup_test.MeetupTest testMethod=test_when_first_monday_is_the_1st_the_first_day_of_the_first_week>

    def test_when_first_monday_is_the_1st_the_first_day_of_the_first_week(self):
>       self.assertEqual(meetup(2013, 4, "first", "Monday"), date(2013, 4, 1))

exercises/practice/meetup/meetup_test.py:82: 
_ _ _ _ _ _ _ _ _ _ _ _ _ _ _ _ _ _ _ _ _ _ _ _ _ _ _ _ _ _ _ _ _ _ _ _ _ _ _ _ 

year = 2013, month = 4, week = 'first', day_of_week = 'Monday'

    def meetup(year, month, week, day_of_week):
        weekdays = {
            'Monday': 0,
            'Tuesday': 1,
            'Wednesday': 2,
            'Thursday': 3,
            'Friday': 4,
            'Saturday': 5,
            'Sunday': 6
        }
    
        teenth_days = [13, 14, 15, 16, 17, 18, 19]
    
        first_day_of_month = date(year, month, 1)
        first_weekday = first_day_of_month.weekday()
    
        if week == 'teenth':
            for day in teenth_days:
                meetup_date = date(year, month, day)
                if meetup_date.weekday() == weekdays[day_of_week]:
                    return meetup_date
        elif week == 'last':
            last_day_of_month = date(year, month + 1, 1) - timedelta(days=1)
            last_weekday = last_day_of_month.weekday()
            for day in range(last_day_of_month.day - 6, last_day_of_month.day + 1):
                meetup_date = date(year, month, day)
                if meetup_date.weekday() == weekdays[day_of_week]:
                    return meetup_date
        else:
>           day = (week - 1) * 7 + (weekdays[day_of_week] - first_weekday + 7) % 7 + 1
E           TypeError: unsupported operand type(s) for -: 'str' and 'int'

exercises/practice/meetup/meetup.py:44: TypeError
_ MeetupTest.test_when_first_saturday_is_another_day_in_the_middle_of_the_first_week _

self = <meetup_test.MeetupTest testMethod=test_when_first_saturday_is_another_day_in_the_middle_of_the_first_week>

    def test_when_first_saturday_is_another_day_in_the_middle_of_the_first_week(self):
>       self.assertEqual(meetup(2013, 2, "first", "Saturday"), date(2013, 2, 2))

exercises/practice/meetup/meetup_test.py:112: 
_ _ _ _ _ _ _ _ _ _ _ _ _ _ _ _ _ _ _ _ _ _ _ _ _ _ _ _ _ _ _ _ _ _ _ _ _ _ _ _ 

year = 2013, month = 2, week = 'first', day_of_week = 'Saturday'

    def meetup(year, month, week, day_of_week):
        weekdays = {
            'Monday': 0,
            'Tuesday': 1,
            'Wednesday': 2,
            'Thursday': 3,
            'Friday': 4,
            'Saturday': 5,
            'Sunday': 6
        }
    
        teenth_days = [13, 14, 15, 16, 17, 18, 19]
    
        first_day_of_month = date(year, month, 1)
        first_weekday = first_day_of_month.weekday()
    
        if week == 'teenth':
            for day in teenth_days:
                meetup_date = date(year, month, day)
                if meetup_date.weekday() == weekdays[day_of_week]:
                    return meetup_date
        elif week == 'last':
            last_day_of_month = date(year, month + 1, 1) - timedelta(days=1)
            last_weekday = last_day_of_month.weekday()
            for day in range(last_day_of_month.day - 6, last_day_of_month.day + 1):
                meetup_date = date(year, month, day)
                if meetup_date.weekday() == weekdays[day_of_week]:
                    return meetup_date
        else:
>           day = (week - 1) * 7 + (weekdays[day_of_week] - first_weekday + 7) % 7 + 1
E           TypeError: unsupported operand type(s) for -: 'str' and 'int'

exercises/practice/meetup/meetup.py:44: TypeError
_ MeetupTest.test_when_first_saturday_is_some_day_in_the_middle_of_the_first_week _

self = <meetup_test.MeetupTest testMethod=test_when_first_saturday_is_some_day_in_the_middle_of_the_first_week>

    def test_when_first_saturday_is_some_day_in_the_middle_of_the_first_week(self):
>       self.assertEqual(meetup(2013, 1, "first", "Saturday"), date(2013, 1, 5))

exercises/practice/meetup/meetup_test.py:109: 
_ _ _ _ _ _ _ _ _ _ _ _ _ _ _ _ _ _ _ _ _ _ _ _ _ _ _ _ _ _ _ _ _ _ _ _ _ _ _ _ 

year = 2013, month = 1, week = 'first', day_of_week = 'Saturday'

    def meetup(year, month, week, day_of_week):
        weekdays = {
            'Monday': 0,
            'Tuesday': 1,
            'Wednesday': 2,
            'Thursday': 3,
            'Friday': 4,
            'Saturday': 5,
            'Sunday': 6
        }
    
        teenth_days = [13, 14, 15, 16, 17, 18, 19]
    
        first_day_of_month = date(year, month, 1)
        first_weekday = first_day_of_month.weekday()
    
        if week == 'teenth':
            for day in teenth_days:
                meetup_date = date(year, month, day)
                if meetup_date.weekday() == weekdays[day_of_week]:
                    return meetup_date
        elif week == 'last':
            last_day_of_month = date(year, month + 1, 1) - timedelta(days=1)
            last_weekday = last_day_of_month.weekday()
            for day in range(last_day_of_month.day - 6, last_day_of_month.day + 1):
                meetup_date = date(year, month, day)
                if meetup_date.weekday() == weekdays[day_of_week]:
                    return meetup_date
        else:
>           day = (week - 1) * 7 + (weekdays[day_of_week] - first_weekday + 7) % 7 + 1
E           TypeError: unsupported operand type(s) for -: 'str' and 'int'

exercises/practice/meetup/meetup.py:44: TypeError
_ MeetupTest.test_when_first_sunday_is_some_day_in_the_middle_of_the_first_week _

self = <meetup_test.MeetupTest testMethod=test_when_first_sunday_is_some_day_in_the_middle_of_the_first_week>

    def test_when_first_sunday_is_some_day_in_the_middle_of_the_first_week(self):
>       self.assertEqual(meetup(2013, 3, "first", "Sunday"), date(2013, 3, 3))

exercises/practice/meetup/meetup_test.py:115: 
_ _ _ _ _ _ _ _ _ _ _ _ _ _ _ _ _ _ _ _ _ _ _ _ _ _ _ _ _ _ _ _ _ _ _ _ _ _ _ _ 

year = 2013, month = 3, week = 'first', day_of_week = 'Sunday'

    def meetup(year, month, week, day_of_week):
        weekdays = {
            'Monday': 0,
            'Tuesday': 1,
            'Wednesday': 2,
            'Thursday': 3,
            'Friday': 4,
            'Saturday': 5,
            'Sunday': 6
        }
    
        teenth_days = [13, 14, 15, 16, 17, 18, 19]
    
        first_day_of_month = date(year, month, 1)
        first_weekday = first_day_of_month.weekday()
    
        if week == 'teenth':
            for day in teenth_days:
                meetup_date = date(year, month, day)
                if meetup_date.weekday() == weekdays[day_of_week]:
                    return meetup_date
        elif week == 'last':
            last_day_of_month = date(year, month + 1, 1) - timedelta(days=1)
            last_weekday = last_day_of_month.weekday()
            for day in range(last_day_of_month.day - 6, last_day_of_month.day + 1):
                meetup_date = date(year, month, day)
                if meetup_date.weekday() == weekdays[day_of_week]:
                    return meetup_date
        else:
>           day = (week - 1) * 7 + (weekdays[day_of_week] - first_weekday + 7) % 7 + 1
E           TypeError: unsupported operand type(s) for -: 'str' and 'int'

exercises/practice/meetup/meetup.py:44: TypeError
_ MeetupTest.test_when_first_sunday_is_the_7th_the_last_day_of_the_first_week __

self = <meetup_test.MeetupTest testMethod=test_when_first_sunday_is_the_7th_the_last_day_of_the_first_week>

    def test_when_first_sunday_is_the_7th_the_last_day_of_the_first_week(self):
>       self.assertEqual(meetup(2013, 4, "first", "Sunday"), date(2013, 4, 7))

exercises/practice/meetup/meetup_test.py:118: 
_ _ _ _ _ _ _ _ _ _ _ _ _ _ _ _ _ _ _ _ _ _ _ _ _ _ _ _ _ _ _ _ _ _ _ _ _ _ _ _ 

year = 2013, month = 4, week = 'first', day_of_week = 'Sunday'

    def meetup(year, month, week, day_of_week):
        weekdays = {
            'Monday': 0,
            'Tuesday': 1,
            'Wednesday': 2,
            'Thursday': 3,
            'Friday': 4,
            'Saturday': 5,
            'Sunday': 6
        }
    
        teenth_days = [13, 14, 15, 16, 17, 18, 19]
    
        first_day_of_month = date(year, month, 1)
        first_weekday = first_day_of_month.weekday()
    
        if week == 'teenth':
            for day in teenth_days:
                meetup_date = date(year, month, day)
                if meetup_date.weekday() == weekdays[day_of_week]:
                    return meetup_date
        elif week == 'last':
            last_day_of_month = date(year, month + 1, 1) - timedelta(days=1)
            last_weekday = last_day_of_month.weekday()
            for day in range(last_day_of_month.day - 6, last_day_of_month.day + 1):
                meetup_date = date(year, month, day)
                if meetup_date.weekday() == weekdays[day_of_week]:
                    return meetup_date
        else:
>           day = (week - 1) * 7 + (weekdays[day_of_week] - first_weekday + 7) % 7 + 1
E           TypeError: unsupported operand type(s) for -: 'str' and 'int'

exercises/practice/meetup/meetup.py:44: TypeError
_ MeetupTest.test_when_first_thursday_is_another_day_in_the_middle_of_the_first_week _

self = <meetup_test.MeetupTest testMethod=test_when_first_thursday_is_another_day_in_the_middle_of_the_first_week>

    def test_when_first_thursday_is_another_day_in_the_middle_of_the_first_week(self):
>       self.assertEqual(meetup(2013, 10, "first", "Thursday"), date(2013, 10, 3))

exercises/practice/meetup/meetup_test.py:100: 
_ _ _ _ _ _ _ _ _ _ _ _ _ _ _ _ _ _ _ _ _ _ _ _ _ _ _ _ _ _ _ _ _ _ _ _ _ _ _ _ 

year = 2013, month = 10, week = 'first', day_of_week = 'Thursday'

    def meetup(year, month, week, day_of_week):
        weekdays = {
            'Monday': 0,
            'Tuesday': 1,
            'Wednesday': 2,
            'Thursday': 3,
            'Friday': 4,
            'Saturday': 5,
            'Sunday': 6
        }
    
        teenth_days = [13, 14, 15, 16, 17, 18, 19]
    
        first_day_of_month = date(year, month, 1)
        first_weekday = first_day_of_month.weekday()
    
        if week == 'teenth':
            for day in teenth_days:
                meetup_date = date(year, month, day)
                if meetup_date.weekday() == weekdays[day_of_week]:
                    return meetup_date
        elif week == 'last':
            last_day_of_month = date(year, month + 1, 1) - timedelta(days=1)
            last_weekday = last_day_of_month.weekday()
            for day in range(last_day_of_month.day - 6, last_day_of_month.day + 1):
                meetup_date = date(year, month, day)
                if meetup_date.weekday() == weekdays[day_of_week]:
                    return meetup_date
        else:
>           day = (week - 1) * 7 + (weekdays[day_of_week] - first_weekday + 7) % 7 + 1
E           TypeError: unsupported operand type(s) for -: 'str' and 'int'

exercises/practice/meetup/meetup.py:44: TypeError
_ MeetupTest.test_when_first_thursday_is_some_day_in_the_middle_of_the_first_week _

self = <meetup_test.MeetupTest testMethod=test_when_first_thursday_is_some_day_in_the_middle_of_the_first_week>

    def test_when_first_thursday_is_some_day_in_the_middle_of_the_first_week(self):
>       self.assertEqual(meetup(2013, 9, "first", "Thursday"), date(2013, 9, 5))

exercises/practice/meetup/meetup_test.py:97: 
_ _ _ _ _ _ _ _ _ _ _ _ _ _ _ _ _ _ _ _ _ _ _ _ _ _ _ _ _ _ _ _ _ _ _ _ _ _ _ _ 

year = 2013, month = 9, week = 'first', day_of_week = 'Thursday'

    def meetup(year, month, week, day_of_week):
        weekdays = {
            'Monday': 0,
            'Tuesday': 1,
            'Wednesday': 2,
            'Thursday': 3,
            'Friday': 4,
            'Saturday': 5,
            'Sunday': 6
        }
    
        teenth_days = [13, 14, 15, 16, 17, 18, 19]
    
        first_day_of_month = date(year, month, 1)
        first_weekday = first_day_of_month.weekday()
    
        if week == 'teenth':
            for day in teenth_days:
                meetup_date = date(year, month, day)
                if meetup_date.weekday() == weekdays[day_of_week]:
                    return meetup_date
        elif week == 'last':
            last_day_of_month = date(year, month + 1, 1) - timedelta(days=1)
            last_weekday = last_day_of_month.weekday()
            for day in range(last_day_of_month.day - 6, last_day_of_month.day + 1):
                meetup_date = date(year, month, day)
                if meetup_date.weekday() == weekdays[day_of_week]:
                    return meetup_date
        else:
>           day = (week - 1) * 7 + (weekdays[day_of_week] - first_weekday + 7) % 7 + 1
E           TypeError: unsupported operand type(s) for -: 'str' and 'int'

exercises/practice/meetup/meetup.py:44: TypeError
_ MeetupTest.test_when_first_tuesday_is_some_day_in_the_middle_of_the_first_week _

self = <meetup_test.MeetupTest testMethod=test_when_first_tuesday_is_some_day_in_the_middle_of_the_first_week>

    def test_when_first_tuesday_is_some_day_in_the_middle_of_the_first_week(self):
>       self.assertEqual(meetup(2013, 6, "first", "Tuesday"), date(2013, 6, 4))

exercises/practice/meetup/meetup_test.py:88: 
_ _ _ _ _ _ _ _ _ _ _ _ _ _ _ _ _ _ _ _ _ _ _ _ _ _ _ _ _ _ _ _ _ _ _ _ _ _ _ _ 

year = 2013, month = 6, week = 'first', day_of_week = 'Tuesday'

    def meetup(year, month, week, day_of_week):
        weekdays = {
            'Monday': 0,
            'Tuesday': 1,
            'Wednesday': 2,
            'Thursday': 3,
            'Friday': 4,
            'Saturday': 5,
            'Sunday': 6
        }
    
        teenth_days = [13, 14, 15, 16, 17, 18, 19]
    
        first_day_of_month = date(year, month, 1)
        first_weekday = first_day_of_month.weekday()
    
        if week == 'teenth':
            for day in teenth_days:
                meetup_date = date(year, month, day)
                if meetup_date.weekday() == weekdays[day_of_week]:
                    return meetup_date
        elif week == 'last':
            last_day_of_month = date(year, month + 1, 1) - timedelta(days=1)
            last_weekday = last_day_of_month.weekday()
            for day in range(last_day_of_month.day - 6, last_day_of_month.day + 1):
                meetup_date = date(year, month, day)
                if meetup_date.weekday() == weekdays[day_of_week]:
                    return meetup_date
        else:
>           day = (week - 1) * 7 + (weekdays[day_of_week] - first_weekday + 7) % 7 + 1
E           TypeError: unsupported operand type(s) for -: 'str' and 'int'

exercises/practice/meetup/meetup.py:44: TypeError
_ MeetupTest.test_when_first_tuesday_is_the_7th_the_last_day_of_the_first_week _

self = <meetup_test.MeetupTest testMethod=test_when_first_tuesday_is_the_7th_the_last_day_of_the_first_week>

    def test_when_first_tuesday_is_the_7th_the_last_day_of_the_first_week(self):
>       self.assertEqual(meetup(2013, 5, "first", "Tuesday"), date(2013, 5, 7))

exercises/practice/meetup/meetup_test.py:85: 
_ _ _ _ _ _ _ _ _ _ _ _ _ _ _ _ _ _ _ _ _ _ _ _ _ _ _ _ _ _ _ _ _ _ _ _ _ _ _ _ 

year = 2013, month = 5, week = 'first', day_of_week = 'Tuesday'

    def meetup(year, month, week, day_of_week):
        weekdays = {
            'Monday': 0,
            'Tuesday': 1,
            'Wednesday': 2,
            'Thursday': 3,
            'Friday': 4,
            'Saturday': 5,
            'Sunday': 6
        }
    
        teenth_days = [13, 14, 15, 16, 17, 18, 19]
    
        first_day_of_month = date(year, month, 1)
        first_weekday = first_day_of_month.weekday()
    
        if week == 'teenth':
            for day in teenth_days:
                meetup_date = date(year, month, day)
                if meetup_date.weekday() == weekdays[day_of_week]:
                    return meetup_date
        elif week == 'last':
            last_day_of_month = date(year, month + 1, 1) - timedelta(days=1)
            last_weekday = last_day_of_month.weekday()
            for day in range(last_day_of_month.day - 6, last_day_of_month.day + 1):
                meetup_date = date(year, month, day)
                if meetup_date.weekday() == weekdays[day_of_week]:
                    return meetup_date
        else:
>           day = (week - 1) * 7 + (weekdays[day_of_week] - first_weekday + 7) % 7 + 1
E           TypeError: unsupported operand type(s) for -: 'str' and 'int'

exercises/practice/meetup/meetup.py:44: TypeError
_ MeetupTest.test_when_first_wednesday_is_some_day_in_the_middle_of_the_first_week _

self = <meetup_test.MeetupTest testMethod=test_when_first_wednesday_is_some_day_in_the_middle_of_the_first_week>

    def test_when_first_wednesday_is_some_day_in_the_middle_of_the_first_week(self):
>       self.assertEqual(meetup(2013, 7, "first", "Wednesday"), date(2013, 7, 3))

exercises/practice/meetup/meetup_test.py:91: 
_ _ _ _ _ _ _ _ _ _ _ _ _ _ _ _ _ _ _ _ _ _ _ _ _ _ _ _ _ _ _ _ _ _ _ _ _ _ _ _ 

year = 2013, month = 7, week = 'first', day_of_week = 'Wednesday'

    def meetup(year, month, week, day_of_week):
        weekdays = {
            'Monday': 0,
            'Tuesday': 1,
            'Wednesday': 2,
            'Thursday': 3,
            'Friday': 4,
            'Saturday': 5,
            'Sunday': 6
        }
    
        teenth_days = [13, 14, 15, 16, 17, 18, 19]
    
        first_day_of_month = date(year, month, 1)
        first_weekday = first_day_of_month.weekday()
    
        if week == 'teenth':
            for day in teenth_days:
                meetup_date = date(year, month, day)
                if meetup_date.weekday() == weekdays[day_of_week]:
                    return meetup_date
        elif week == 'last':
            last_day_of_month = date(year, month + 1, 1) - timedelta(days=1)
            last_weekday = last_day_of_month.weekday()
            for day in range(last_day_of_month.day - 6, last_day_of_month.day + 1):
                meetup_date = date(year, month, day)
                if meetup_date.weekday() == weekdays[day_of_week]:
                    return meetup_date
        else:
>           day = (week - 1) * 7 + (weekdays[day_of_week] - first_weekday + 7) % 7 + 1
E           TypeError: unsupported operand type(s) for -: 'str' and 'int'

exercises/practice/meetup/meetup.py:44: TypeError
_ MeetupTest.test_when_first_wednesday_is_the_7th_the_last_day_of_the_first_week _

self = <meetup_test.MeetupTest testMethod=test_when_first_wednesday_is_the_7th_the_last_day_of_the_first_week>

    def test_when_first_wednesday_is_the_7th_the_last_day_of_the_first_week(self):
>       self.assertEqual(meetup(2013, 8, "first", "Wednesday"), date(2013, 8, 7))

exercises/practice/meetup/meetup_test.py:94: 
_ _ _ _ _ _ _ _ _ _ _ _ _ _ _ _ _ _ _ _ _ _ _ _ _ _ _ _ _ _ _ _ _ _ _ _ _ _ _ _ 

year = 2013, month = 8, week = 'first', day_of_week = 'Wednesday'

    def meetup(year, month, week, day_of_week):
        weekdays = {
            'Monday': 0,
            'Tuesday': 1,
            'Wednesday': 2,
            'Thursday': 3,
            'Friday': 4,
            'Saturday': 5,
            'Sunday': 6
        }
    
        teenth_days = [13, 14, 15, 16, 17, 18, 19]
    
        first_day_of_month = date(year, month, 1)
        first_weekday = first_day_of_month.weekday()
    
        if week == 'teenth':
            for day in teenth_days:
                meetup_date = date(year, month, day)
                if meetup_date.weekday() == weekdays[day_of_week]:
                    return meetup_date
        elif week == 'last':
            last_day_of_month = date(year, month + 1, 1) - timedelta(days=1)
            last_weekday = last_day_of_month.weekday()
            for day in range(last_day_of_month.day - 6, last_day_of_month.day + 1):
                meetup_date = date(year, month, day)
                if meetup_date.weekday() == weekdays[day_of_week]:
                    return meetup_date
        else:
>           day = (week - 1) * 7 + (weekdays[day_of_week] - first_weekday + 7) % 7 + 1
E           TypeError: unsupported operand type(s) for -: 'str' and 'int'

exercises/practice/meetup/meetup.py:44: TypeError
_ MeetupTest.test_when_fourth_friday_is_some_day_in_the_middle_of_the_fourth_week _

self = <meetup_test.MeetupTest testMethod=test_when_fourth_friday_is_some_day_in_the_middle_of_the_fourth_week>

    def test_when_fourth_friday_is_some_day_in_the_middle_of_the_fourth_week(self):
>       self.assertEqual(meetup(2013, 12, "fourth", "Friday"), date(2013, 12, 27))

exercises/practice/meetup/meetup_test.py:232: 
_ _ _ _ _ _ _ _ _ _ _ _ _ _ _ _ _ _ _ _ _ _ _ _ _ _ _ _ _ _ _ _ _ _ _ _ _ _ _ _ 

year = 2013, month = 12, week = 'fourth', day_of_week = 'Friday'

    def meetup(year, month, week, day_of_week):
        weekdays = {
            'Monday': 0,
            'Tuesday': 1,
            'Wednesday': 2,
            'Thursday': 3,
            'Friday': 4,
            'Saturday': 5,
            'Sunday': 6
        }
    
        teenth_days = [13, 14, 15, 16, 17, 18, 19]
    
        first_day_of_month = date(year, month, 1)
        first_weekday = first_day_of_month.weekday()
    
        if week == 'teenth':
            for day in teenth_days:
                meetup_date = date(year, month, day)
                if meetup_date.weekday() == weekdays[day_of_week]:
                    return meetup_date
        elif week == 'last':
            last_day_of_month = date(year, month + 1, 1) - timedelta(days=1)
            last_weekday = last_day_of_month.weekday()
            for day in range(last_day_of_month.day - 6, last_day_of_month.day + 1):
                meetup_date = date(year, month, day)
                if meetup_date.weekday() == weekdays[day_of_week]:
                    return meetup_date
        else:
>           day = (week - 1) * 7 + (weekdays[day_of_week] - first_weekday + 7) % 7 + 1
E           TypeError: unsupported operand type(s) for -: 'str' and 'int'

exercises/practice/meetup/meetup.py:44: TypeError
_ MeetupTest.test_when_fourth_friday_is_the_22nd_the_first_day_of_the_fourth_week _

self = <meetup_test.MeetupTest testMethod=test_when_fourth_friday_is_the_22nd_the_first_day_of_the_fourth_week>

    def test_when_fourth_friday_is_the_22nd_the_first_day_of_the_fourth_week(self):
>       self.assertEqual(meetup(2013, 11, "fourth", "Friday"), date(2013, 11, 22))

exercises/practice/meetup/meetup_test.py:229: 
_ _ _ _ _ _ _ _ _ _ _ _ _ _ _ _ _ _ _ _ _ _ _ _ _ _ _ _ _ _ _ _ _ _ _ _ _ _ _ _ 

year = 2013, month = 11, week = 'fourth', day_of_week = 'Friday'

    def meetup(year, month, week, day_of_week):
        weekdays = {
            'Monday': 0,
            'Tuesday': 1,
            'Wednesday': 2,
            'Thursday': 3,
            'Friday': 4,
            'Saturday': 5,
            'Sunday': 6
        }
    
        teenth_days = [13, 14, 15, 16, 17, 18, 19]
    
        first_day_of_month = date(year, month, 1)
        first_weekday = first_day_of_month.weekday()
    
        if week == 'teenth':
            for day in teenth_days:
                meetup_date = date(year, month, day)
                if meetup_date.weekday() == weekdays[day_of_week]:
                    return meetup_date
        elif week == 'last':
            last_day_of_month = date(year, month + 1, 1) - timedelta(days=1)
            last_weekday = last_day_of_month.weekday()
            for day in range(last_day_of_month.day - 6, last_day_of_month.day + 1):
                meetup_date = date(year, month, day)
                if meetup_date.weekday() == weekdays[day_of_week]:
                    return meetup_date
        else:
>           day = (week - 1) * 7 + (weekdays[day_of_week] - first_weekday + 7) % 7 + 1
E           TypeError: unsupported operand type(s) for -: 'str' and 'int'

exercises/practice/meetup/meetup.py:44: TypeError
_ MeetupTest.test_when_fourth_monday_is_some_day_in_the_middle_of_the_fourth_week _

self = <meetup_test.MeetupTest testMethod=test_when_fourth_monday_is_some_day_in_the_middle_of_the_fourth_week>

    def test_when_fourth_monday_is_some_day_in_the_middle_of_the_fourth_week(self):
>       self.assertEqual(meetup(2013, 3, "fourth", "Monday"), date(2013, 3, 25))

exercises/practice/meetup/meetup_test.py:205: 
_ _ _ _ _ _ _ _ _ _ _ _ _ _ _ _ _ _ _ _ _ _ _ _ _ _ _ _ _ _ _ _ _ _ _ _ _ _ _ _ 

year = 2013, month = 3, week = 'fourth', day_of_week = 'Monday'

    def meetup(year, month, week, day_of_week):
        weekdays = {
            'Monday': 0,
            'Tuesday': 1,
            'Wednesday': 2,
            'Thursday': 3,
            'Friday': 4,
            'Saturday': 5,
            'Sunday': 6
        }
    
        teenth_days = [13, 14, 15, 16, 17, 18, 19]
    
        first_day_of_month = date(year, month, 1)
        first_weekday = first_day_of_month.weekday()
    
        if week == 'teenth':
            for day in teenth_days:
                meetup_date = date(year, month, day)
                if meetup_date.weekday() == weekdays[day_of_week]:
                    return meetup_date
        elif week == 'last':
            last_day_of_month = date(year, month + 1, 1) - timedelta(days=1)
            last_weekday = last_day_of_month.weekday()
            for day in range(last_day_of_month.day - 6, last_day_of_month.day + 1):
                meetup_date = date(year, month, day)
                if meetup_date.weekday() == weekdays[day_of_week]:
                    return meetup_date
        else:
>           day = (week - 1) * 7 + (weekdays[day_of_week] - first_weekday + 7) % 7 + 1
E           TypeError: unsupported operand type(s) for -: 'str' and 'int'

exercises/practice/meetup/meetup.py:44: TypeError
_ MeetupTest.test_when_fourth_monday_is_the_22nd_the_first_day_of_the_fourth_week _

self = <meetup_test.MeetupTest testMethod=test_when_fourth_monday_is_the_22nd_the_first_day_of_the_fourth_week>

    def test_when_fourth_monday_is_the_22nd_the_first_day_of_the_fourth_week(self):
>       self.assertEqual(meetup(2013, 4, "fourth", "Monday"), date(2013, 4, 22))

exercises/practice/meetup/meetup_test.py:208: 
_ _ _ _ _ _ _ _ _ _ _ _ _ _ _ _ _ _ _ _ _ _ _ _ _ _ _ _ _ _ _ _ _ _ _ _ _ _ _ _ 

year = 2013, month = 4, week = 'fourth', day_of_week = 'Monday'

    def meetup(year, month, week, day_of_week):
        weekdays = {
            'Monday': 0,
            'Tuesday': 1,
            'Wednesday': 2,
            'Thursday': 3,
            'Friday': 4,
            'Saturday': 5,
            'Sunday': 6
        }
    
        teenth_days = [13, 14, 15, 16, 17, 18, 19]
    
        first_day_of_month = date(year, month, 1)
        first_weekday = first_day_of_month.weekday()
    
        if week == 'teenth':
            for day in teenth_days:
                meetup_date = date(year, month, day)
                if meetup_date.weekday() == weekdays[day_of_week]:
                    return meetup_date
        elif week == 'last':
            last_day_of_month = date(year, month + 1, 1) - timedelta(days=1)
            last_weekday = last_day_of_month.weekday()
            for day in range(last_day_of_month.day - 6, last_day_of_month.day + 1):
                meetup_date = date(year, month, day)
                if meetup_date.weekday() == weekdays[day_of_week]:
                    return meetup_date
        else:
>           day = (week - 1) * 7 + (weekdays[day_of_week] - first_weekday + 7) % 7 + 1
E           TypeError: unsupported operand type(s) for -: 'str' and 'int'

exercises/practice/meetup/meetup.py:44: TypeError
_ MeetupTest.test_when_fourth_saturday_is_another_day_in_the_middle_of_the_fourth_week _

self = <meetup_test.MeetupTest testMethod=test_when_fourth_saturday_is_another_day_in_the_middle_of_the_fourth_week>

    def test_when_fourth_saturday_is_another_day_in_the_middle_of_the_fourth_week(self):
>       self.assertEqual(meetup(2013, 2, "fourth", "Saturday"), date(2013, 2, 23))

exercises/practice/meetup/meetup_test.py:238: 
_ _ _ _ _ _ _ _ _ _ _ _ _ _ _ _ _ _ _ _ _ _ _ _ _ _ _ _ _ _ _ _ _ _ _ _ _ _ _ _ 

year = 2013, month = 2, week = 'fourth', day_of_week = 'Saturday'

    def meetup(year, month, week, day_of_week):
        weekdays = {
            'Monday': 0,
            'Tuesday': 1,
            'Wednesday': 2,
            'Thursday': 3,
            'Friday': 4,
            'Saturday': 5,
            'Sunday': 6
        }
    
        teenth_days = [13, 14, 15, 16, 17, 18, 19]
    
        first_day_of_month = date(year, month, 1)
        first_weekday = first_day_of_month.weekday()
    
        if week == 'teenth':
            for day in teenth_days:
                meetup_date = date(year, month, day)
                if meetup_date.weekday() == weekdays[day_of_week]:
                    return meetup_date
        elif week == 'last':
            last_day_of_month = date(year, month + 1, 1) - timedelta(days=1)
            last_weekday = last_day_of_month.weekday()
            for day in range(last_day_of_month.day - 6, last_day_of_month.day + 1):
                meetup_date = date(year, month, day)
                if meetup_date.weekday() == weekdays[day_of_week]:
                    return meetup_date
        else:
>           day = (week - 1) * 7 + (weekdays[day_of_week] - first_weekday + 7) % 7 + 1
E           TypeError: unsupported operand type(s) for -: 'str' and 'int'

exercises/practice/meetup/meetup.py:44: TypeError
_ MeetupTest.test_when_fourth_saturday_is_some_day_in_the_middle_of_the_fourth_week _

self = <meetup_test.MeetupTest testMethod=test_when_fourth_saturday_is_some_day_in_the_middle_of_the_fourth_week>

    def test_when_fourth_saturday_is_some_day_in_the_middle_of_the_fourth_week(self):
>       self.assertEqual(meetup(2013, 1, "fourth", "Saturday"), date(2013, 1, 26))

exercises/practice/meetup/meetup_test.py:235: 
_ _ _ _ _ _ _ _ _ _ _ _ _ _ _ _ _ _ _ _ _ _ _ _ _ _ _ _ _ _ _ _ _ _ _ _ _ _ _ _ 

year = 2013, month = 1, week = 'fourth', day_of_week = 'Saturday'

    def meetup(year, month, week, day_of_week):
        weekdays = {
            'Monday': 0,
            'Tuesday': 1,
            'Wednesday': 2,
            'Thursday': 3,
            'Friday': 4,
            'Saturday': 5,
            'Sunday': 6
        }
    
        teenth_days = [13, 14, 15, 16, 17, 18, 19]
    
        first_day_of_month = date(year, month, 1)
        first_weekday = first_day_of_month.weekday()
    
        if week == 'teenth':
            for day in teenth_days:
                meetup_date = date(year, month, day)
                if meetup_date.weekday() == weekdays[day_of_week]:
                    return meetup_date
        elif week == 'last':
            last_day_of_month = date(year, month + 1, 1) - timedelta(days=1)
            last_weekday = last_day_of_month.weekday()
            for day in range(last_day_of_month.day - 6, last_day_of_month.day + 1):
                meetup_date = date(year, month, day)
                if meetup_date.weekday() == weekdays[day_of_week]:
                    return meetup_date
        else:
>           day = (week - 1) * 7 + (weekdays[day_of_week] - first_weekday + 7) % 7 + 1
E           TypeError: unsupported operand type(s) for -: 'str' and 'int'

exercises/practice/meetup/meetup.py:44: TypeError
_ MeetupTest.test_when_fourth_sunday_is_some_day_in_the_middle_of_the_fourth_week _

self = <meetup_test.MeetupTest testMethod=test_when_fourth_sunday_is_some_day_in_the_middle_of_the_fourth_week>

    def test_when_fourth_sunday_is_some_day_in_the_middle_of_the_fourth_week(self):
>       self.assertEqual(meetup(2013, 3, "fourth", "Sunday"), date(2013, 3, 24))

exercises/practice/meetup/meetup_test.py:241: 
_ _ _ _ _ _ _ _ _ _ _ _ _ _ _ _ _ _ _ _ _ _ _ _ _ _ _ _ _ _ _ _ _ _ _ _ _ _ _ _ 

year = 2013, month = 3, week = 'fourth', day_of_week = 'Sunday'

    def meetup(year, month, week, day_of_week):
        weekdays = {
            'Monday': 0,
            'Tuesday': 1,
            'Wednesday': 2,
            'Thursday': 3,
            'Friday': 4,
            'Saturday': 5,
            'Sunday': 6
        }
    
        teenth_days = [13, 14, 15, 16, 17, 18, 19]
    
        first_day_of_month = date(year, month, 1)
        first_weekday = first_day_of_month.weekday()
    
        if week == 'teenth':
            for day in teenth_days:
                meetup_date = date(year, month, day)
                if meetup_date.weekday() == weekdays[day_of_week]:
                    return meetup_date
        elif week == 'last':
            last_day_of_month = date(year, month + 1, 1) - timedelta(days=1)
            last_weekday = last_day_of_month.weekday()
            for day in range(last_day_of_month.day - 6, last_day_of_month.day + 1):
                meetup_date = date(year, month, day)
                if meetup_date.weekday() == weekdays[day_of_week]:
                    return meetup_date
        else:
>           day = (week - 1) * 7 + (weekdays[day_of_week] - first_weekday + 7) % 7 + 1
E           TypeError: unsupported operand type(s) for -: 'str' and 'int'

exercises/practice/meetup/meetup.py:44: TypeError
_ MeetupTest.test_when_fourth_sunday_is_the_28th_the_last_day_of_the_fourth_week _

self = <meetup_test.MeetupTest testMethod=test_when_fourth_sunday_is_the_28th_the_last_day_of_the_fourth_week>

    def test_when_fourth_sunday_is_the_28th_the_last_day_of_the_fourth_week(self):
>       self.assertEqual(meetup(2013, 4, "fourth", "Sunday"), date(2013, 4, 28))

exercises/practice/meetup/meetup_test.py:244: 
_ _ _ _ _ _ _ _ _ _ _ _ _ _ _ _ _ _ _ _ _ _ _ _ _ _ _ _ _ _ _ _ _ _ _ _ _ _ _ _ 

year = 2013, month = 4, week = 'fourth', day_of_week = 'Sunday'

    def meetup(year, month, week, day_of_week):
        weekdays = {
            'Monday': 0,
            'Tuesday': 1,
            'Wednesday': 2,
            'Thursday': 3,
            'Friday': 4,
            'Saturday': 5,
            'Sunday': 6
        }
    
        teenth_days = [13, 14, 15, 16, 17, 18, 19]
    
        first_day_of_month = date(year, month, 1)
        first_weekday = first_day_of_month.weekday()
    
        if week == 'teenth':
            for day in teenth_days:
                meetup_date = date(year, month, day)
                if meetup_date.weekday() == weekdays[day_of_week]:
                    return meetup_date
        elif week == 'last':
            last_day_of_month = date(year, month + 1, 1) - timedelta(days=1)
            last_weekday = last_day_of_month.weekday()
            for day in range(last_day_of_month.day - 6, last_day_of_month.day + 1):
                meetup_date = date(year, month, day)
                if meetup_date.weekday() == weekdays[day_of_week]:
                    return meetup_date
        else:
>           day = (week - 1) * 7 + (weekdays[day_of_week] - first_weekday + 7) % 7 + 1
E           TypeError: unsupported operand type(s) for -: 'str' and 'int'

exercises/practice/meetup/meetup.py:44: TypeError
_ MeetupTest.test_when_fourth_thursday_is_another_day_in_the_middle_of_the_fourth_week _

self = <meetup_test.MeetupTest testMethod=test_when_fourth_thursday_is_another_day_in_the_middle_of_the_fourth_week>

    def test_when_fourth_thursday_is_another_day_in_the_middle_of_the_fourth_week(self):
>       self.assertEqual(meetup(2013, 10, "fourth", "Thursday"), date(2013, 10, 24))

exercises/practice/meetup/meetup_test.py:226: 
_ _ _ _ _ _ _ _ _ _ _ _ _ _ _ _ _ _ _ _ _ _ _ _ _ _ _ _ _ _ _ _ _ _ _ _ _ _ _ _ 

year = 2013, month = 10, week = 'fourth', day_of_week = 'Thursday'

    def meetup(year, month, week, day_of_week):
        weekdays = {
            'Monday': 0,
            'Tuesday': 1,
            'Wednesday': 2,
            'Thursday': 3,
            'Friday': 4,
            'Saturday': 5,
            'Sunday': 6
        }
    
        teenth_days = [13, 14, 15, 16, 17, 18, 19]
    
        first_day_of_month = date(year, month, 1)
        first_weekday = first_day_of_month.weekday()
    
        if week == 'teenth':
            for day in teenth_days:
                meetup_date = date(year, month, day)
                if meetup_date.weekday() == weekdays[day_of_week]:
                    return meetup_date
        elif week == 'last':
            last_day_of_month = date(year, month + 1, 1) - timedelta(days=1)
            last_weekday = last_day_of_month.weekday()
            for day in range(last_day_of_month.day - 6, last_day_of_month.day + 1):
                meetup_date = date(year, month, day)
                if meetup_date.weekday() == weekdays[day_of_week]:
                    return meetup_date
        else:
>           day = (week - 1) * 7 + (weekdays[day_of_week] - first_weekday + 7) % 7 + 1
E           TypeError: unsupported operand type(s) for -: 'str' and 'int'

exercises/practice/meetup/meetup.py:44: TypeError
_ MeetupTest.test_when_fourth_thursday_is_some_day_in_the_middle_of_the_fourth_week _

self = <meetup_test.MeetupTest testMethod=test_when_fourth_thursday_is_some_day_in_the_middle_of_the_fourth_week>

    def test_when_fourth_thursday_is_some_day_in_the_middle_of_the_fourth_week(self):
>       self.assertEqual(meetup(2013, 9, "fourth", "Thursday"), date(2013, 9, 26))

exercises/practice/meetup/meetup_test.py:223: 
_ _ _ _ _ _ _ _ _ _ _ _ _ _ _ _ _ _ _ _ _ _ _ _ _ _ _ _ _ _ _ _ _ _ _ _ _ _ _ _ 

year = 2013, month = 9, week = 'fourth', day_of_week = 'Thursday'

    def meetup(year, month, week, day_of_week):
        weekdays = {
            'Monday': 0,
            'Tuesday': 1,
            'Wednesday': 2,
            'Thursday': 3,
            'Friday': 4,
            'Saturday': 5,
            'Sunday': 6
        }
    
        teenth_days = [13, 14, 15, 16, 17, 18, 19]
    
        first_day_of_month = date(year, month, 1)
        first_weekday = first_day_of_month.weekday()
    
        if week == 'teenth':
            for day in teenth_days:
                meetup_date = date(year, month, day)
                if meetup_date.weekday() == weekdays[day_of_week]:
                    return meetup_date
        elif week == 'last':
            last_day_of_month = date(year, month + 1, 1) - timedelta(days=1)
            last_weekday = last_day_of_month.weekday()
            for day in range(last_day_of_month.day - 6, last_day_of_month.day + 1):
                meetup_date = date(year, month, day)
                if meetup_date.weekday() == weekdays[day_of_week]:
                    return meetup_date
        else:
>           day = (week - 1) * 7 + (weekdays[day_of_week] - first_weekday + 7) % 7 + 1
E           TypeError: unsupported operand type(s) for -: 'str' and 'int'

exercises/practice/meetup/meetup.py:44: TypeError
_ MeetupTest.test_when_fourth_tuesday_is_some_day_in_the_middle_of_the_fourth_week _

self = <meetup_test.MeetupTest testMethod=test_when_fourth_tuesday_is_some_day_in_the_middle_of_the_fourth_week>

    def test_when_fourth_tuesday_is_some_day_in_the_middle_of_the_fourth_week(self):
>       self.assertEqual(meetup(2013, 6, "fourth", "Tuesday"), date(2013, 6, 25))

exercises/practice/meetup/meetup_test.py:214: 
_ _ _ _ _ _ _ _ _ _ _ _ _ _ _ _ _ _ _ _ _ _ _ _ _ _ _ _ _ _ _ _ _ _ _ _ _ _ _ _ 

year = 2013, month = 6, week = 'fourth', day_of_week = 'Tuesday'

    def meetup(year, month, week, day_of_week):
        weekdays = {
            'Monday': 0,
            'Tuesday': 1,
            'Wednesday': 2,
            'Thursday': 3,
            'Friday': 4,
            'Saturday': 5,
            'Sunday': 6
        }
    
        teenth_days = [13, 14, 15, 16, 17, 18, 19]
    
        first_day_of_month = date(year, month, 1)
        first_weekday = first_day_of_month.weekday()
    
        if week == 'teenth':
            for day in teenth_days:
                meetup_date = date(year, month, day)
                if meetup_date.weekday() == weekdays[day_of_week]:
                    return meetup_date
        elif week == 'last':
            last_day_of_month = date(year, month + 1, 1) - timedelta(days=1)
            last_weekday = last_day_of_month.weekday()
            for day in range(last_day_of_month.day - 6, last_day_of_month.day + 1):
                meetup_date = date(year, month, day)
                if meetup_date.weekday() == weekdays[day_of_week]:
                    return meetup_date
        else:
>           day = (week - 1) * 7 + (weekdays[day_of_week] - first_weekday + 7) % 7 + 1
E           TypeError: unsupported operand type(s) for -: 'str' and 'int'

exercises/practice/meetup/meetup.py:44: TypeError
_ MeetupTest.test_when_fourth_tuesday_is_the_28th_the_last_day_of_the_fourth_week _

self = <meetup_test.MeetupTest testMethod=test_when_fourth_tuesday_is_the_28th_the_last_day_of_the_fourth_week>

    def test_when_fourth_tuesday_is_the_28th_the_last_day_of_the_fourth_week(self):
>       self.assertEqual(meetup(2013, 5, "fourth", "Tuesday"), date(2013, 5, 28))

exercises/practice/meetup/meetup_test.py:211: 
_ _ _ _ _ _ _ _ _ _ _ _ _ _ _ _ _ _ _ _ _ _ _ _ _ _ _ _ _ _ _ _ _ _ _ _ _ _ _ _ 

year = 2013, month = 5, week = 'fourth', day_of_week = 'Tuesday'

    def meetup(year, month, week, day_of_week):
        weekdays = {
            'Monday': 0,
            'Tuesday': 1,
            'Wednesday': 2,
            'Thursday': 3,
            'Friday': 4,
            'Saturday': 5,
            'Sunday': 6
        }
    
        teenth_days = [13, 14, 15, 16, 17, 18, 19]
    
        first_day_of_month = date(year, month, 1)
        first_weekday = first_day_of_month.weekday()
    
        if week == 'teenth':
            for day in teenth_days:
                meetup_date = date(year, month, day)
                if meetup_date.weekday() == weekdays[day_of_week]:
                    return meetup_date
        elif week == 'last':
            last_day_of_month = date(year, month + 1, 1) - timedelta(days=1)
            last_weekday = last_day_of_month.weekday()
            for day in range(last_day_of_month.day - 6, last_day_of_month.day + 1):
                meetup_date = date(year, month, day)
                if meetup_date.weekday() == weekdays[day_of_week]:
                    return meetup_date
        else:
>           day = (week - 1) * 7 + (weekdays[day_of_week] - first_weekday + 7) % 7 + 1
E           TypeError: unsupported operand type(s) for -: 'str' and 'int'

exercises/practice/meetup/meetup.py:44: TypeError
_ MeetupTest.test_when_fourth_wednesday_is_some_day_in_the_middle_of_the_fourth_week _

self = <meetup_test.MeetupTest testMethod=test_when_fourth_wednesday_is_some_day_in_the_middle_of_the_fourth_week>

    def test_when_fourth_wednesday_is_some_day_in_the_middle_of_the_fourth_week(self):
>       self.assertEqual(meetup(2013, 7, "fourth", "Wednesday"), date(2013, 7, 24))

exercises/practice/meetup/meetup_test.py:217: 
_ _ _ _ _ _ _ _ _ _ _ _ _ _ _ _ _ _ _ _ _ _ _ _ _ _ _ _ _ _ _ _ _ _ _ _ _ _ _ _ 

year = 2013, month = 7, week = 'fourth', day_of_week = 'Wednesday'

    def meetup(year, month, week, day_of_week):
        weekdays = {
            'Monday': 0,
            'Tuesday': 1,
            'Wednesday': 2,
            'Thursday': 3,
            'Friday': 4,
            'Saturday': 5,
            'Sunday': 6
        }
    
        teenth_days = [13, 14, 15, 16, 17, 18, 19]
    
        first_day_of_month = date(year, month, 1)
        first_weekday = first_day_of_month.weekday()
    
        if week == 'teenth':
            for day in teenth_days:
                meetup_date = date(year, month, day)
                if meetup_date.weekday() == weekdays[day_of_week]:
                    return meetup_date
        elif week == 'last':
            last_day_of_month = date(year, month + 1, 1) - timedelta(days=1)
            last_weekday = last_day_of_month.weekday()
            for day in range(last_day_of_month.day - 6, last_day_of_month.day + 1):
                meetup_date = date(year, month, day)
                if meetup_date.weekday() == weekdays[day_of_week]:
                    return meetup_date
        else:
>           day = (week - 1) * 7 + (weekdays[day_of_week] - first_weekday + 7) % 7 + 1
E           TypeError: unsupported operand type(s) for -: 'str' and 'int'

exercises/practice/meetup/meetup.py:44: TypeError
_ MeetupTest.test_when_fourth_wednesday_is_the_28th_the_last_day_of_the_fourth_week _

self = <meetup_test.MeetupTest testMethod=test_when_fourth_wednesday_is_the_28th_the_last_day_of_the_fourth_week>

    def test_when_fourth_wednesday_is_the_28th_the_last_day_of_the_fourth_week(self):
>       self.assertEqual(meetup(2013, 8, "fourth", "Wednesday"), date(2013, 8, 28))

exercises/practice/meetup/meetup_test.py:220: 
_ _ _ _ _ _ _ _ _ _ _ _ _ _ _ _ _ _ _ _ _ _ _ _ _ _ _ _ _ _ _ _ _ _ _ _ _ _ _ _ 

year = 2013, month = 8, week = 'fourth', day_of_week = 'Wednesday'

    def meetup(year, month, week, day_of_week):
        weekdays = {
            'Monday': 0,
            'Tuesday': 1,
            'Wednesday': 2,
            'Thursday': 3,
            'Friday': 4,
            'Saturday': 5,
            'Sunday': 6
        }
    
        teenth_days = [13, 14, 15, 16, 17, 18, 19]
    
        first_day_of_month = date(year, month, 1)
        first_weekday = first_day_of_month.weekday()
    
        if week == 'teenth':
            for day in teenth_days:
                meetup_date = date(year, month, day)
                if meetup_date.weekday() == weekdays[day_of_week]:
                    return meetup_date
        elif week == 'last':
            last_day_of_month = date(year, month + 1, 1) - timedelta(days=1)
            last_weekday = last_day_of_month.weekday()
            for day in range(last_day_of_month.day - 6, last_day_of_month.day + 1):
                meetup_date = date(year, month, day)
                if meetup_date.weekday() == weekdays[day_of_week]:
                    return meetup_date
        else:
>           day = (week - 1) * 7 + (weekdays[day_of_week] - first_weekday + 7) % 7 + 1
E           TypeError: unsupported operand type(s) for -: 'str' and 'int'

exercises/practice/meetup/meetup.py:44: TypeError
_ MeetupTest.test_when_second_friday_is_some_day_in_the_middle_of_the_second_week _

self = <meetup_test.MeetupTest testMethod=test_when_second_friday_is_some_day_in_the_middle_of_the_second_week>

    def test_when_second_friday_is_some_day_in_the_middle_of_the_second_week(self):
>       self.assertEqual(meetup(2013, 12, "second", "Friday"), date(2013, 12, 13))

exercises/practice/meetup/meetup_test.py:148: 
_ _ _ _ _ _ _ _ _ _ _ _ _ _ _ _ _ _ _ _ _ _ _ _ _ _ _ _ _ _ _ _ _ _ _ _ _ _ _ _ 

year = 2013, month = 12, week = 'second', day_of_week = 'Friday'

    def meetup(year, month, week, day_of_week):
        weekdays = {
            'Monday': 0,
            'Tuesday': 1,
            'Wednesday': 2,
            'Thursday': 3,
            'Friday': 4,
            'Saturday': 5,
            'Sunday': 6
        }
    
        teenth_days = [13, 14, 15, 16, 17, 18, 19]
    
        first_day_of_month = date(year, month, 1)
        first_weekday = first_day_of_month.weekday()
    
        if week == 'teenth':
            for day in teenth_days:
                meetup_date = date(year, month, day)
                if meetup_date.weekday() == weekdays[day_of_week]:
                    return meetup_date
        elif week == 'last':
            last_day_of_month = date(year, month + 1, 1) - timedelta(days=1)
            last_weekday = last_day_of_month.weekday()
            for day in range(last_day_of_month.day - 6, last_day_of_month.day + 1):
                meetup_date = date(year, month, day)
                if meetup_date.weekday() == weekdays[day_of_week]:
                    return meetup_date
        else:
>           day = (week - 1) * 7 + (weekdays[day_of_week] - first_weekday + 7) % 7 + 1
E           TypeError: unsupported operand type(s) for -: 'str' and 'int'

exercises/practice/meetup/meetup.py:44: TypeError
_ MeetupTest.test_when_second_friday_is_the_8th_the_first_day_of_the_second_week _

self = <meetup_test.MeetupTest testMethod=test_when_second_friday_is_the_8th_the_first_day_of_the_second_week>

    def test_when_second_friday_is_the_8th_the_first_day_of_the_second_week(self):
>       self.assertEqual(meetup(2013, 11, "second", "Friday"), date(2013, 11, 8))

exercises/practice/meetup/meetup_test.py:145: 
_ _ _ _ _ _ _ _ _ _ _ _ _ _ _ _ _ _ _ _ _ _ _ _ _ _ _ _ _ _ _ _ _ _ _ _ _ _ _ _ 

year = 2013, month = 11, week = 'second', day_of_week = 'Friday'

    def meetup(year, month, week, day_of_week):
        weekdays = {
            'Monday': 0,
            'Tuesday': 1,
            'Wednesday': 2,
            'Thursday': 3,
            'Friday': 4,
            'Saturday': 5,
            'Sunday': 6
        }
    
        teenth_days = [13, 14, 15, 16, 17, 18, 19]
    
        first_day_of_month = date(year, month, 1)
        first_weekday = first_day_of_month.weekday()
    
        if week == 'teenth':
            for day in teenth_days:
                meetup_date = date(year, month, day)
                if meetup_date.weekday() == weekdays[day_of_week]:
                    return meetup_date
        elif week == 'last':
            last_day_of_month = date(year, month + 1, 1) - timedelta(days=1)
            last_weekday = last_day_of_month.weekday()
            for day in range(last_day_of_month.day - 6, last_day_of_month.day + 1):
                meetup_date = date(year, month, day)
                if meetup_date.weekday() == weekdays[day_of_week]:
                    return meetup_date
        else:
>           day = (week - 1) * 7 + (weekdays[day_of_week] - first_weekday + 7) % 7 + 1
E           TypeError: unsupported operand type(s) for -: 'str' and 'int'

exercises/practice/meetup/meetup.py:44: TypeError
_ MeetupTest.test_when_second_monday_is_some_day_in_the_middle_of_the_second_week _

self = <meetup_test.MeetupTest testMethod=test_when_second_monday_is_some_day_in_the_middle_of_the_second_week>

    def test_when_second_monday_is_some_day_in_the_middle_of_the_second_week(self):
>       self.assertEqual(meetup(2013, 3, "second", "Monday"), date(2013, 3, 11))

exercises/practice/meetup/meetup_test.py:121: 
_ _ _ _ _ _ _ _ _ _ _ _ _ _ _ _ _ _ _ _ _ _ _ _ _ _ _ _ _ _ _ _ _ _ _ _ _ _ _ _ 

year = 2013, month = 3, week = 'second', day_of_week = 'Monday'

    def meetup(year, month, week, day_of_week):
        weekdays = {
            'Monday': 0,
            'Tuesday': 1,
            'Wednesday': 2,
            'Thursday': 3,
            'Friday': 4,
            'Saturday': 5,
            'Sunday': 6
        }
    
        teenth_days = [13, 14, 15, 16, 17, 18, 19]
    
        first_day_of_month = date(year, month, 1)
        first_weekday = first_day_of_month.weekday()
    
        if week == 'teenth':
            for day in teenth_days:
                meetup_date = date(year, month, day)
                if meetup_date.weekday() == weekdays[day_of_week]:
                    return meetup_date
        elif week == 'last':
            last_day_of_month = date(year, month + 1, 1) - timedelta(days=1)
            last_weekday = last_day_of_month.weekday()
            for day in range(last_day_of_month.day - 6, last_day_of_month.day + 1):
                meetup_date = date(year, month, day)
                if meetup_date.weekday() == weekdays[day_of_week]:
                    return meetup_date
        else:
>           day = (week - 1) * 7 + (weekdays[day_of_week] - first_weekday + 7) % 7 + 1
E           TypeError: unsupported operand type(s) for -: 'str' and 'int'

exercises/practice/meetup/meetup.py:44: TypeError
_ MeetupTest.test_when_second_monday_is_the_8th_the_first_day_of_the_second_week _

self = <meetup_test.MeetupTest testMethod=test_when_second_monday_is_the_8th_the_first_day_of_the_second_week>

    def test_when_second_monday_is_the_8th_the_first_day_of_the_second_week(self):
>       self.assertEqual(meetup(2013, 4, "second", "Monday"), date(2013, 4, 8))

exercises/practice/meetup/meetup_test.py:124: 
_ _ _ _ _ _ _ _ _ _ _ _ _ _ _ _ _ _ _ _ _ _ _ _ _ _ _ _ _ _ _ _ _ _ _ _ _ _ _ _ 

year = 2013, month = 4, week = 'second', day_of_week = 'Monday'

    def meetup(year, month, week, day_of_week):
        weekdays = {
            'Monday': 0,
            'Tuesday': 1,
            'Wednesday': 2,
            'Thursday': 3,
            'Friday': 4,
            'Saturday': 5,
            'Sunday': 6
        }
    
        teenth_days = [13, 14, 15, 16, 17, 18, 19]
    
        first_day_of_month = date(year, month, 1)
        first_weekday = first_day_of_month.weekday()
    
        if week == 'teenth':
            for day in teenth_days:
                meetup_date = date(year, month, day)
                if meetup_date.weekday() == weekdays[day_of_week]:
                    return meetup_date
        elif week == 'last':
            last_day_of_month = date(year, month + 1, 1) - timedelta(days=1)
            last_weekday = last_day_of_month.weekday()
            for day in range(last_day_of_month.day - 6, last_day_of_month.day + 1):
                meetup_date = date(year, month, day)
                if meetup_date.weekday() == weekdays[day_of_week]:
                    return meetup_date
        else:
>           day = (week - 1) * 7 + (weekdays[day_of_week] - first_weekday + 7) % 7 + 1
E           TypeError: unsupported operand type(s) for -: 'str' and 'int'

exercises/practice/meetup/meetup.py:44: TypeError
_ MeetupTest.test_when_second_saturday_is_another_day_in_the_middle_of_the_second_week _

self = <meetup_test.MeetupTest testMethod=test_when_second_saturday_is_another_day_in_the_middle_of_the_second_week>

    def test_when_second_saturday_is_another_day_in_the_middle_of_the_second_week(self):
>       self.assertEqual(meetup(2013, 2, "second", "Saturday"), date(2013, 2, 9))

exercises/practice/meetup/meetup_test.py:154: 
_ _ _ _ _ _ _ _ _ _ _ _ _ _ _ _ _ _ _ _ _ _ _ _ _ _ _ _ _ _ _ _ _ _ _ _ _ _ _ _ 

year = 2013, month = 2, week = 'second', day_of_week = 'Saturday'

    def meetup(year, month, week, day_of_week):
        weekdays = {
            'Monday': 0,
            'Tuesday': 1,
            'Wednesday': 2,
            'Thursday': 3,
            'Friday': 4,
            'Saturday': 5,
            'Sunday': 6
        }
    
        teenth_days = [13, 14, 15, 16, 17, 18, 19]
    
        first_day_of_month = date(year, month, 1)
        first_weekday = first_day_of_month.weekday()
    
        if week == 'teenth':
            for day in teenth_days:
                meetup_date = date(year, month, day)
                if meetup_date.weekday() == weekdays[day_of_week]:
                    return meetup_date
        elif week == 'last':
            last_day_of_month = date(year, month + 1, 1) - timedelta(days=1)
            last_weekday = last_day_of_month.weekday()
            for day in range(last_day_of_month.day - 6, last_day_of_month.day + 1):
                meetup_date = date(year, month, day)
                if meetup_date.weekday() == weekdays[day_of_week]:
                    return meetup_date
        else:
>           day = (week - 1) * 7 + (weekdays[day_of_week] - first_weekday + 7) % 7 + 1
E           TypeError: unsupported operand type(s) for -: 'str' and 'int'

exercises/practice/meetup/meetup.py:44: TypeError
_ MeetupTest.test_when_second_saturday_is_some_day_in_the_middle_of_the_second_week _

self = <meetup_test.MeetupTest testMethod=test_when_second_saturday_is_some_day_in_the_middle_of_the_second_week>

    def test_when_second_saturday_is_some_day_in_the_middle_of_the_second_week(self):
>       self.assertEqual(meetup(2013, 1, "second", "Saturday"), date(2013, 1, 12))

exercises/practice/meetup/meetup_test.py:151: 
_ _ _ _ _ _ _ _ _ _ _ _ _ _ _ _ _ _ _ _ _ _ _ _ _ _ _ _ _ _ _ _ _ _ _ _ _ _ _ _ 

year = 2013, month = 1, week = 'second', day_of_week = 'Saturday'

    def meetup(year, month, week, day_of_week):
        weekdays = {
            'Monday': 0,
            'Tuesday': 1,
            'Wednesday': 2,
            'Thursday': 3,
            'Friday': 4,
            'Saturday': 5,
            'Sunday': 6
        }
    
        teenth_days = [13, 14, 15, 16, 17, 18, 19]
    
        first_day_of_month = date(year, month, 1)
        first_weekday = first_day_of_month.weekday()
    
        if week == 'teenth':
            for day in teenth_days:
                meetup_date = date(year, month, day)
                if meetup_date.weekday() == weekdays[day_of_week]:
                    return meetup_date
        elif week == 'last':
            last_day_of_month = date(year, month + 1, 1) - timedelta(days=1)
            last_weekday = last_day_of_month.weekday()
            for day in range(last_day_of_month.day - 6, last_day_of_month.day + 1):
                meetup_date = date(year, month, day)
                if meetup_date.weekday() == weekdays[day_of_week]:
                    return meetup_date
        else:
>           day = (week - 1) * 7 + (weekdays[day_of_week] - first_weekday + 7) % 7 + 1
E           TypeError: unsupported operand type(s) for -: 'str' and 'int'

exercises/practice/meetup/meetup.py:44: TypeError
_ MeetupTest.test_when_second_sunday_is_some_day_in_the_middle_of_the_second_week _

self = <meetup_test.MeetupTest testMethod=test_when_second_sunday_is_some_day_in_the_middle_of_the_second_week>

    def test_when_second_sunday_is_some_day_in_the_middle_of_the_second_week(self):
>       self.assertEqual(meetup(2013, 3, "second", "Sunday"), date(2013, 3, 10))

exercises/practice/meetup/meetup_test.py:157: 
_ _ _ _ _ _ _ _ _ _ _ _ _ _ _ _ _ _ _ _ _ _ _ _ _ _ _ _ _ _ _ _ _ _ _ _ _ _ _ _ 

year = 2013, month = 3, week = 'second', day_of_week = 'Sunday'

    def meetup(year, month, week, day_of_week):
        weekdays = {
            'Monday': 0,
            'Tuesday': 1,
            'Wednesday': 2,
            'Thursday': 3,
            'Friday': 4,
            'Saturday': 5,
            'Sunday': 6
        }
    
        teenth_days = [13, 14, 15, 16, 17, 18, 19]
    
        first_day_of_month = date(year, month, 1)
        first_weekday = first_day_of_month.weekday()
    
        if week == 'teenth':
            for day in teenth_days:
                meetup_date = date(year, month, day)
                if meetup_date.weekday() == weekdays[day_of_week]:
                    return meetup_date
        elif week == 'last':
            last_day_of_month = date(year, month + 1, 1) - timedelta(days=1)
            last_weekday = last_day_of_month.weekday()
            for day in range(last_day_of_month.day - 6, last_day_of_month.day + 1):
                meetup_date = date(year, month, day)
[...]
            for day in range(last_day_of_month.day - 6, last_day_of_month.day + 1):
                meetup_date = date(year, month, day)
                if meetup_date.weekday() == weekdays[day_of_week]:
                    return meetup_date
        else:
>           day = (week - 1) * 7 + (weekdays[day_of_week] - first_weekday + 7) % 7 + 1
E           TypeError: unsupported operand type(s) for -: 'str' and 'int'

exercises/practice/meetup/meetup.py:44: TypeError
_ MeetupTest.test_when_third_thursday_is_another_day_in_the_middle_of_the_third_week _

self = <meetup_test.MeetupTest testMethod=test_when_third_thursday_is_another_day_in_the_middle_of_the_third_week>

    def test_when_third_thursday_is_another_day_in_the_middle_of_the_third_week(self):
>       self.assertEqual(meetup(2013, 10, "third", "Thursday"), date(2013, 10, 17))

exercises/practice/meetup/meetup_test.py:184: 
_ _ _ _ _ _ _ _ _ _ _ _ _ _ _ _ _ _ _ _ _ _ _ _ _ _ _ _ _ _ _ _ _ _ _ _ _ _ _ _ 

year = 2013, month = 10, week = 'third', day_of_week = 'Thursday'

    def meetup(year, month, week, day_of_week):
        weekdays = {
            'Monday': 0,
            'Tuesday': 1,
            'Wednesday': 2,
            'Thursday': 3,
            'Friday': 4,
            'Saturday': 5,
            'Sunday': 6
        }
    
        teenth_days = [13, 14, 15, 16, 17, 18, 19]
    
        first_day_of_month = date(year, month, 1)
        first_weekday = first_day_of_month.weekday()
    
        if week == 'teenth':
            for day in teenth_days:
                meetup_date = date(year, month, day)
                if meetup_date.weekday() == weekdays[day_of_week]:
                    return meetup_date
        elif week == 'last':
            last_day_of_month = date(year, month + 1, 1) - timedelta(days=1)
            last_weekday = last_day_of_month.weekday()
            for day in range(last_day_of_month.day - 6, last_day_of_month.day + 1):
                meetup_date = date(year, month, day)
                if meetup_date.weekday() == weekdays[day_of_week]:
                    return meetup_date
        else:
>           day = (week - 1) * 7 + (weekdays[day_of_week] - first_weekday + 7) % 7 + 1
E           TypeError: unsupported operand type(s) for -: 'str' and 'int'

exercises/practice/meetup/meetup.py:44: TypeError
_ MeetupTest.test_when_third_thursday_is_some_day_in_the_middle_of_the_third_week _

self = <meetup_test.MeetupTest testMethod=test_when_third_thursday_is_some_day_in_the_middle_of_the_third_week>

    def test_when_third_thursday_is_some_day_in_the_middle_of_the_third_week(self):
>       self.assertEqual(meetup(2013, 9, "third", "Thursday"), date(2013, 9, 19))

exercises/practice/meetup/meetup_test.py:181: 
_ _ _ _ _ _ _ _ _ _ _ _ _ _ _ _ _ _ _ _ _ _ _ _ _ _ _ _ _ _ _ _ _ _ _ _ _ _ _ _ 

year = 2013, month = 9, week = 'third', day_of_week = 'Thursday'

    def meetup(year, month, week, day_of_week):
        weekdays = {
            'Monday': 0,
            'Tuesday': 1,
            'Wednesday': 2,
            'Thursday': 3,
            'Friday': 4,
            'Saturday': 5,
            'Sunday': 6
        }
    
        teenth_days = [13, 14, 15, 16, 17, 18, 19]
    
        first_day_of_month = date(year, month, 1)
        first_weekday = first_day_of_month.weekday()
    
        if week == 'teenth':
            for day in teenth_days:
                meetup_date = date(year, month, day)
                if meetup_date.weekday() == weekdays[day_of_week]:
                    return meetup_date
        elif week == 'last':
            last_day_of_month = date(year, month + 1, 1) - timedelta(days=1)
            last_weekday = last_day_of_month.weekday()
            for day in range(last_day_of_month.day - 6, last_day_of_month.day + 1):
                meetup_date = date(year, month, day)
                if meetup_date.weekday() == weekdays[day_of_week]:
                    return meetup_date
        else:
>           day = (week - 1) * 7 + (weekdays[day_of_week] - first_weekday + 7) % 7 + 1
E           TypeError: unsupported operand type(s) for -: 'str' and 'int'

exercises/practice/meetup/meetup.py:44: TypeError
_ MeetupTest.test_when_third_tuesday_is_some_day_in_the_middle_of_the_third_week _

self = <meetup_test.MeetupTest testMethod=test_when_third_tuesday_is_some_day_in_the_middle_of_the_third_week>

    def test_when_third_tuesday_is_some_day_in_the_middle_of_the_third_week(self):
>       self.assertEqual(meetup(2013, 6, "third", "Tuesday"), date(2013, 6, 18))

exercises/practice/meetup/meetup_test.py:172: 
_ _ _ _ _ _ _ _ _ _ _ _ _ _ _ _ _ _ _ _ _ _ _ _ _ _ _ _ _ _ _ _ _ _ _ _ _ _ _ _ 

year = 2013, month = 6, week = 'third', day_of_week = 'Tuesday'

    def meetup(year, month, week, day_of_week):
        weekdays = {
            'Monday': 0,
            'Tuesday': 1,
            'Wednesday': 2,
            'Thursday': 3,
            'Friday': 4,
            'Saturday': 5,
            'Sunday': 6
        }
    
        teenth_days = [13, 14, 15, 16, 17, 18, 19]
    
        first_day_of_month = date(year, month, 1)
        first_weekday = first_day_of_month.weekday()
    
        if week == 'teenth':
            for day in teenth_days:
                meetup_date = date(year, month, day)
                if meetup_date.weekday() == weekdays[day_of_week]:
                    return meetup_date
        elif week == 'last':
            last_day_of_month = date(year, month + 1, 1) - timedelta(days=1)
            last_weekday = last_day_of_month.weekday()
            for day in range(last_day_of_month.day - 6, last_day_of_month.day + 1):
                meetup_date = date(year, month, day)
                if meetup_date.weekday() == weekdays[day_of_week]:
                    return meetup_date
        else:
>           day = (week - 1) * 7 + (weekdays[day_of_week] - first_weekday + 7) % 7 + 1
E           TypeError: unsupported operand type(s) for -: 'str' and 'int'

exercises/practice/meetup/meetup.py:44: TypeError
_ MeetupTest.test_when_third_tuesday_is_the_21st_the_last_day_of_the_third_week _

self = <meetup_test.MeetupTest testMethod=test_when_third_tuesday_is_the_21st_the_last_day_of_the_third_week>

    def test_when_third_tuesday_is_the_21st_the_last_day_of_the_third_week(self):
>       self.assertEqual(meetup(2013, 5, "third", "Tuesday"), date(2013, 5, 21))

exercises/practice/meetup/meetup_test.py:169: 
_ _ _ _ _ _ _ _ _ _ _ _ _ _ _ _ _ _ _ _ _ _ _ _ _ _ _ _ _ _ _ _ _ _ _ _ _ _ _ _ 

year = 2013, month = 5, week = 'third', day_of_week = 'Tuesday'

    def meetup(year, month, week, day_of_week):
        weekdays = {
            'Monday': 0,
            'Tuesday': 1,
            'Wednesday': 2,
            'Thursday': 3,
            'Friday': 4,
            'Saturday': 5,
            'Sunday': 6
        }
    
        teenth_days = [13, 14, 15, 16, 17, 18, 19]
    
        first_day_of_month = date(year, month, 1)
        first_weekday = first_day_of_month.weekday()
    
        if week == 'teenth':
            for day in teenth_days:
                meetup_date = date(year, month, day)
                if meetup_date.weekday() == weekdays[day_of_week]:
                    return meetup_date
        elif week == 'last':
            last_day_of_month = date(year, month + 1, 1) - timedelta(days=1)
            last_weekday = last_day_of_month.weekday()
            for day in range(last_day_of_month.day - 6, last_day_of_month.day + 1):
                meetup_date = date(year, month, day)
                if meetup_date.weekday() == weekdays[day_of_week]:
                    return meetup_date
        else:
>           day = (week - 1) * 7 + (weekdays[day_of_week] - first_weekday + 7) % 7 + 1
E           TypeError: unsupported operand type(s) for -: 'str' and 'int'

exercises/practice/meetup/meetup.py:44: TypeError
_ MeetupTest.test_when_third_wednesday_is_some_day_in_the_middle_of_the_third_week _

self = <meetup_test.MeetupTest testMethod=test_when_third_wednesday_is_some_day_in_the_middle_of_the_third_week>

    def test_when_third_wednesday_is_some_day_in_the_middle_of_the_third_week(self):
>       self.assertEqual(meetup(2013, 7, "third", "Wednesday"), date(2013, 7, 17))

exercises/practice/meetup/meetup_test.py:175: 
_ _ _ _ _ _ _ _ _ _ _ _ _ _ _ _ _ _ _ _ _ _ _ _ _ _ _ _ _ _ _ _ _ _ _ _ _ _ _ _ 

year = 2013, month = 7, week = 'third', day_of_week = 'Wednesday'

    def meetup(year, month, week, day_of_week):
        weekdays = {
            'Monday': 0,
            'Tuesday': 1,
            'Wednesday': 2,
            'Thursday': 3,
            'Friday': 4,
            'Saturday': 5,
            'Sunday': 6
        }
    
        teenth_days = [13, 14, 15, 16, 17, 18, 19]
    
        first_day_of_month = date(year, month, 1)
        first_weekday = first_day_of_month.weekday()
    
        if week == 'teenth':
            for day in teenth_days:
                meetup_date = date(year, month, day)
                if meetup_date.weekday() == weekdays[day_of_week]:
                    return meetup_date
        elif week == 'last':
            last_day_of_month = date(year, month + 1, 1) - timedelta(days=1)
            last_weekday = last_day_of_month.weekday()
            for day in range(last_day_of_month.day - 6, last_day_of_month.day + 1):
                meetup_date = date(year, month, day)
                if meetup_date.weekday() == weekdays[day_of_week]:
                    return meetup_date
        else:
>           day = (week - 1) * 7 + (weekdays[day_of_week] - first_weekday + 7) % 7 + 1
E           TypeError: unsupported operand type(s) for -: 'str' and 'int'

exercises/practice/meetup/meetup.py:44: TypeError
_ MeetupTest.test_when_third_wednesday_is_the_21st_the_last_day_of_the_third_week _

self = <meetup_test.MeetupTest testMethod=test_when_third_wednesday_is_the_21st_the_last_day_of_the_third_week>

    def test_when_third_wednesday_is_the_21st_the_last_day_of_the_third_week(self):
>       self.assertEqual(meetup(2013, 8, "third", "Wednesday"), date(2013, 8, 21))

exercises/practice/meetup/meetup_test.py:178: 
_ _ _ _ _ _ _ _ _ _ _ _ _ _ _ _ _ _ _ _ _ _ _ _ _ _ _ _ _ _ _ _ _ _ _ _ _ _ _ _ 

year = 2013, month = 8, week = 'third', day_of_week = 'Wednesday'

    def meetup(year, month, week, day_of_week):
        weekdays = {
            'Monday': 0,
            'Tuesday': 1,
            'Wednesday': 2,
            'Thursday': 3,
            'Friday': 4,
            'Saturday': 5,
            'Sunday': 6
        }
    
        teenth_days = [13, 14, 15, 16, 17, 18, 19]
    
        first_day_of_month = date(year, month, 1)
        first_weekday = first_day_of_month.weekday()
    
        if week == 'teenth':
            for day in teenth_days:
                meetup_date = date(year, month, day)
                if meetup_date.weekday() == weekdays[day_of_week]:
                    return meetup_date
        elif week == 'last':
            last_day_of_month = date(year, month + 1, 1) - timedelta(days=1)
            last_weekday = last_day_of_month.weekday()
            for day in range(last_day_of_month.day - 6, last_day_of_month.day + 1):
                meetup_date = date(year, month, day)
                if meetup_date.weekday() == weekdays[day_of_week]:
                    return meetup_date
        else:
>           day = (week - 1) * 7 + (weekdays[day_of_week] - first_weekday + 7) % 7 + 1
E           TypeError: unsupported operand type(s) for -: 'str' and 'int'

exercises/practice/meetup/meetup.py:44: TypeError
=========================== short test summary info ============================
FAILED exercises/practice/meetup/meetup_test.py::MeetupTest::test_fifth_monday_of_march_2015
FAILED exercises/practice/meetup/meetup_test.py::MeetupTest::test_fifth_saturday_of_february_2020
FAILED exercises/practice/meetup/meetup_test.py::MeetupTest::test_fifth_thursday_of_february_2024
FAILED exercises/practice/meetup/meetup_test.py::MeetupTest::test_last_friday_in_a_month_with_four_fridays
FAILED exercises/practice/meetup/meetup_test.py::MeetupTest::test_last_wednesday_in_december_that_is_also_the_last_day_of_the_year
FAILED exercises/practice/meetup/meetup_test.py::MeetupTest::test_nonexistent_fifth_friday_of_august_2022
FAILED exercises/practice/meetup/meetup_test.py::MeetupTest::test_nonexistent_fifth_monday_of_february_2022
FAILED exercises/practice/meetup/meetup_test.py::MeetupTest::test_nonexistent_fifth_thursday_of_may_2023
FAILED exercises/practice/meetup/meetup_test.py::MeetupTest::test_when_first_friday_is_some_day_in_the_middle_of_the_first_week
FAILED exercises/practice/meetup/meetup_test.py::MeetupTest::test_when_first_friday_is_the_1st_the_first_day_of_the_first_week
FAILED exercises/practice/meetup/meetup_test.py::MeetupTest::test_when_first_friday_is_the_7th_the_last_day_of_the_first_week
FAILED exercises/practice/meetup/meetup_test.py::MeetupTest::test_when_first_monday_is_some_day_in_the_middle_of_the_first_week
FAILED exercises/practice/meetup/meetup_test.py::MeetupTest::test_when_first_monday_is_the_1st_the_first_day_of_the_first_week
FAILED exercises/practice/meetup/meetup_test.py::MeetupTest::test_when_first_saturday_is_another_day_in_the_middle_of_the_first_week
FAILED exercises/practice/meetup/meetup_test.py::MeetupTest::test_when_first_saturday_is_some_day_in_the_middle_of_the_first_week
FAILED exercises/practice/meetup/meetup_test.py::MeetupTest::test_when_first_sunday_is_some_day_in_the_middle_of_the_first_week
FAILED exercises/practice/meetup/meetup_test.py::MeetupTest::test_when_first_sunday_is_the_7th_the_last_day_of_the_first_week
FAILED exercises/practice/meetup/meetup_test.py::MeetupTest::test_when_first_thursday_is_another_day_in_the_middle_of_the_first_week
FAILED exercises/practice/meetup/meetup_test.py::MeetupTest::test_when_first_thursday_is_some_day_in_the_middle_of_the_first_week
FAILED exercises/practice/meetup/meetup_test.py::MeetupTest::test_when_first_tuesday_is_some_day_in_the_middle_of_the_first_week
FAILED exercises/practice/meetup/meetup_test.py::MeetupTest::test_when_first_tuesday_is_the_7th_the_last_day_of_the_first_week
FAILED exercises/practice/meetup/meetup_test.py::MeetupTest::test_when_first_wednesday_is_some_day_in_the_middle_of_the_first_week
FAILED exercises/practice/meetup/meetup_test.py::MeetupTest::test_when_first_wednesday_is_the_7th_the_last_day_of_the_first_week
FAILED exercises/practice/meetup/meetup_test.py::MeetupTest::test_when_fourth_friday_is_some_day_in_the_middle_of_the_fourth_week
FAILED exercises/practice/meetup/meetup_test.py::MeetupTest::test_when_fourth_friday_is_the_22nd_the_first_day_of_the_fourth_week
FAILED exercises/practice/meetup/meetup_test.py::MeetupTest::test_when_fourth_monday_is_some_day_in_the_middle_of_the_fourth_week
FAILED exercises/practice/meetup/meetup_test.py::MeetupTest::test_when_fourth_monday_is_the_22nd_the_first_day_of_the_fourth_week
FAILED exercises/practice/meetup/meetup_test.py::MeetupTest::test_when_fourth_saturday_is_another_day_in_the_middle_of_the_fourth_week
FAILED exercises/practice/meetup/meetup_test.py::MeetupTest::test_when_fourth_saturday_is_some_day_in_the_middle_of_the_fourth_week
FAILED exercises/practice/meetup/meetup_test.py::MeetupTest::test_when_fourth_sunday_is_some_day_in_the_middle_of_the_fourth_week
FAILED exercises/practice/meetup/meetup_test.py::MeetupTest::test_when_fourth_sunday_is_the_28th_the_last_day_of_the_fourth_week
FAILED exercises/practice/meetup/meetup_test.py::MeetupTest::test_when_fourth_thursday_is_another_day_in_the_middle_of_the_fourth_week
FAILED exercises/practice/meetup/meetup_test.py::MeetupTest::test_when_fourth_thursday_is_some_day_in_the_middle_of_the_fourth_week
FAILED exercises/practice/meetup/meetup_test.py::MeetupTest::test_when_fourth_tuesday_is_some_day_in_the_middle_of_the_fourth_week
FAILED exercises/practice/meetup/meetup_test.py::MeetupTest::test_when_fourth_tuesday_is_the_28th_the_last_day_of_the_fourth_week
FAILED exercises/practice/meetup/meetup_test.py::MeetupTest::test_when_fourth_wednesday_is_some_day_in_the_middle_of_the_fourth_week
FAILED exercises/practice/meetup/meetup_test.py::MeetupTest::test_when_fourth_wednesday_is_the_28th_the_last_day_of_the_fourth_week
FAILED exercises/practice/meetup/meetup_test.py::MeetupTest::test_when_second_friday_is_some_day_in_the_middle_of_the_second_week
FAILED exercises/practice/meetup/meetup_test.py::MeetupTest::test_when_second_friday_is_the_8th_the_first_day_of_the_second_week
FAILED exercises/practice/meetup/meetup_test.py::MeetupTest::test_when_second_monday_is_some_day_in_the_middle_of_the_second_week
FAILED exercises/practice/meetup/meetup_test.py::MeetupTest::test_when_second_monday_is_the_8th_the_first_day_of_the_second_week
FAILED exercises/practice/meetup/meetup_test.py::MeetupTest::test_when_second_saturday_is_another_day_in_the_middle_of_the_second_week
FAILED exercises/practice/meetup/meetup_test.py::MeetupTest::test_when_second_saturday_is_some_day_in_the_middle_of_the_second_week
FAILED exercises/practice/meetup/meetup_test.py::MeetupTest::test_when_second_sunday_is_some_day_in_the_middle_of_the_second_week
FAILED exercises/practice/meetup/meetup_test.py::MeetupTest::test_when_second_sunday_is_the_14th_the_last_day_of_the_second_week
FAILED exercises/practice/meetup/meetup_test.py::MeetupTest::test_when_second_thursday_is_another_day_in_the_middle_of_the_second_week
FAILED exercises/practice/meetup/meetup_test.py::MeetupTest::test_when_second_thursday_is_some_day_in_the_middle_of_the_second_week
FAILED exercises/practice/meetup/meetup_test.py::MeetupTest::test_when_second_tuesday_is_some_day_in_the_middle_of_the_second_week
FAILED exercises/practice/meetup/meetup_test.py::MeetupTest::test_when_second_tuesday_is_the_14th_the_last_day_of_the_second_week
FAILED exercises/practice/meetup/meetup_test.py::MeetupTest::test_when_second_wednesday_is_some_day_in_the_middle_of_the_second_week
FAILED exercises/practice/meetup/meetup_test.py::MeetupTest::test_when_second_wednesday_is_the_14th_the_last_day_of_the_second_week
FAILED exercises/practice/meetup/meetup_test.py::MeetupTest::test_when_third_friday_is_some_day_in_the_middle_of_the_third_week
FAILED exercises/practice/meetup/meetup_test.py::MeetupTest::test_when_third_friday_is_the_15th_the_first_day_of_the_third_week
FAILED exercises/practice/meetup/meetup_test.py::MeetupTest::test_when_third_monday_is_some_day_in_the_middle_of_the_third_week
FAILED exercises/practice/meetup/meetup_test.py::MeetupTest::test_when_third_monday_is_the_15th_the_first_day_of_the_third_week
FAILED exercises/practice/meetup/meetup_test.py::MeetupTest::test_when_third_saturday_is_another_day_in_the_middle_of_the_third_week
FAILED exercises/practice/meetup/meetup_test.py::MeetupTest::test_when_third_saturday_is_some_day_in_the_middle_of_the_third_week
FAILED exercises/practice/meetup/meetup_test.py::MeetupTest::test_when_third_sunday_is_some_day_in_the_middle_of_the_third_week
FAILED exercises/practice/meetup/meetup_test.py::MeetupTest::test_when_third_sunday_is_the_21st_the_last_day_of_the_third_week
FAILED exercises/practice/meetup/meetup_test.py::MeetupTest::test_when_third_thursday_is_another_day_in_the_middle_of_the_third_week
FAILED exercises/practice/meetup/meetup_test.py::MeetupTest::test_when_third_thursday_is_some_day_in_the_middle_of_the_third_week
FAILED exercises/practice/meetup/meetup_test.py::MeetupTest::test_when_third_tuesday_is_some_day_in_the_middle_of_the_third_week
FAILED exercises/practice/meetup/meetup_test.py::MeetupTest::test_when_third_tuesday_is_the_21st_the_last_day_of_the_third_week
FAILED exercises/practice/meetup/meetup_test.py::MeetupTest::test_when_third_wednesday_is_some_day_in_the_middle_of_the_third_week
FAILED exercises/practice/meetup/meetup_test.py::MeetupTest::test_when_third_wednesday_is_the_21st_the_last_day_of_the_third_week
======================== 65 failed, 38 passed in 0.73s =========================
