============================= test session starts ==============================
platform linux -- Python 3.10.12, pytest-7.4.0, pluggy-1.2.0
rootdir: /home/jake/Development/exercism-python
configfile: pytest.ini
plugins: mock-3.11.1, reportlog-0.4.0, repeat-0.9.1, asyncio-0.21.1
asyncio: mode=strict
collected 103 items

exercises/practice/meetup/meetup_test.py FFFFFFFFFFFFFFFFFFFFFFFFFFFFFFF [ 30%]
FFFFFFFFFFFFFFFFFFFFFFFFFFFFFFFFFFFFFFFFFFFFFFFFFFFFFFFFFFFFFFFFFFFFFFFF [100%]

=================================== FAILURES ===================================
__________________ MeetupTest.test_fifth_monday_of_march_2015 __________________

self = <meetup_test.MeetupTest testMethod=test_fifth_monday_of_march_2015>

    def test_fifth_monday_of_march_2015(self):
>       self.assertEqual(meetup(2015, 3, "fifth", "Monday"), date(2015, 3, 30))
E       AssertionError: None != datetime.date(2015, 3, 30)

exercises/practice/meetup/meetup_test.py:303: AssertionError
_______________ MeetupTest.test_fifth_saturday_of_february_2020 ________________

self = <meetup_test.MeetupTest testMethod=test_fifth_saturday_of_february_2020>

    def test_fifth_saturday_of_february_2020(self):
>       self.assertEqual(meetup(2020, 2, "fifth", "Saturday"), date(2020, 2, 29))
E       AssertionError: None != datetime.date(2020, 2, 29)

exercises/practice/meetup/meetup_test.py:309: AssertionError
_______________ MeetupTest.test_fifth_thursday_of_february_2024 ________________

self = <meetup_test.MeetupTest testMethod=test_fifth_thursday_of_february_2024>

    def test_fifth_thursday_of_february_2024(self):
>       self.assertEqual(meetup(2024, 2, "fifth", "Thursday"), date(2024, 2, 29))
E       AssertionError: None != datetime.date(2024, 2, 29)

exercises/practice/meetup/meetup_test.py:306: AssertionError
___________ MeetupTest.test_last_friday_in_a_month_with_five_fridays ___________

self = <meetup_test.MeetupTest testMethod=test_last_friday_in_a_month_with_five_fridays>

    def test_last_friday_in_a_month_with_five_fridays(self):
>       self.assertEqual(meetup(2013, 11, "last", "Friday"), date(2013, 11, 29))
E       AssertionError: None != datetime.date(2013, 11, 29)

exercises/practice/meetup/meetup_test.py:271: AssertionError
___________ MeetupTest.test_last_friday_in_a_month_with_four_fridays ___________

self = <meetup_test.MeetupTest testMethod=test_last_friday_in_a_month_with_four_fridays>

    def test_last_friday_in_a_month_with_four_fridays(self):
>       self.assertEqual(meetup(2013, 12, "last", "Friday"), date(2013, 12, 27))
E       AssertionError: None != datetime.date(2013, 12, 27)

exercises/practice/meetup/meetup_test.py:274: AssertionError
___________ MeetupTest.test_last_monday_in_a_month_with_five_mondays ___________

self = <meetup_test.MeetupTest testMethod=test_last_monday_in_a_month_with_five_mondays>

    def test_last_monday_in_a_month_with_five_mondays(self):
>       self.assertEqual(meetup(2013, 4, "last", "Monday"), date(2013, 4, 29))
E       AssertionError: None != datetime.date(2013, 4, 29)

exercises/practice/meetup/meetup_test.py:250: AssertionError
___________ MeetupTest.test_last_monday_in_a_month_with_four_mondays ___________

self = <meetup_test.MeetupTest testMethod=test_last_monday_in_a_month_with_four_mondays>

    def test_last_monday_in_a_month_with_four_mondays(self):
>       self.assertEqual(meetup(2013, 3, "last", "Monday"), date(2013, 3, 25))
E       AssertionError: None != datetime.date(2013, 3, 25)

exercises/practice/meetup/meetup_test.py:247: AssertionError
_________ MeetupTest.test_last_saturday_in_a_month_with_four_saturdays _________

self = <meetup_test.MeetupTest testMethod=test_last_saturday_in_a_month_with_four_saturdays>

    def test_last_saturday_in_a_month_with_four_saturdays(self):
>       self.assertEqual(meetup(2013, 1, "last", "Saturday"), date(2013, 1, 26))
E       AssertionError: None != datetime.date(2013, 1, 26)

exercises/practice/meetup/meetup_test.py:277: AssertionError
______ MeetupTest.test_last_saturday_in_another_month_with_four_saturdays ______

self = <meetup_test.MeetupTest testMethod=test_last_saturday_in_another_month_with_four_saturdays>

    def test_last_saturday_in_another_month_with_four_saturdays(self):
>       self.assertEqual(meetup(2013, 2, "last", "Saturday"), date(2013, 2, 23))
E       AssertionError: None != datetime.date(2013, 2, 23)

exercises/practice/meetup/meetup_test.py:280: AssertionError
___________ MeetupTest.test_last_sunday_in_a_month_with_five_sundays ___________

self = <meetup_test.MeetupTest testMethod=test_last_sunday_in_a_month_with_five_sundays>

    def test_last_sunday_in_a_month_with_five_sundays(self):
>       self.assertEqual(meetup(2013, 3, "last", "Sunday"), date(2013, 3, 31))
E       AssertionError: None != datetime.date(2013, 3, 31)

exercises/practice/meetup/meetup_test.py:283: AssertionError
___________ MeetupTest.test_last_sunday_in_a_month_with_four_sundays ___________

self = <meetup_test.MeetupTest testMethod=test_last_sunday_in_a_month_with_four_sundays>

    def test_last_sunday_in_a_month_with_four_sundays(self):
>       self.assertEqual(meetup(2013, 4, "last", "Sunday"), date(2013, 4, 28))
E       AssertionError: None != datetime.date(2013, 4, 28)

exercises/practice/meetup/meetup_test.py:286: AssertionError
___________________ MeetupTest.test_last_sunday_of_june_2024 ___________________

self = <meetup_test.MeetupTest testMethod=test_last_sunday_of_june_2024>

    def test_last_sunday_of_june_2024(self):
>       self.assertEqual(meetup(2024, 6, "last", "Sunday"), date(2024, 6, 30))
E       AssertionError: None != datetime.date(2024, 6, 30)

exercises/practice/meetup/meetup_test.py:312: AssertionError
_________ MeetupTest.test_last_thursday_in_a_month_with_five_thursdays _________

self = <meetup_test.MeetupTest testMethod=test_last_thursday_in_a_month_with_five_thursdays>

    def test_last_thursday_in_a_month_with_five_thursdays(self):
>       self.assertEqual(meetup(2013, 10, "last", "Thursday"), date(2013, 10, 31))
E       AssertionError: None != datetime.date(2013, 10, 31)

exercises/practice/meetup/meetup_test.py:268: AssertionError
_________ MeetupTest.test_last_thursday_in_a_month_with_four_thursdays _________

self = <meetup_test.MeetupTest testMethod=test_last_thursday_in_a_month_with_four_thursdays>

    def test_last_thursday_in_a_month_with_four_thursdays(self):
>       self.assertEqual(meetup(2013, 9, "last", "Thursday"), date(2013, 9, 26))
E       AssertionError: None != datetime.date(2013, 9, 26)

exercises/practice/meetup/meetup_test.py:265: AssertionError
__________ MeetupTest.test_last_tuesday_in_a_month_with_four_tuesdays __________

self = <meetup_test.MeetupTest testMethod=test_last_tuesday_in_a_month_with_four_tuesdays>

    def test_last_tuesday_in_a_month_with_four_tuesdays(self):
>       self.assertEqual(meetup(2013, 5, "last", "Tuesday"), date(2013, 5, 28))
E       AssertionError: None != datetime.date(2013, 5, 28)

exercises/practice/meetup/meetup_test.py:253: AssertionError
_______ MeetupTest.test_last_tuesday_in_another_month_with_four_tuesdays _______

self = <meetup_test.MeetupTest testMethod=test_last_tuesday_in_another_month_with_four_tuesdays>

    def test_last_tuesday_in_another_month_with_four_tuesdays(self):
>       self.assertEqual(meetup(2013, 6, "last", "Tuesday"), date(2013, 6, 25))
E       AssertionError: None != datetime.date(2013, 6, 25)

exercises/practice/meetup/meetup_test.py:256: AssertionError
________ MeetupTest.test_last_wednesday_in_a_month_with_five_wednesdays ________

self = <meetup_test.MeetupTest testMethod=test_last_wednesday_in_a_month_with_five_wednesdays>

    def test_last_wednesday_in_a_month_with_five_wednesdays(self):
>       self.assertEqual(meetup(2013, 7, "last", "Wednesday"), date(2013, 7, 31))
E       AssertionError: None != datetime.date(2013, 7, 31)

exercises/practice/meetup/meetup_test.py:259: AssertionError
________ MeetupTest.test_last_wednesday_in_a_month_with_four_wednesdays ________

self = <meetup_test.MeetupTest testMethod=test_last_wednesday_in_a_month_with_four_wednesdays>

    def test_last_wednesday_in_a_month_with_four_wednesdays(self):
>       self.assertEqual(meetup(2013, 8, "last", "Wednesday"), date(2013, 8, 28))
E       AssertionError: None != datetime.date(2013, 8, 28)

exercises/practice/meetup/meetup_test.py:262: AssertionError
_ MeetupTest.test_last_wednesday_in_december_that_is_also_the_last_day_of_the_year _

self = <meetup_test.MeetupTest testMethod=test_last_wednesday_in_december_that_is_also_the_last_day_of_the_year>

    def test_last_wednesday_in_december_that_is_also_the_last_day_of_the_year(self):
>       self.assertEqual(meetup(2014, 12, "last", "Wednesday"), date(2014, 12, 31))
E       AssertionError: None != datetime.date(2014, 12, 31)

exercises/practice/meetup/meetup_test.py:292: AssertionError
___________ MeetupTest.test_nonexistent_fifth_friday_of_august_2022 ____________

self = <meetup_test.MeetupTest testMethod=test_nonexistent_fifth_friday_of_august_2022>

    def test_nonexistent_fifth_friday_of_august_2022(self):
>       with self.assertRaises(MeetupDayException) as err:
E       AssertionError: MeetupDayException not raised

exercises/practice/meetup/meetup_test.py:324: AssertionError
__________ MeetupTest.test_nonexistent_fifth_monday_of_february_2022 ___________

self = <meetup_test.MeetupTest testMethod=test_nonexistent_fifth_monday_of_february_2022>

    def test_nonexistent_fifth_monday_of_february_2022(self):
>       with self.assertRaises(MeetupDayException) as err:
E       AssertionError: MeetupDayException not raised

exercises/practice/meetup/meetup_test.py:318: AssertionError
____________ MeetupTest.test_nonexistent_fifth_thursday_of_may_2023 ____________

self = <meetup_test.MeetupTest testMethod=test_nonexistent_fifth_thursday_of_may_2023>

    def test_nonexistent_fifth_thursday_of_may_2023(self):
>       with self.assertRaises(MeetupDayException) as err:
E       AssertionError: MeetupDayException not raised

exercises/practice/meetup/meetup_test.py:330: AssertionError
__________________ MeetupTest.test_teenth_friday_of_may_2022 ___________________

self = <meetup_test.MeetupTest testMethod=test_teenth_friday_of_may_2022>

    def test_teenth_friday_of_may_2022(self):
>       self.assertEqual(meetup(2022, 5, "teenth", "Friday"), date(2022, 5, 13))
E       AssertionError: None != datetime.date(2022, 5, 13)

exercises/practice/meetup/meetup_test.py:315: AssertionError
_ MeetupTest.test_when_first_friday_is_some_day_in_the_middle_of_the_first_week _

self = <meetup_test.MeetupTest testMethod=test_when_first_friday_is_some_day_in_the_middle_of_the_first_week>

    def test_when_first_friday_is_some_day_in_the_middle_of_the_first_week(self):
>       self.assertEqual(meetup(2013, 12, "first", "Friday"), date(2013, 12, 6))
E       AssertionError: None != datetime.date(2013, 12, 6)

exercises/practice/meetup/meetup_test.py:106: AssertionError
_ MeetupTest.test_when_first_friday_is_the_1st_the_first_day_of_the_first_week _

self = <meetup_test.MeetupTest testMethod=test_when_first_friday_is_the_1st_the_first_day_of_the_first_week>

    def test_when_first_friday_is_the_1st_the_first_day_of_the_first_week(self):
>       self.assertEqual(meetup(2013, 11, "first", "Friday"), date(2013, 11, 1))
E       AssertionError: None != datetime.date(2013, 11, 1)

exercises/practice/meetup/meetup_test.py:103: AssertionError
_ MeetupTest.test_when_first_friday_is_the_7th_the_last_day_of_the_first_week __

self = <meetup_test.MeetupTest testMethod=test_when_first_friday_is_the_7th_the_last_day_of_the_first_week>

    def test_when_first_friday_is_the_7th_the_last_day_of_the_first_week(self):
>       self.assertEqual(meetup(2012, 12, "first", "Friday"), date(2012, 12, 7))
E       AssertionError: None != datetime.date(2012, 12, 7)

exercises/practice/meetup/meetup_test.py:298: AssertionError
_ MeetupTest.test_when_first_monday_is_some_day_in_the_middle_of_the_first_week _

self = <meetup_test.MeetupTest testMethod=test_when_first_monday_is_some_day_in_the_middle_of_the_first_week>

    def test_when_first_monday_is_some_day_in_the_middle_of_the_first_week(self):
>       self.assertEqual(meetup(2013, 3, "first", "Monday"), date(2013, 3, 4))
E       AssertionError: None != datetime.date(2013, 3, 4)

exercises/practice/meetup/meetup_test.py:79: AssertionError
_ MeetupTest.test_when_first_monday_is_the_1st_the_first_day_of_the_first_week _

self = <meetup_test.MeetupTest testMethod=test_when_first_monday_is_the_1st_the_first_day_of_the_first_week>

    def test_when_first_monday_is_the_1st_the_first_day_of_the_first_week(self):
>       self.assertEqual(meetup(2013, 4, "first", "Monday"), date(2013, 4, 1))
E       AssertionError: None != datetime.date(2013, 4, 1)

exercises/practice/meetup/meetup_test.py:82: AssertionError
_ MeetupTest.test_when_first_saturday_is_another_day_in_the_middle_of_the_first_week _

self = <meetup_test.MeetupTest testMethod=test_when_first_saturday_is_another_day_in_the_middle_of_the_first_week>

    def test_when_first_saturday_is_another_day_in_the_middle_of_the_first_week(self):
>       self.assertEqual(meetup(2013, 2, "first", "Saturday"), date(2013, 2, 2))
E       AssertionError: None != datetime.date(2013, 2, 2)

exercises/practice/meetup/meetup_test.py:112: AssertionError
_ MeetupTest.test_when_first_saturday_is_some_day_in_the_middle_of_the_first_week _

self = <meetup_test.MeetupTest testMethod=test_when_first_saturday_is_some_day_in_the_middle_of_the_first_week>

    def test_when_first_saturday_is_some_day_in_the_middle_of_the_first_week(self):
>       self.assertEqual(meetup(2013, 1, "first", "Saturday"), date(2013, 1, 5))
E       AssertionError: None != datetime.date(2013, 1, 5)

exercises/practice/meetup/meetup_test.py:109: AssertionError
_ MeetupTest.test_when_first_sunday_is_some_day_in_the_middle_of_the_first_week _

self = <meetup_test.MeetupTest testMethod=test_when_first_sunday_is_some_day_in_the_middle_of_the_first_week>

    def test_when_first_sunday_is_some_day_in_the_middle_of_the_first_week(self):
>       self.assertEqual(meetup(2013, 3, "first", "Sunday"), date(2013, 3, 3))
E       AssertionError: None != datetime.date(2013, 3, 3)

exercises/practice/meetup/meetup_test.py:115: AssertionError
_ MeetupTest.test_when_first_sunday_is_the_7th_the_last_day_of_the_first_week __

self = <meetup_test.MeetupTest testMethod=test_when_first_sunday_is_the_7th_the_last_day_of_the_first_week>

    def test_when_first_sunday_is_the_7th_the_last_day_of_the_first_week(self):
>       self.assertEqual(meetup(2013, 4, "first", "Sunday"), date(2013, 4, 7))
E       AssertionError: None != datetime.date(2013, 4, 7)

exercises/practice/meetup/meetup_test.py:118: AssertionError
_ MeetupTest.test_when_first_thursday_is_another_day_in_the_middle_of_the_first_week _

self = <meetup_test.MeetupTest testMethod=test_when_first_thursday_is_another_day_in_the_middle_of_the_first_week>

    def test_when_first_thursday_is_another_day_in_the_middle_of_the_first_week(self):
>       self.assertEqual(meetup(2013, 10, "first", "Thursday"), date(2013, 10, 3))
E       AssertionError: None != datetime.date(2013, 10, 3)

exercises/practice/meetup/meetup_test.py:100: AssertionError
_ MeetupTest.test_when_first_thursday_is_some_day_in_the_middle_of_the_first_week _

self = <meetup_test.MeetupTest testMethod=test_when_first_thursday_is_some_day_in_the_middle_of_the_first_week>

    def test_when_first_thursday_is_some_day_in_the_middle_of_the_first_week(self):
>       self.assertEqual(meetup(2013, 9, "first", "Thursday"), date(2013, 9, 5))
E       AssertionError: None != datetime.date(2013, 9, 5)

exercises/practice/meetup/meetup_test.py:97: AssertionError
_ MeetupTest.test_when_first_tuesday_is_some_day_in_the_middle_of_the_first_week _

self = <meetup_test.MeetupTest testMethod=test_when_first_tuesday_is_some_day_in_the_middle_of_the_first_week>

    def test_when_first_tuesday_is_some_day_in_the_middle_of_the_first_week(self):
>       self.assertEqual(meetup(2013, 6, "first", "Tuesday"), date(2013, 6, 4))
E       AssertionError: None != datetime.date(2013, 6, 4)

exercises/practice/meetup/meetup_test.py:88: AssertionError
_ MeetupTest.test_when_first_tuesday_is_the_7th_the_last_day_of_the_first_week _

self = <meetup_test.MeetupTest testMethod=test_when_first_tuesday_is_the_7th_the_last_day_of_the_first_week>

    def test_when_first_tuesday_is_the_7th_the_last_day_of_the_first_week(self):
>       self.assertEqual(meetup(2013, 5, "first", "Tuesday"), date(2013, 5, 7))
E       AssertionError: None != datetime.date(2013, 5, 7)

exercises/practice/meetup/meetup_test.py:85: AssertionError
_ MeetupTest.test_when_first_wednesday_is_some_day_in_the_middle_of_the_first_week _

self = <meetup_test.MeetupTest testMethod=test_when_first_wednesday_is_some_day_in_the_middle_of_the_first_week>

    def test_when_first_wednesday_is_some_day_in_the_middle_of_the_first_week(self):
>       self.assertEqual(meetup(2013, 7, "first", "Wednesday"), date(2013, 7, 3))
E       AssertionError: None != datetime.date(2013, 7, 3)

exercises/practice/meetup/meetup_test.py:91: AssertionError
_ MeetupTest.test_when_first_wednesday_is_the_7th_the_last_day_of_the_first_week _

self = <meetup_test.MeetupTest testMethod=test_when_first_wednesday_is_the_7th_the_last_day_of_the_first_week>

    def test_when_first_wednesday_is_the_7th_the_last_day_of_the_first_week(self):
>       self.assertEqual(meetup(2013, 8, "first", "Wednesday"), date(2013, 8, 7))
E       AssertionError: None != datetime.date(2013, 8, 7)

exercises/practice/meetup/meetup_test.py:94: AssertionError
_ MeetupTest.test_when_fourth_friday_is_some_day_in_the_middle_of_the_fourth_week _

self = <meetup_test.MeetupTest testMethod=test_when_fourth_friday_is_some_day_in_the_middle_of_the_fourth_week>

    def test_when_fourth_friday_is_some_day_in_the_middle_of_the_fourth_week(self):
>       self.assertEqual(meetup(2013, 12, "fourth", "Friday"), date(2013, 12, 27))
E       AssertionError: None != datetime.date(2013, 12, 27)

exercises/practice/meetup/meetup_test.py:232: AssertionError
_ MeetupTest.test_when_fourth_friday_is_the_22nd_the_first_day_of_the_fourth_week _

self = <meetup_test.MeetupTest testMethod=test_when_fourth_friday_is_the_22nd_the_first_day_of_the_fourth_week>

    def test_when_fourth_friday_is_the_22nd_the_first_day_of_the_fourth_week(self):
>       self.assertEqual(meetup(2013, 11, "fourth", "Friday"), date(2013, 11, 22))
E       AssertionError: None != datetime.date(2013, 11, 22)

exercises/practice/meetup/meetup_test.py:229: AssertionError
_ MeetupTest.test_when_fourth_monday_is_some_day_in_the_middle_of_the_fourth_week _

self = <meetup_test.MeetupTest testMethod=test_when_fourth_monday_is_some_day_in_the_middle_of_the_fourth_week>

    def test_when_fourth_monday_is_some_day_in_the_middle_of_the_fourth_week(self):
>       self.assertEqual(meetup(2013, 3, "fourth", "Monday"), date(2013, 3, 25))
E       AssertionError: None != datetime.date(2013, 3, 25)

exercises/practice/meetup/meetup_test.py:205: AssertionError
_ MeetupTest.test_when_fourth_monday_is_the_22nd_the_first_day_of_the_fourth_week _

self = <meetup_test.MeetupTest testMethod=test_when_fourth_monday_is_the_22nd_the_first_day_of_the_fourth_week>

    def test_when_fourth_monday_is_the_22nd_the_first_day_of_the_fourth_week(self):
>       self.assertEqual(meetup(2013, 4, "fourth", "Monday"), date(2013, 4, 22))
E       AssertionError: None != datetime.date(2013, 4, 22)

exercises/practice/meetup/meetup_test.py:208: AssertionError
_ MeetupTest.test_when_fourth_saturday_is_another_day_in_the_middle_of_the_fourth_week _

self = <meetup_test.MeetupTest testMethod=test_when_fourth_saturday_is_another_day_in_the_middle_of_the_fourth_week>

    def test_when_fourth_saturday_is_another_day_in_the_middle_of_the_fourth_week(self):
>       self.assertEqual(meetup(2013, 2, "fourth", "Saturday"), date(2013, 2, 23))
E       AssertionError: None != datetime.date(2013, 2, 23)

exercises/practice/meetup/meetup_test.py:238: AssertionError
_ MeetupTest.test_when_fourth_saturday_is_some_day_in_the_middle_of_the_fourth_week _

self = <meetup_test.MeetupTest testMethod=test_when_fourth_saturday_is_some_day_in_the_middle_of_the_fourth_week>

    def test_when_fourth_saturday_is_some_day_in_the_middle_of_the_fourth_week(self):
>       self.assertEqual(meetup(2013, 1, "fourth", "Saturday"), date(2013, 1, 26))
E       AssertionError: None != datetime.date(2013, 1, 26)

exercises/practice/meetup/meetup_test.py:235: AssertionError
_ MeetupTest.test_when_fourth_sunday_is_some_day_in_the_middle_of_the_fourth_week _

self = <meetup_test.MeetupTest testMethod=test_when_fourth_sunday_is_some_day_in_the_middle_of_the_fourth_week>

    def test_when_fourth_sunday_is_some_day_in_the_middle_of_the_fourth_week(self):
>       self.assertEqual(meetup(2013, 3, "fourth", "Sunday"), date(2013, 3, 24))
E       AssertionError: None != datetime.date(2013, 3, 24)

exercises/practice/meetup/meetup_test.py:241: AssertionError
_ MeetupTest.test_when_fourth_sunday_is_the_28th_the_last_day_of_the_fourth_week _

self = <meetup_test.MeetupTest testMethod=test_when_fourth_sunday_is_the_28th_the_last_day_of_the_fourth_week>

    def test_when_fourth_sunday_is_the_28th_the_last_day_of_the_fourth_week(self):
>       self.assertEqual(meetup(2013, 4, "fourth", "Sunday"), date(2013, 4, 28))
E       AssertionError: None != datetime.date(2013, 4, 28)

exercises/practice/meetup/meetup_test.py:244: AssertionError
_ MeetupTest.test_when_fourth_thursday_is_another_day_in_the_middle_of_the_fourth_week _

self = <meetup_test.MeetupTest testMethod=test_when_fourth_thursday_is_another_day_in_the_middle_of_the_fourth_week>

    def test_when_fourth_thursday_is_another_day_in_the_middle_of_the_fourth_week(self):
>       self.assertEqual(meetup(2013, 10, "fourth", "Thursday"), date(2013, 10, 24))
E       AssertionError: None != datetime.date(2013, 10, 24)

exercises/practice/meetup/meetup_test.py:226: AssertionError
_ MeetupTest.test_when_fourth_thursday_is_some_day_in_the_middle_of_the_fourth_week _

self = <meetup_test.MeetupTest testMethod=test_when_fourth_thursday_is_some_day_in_the_middle_of_the_fourth_week>

    def test_when_fourth_thursday_is_some_day_in_the_middle_of_the_fourth_week(self):
>       self.assertEqual(meetup(2013, 9, "fourth", "Thursday"), date(2013, 9, 26))
E       AssertionError: None != datetime.date(2013, 9, 26)

exercises/practice/meetup/meetup_test.py:223: AssertionError
_ MeetupTest.test_when_fourth_tuesday_is_some_day_in_the_middle_of_the_fourth_week _

self = <meetup_test.MeetupTest testMethod=test_when_fourth_tuesday_is_some_day_in_the_middle_of_the_fourth_week>

    def test_when_fourth_tuesday_is_some_day_in_the_middle_of_the_fourth_week(self):
>       self.assertEqual(meetup(2013, 6, "fourth", "Tuesday"), date(2013, 6, 25))
E       AssertionError: None != datetime.date(2013, 6, 25)

exercises/practice/meetup/meetup_test.py:214: AssertionError
_ MeetupTest.test_when_fourth_tuesday_is_the_28th_the_last_day_of_the_fourth_week _

self = <meetup_test.MeetupTest testMethod=test_when_fourth_tuesday_is_the_28th_the_last_day_of_the_fourth_week>

    def test_when_fourth_tuesday_is_the_28th_the_last_day_of_the_fourth_week(self):
>       self.assertEqual(meetup(2013, 5, "fourth", "Tuesday"), date(2013, 5, 28))
E       AssertionError: None != datetime.date(2013, 5, 28)

exercises/practice/meetup/meetup_test.py:211: AssertionError
_ MeetupTest.test_when_fourth_wednesday_is_some_day_in_the_middle_of_the_fourth_week _

self = <meetup_test.MeetupTest testMethod=test_when_fourth_wednesday_is_some_day_in_the_middle_of_the_fourth_week>

    def test_when_fourth_wednesday_is_some_day_in_the_middle_of_the_fourth_week(self):
>       self.assertEqual(meetup(2013, 7, "fourth", "Wednesday"), date(2013, 7, 24))
E       AssertionError: None != datetime.date(2013, 7, 24)

exercises/practice/meetup/meetup_test.py:217: AssertionError
_ MeetupTest.test_when_fourth_wednesday_is_the_28th_the_last_day_of_the_fourth_week _

self = <meetup_test.MeetupTest testMethod=test_when_fourth_wednesday_is_the_28th_the_last_day_of_the_fourth_week>

    def test_when_fourth_wednesday_is_the_28th_the_last_day_of_the_fourth_week(self):
>       self.assertEqual(meetup(2013, 8, "fourth", "Wednesday"), date(2013, 8, 28))
E       AssertionError: None != datetime.date(2013, 8, 28)

exercises/practice/meetup/meetup_test.py:220: AssertionError
_ MeetupTest.test_when_last_sunday_in_february_in_a_non_leap_year_is_not_the_29th _

self = <meetup_test.MeetupTest testMethod=test_when_last_sunday_in_february_in_a_non_leap_year_is_not_the_29th>

    def test_when_last_sunday_in_february_in_a_non_leap_year_is_not_the_29th(self):
>       self.assertEqual(meetup(2015, 2, "last", "Sunday"), date(2015, 2, 22))
E       AssertionError: None != datetime.date(2015, 2, 22)

exercises/practice/meetup/meetup_test.py:295: AssertionError
__ MeetupTest.test_when_last_wednesday_in_february_in_a_leap_year_is_the_29th __

self = <meetup_test.MeetupTest testMethod=test_when_last_wednesday_in_february_in_a_leap_year_is_the_29th>

    def test_when_last_wednesday_in_february_in_a_leap_year_is_the_29th(self):
>       self.assertEqual(meetup(2012, 2, "last", "Wednesday"), date(2012, 2, 29))
E       AssertionError: None != datetime.date(2012, 2, 29)

exercises/practice/meetup/meetup_test.py:289: AssertionError
_ MeetupTest.test_when_second_friday_is_some_day_in_the_middle_of_the_second_week _

self = <meetup_test.MeetupTest testMethod=test_when_second_friday_is_some_day_in_the_middle_of_the_second_week>

    def test_when_second_friday_is_some_day_in_the_middle_of_the_second_week(self):
>       self.assertEqual(meetup(2013, 12, "second", "Friday"), date(2013, 12, 13))
E       AssertionError: None != datetime.date(2013, 12, 13)

exercises/practice/meetup/meetup_test.py:148: AssertionError
_ MeetupTest.test_when_second_friday_is_the_8th_the_first_day_of_the_second_week _

self = <meetup_test.MeetupTest testMethod=test_when_second_friday_is_the_8th_the_first_day_of_the_second_week>

    def test_when_second_friday_is_the_8th_the_first_day_of_the_second_week(self):
>       self.assertEqual(meetup(2013, 11, "second", "Friday"), date(2013, 11, 8))
E       AssertionError: None != datetime.date(2013, 11, 8)

exercises/practice/meetup/meetup_test.py:145: AssertionError
_ MeetupTest.test_when_second_monday_is_some_day_in_the_middle_of_the_second_week _

self = <meetup_test.MeetupTest testMethod=test_when_second_monday_is_some_day_in_the_middle_of_the_second_week>

    def test_when_second_monday_is_some_day_in_the_middle_of_the_second_week(self):
>       self.assertEqual(meetup(2013, 3, "second", "Monday"), date(2013, 3, 11))
E       AssertionError: None != datetime.date(2013, 3, 11)

exercises/practice/meetup/meetup_test.py:121: AssertionError
_ MeetupTest.test_when_second_monday_is_the_8th_the_first_day_of_the_second_week _

self = <meetup_test.MeetupTest testMethod=test_when_second_monday_is_the_8th_the_first_day_of_the_second_week>

    def test_when_second_monday_is_the_8th_the_first_day_of_the_second_week(self):
>       self.assertEqual(meetup(2013, 4, "second", "Monday"), date(2013, 4, 8))
E       AssertionError: None != datetime.date(2013, 4, 8)

exercises/practice/meetup/meetup_test.py:124: AssertionError
_ MeetupTest.test_when_second_saturday_is_another_day_in_the_middle_of_the_second_week _

self = <meetup_test.MeetupTest testMethod=test_when_second_saturday_is_another_day_in_the_middle_of_the_second_week>

    def test_when_second_saturday_is_another_day_in_the_middle_of_the_second_week(self):
>       self.assertEqual(meetup(2013, 2, "second", "Saturday"), date(2013, 2, 9))
E       AssertionError: None != datetime.date(2013, 2, 9)

exercises/practice/meetup/meetup_test.py:154: AssertionError
_ MeetupTest.test_when_second_saturday_is_some_day_in_the_middle_of_the_second_week _

self = <meetup_test.MeetupTest testMethod=test_when_second_saturday_is_some_day_in_the_middle_of_the_second_week>

    def test_when_second_saturday_is_some_day_in_the_middle_of_the_second_week(self):
>       self.assertEqual(meetup(2013, 1, "second", "Saturday"), date(2013, 1, 12))
E       AssertionError: None != datetime.date(2013, 1, 12)

exercises/practice/meetup/meetup_test.py:151: AssertionError
_ MeetupTest.test_when_second_sunday_is_some_day_in_the_middle_of_the_second_week _

self = <meetup_test.MeetupTest testMethod=test_when_second_sunday_is_some_day_in_the_middle_of_the_second_week>

    def test_when_second_sunday_is_some_day_in_the_middle_of_the_second_week(self):
>       self.assertEqual(meetup(2013, 3, "second", "Sunday"), date(2013, 3, 10))
E       AssertionError: None != datetime.date(2013, 3, 10)

exercises/practice/meetup/meetup_test.py:157: AssertionError
_ MeetupTest.test_when_second_sunday_is_the_14th_the_last_day_of_the_second_week _

self = <meetup_test.MeetupTest testMethod=test_when_second_sunday_is_the_14th_the_last_day_of_the_second_week>

    def test_when_second_sunday_is_the_14th_the_last_day_of_the_second_week(self):
>       self.assertEqual(meetup(2013, 4, "second", "Sunday"), date(2013, 4, 14))
E       AssertionError: None != datetime.date(2013, 4, 14)

exercises/practice/meetup/meetup_test.py:160: AssertionError
_ MeetupTest.test_when_second_thursday_is_another_day_in_the_middle_of_the_second_week _

self = <meetup_test.MeetupTest testMethod=test_when_second_thursday_is_another_day_in_the_middle_of_the_second_week>

    def test_when_second_thursday_is_another_day_in_the_middle_of_the_second_week(self):
>       self.assertEqual(meetup(2013, 10, "second", "Thursday"), date(2013, 10, 10))
E       AssertionError: None != datetime.date(2013, 10, 10)

exercises/practice/meetup/meetup_test.py:142: AssertionError
_ MeetupTest.test_when_second_thursday_is_some_day_in_the_middle_of_the_second_week _

self = <meetup_test.MeetupTest testMethod=test_when_second_thursday_is_some_day_in_the_middle_of_the_second_week>

    def test_when_second_thursday_is_some_day_in_the_middle_of_the_second_week(self):
>       self.assertEqual(meetup(2013, 9, "second", "Thursday"), date(2013, 9, 12))
E       AssertionError: None != datetime.date(2013, 9, 12)

exercises/practice/meetup/meetup_test.py:139: AssertionError
_ MeetupTest.test_when_second_tuesday_is_some_day_in_the_middle_of_the_second_week _

self = <meetup_test.MeetupTest testMethod=test_when_second_tuesday_is_some_day_in_the_middle_of_the_second_week>

    def test_when_second_tuesday_is_some_day_in_the_middle_of_the_second_week(self):
>       self.assertEqual(meetup(2013, 6, "second", "Tuesday"), date(2013, 6, 11))
E       AssertionError: None != datetime.date(2013, 6, 11)

exercises/practice/meetup/meetup_test.py:130: AssertionError
_ MeetupTest.test_when_second_tuesday_is_the_14th_the_last_day_of_the_second_week _

self = <meetup_test.MeetupTest testMethod=test_when_second_tuesday_is_the_14th_the_last_day_of_the_second_week>

    def test_when_second_tuesday_is_the_14th_the_last_day_of_the_second_week(self):
>       self.assertEqual(meetup(2013, 5, "second", "Tuesday"), date(2013, 5, 14))
E       AssertionError: None != datetime.date(2013, 5, 14)

exercises/practice/meetup/meetup_test.py:127: AssertionError
_ MeetupTest.test_when_second_wednesday_is_some_day_in_the_middle_of_the_second_week _

self = <meetup_test.MeetupTest testMethod=test_when_second_wednesday_is_some_day_in_the_middle_of_the_second_week>

    def test_when_second_wednesday_is_some_day_in_the_middle_of_the_second_week(self):
>       self.assertEqual(meetup(2013, 7, "second", "Wednesday"), date(2013, 7, 10))
E       AssertionError: None != datetime.date(2013, 7, 10)

exercises/practice/meetup/meetup_test.py:133: AssertionError
_ MeetupTest.test_when_second_wednesday_is_the_14th_the_last_day_of_the_second_week _

self = <meetup_test.MeetupTest testMethod=test_when_second_wednesday_is_the_14th_the_last_day_of_the_second_week>

    def test_when_second_wednesday_is_the_14th_the_last_day_of_the_second_week(self):
>       self.assertEqual(meetup(2013, 8, "second", "Wednesday"), date(2013, 8, 14))
E       AssertionError: None != datetime.date(2013, 8, 14)

exercises/practice/meetup/meetup_test.py:136: AssertionError
_ MeetupTest.test_when_teenth_friday_is_some_day_in_the_middle_of_the_teenth_week _

self = <meetup_test.MeetupTest testMethod=test_when_teenth_friday_is_some_day_in_the_middle_of_the_teenth_week>

    def test_when_teenth_friday_is_some_day_in_the_middle_of_the_teenth_week(self):
>       self.assertEqual(meetup(2013, 8, "teenth", "Friday"), date(2013, 8, 16))
E       AssertionError: None != datetime.date(2013, 8, 16)

exercises/practice/meetup/meetup_test.py:55: AssertionError
_ MeetupTest.test_when_teenth_friday_is_the_13th_the_first_day_of_the_teenth_week _

self = <meetup_test.MeetupTest testMethod=test_when_teenth_friday_is_the_13th_the_first_day_of_the_teenth_week>

    def test_when_teenth_friday_is_the_13th_the_first_day_of_the_teenth_week(self):
>       self.assertEqual(meetup(2013, 9, "teenth", "Friday"), date(2013, 9, 13))
E       AssertionError: None != datetime.date(2013, 9, 13)

exercises/practice/meetup/meetup_test.py:58: AssertionError
_ MeetupTest.test_when_teenth_friday_is_the_19th_the_last_day_of_the_teenth_week _

self = <meetup_test.MeetupTest testMethod=test_when_teenth_friday_is_the_19th_the_last_day_of_the_teenth_week>

    def test_when_teenth_friday_is_the_19th_the_last_day_of_the_teenth_week(self):
>       self.assertEqual(meetup(2013, 4, "teenth", "Friday"), date(2013, 4, 19))
E       AssertionError: None != datetime.date(2013, 4, 19)

exercises/practice/meetup/meetup_test.py:52: AssertionError
_ MeetupTest.test_when_teenth_monday_is_some_day_in_the_middle_of_the_teenth_week _

self = <meetup_test.MeetupTest testMethod=test_when_teenth_monday_is_some_day_in_the_middle_of_the_teenth_week>

    def test_when_teenth_monday_is_some_day_in_the_middle_of_the_teenth_week(self):
>       self.assertEqual(meetup(2013, 9, "teenth", "Monday"), date(2013, 9, 16))
E       AssertionError: None != datetime.date(2013, 9, 16)

exercises/practice/meetup/meetup_test.py:22: AssertionError
_ MeetupTest.test_when_teenth_monday_is_the_13th_the_first_day_of_the_teenth_week _

self = <meetup_test.MeetupTest testMethod=test_when_teenth_monday_is_the_13th_the_first_day_of_the_teenth_week>

    def test_when_teenth_monday_is_the_13th_the_first_day_of_the_teenth_week(self):
>       self.assertEqual(meetup(2013, 5, "teenth", "Monday"), date(2013, 5, 13))
E       AssertionError: None != datetime.date(2013, 5, 13)

exercises/practice/meetup/meetup_test.py:16: AssertionError
_ MeetupTest.test_when_teenth_monday_is_the_19th_the_last_day_of_the_teenth_week _

self = <meetup_test.MeetupTest testMethod=test_when_teenth_monday_is_the_19th_the_last_day_of_the_teenth_week>

    def test_when_teenth_monday_is_the_19th_the_last_day_of_the_teenth_week(self):
>       self.assertEqual(meetup(2013, 8, "teenth", "Monday"), date(2013, 8, 19))
E       AssertionError: None != datetime.date(2013, 8, 19)

exercises/practice/meetup/meetup_test.py:19: AssertionError
_ MeetupTest.test_when_teenth_saturday_is_some_day_in_the_middle_of_the_teenth_week _

self = <meetup_test.MeetupTest testMethod=test_when_teenth_saturday_is_some_day_in_the_middle_of_the_teenth_week>

    def test_when_teenth_saturday_is_some_day_in_the_middle_of_the_teenth_week(self):
>       self.assertEqual(meetup(2013, 2, "teenth", "Saturday"), date(2013, 2, 16))
E       AssertionError: None != datetime.date(2013, 2, 16)

exercises/practice/meetup/meetup_test.py:61: AssertionError
_ MeetupTest.test_when_teenth_saturday_is_the_13th_the_first_day_of_the_teenth_week _

self = <meetup_test.MeetupTest testMethod=test_when_teenth_saturday_is_the_13th_the_first_day_of_the_teenth_week>

    def test_when_teenth_saturday_is_the_13th_the_first_day_of_the_teenth_week(self):
>       self.assertEqual(meetup(2013, 4, "teenth", "Saturday"), date(2013, 4, 13))
E       AssertionError: None != datetime.date(2013, 4, 13)

exercises/practice/meetup/meetup_test.py:64: AssertionError
_ MeetupTest.test_when_teenth_saturday_is_the_19th_the_last_day_of_the_teenth_week _

self = <meetup_test.MeetupTest testMethod=test_when_teenth_saturday_is_the_19th_the_last_day_of_the_teenth_week>

    def test_when_teenth_saturday_is_the_19th_the_last_day_of_the_teenth_week(self):
>       self.assertEqual(meetup(2013, 10, "teenth", "Saturday"), date(2013, 10, 19))
E       AssertionError: None != datetime.date(2013, 10, 19)

exercises/practice/meetup/meetup_test.py:67: AssertionError
_ MeetupTest.test_when_teenth_sunday_is_some_day_in_the_middle_of_the_teenth_week _

self = <meetup_test.MeetupTest testMethod=test_when_teenth_sunday_is_some_day_in_the_middle_of_the_teenth_week>

    def test_when_teenth_sunday_is_some_day_in_the_middle_of_the_teenth_week(self):
>       self.assertEqual(meetup(2013, 6, "teenth", "Sunday"), date(2013, 6, 16))
E       AssertionError: None != datetime.date(2013, 6, 16)

exercises/practice/meetup/meetup_test.py:73: AssertionError
_ MeetupTest.test_when_teenth_sunday_is_the_13th_the_first_day_of_the_teenth_week _

self = <meetup_test.MeetupTest testMethod=test_when_teenth_sunday_is_the_13th_the_first_day_of_the_teenth_week>

    def test_when_teenth_sunday_is_the_13th_the_first_day_of_the_teenth_week(self):
>       self.assertEqual(meetup(2013, 10, "teenth", "Sunday"), date(2013, 10, 13))
E       AssertionError: None != datetime.date(2013, 10, 13)

exercises/practice/meetup/meetup_test.py:76: AssertionError
_ MeetupTest.test_when_teenth_sunday_is_the_19th_the_last_day_of_the_teenth_week _

self = <meetup_test.MeetupTest testMethod=test_when_teenth_sunday_is_the_19th_the_last_day_of_the_teenth_week>

    def test_when_teenth_sunday_is_the_19th_the_last_day_of_the_teenth_week(self):
>       self.assertEqual(meetup(2013, 5, "teenth", "Sunday"), date(2013, 5, 19))
E       AssertionError: None != datetime.date(2013, 5, 19)

exercises/practice/meetup/meetup_test.py:70: AssertionError
_ MeetupTest.test_when_teenth_thursday_is_some_day_in_the_middle_of_the_teenth_week _

self = <meetup_test.MeetupTest testMethod=test_when_teenth_thursday_is_some_day_in_the_middle_of_the_teenth_week>

    def test_when_teenth_thursday_is_some_day_in_the_middle_of_the_teenth_week(self):
>       self.assertEqual(meetup(2013, 5, "teenth", "Thursday"), date(2013, 5, 16))
E       AssertionError: None != datetime.date(2013, 5, 16)

exercises/practice/meetup/meetup_test.py:43: AssertionError
_ MeetupTest.test_when_teenth_thursday_is_the_13th_the_first_day_of_the_teenth_week _

self = <meetup_test.MeetupTest testMethod=test_when_teenth_thursday_is_the_13th_the_first_day_of_the_teenth_week>

    def test_when_teenth_thursday_is_the_13th_the_first_day_of_the_teenth_week(self):
>       self.assertEqual(meetup(2013, 6, "teenth", "Thursday"), date(2013, 6, 13))
E       AssertionError: None != datetime.date(2013, 6, 13)

exercises/practice/meetup/meetup_test.py:46: AssertionError
_ MeetupTest.test_when_teenth_thursday_is_the_19th_the_last_day_of_the_teenth_week _

self = <meetup_test.MeetupTest testMethod=test_when_teenth_thursday_is_the_19th_the_last_day_of_the_teenth_week>

    def test_when_teenth_thursday_is_the_19th_the_last_day_of_the_teenth_week(self):
>       self.assertEqual(meetup(2013, 9, "teenth", "Thursday"), date(2013, 9, 19))
E       AssertionError: None != datetime.date(2013, 9, 19)

exercises/practice/meetup/meetup_test.py:49: AssertionError
_ MeetupTest.test_when_teenth_tuesday_is_some_day_in_the_middle_of_the_teenth_week _

self = <meetup_test.MeetupTest testMethod=test_when_teenth_tuesday_is_some_day_in_the_middle_of_the_teenth_week>

    def test_when_teenth_tuesday_is_some_day_in_the_middle_of_the_teenth_week(self):
>       self.assertEqual(meetup(2013, 4, "teenth", "Tuesday"), date(2013, 4, 16))
E       AssertionError: None != datetime.date(2013, 4, 16)

exercises/practice/meetup/meetup_test.py:28: AssertionError
_ MeetupTest.test_when_teenth_tuesday_is_the_13th_the_first_day_of_the_teenth_week _

self = <meetup_test.MeetupTest testMethod=test_when_teenth_tuesday_is_the_13th_the_first_day_of_the_teenth_week>

    def test_when_teenth_tuesday_is_the_13th_the_first_day_of_the_teenth_week(self):
>       self.assertEqual(meetup(2013, 8, "teenth", "Tuesday"), date(2013, 8, 13))
E       AssertionError: None != datetime.date(2013, 8, 13)

exercises/practice/meetup/meetup_test.py:31: AssertionError
_ MeetupTest.test_when_teenth_tuesday_is_the_19th_the_last_day_of_the_teenth_week _

self = <meetup_test.MeetupTest testMethod=test_when_teenth_tuesday_is_the_19th_the_last_day_of_the_teenth_week>

    def test_when_teenth_tuesday_is_the_19th_the_last_day_of_the_teenth_week(self):
>       self.assertEqual(meetup(2013, 3, "teenth", "Tuesday"), date(2013, 3, 19))
E       AssertionError: None != datetime.date(2013, 3, 19)

exercises/practice/meetup/meetup_test.py:25: AssertionError
_ MeetupTest.test_when_teenth_wednesday_is_some_day_in_the_middle_of_the_teenth_week _

self = <meetup_test.MeetupTest testMethod=test_when_teenth_wednesday_is_some_day_in_the_middle_of_the_teenth_week>

    def test_when_teenth_wednesday_is_some_day_in_the_middle_of_the_teenth_week(self):
>       self.assertEqual(meetup(2013, 1, "teenth", "Wednesday"), date(2013, 1, 16))
E       AssertionError: None != datetime.date(2013, 1, 16)

exercises/practice/meetup/meetup_test.py:34: AssertionError
_ MeetupTest.test_when_teenth_wednesday_is_the_13th_the_first_day_of_the_teenth_week _

self = <meetup_test.MeetupTest testMethod=test_when_teenth_wednesday_is_the_13th_the_first_day_of_the_teenth_week>

    def test_when_teenth_wednesday_is_the_13th_the_first_day_of_the_teenth_week(self):
>       self.assertEqual(meetup(2013, 2, "teenth", "Wednesday"), date(2013, 2, 13))
E       AssertionError: None != datetime.date(2013, 2, 13)

exercises/practice/meetup/meetup_test.py:37: AssertionError
_ MeetupTest.test_when_teenth_wednesday_is_the_19th_the_last_day_of_the_teenth_week _

self = <meetup_test.MeetupTest testMethod=test_when_teenth_wednesday_is_the_19th_the_last_day_of_the_teenth_week>

    def test_when_teenth_wednesday_is_the_19th_the_last_day_of_the_teenth_week(self):
>       self.assertEqual(meetup(2013, 6, "teenth", "Wednesday"), date(2013, 6, 19))
E       AssertionError: None != datetime.date(2013, 6, 19)

exercises/practice/meetup/meetup_test.py:40: AssertionError
_ MeetupTest.test_when_third_friday_is_some_day_in_the_middle_of_the_third_week _

self = <meetup_test.MeetupTest testMethod=test_when_third_friday_is_some_day_in_the_middle_of_the_third_week>

    def test_when_third_friday_is_some_day_in_the_middle_of_the_third_week(self):
>       self.assertEqual(meetup(2013, 12, "third", "Friday"), date(2013, 12, 20))
E       AssertionError: None != datetime.date(2013, 12, 20)

exercises/practice/meetup/meetup_test.py:190: AssertionError
_ MeetupTest.test_when_third_friday_is_the_15th_the_first_day_of_the_third_week _

self = <meetup_test.MeetupTest testMethod=test_when_third_friday_is_the_15th_the_first_day_of_the_third_week>

    def test_when_third_friday_is_the_15th_the_first_day_of_the_third_week(self):
>       self.assertEqual(meetup(2013, 11, "third", "Friday"), date(2013, 11, 15))
E       AssertionError: None != datetime.date(2013, 11, 15)

exercises/practice/meetup/meetup_test.py:187: AssertionError
_ MeetupTest.test_when_third_monday_is_some_day_in_the_middle_of_the_third_week _

self = <meetup_test.MeetupTest testMethod=test_when_third_monday_is_some_day_in_the_middle_of_the_third_week>

    def test_when_third_monday_is_some_day_in_the_middle_of_the_third_week(self):
>       self.assertEqual(meetup(2013, 3, "third", "Monday"), date(2013, 3, 18))
E       AssertionError: None != datetime.date(2013, 3, 18)

exercises/practice/meetup/meetup_test.py:163: AssertionError
_ MeetupTest.test_when_third_monday_is_the_15th_the_first_day_of_the_third_week _

self = <meetup_test.MeetupTest testMethod=test_when_third_monday_is_the_15th_the_first_day_of_the_third_week>

    def test_when_third_monday_is_the_15th_the_first_day_of_the_third_week(self):
>       self.assertEqual(meetup(2013, 4, "third", "Monday"), date(2013, 4, 15))
E       AssertionError: None != datetime.date(2013, 4, 15)

exercises/practice/meetup/meetup_test.py:166: AssertionError
_ MeetupTest.test_when_third_saturday_is_another_day_in_the_middle_of_the_third_week _

self = <meetup_test.MeetupTest testMethod=test_when_third_saturday_is_another_day_in_the_middle_of_the_third_week>

    def test_when_third_saturday_is_another_day_in_the_middle_of_the_third_week(self):
>       self.assertEqual(meetup(2013, 2, "third", "Saturday"), date(2013, 2, 16))
E       AssertionError: None != datetime.date(2013, 2, 16)

exercises/practice/meetup/meetup_test.py:196: AssertionError
_ MeetupTest.test_when_third_saturday_is_some_day_in_the_middle_of_the_third_week _

self = <meetup_test.MeetupTest testMethod=test_when_third_saturday_is_some_day_in_the_middle_of_the_third_week>

    def test_when_third_saturday_is_some_day_in_the_middle_of_the_third_week(self):
>       self.assertEqual(meetup(2013, 1, "third", "Saturday"), date(2013, 1, 19))
E       AssertionError: None != datetime.date(2013, 1, 19)

exercises/practice/meetup/meetup_test.py:193: AssertionError
_ MeetupTest.test_when_third_sunday_is_some_day_in_the_middle_of_the_third_week _

self = <meetup_test.MeetupTest testMethod=test_when_third_sunday_is_some_day_in_the_middle_of_the_third_week>

    def test_when_third_sunday_is_some_day_in_the_middle_of_the_third_week(self):
>       self.assertEqual(meetup(2013, 3, "third", "Sunday"), date(2013, 3, 17))
E       AssertionError: None != datetime.date(2013, 3, 17)

exercises/practice/meetup/meetup_test.py:199: AssertionError
_ MeetupTest.test_when_third_sunday_is_the_21st_the_last_day_of_the_third_week _

self = <meetup_test.MeetupTest testMethod=test_when_third_sunday_is_the_21st_the_last_day_of_the_third_week>

    def test_when_third_sunday_is_the_21st_the_last_day_of_the_third_week(self):
>       self.assertEqual(meetup(2013, 4, "third", "Sunday"), date(2013, 4, 21))
E       AssertionError: None != datetime.date(2013, 4, 21)

exercises/practice/meetup/meetup_test.py:202: AssertionError
_ MeetupTest.test_when_third_thursday_is_another_day_in_the_middle_of_the_third_week _

self = <meetup_test.MeetupTest testMethod=test_when_third_thursday_is_another_day_in_the_middle_of_the_third_week>

    def test_when_third_thursday_is_another_day_in_the_middle_of_the_third_week(self):
>       self.assertEqual(meetup(2013, 10, "third", "Thursday"), date(2013, 10, 17))
E       AssertionError: None != datetime.date(2013, 10, 17)

exercises/practice/meetup/meetup_test.py:184: AssertionError
_ MeetupTest.test_when_third_thursday_is_some_day_in_the_middle_of_the_third_week _

self = <meetup_test.MeetupTest testMethod=test_when_third_thursday_is_some_day_in_the_middle_of_the_third_week>

    def test_when_third_thursday_is_some_day_in_the_middle_of_the_third_week(self):
>       self.assertEqual(meetup(2013, 9, "third", "Thursday"), date(2013, 9, 19))
E       AssertionError: None != datetime.date(2013, 9, 19)

exercises/practice/meetup/meetup_test.py:181: AssertionError
_ MeetupTest.test_when_third_tuesday_is_some_day_in_the_middle_of_the_third_week _

self = <meetup_test.MeetupTest testMethod=test_when_third_tuesday_is_some_day_in_the_middle_of_the_third_week>

    def test_when_third_tuesday_is_some_day_in_the_middle_of_the_third_week(self):
>       self.assertEqual(meetup(2013, 6, "third", "Tuesday"), date(2013, 6, 18))
E       AssertionError: None != datetime.date(2013, 6, 18)

exercises/practice/meetup/meetup_test.py:172: AssertionError
_ MeetupTest.test_when_third_tuesday_is_the_21st_the_last_day_of_the_third_week _

self = <meetup_test.MeetupTest testMethod=test_when_third_tuesday_is_the_21st_the_last_day_of_the_third_week>

    def test_when_third_tuesday_is_the_21st_the_last_day_of_the_third_week(self):
>       self.assertEqual(meetup(2013, 5, "third", "Tuesday"), date(2013, 5, 21))
E       AssertionError: None != datetime.date(2013, 5, 21)

exercises/practice/meetup/meetup_test.py:169: AssertionError
_ MeetupTest.test_when_third_wednesday_is_some_day_in_the_middle_of_the_third_week _

self = <meetup_test.MeetupTest testMethod=test_when_third_wednesday_is_some_day_in_the_middle_of_the_third_week>

    def test_when_third_wednesday_is_some_day_in_the_middle_of_the_third_week(self):
>       self.assertEqual(meetup(2013, 7, "third", "Wednesday"), date(2013, 7, 17))
E       AssertionError: None != datetime.date(2013, 7, 17)

exercises/practice/meetup/meetup_test.py:175: AssertionError
_ MeetupTest.test_when_third_wednesday_is_the_21st_the_last_day_of_the_third_week _

self = <meetup_test.MeetupTest testMethod=test_when_third_wednesday_is_the_21st_the_last_day_of_the_third_week>

    def test_when_third_wednesday_is_the_21st_the_last_day_of_the_third_week(self):
>       self.assertEqual(meetup(2013, 8, "third", "Wednesday"), date(2013, 8, 21))
E       AssertionError: None != datetime.date(2013, 8, 21)

exercises/practice/meetup/meetup_test.py:178: AssertionError
=========================== short test summary info ============================
FAILED exercises/practice/meetup/meetup_test.py::MeetupTest::test_fifth_monday_of_march_2015
FAILED exercises/practice/meetup/meetup_test.py::MeetupTest::test_fifth_saturday_of_february_2020
FAILED exercises/practice/meetup/meetup_test.py::MeetupTest::test_fifth_thursday_of_february_2024
FAILED exercises/practice/meetup/meetup_test.py::MeetupTest::test_last_friday_in_a_month_with_five_fridays
FAILED exercises/practice/meetup/meetup_test.py::MeetupTest::test_last_friday_in_a_month_with_four_fridays
FAILED exercises/practice/meetup/meetup_test.py::MeetupTest::test_last_monday_in_a_month_with_five_mondays
FAILED exercises/practice/meetup/meetup_test.py::MeetupTest::test_last_monday_in_a_month_with_four_mondays
FAILED exercises/practice/meetup/meetup_test.py::MeetupTest::test_last_saturday_in_a_month_with_four_saturdays
FAILED exercises/practice/meetup/meetup_test.py::MeetupTest::test_last_saturday_in_another_month_with_four_saturdays
FAILED exercises/practice/meetup/meetup_test.py::MeetupTest::test_last_sunday_in_a_month_with_five_sundays
FAILED exercises/practice/meetup/meetup_test.py::MeetupTest::test_last_sunday_in_a_month_with_four_sundays
FAILED exercises/practice/meetup/meetup_test.py::MeetupTest::test_last_sunday_of_june_2024
FAILED exercises/practice/meetup/meetup_test.py::MeetupTest::test_last_thursday_in_a_month_with_five_thursdays
FAILED exercises/practice/meetup/meetup_test.py::MeetupTest::test_last_thursday_in_a_month_with_four_thursdays
FAILED exercises/practice/meetup/meetup_test.py::MeetupTest::test_last_tuesday_in_a_month_with_four_tuesdays
FAILED exercises/practice/meetup/meetup_test.py::MeetupTest::test_last_tuesday_in_another_month_with_four_tuesdays
FAILED exercises/practice/meetup/meetup_test.py::MeetupTest::test_last_wednesday_in_a_month_with_five_wednesdays
FAILED exercises/practice/meetup/meetup_test.py::MeetupTest::test_last_wednesday_in_a_month_with_four_wednesdays
FAILED exercises/practice/meetup/meetup_test.py::MeetupTest::test_last_wednesday_in_december_that_is_also_the_last_day_of_the_year
FAILED exercises/practice/meetup/meetup_test.py::MeetupTest::test_nonexistent_fifth_friday_of_august_2022
FAILED exercises/practice/meetup/meetup_test.py::MeetupTest::test_nonexistent_fifth_monday_of_february_2022
FAILED exercises/practice/meetup/meetup_test.py::MeetupTest::test_nonexistent_fifth_thursday_of_may_2023
FAILED exercises/practice/meetup/meetup_test.py::MeetupTest::test_teenth_friday_of_may_2022
FAILED exercises/practice/meetup/meetup_test.py::MeetupTest::test_when_first_friday_is_some_day_in_the_middle_of_the_first_week
FAILED exercises/practice/meetup/meetup_test.py::MeetupTest::test_when_first_friday_is_the_1st_the_first_day_of_the_first_week
FAILED exercises/practice/meetup/meetup_test.py::MeetupTest::test_when_first_friday_is_the_7th_the_last_day_of_the_first_week
FAILED exercises/practice/meetup/meetup_test.py::MeetupTest::test_when_first_monday_is_some_day_in_the_middle_of_the_first_week
FAILED exercises/practice/meetup/meetup_test.py::MeetupTest::test_when_first_monday_is_the_1st_the_first_day_of_the_first_week
FAILED exercises/practice/meetup/meetup_test.py::MeetupTest::test_when_first_saturday_is_another_day_in_the_middle_of_the_first_week
FAILED exercises/practice/meetup/meetup_test.py::MeetupTest::test_when_first_saturday_is_some_day_in_the_middle_of_the_first_week
FAILED exercises/practice/meetup/meetup_test.py::MeetupTest::test_when_first_sunday_is_some_day_in_the_middle_of_the_first_week
FAILED exercises/practice/meetup/meetup_test.py::MeetupTest::test_when_first_sunday_is_the_7th_the_last_day_of_the_first_week
FAILED exercises/practice/meetup/meetup_test.py::MeetupTest::test_when_first_thursday_is_another_day_in_the_middle_of_the_first_week
FAILED exercises/practice/meetup/meetup_test.py::MeetupTest::test_when_first_thursday_is_some_day_in_the_middle_of_the_first_week
FAILED exercises/practice/meetup/meetup_test.py::MeetupTest::test_when_first_tuesday_is_some_day_in_the_middle_of_the_first_week
FAILED exercises/practice/meetup/meetup_test.py::MeetupTest::test_when_first_tuesday_is_the_7th_the_last_day_of_the_first_week
FAILED exercises/practice/meetup/meetup_test.py::MeetupTest::test_when_first_wednesday_is_some_day_in_the_middle_of_the_first_week
FAILED exercises/practice/meetup/meetup_test.py::MeetupTest::test_when_first_wednesday_is_the_7th_the_last_day_of_the_first_week
FAILED exercises/practice/meetup/meetup_test.py::MeetupTest::test_when_fourth_friday_is_some_day_in_the_middle_of_the_fourth_week
FAILED exercises/practice/meetup/meetup_test.py::MeetupTest::test_when_fourth_friday_is_the_22nd_the_first_day_of_the_fourth_week
FAILED exercises/practice/meetup/meetup_test.py::MeetupTest::test_when_fourth_monday_is_some_day_in_the_middle_of_the_fourth_week
FAILED exercises/practice/meetup/meetup_test.py::MeetupTest::test_when_fourth_monday_is_the_22nd_the_first_day_of_the_fourth_week
FAILED exercises/practice/meetup/meetup_test.py::MeetupTest::test_when_fourth_saturday_is_another_day_in_the_middle_of_the_fourth_week
FAILED exercises/practice/meetup/meetup_test.py::MeetupTest::test_when_fourth_saturday_is_some_day_in_the_middle_of_the_fourth_week
FAILED exercises/practice/meetup/meetup_test.py::MeetupTest::test_when_fourth_sunday_is_some_day_in_the_middle_of_the_fourth_week
FAILED exercises/practice/meetup/meetup_test.py::MeetupTest::test_when_fourth_sunday_is_the_28th_the_last_day_of_the_fourth_week
FAILED exercises/practice/meetup/meetup_test.py::MeetupTest::test_when_fourth_thursday_is_another_day_in_the_middle_of_the_fourth_week
FAILED exercises/practice/meetup/meetup_test.py::MeetupTest::test_when_fourth_thursday_is_some_day_in_the_middle_of_the_fourth_week
FAILED exercises/practice/meetup/meetup_test.py::MeetupTest::test_when_fourth_tuesday_is_some_day_in_the_middle_of_the_fourth_week
FAILED exercises/practice/meetup/meetup_test.py::MeetupTest::test_when_fourth_tuesday_is_the_28th_the_last_day_of_the_fourth_week
FAILED exercises/practice/meetup/meetup_test.py::MeetupTest::test_when_fourth_wednesday_is_some_day_in_the_middle_of_the_fourth_week
FAILED exercises/practice/meetup/meetup_test.py::MeetupTest::test_when_fourth_wednesday_is_the_28th_the_last_day_of_the_fourth_week
FAILED exercises/practice/meetup/meetup_test.py::MeetupTest::test_when_last_sunday_in_february_in_a_non_leap_year_is_not_the_29th
FAILED exercises/practice/meetup/meetup_test.py::MeetupTest::test_when_last_wednesday_in_february_in_a_leap_year_is_the_29th
FAILED exercises/practice/meetup/meetup_test.py::MeetupTest::test_when_second_friday_is_some_day_in_the_middle_of_the_second_week
FAILED exercises/practice/meetup/meetup_test.py::MeetupTest::test_when_second_friday_is_the_8th_the_first_day_of_the_second_week
FAILED exercises/practice/meetup/meetup_test.py::MeetupTest::test_when_second_monday_is_some_day_in_the_middle_of_the_second_week
FAILED exercises/practice/meetup/meetup_test.py::MeetupTest::test_when_second_monday_is_the_8th_the_first_day_of_the_second_week
FAILED exercises/practice/meetup/meetup_test.py::MeetupTest::test_when_second_saturday_is_another_day_in_the_middle_of_the_second_week
FAILED exercises/practice/meetup/meetup_test.py::MeetupTest::test_when_second_saturday_is_some_day_in_the_middle_of_the_second_week
FAILED exercises/practice/meetup/meetup_test.py::MeetupTest::test_when_second_sunday_is_some_day_in_the_middle_of_the_second_week
FAILED exercises/practice/meetup/meetup_test.py::MeetupTest::test_when_second_sunday_is_the_14th_the_last_day_of_the_second_week
FAILED exercises/practice/meetup/meetup_test.py::MeetupTest::test_when_second_thursday_is_another_day_in_the_middle_of_the_second_week
FAILED exercises/practice/meetup/meetup_test.py::MeetupTest::test_when_second_thursday_is_some_day_in_the_middle_of_the_second_week
FAILED exercises/practice/meetup/meetup_test.py::MeetupTest::test_when_second_tuesday_is_some_day_in_the_middle_of_the_second_week
FAILED exercises/practice/meetup/meetup_test.py::MeetupTest::test_when_second_tuesday_is_the_14th_the_last_day_of_the_second_week
FAILED exercises/practice/meetup/meetup_test.py::MeetupTest::test_when_second_wednesday_is_some_day_in_the_middle_of_the_second_week
FAILED exercises/practice/meetup/meetup_test.py::MeetupTest::test_when_second_wednesday_is_the_14th_the_last_day_of_the_second_week
FAILED exercises/practice/meetup/meetup_test.py::MeetupTest::test_when_teenth_friday_is_some_day_in_the_middle_of_the_teenth_week
FAILED exercises/practice/meetup/meetup_test.py::MeetupTest::test_when_teenth_friday_is_the_13th_the_first_day_of_the_teenth_week
FAILED exercises/practice/meetup/meetup_test.py::MeetupTest::test_when_teenth_friday_is_the_19th_the_last_day_of_the_teenth_week
FAILED exercises/practice/meetup/meetup_test.py::MeetupTest::test_when_teenth_monday_is_some_day_in_the_middle_of_the_teenth_week
FAILED exercises/practice/meetup/meetup_test.py::MeetupTest::test_when_teenth_monday_is_the_13th_the_first_day_of_the_teenth_week
FAILED exercises/practice/meetup/meetup_test.py::MeetupTest::test_when_teenth_monday_is_the_19th_the_last_day_of_the_teenth_week
FAILED exercises/practice/meetup/meetup_test.py::MeetupTest::test_when_teenth_saturday_is_some_day_in_the_middle_of_the_teenth_week
FAILED exercises/practice/meetup/meetup_test.py::MeetupTest::test_when_teenth_saturday_is_the_13th_the_first_day_of_the_teenth_week
FAILED exercises/practice/meetup/meetup_test.py::MeetupTest::test_when_teenth_saturday_is_the_19th_the_last_day_of_the_teenth_week
FAILED exercises/practice/meetup/meetup_test.py::MeetupTest::test_when_teenth_sunday_is_some_day_in_the_middle_of_the_teenth_week
FAILED exercises/practice/meetup/meetup_test.py::MeetupTest::test_when_teenth_sunday_is_the_13th_the_first_day_of_the_teenth_week
FAILED exercises/practice/meetup/meetup_test.py::MeetupTest::test_when_teenth_sunday_is_the_19th_the_last_day_of_the_teenth_week
FAILED exercises/practice/meetup/meetup_test.py::MeetupTest::test_when_teenth_thursday_is_some_day_in_the_middle_of_the_teenth_week
FAILED exercises/practice/meetup/meetup_test.py::MeetupTest::test_when_teenth_thursday_is_the_13th_the_first_day_of_the_teenth_week
FAILED exercises/practice/meetup/meetup_test.py::MeetupTest::test_when_teenth_thursday_is_the_19th_the_last_day_of_the_teenth_week
FAILED exercises/practice/meetup/meetup_test.py::MeetupTest::test_when_teenth_tuesday_is_some_day_in_the_middle_of_the_teenth_week
FAILED exercises/practice/meetup/meetup_test.py::MeetupTest::test_when_teenth_tuesday_is_the_13th_the_first_day_of_the_teenth_week
FAILED exercises/practice/meetup/meetup_test.py::MeetupTest::test_when_teenth_tuesday_is_the_19th_the_last_day_of_the_teenth_week
FAILED exercises/practice/meetup/meetup_test.py::MeetupTest::test_when_teenth_wednesday_is_some_day_in_the_middle_of_the_teenth_week
FAILED exercises/practice/meetup/meetup_test.py::MeetupTest::test_when_teenth_wednesday_is_the_13th_the_first_day_of_the_teenth_week
FAILED exercises/practice/meetup/meetup_test.py::MeetupTest::test_when_teenth_wednesday_is_the_19th_the_last_day_of_the_teenth_week
FAILED exercises/practice/meetup/meetup_test.py::MeetupTest::test_when_third_friday_is_some_day_in_the_middle_of_the_third_week
FAILED exercises/practice/meetup/meetup_test.py::MeetupTest::test_when_third_friday_is_the_15th_the_first_day_of_the_third_week
FAILED exercises/practice/meetup/meetup_test.py::MeetupTest::test_when_third_monday_is_some_day_in_the_middle_of_the_third_week
FAILED exercises/practice/meetup/meetup_test.py::MeetupTest::test_when_third_monday_is_the_15th_the_first_day_of_the_third_week
FAILED exercises/practice/meetup/meetup_test.py::MeetupTest::test_when_third_saturday_is_another_day_in_the_middle_of_the_third_week
FAILED exercises/practice/meetup/meetup_test.py::MeetupTest::test_when_third_saturday_is_some_day_in_the_middle_of_the_third_week
FAILED exercises/practice/meetup/meetup_test.py::MeetupTest::test_when_third_sunday_is_some_day_in_the_middle_of_the_third_week
FAILED exercises/practice/meetup/meetup_test.py::MeetupTest::test_when_third_sunday_is_the_21st_the_last_day_of_the_third_week
FAILED exercises/practice/meetup/meetup_test.py::MeetupTest::test_when_third_thursday_is_another_day_in_the_middle_of_the_third_week
FAILED exercises/practice/meetup/meetup_test.py::MeetupTest::test_when_third_thursday_is_some_day_in_the_middle_of_the_third_week
FAILED exercises/practice/meetup/meetup_test.py::MeetupTest::test_when_third_tuesday_is_some_day_in_the_middle_of_the_third_week
FAILED exercises/practice/meetup/meetup_test.py::MeetupTest::test_when_third_tuesday_is_the_21st_the_last_day_of_the_third_week
FAILED exercises/practice/meetup/meetup_test.py::MeetupTest::test_when_third_wednesday_is_some_day_in_the_middle_of_the_third_week
FAILED exercises/practice/meetup/meetup_test.py::MeetupTest::test_when_third_wednesday_is_the_21st_the_last_day_of_the_third_week
============================= 103 failed in 1.01s ==============================
