============================= test session starts ==============================
platform linux -- Python 3.10.12, pytest-7.4.0, pluggy-1.3.0
rootdir: /home/jake/Development/mentat/tests/benchmarks/repos/exercism-python
configfile: pytest.ini
plugins: mock-3.11.1, reportlog-0.4.0, asyncio-0.21.1, xdist-3.3.1
asyncio: mode=strict
collected 8 items

exercises/practice/crypto-square/crypto_square_test.py FF.F.F..          [100%]

=================================== FAILURES ===================================
_ CryptoSquareTest.test_54_character_plaintext_results_in_7_chunks_the_last_two_with_trailing_spaces _

self = <crypto_square_test.CryptoSquareTest testMethod=test_54_character_plaintext_results_in_7_chunks_the_last_two_with_trailing_spaces>

    def test_54_character_plaintext_results_in_7_chunks_the_last_two_with_trailing_spaces(
        self,
    ):
        value = "If man was meant to stay on the ground, god would have given us roots."
        expected = "imtgdvs fearwer mayoogo anouuio ntnnlvt wttddes aohghn  sseoau "
>       self.assertEqual(cipher_text(value), expected)
E       AssertionError: 'imtgdvs fearwer mayoogo anouuio ntnnlvt wttddes aohghn  sseoau' != 'imtgdvs fearwer mayoogo anouuio ntnnlvt wttddes aohghn  sseoau '
E       - imtgdvs fearwer mayoogo anouuio ntnnlvt wttddes aohghn  sseoau
E       + imtgdvs fearwer mayoogo anouuio ntnnlvt wttddes aohghn  sseoau 
E       ?                                                               +

exercises/practice/crypto-square/crypto_square_test.py:55: AssertionError
_ CryptoSquareTest.test_8_character_plaintext_results_in_3_chunks_the_last_one_with_a_trailing_space _

self = <crypto_square_test.CryptoSquareTest testMethod=test_8_character_plaintext_results_in_3_chunks_the_last_one_with_a_trailing_space>

    def test_8_character_plaintext_results_in_3_chunks_the_last_one_with_a_trailing_space(
        self,
    ):
        value = "Chill out."
        expected = "clu hlt io "
>       self.assertEqual(cipher_text(value), expected)
E       AssertionError: 'clu hlt io' != 'clu hlt io '
E       - clu hlt io
E       + clu hlt io 
E       ?           +

exercises/practice/crypto-square/crypto_square_test.py:48: AssertionError
_____ CryptoSquareTest.test_empty_plaintext_results_in_an_empty_ciphertext _____

self = <crypto_square_test.CryptoSquareTest testMethod=test_empty_plaintext_results_in_an_empty_ciphertext>

    def test_empty_plaintext_results_in_an_empty_ciphertext(self):
        value = ""
        expected = ""
>       self.assertEqual(cipher_text(value), expected)

exercises/practice/crypto-square/crypto_square_test.py:16: 
_ _ _ _ _ _ _ _ _ _ _ _ _ _ _ _ _ _ _ _ _ _ _ _ _ _ _ _ _ _ _ _ _ _ _ _ _ _ _ _ 

plain_text = ''

    def cipher_text(plain_text):
        # Normalize the input
        normalized_text = re.sub(r'[^a-z0-9]', '', plain_text.lower())
    
        # Calculate the number of columns and rows
        length = len(normalized_text)
        c = math.ceil(math.sqrt(length))
>       r = math.ceil(length / c)
E       ZeroDivisionError: division by zero

exercises/practice/crypto-square/crypto_square.py:11: ZeroDivisionError
________ CryptoSquareTest.test_normalization_results_in_empty_plaintext ________

self = <crypto_square_test.CryptoSquareTest testMethod=test_normalization_results_in_empty_plaintext>

    def test_normalization_results_in_empty_plaintext(self):
        value = "... --- ..."
        expected = ""
>       self.assertEqual(cipher_text(value), expected)

exercises/practice/crypto-square/crypto_square_test.py:21: 
_ _ _ _ _ _ _ _ _ _ _ _ _ _ _ _ _ _ _ _ _ _ _ _ _ _ _ _ _ _ _ _ _ _ _ _ _ _ _ _ 

plain_text = '... --- ...'

    def cipher_text(plain_text):
        # Normalize the input
        normalized_text = re.sub(r'[^a-z0-9]', '', plain_text.lower())
    
        # Calculate the number of columns and rows
        length = len(normalized_text)
        c = math.ceil(math.sqrt(length))
>       r = math.ceil(length / c)
E       ZeroDivisionError: division by zero

exercises/practice/crypto-square/crypto_square.py:11: ZeroDivisionError
=========================== short test summary info ============================
FAILED exercises/practice/crypto-square/crypto_square_test.py::CryptoSquareTest::test_54_character_plaintext_results_in_7_chunks_the_last_two_with_trailing_spaces
FAILED exercises/practice/crypto-square/crypto_square_test.py::CryptoSquareTest::test_8_character_plaintext_results_in_3_chunks_the_last_one_with_a_trailing_space
FAILED exercises/practice/crypto-square/crypto_square_test.py::CryptoSquareTest::test_empty_plaintext_results_in_an_empty_ciphertext
FAILED exercises/practice/crypto-square/crypto_square_test.py::CryptoSquareTest::test_normalization_results_in_empty_plaintext
========================= 4 failed, 4 passed in 0.04s ==========================
