============================= test session starts ==============================
platform linux -- Python 3.10.12, pytest-7.4.0, pluggy-1.3.0
rootdir: /home/jake/Development/mentat/tests/benchmarks/repos/exercism-python
configfile: pytest.ini
plugins: mock-3.11.1, reportlog-0.4.0, asyncio-0.21.1, xdist-3.3.1
asyncio: mode=strict
collected 18 items

exercises/practice/robot-simulator/robot_simulator_test.py FFFFFFFFFFFFF [ 72%]
FFFFF                                                                    [100%]

=================================== FAILURES ===================================
__________ RobotSimulatorTest.test_at_negative_position_facing_south ___________

self = <robot_simulator_test.RobotSimulatorTest testMethod=test_at_negative_position_facing_south>

    def test_at_negative_position_facing_south(self):
        robot = Robot(SOUTH, -1, -1)
    
>       self.assertEqual(robot.coordinates, (-1, -1))

exercises/practice/robot-simulator/robot_simulator_test.py:28: 
_ _ _ _ _ _ _ _ _ _ _ _ _ _ _ _ _ _ _ _ _ _ _ _ _ _ _ _ _ _ _ _ _ _ _ _ _ _ _ _ 

self = <robot_simulator.Robot object at 0x7fd2eb2f4b50>

    @property
    def coordinates(self):
>       return (self.x, self.y)
E       AttributeError: 'Robot' object has no attribute 'x'

exercises/practice/robot-simulator/robot_simulator.py:14: AttributeError
________________ RobotSimulatorTest.test_at_origin_facing_north ________________

self = <robot_simulator_test.RobotSimulatorTest testMethod=test_at_origin_facing_north>

    def test_at_origin_facing_north(self):
        robot = Robot(NORTH, 0, 0)
    
>       self.assertEqual(robot.coordinates, (0, 0))

exercises/practice/robot-simulator/robot_simulator_test.py:22: 
_ _ _ _ _ _ _ _ _ _ _ _ _ _ _ _ _ _ _ _ _ _ _ _ _ _ _ _ _ _ _ _ _ _ _ _ _ _ _ _ 

self = <robot_simulator.Robot object at 0x7fd2ebaf71f0>

    @property
    def coordinates(self):
>       return (self.x, self.y)
E       AttributeError: 'Robot' object has no attribute 'x'

exercises/practice/robot-simulator/robot_simulator.py:14: AttributeError
________________ RobotSimulatorTest.test_changes_east_to_north _________________

self = <robot_simulator_test.RobotSimulatorTest testMethod=test_changes_east_to_north>

    def test_changes_east_to_north(self):
        robot = Robot(EAST, 0, 0)
        robot.move("L")
    
>       self.assertEqual(robot.coordinates, (0, 0))

exercises/practice/robot-simulator/robot_simulator_test.py:86: 
_ _ _ _ _ _ _ _ _ _ _ _ _ _ _ _ _ _ _ _ _ _ _ _ _ _ _ _ _ _ _ _ _ _ _ _ _ _ _ _ 

self = <robot_simulator.Robot object at 0x7fd2eb2d3940>

    @property
    def coordinates(self):
>       return (self.x, self.y)
E       AttributeError: 'Robot' object has no attribute 'x'

exercises/practice/robot-simulator/robot_simulator.py:14: AttributeError
________________ RobotSimulatorTest.test_changes_east_to_south _________________

self = <robot_simulator_test.RobotSimulatorTest testMethod=test_changes_east_to_south>

    def test_changes_east_to_south(self):
        robot = Robot(EAST, 0, 0)
        robot.move("R")
    
>       self.assertEqual(robot.coordinates, (0, 0))

exercises/practice/robot-simulator/robot_simulator_test.py:43: 
_ _ _ _ _ _ _ _ _ _ _ _ _ _ _ _ _ _ _ _ _ _ _ _ _ _ _ _ _ _ _ _ _ _ _ _ _ _ _ _ 

self = <robot_simulator.Robot object at 0x7fd2eb2f4b20>

    @property
    def coordinates(self):
>       return (self.x, self.y)
E       AttributeError: 'Robot' object has no attribute 'x'

exercises/practice/robot-simulator/robot_simulator.py:14: AttributeError
________________ RobotSimulatorTest.test_changes_north_to_east _________________

self = <robot_simulator_test.RobotSimulatorTest testMethod=test_changes_north_to_east>

    def test_changes_north_to_east(self):
        robot = Robot(NORTH, 0, 0)
        robot.move("R")
    
>       self.assertEqual(robot.coordinates, (0, 0))

exercises/practice/robot-simulator/robot_simulator_test.py:36: 
_ _ _ _ _ _ _ _ _ _ _ _ _ _ _ _ _ _ _ _ _ _ _ _ _ _ _ _ _ _ _ _ _ _ _ _ _ _ _ _ 

self = <robot_simulator.Robot object at 0x7fd2ebaf6a40>

    @property
    def coordinates(self):
>       return (self.x, self.y)
E       AttributeError: 'Robot' object has no attribute 'x'

exercises/practice/robot-simulator/robot_simulator.py:14: AttributeError
________________ RobotSimulatorTest.test_changes_north_to_west _________________

self = <robot_simulator_test.RobotSimulatorTest testMethod=test_changes_north_to_west>

    def test_changes_north_to_west(self):
        robot = Robot(NORTH, 0, 0)
        robot.move("L")
    
>       self.assertEqual(robot.coordinates, (0, 0))

exercises/practice/robot-simulator/robot_simulator_test.py:65: 
_ _ _ _ _ _ _ _ _ _ _ _ _ _ _ _ _ _ _ _ _ _ _ _ _ _ _ _ _ _ _ _ _ _ _ _ _ _ _ _ 

self = <robot_simulator.Robot object at 0x7fd2eb36fe50>

    @property
    def coordinates(self):
>       return (self.x, self.y)
E       AttributeError: 'Robot' object has no attribute 'x'

exercises/practice/robot-simulator/robot_simulator.py:14: AttributeError
________________ RobotSimulatorTest.test_changes_south_to_east _________________

self = <robot_simulator_test.RobotSimulatorTest testMethod=test_changes_south_to_east>

    def test_changes_south_to_east(self):
        robot = Robot(SOUTH, 0, 0)
        robot.move("L")
    
>       self.assertEqual(robot.coordinates, (0, 0))

exercises/practice/robot-simulator/robot_simulator_test.py:79: 
_ _ _ _ _ _ _ _ _ _ _ _ _ _ _ _ _ _ _ _ _ _ _ _ _ _ _ _ _ _ _ _ _ _ _ _ _ _ _ _ 

self = <robot_simulator.Robot object at 0x7fd2eb362050>

    @property
    def coordinates(self):
>       return (self.x, self.y)
E       AttributeError: 'Robot' object has no attribute 'x'

exercises/practice/robot-simulator/robot_simulator.py:14: AttributeError
________________ RobotSimulatorTest.test_changes_south_to_west _________________

self = <robot_simulator_test.RobotSimulatorTest testMethod=test_changes_south_to_west>

    def test_changes_south_to_west(self):
        robot = Robot(SOUTH, 0, 0)
        robot.move("R")
    
>       self.assertEqual(robot.coordinates, (0, 0))

exercises/practice/robot-simulator/robot_simulator_test.py:50: 
_ _ _ _ _ _ _ _ _ _ _ _ _ _ _ _ _ _ _ _ _ _ _ _ _ _ _ _ _ _ _ _ _ _ _ _ _ _ _ _ 

self = <robot_simulator.Robot object at 0x7fd2eb2f5000>

    @property
    def coordinates(self):
>       return (self.x, self.y)
E       AttributeError: 'Robot' object has no attribute 'x'

exercises/practice/robot-simulator/robot_simulator.py:14: AttributeError
________________ RobotSimulatorTest.test_changes_west_to_north _________________

self = <robot_simulator_test.RobotSimulatorTest testMethod=test_changes_west_to_north>

    def test_changes_west_to_north(self):
        robot = Robot(WEST, 0, 0)
        robot.move("R")
    
>       self.assertEqual(robot.coordinates, (0, 0))

exercises/practice/robot-simulator/robot_simulator_test.py:57: 
_ _ _ _ _ _ _ _ _ _ _ _ _ _ _ _ _ _ _ _ _ _ _ _ _ _ _ _ _ _ _ _ _ _ _ _ _ _ _ _ 

self = <robot_simulator.Robot object at 0x7fd2eb2d2980>

    @property
    def coordinates(self):
>       return (self.x, self.y)
E       AttributeError: 'Robot' object has no attribute 'x'

exercises/practice/robot-simulator/robot_simulator.py:14: AttributeError
________________ RobotSimulatorTest.test_changes_west_to_south _________________

self = <robot_simulator_test.RobotSimulatorTest testMethod=test_changes_west_to_south>

    def test_changes_west_to_south(self):
        robot = Robot(WEST, 0, 0)
        robot.move("L")
    
>       self.assertEqual(robot.coordinates, (0, 0))

exercises/practice/robot-simulator/robot_simulator_test.py:72: 
_ _ _ _ _ _ _ _ _ _ _ _ _ _ _ _ _ _ _ _ _ _ _ _ _ _ _ _ _ _ _ _ _ _ _ _ _ _ _ _ 

self = <robot_simulator.Robot object at 0x7fd2ebaf63e0>

    @property
    def coordinates(self):
>       return (self.x, self.y)
E       AttributeError: 'Robot' object has no attribute 'x'

exercises/practice/robot-simulator/robot_simulator.py:14: AttributeError
_______________ RobotSimulatorTest.test_facing_east_increments_x _______________

self = <robot_simulator_test.RobotSimulatorTest testMethod=test_facing_east_increments_x>

    def test_facing_east_increments_x(self):
        robot = Robot(EAST, 0, 0)
>       robot.move("A")

exercises/practice/robot-simulator/robot_simulator_test.py:106: 
_ _ _ _ _ _ _ _ _ _ _ _ _ _ _ _ _ _ _ _ _ _ _ _ _ _ _ _ _ _ _ _ _ _ _ _ _ _ _ _ 
exercises/practice/robot-simulator/robot_simulator.py:48: in move
    self.advance()
_ _ _ _ _ _ _ _ _ _ _ _ _ _ _ _ _ _ _ _ _ _ _ _ _ _ _ _ _ _ _ _ _ _ _ _ _ _ _ _ 

self = <robot_simulator.Robot object at 0x7fd2eb3618a0>

    def advance(self):
        if self.direction == NORTH:
            self.y += 1
        elif self.direction == EAST:
>           self.x += 1
E           AttributeError: 'Robot' object has no attribute 'x'

exercises/practice/robot-simulator/robot_simulator.py:35: AttributeError
______________ RobotSimulatorTest.test_facing_north_increments_y _______________

self = <robot_simulator_test.RobotSimulatorTest testMethod=test_facing_north_increments_y>

    def test_facing_north_increments_y(self):
        robot = Robot(NORTH, 0, 0)
>       robot.move("A")

exercises/practice/robot-simulator/robot_simulator_test.py:92: 
_ _ _ _ _ _ _ _ _ _ _ _ _ _ _ _ _ _ _ _ _ _ _ _ _ _ _ _ _ _ _ _ _ _ _ _ _ _ _ _ 
exercises/practice/robot-simulator/robot_simulator.py:48: in move
    self.advance()
_ _ _ _ _ _ _ _ _ _ _ _ _ _ _ _ _ _ _ _ _ _ _ _ _ _ _ _ _ _ _ _ _ _ _ _ _ _ _ _ 

self = <robot_simulator.Robot object at 0x7fd2eb2d31c0>

    def advance(self):
        if self.direction == NORTH:
>           self.y += 1
E           AttributeError: 'Robot' object has no attribute 'y'

exercises/practice/robot-simulator/robot_simulator.py:33: AttributeError
______________ RobotSimulatorTest.test_facing_south_decrements_y _______________

self = <robot_simulator_test.RobotSimulatorTest testMethod=test_facing_south_decrements_y>

    def test_facing_south_decrements_y(self):
        robot = Robot(SOUTH, 0, 0)
>       robot.move("A")

exercises/practice/robot-simulator/robot_simulator_test.py:99: 
_ _ _ _ _ _ _ _ _ _ _ _ _ _ _ _ _ _ _ _ _ _ _ _ _ _ _ _ _ _ _ _ _ _ _ _ _ _ _ _ 
exercises/practice/robot-simulator/robot_simulator.py:48: in move
    self.advance()
_ _ _ _ _ _ _ _ _ _ _ _ _ _ _ _ _ _ _ _ _ _ _ _ _ _ _ _ _ _ _ _ _ _ _ _ _ _ _ _ 

self = <robot_simulator.Robot object at 0x7fd2eb36f970>

    def advance(self):
        if self.direction == NORTH:
            self.y += 1
        elif self.direction == EAST:
            self.x += 1
        elif self.direction == SOUTH:
>           self.y -= 1
E           AttributeError: 'Robot' object has no attribute 'y'

exercises/practice/robot-simulator/robot_simulator.py:37: AttributeError
_______________ RobotSimulatorTest.test_facing_west_decrements_x _______________

self = <robot_simulator_test.RobotSimulatorTest testMethod=test_facing_west_decrements_x>

    def test_facing_west_decrements_x(self):
        robot = Robot(WEST, 0, 0)
>       robot.move("A")

exercises/practice/robot-simulator/robot_simulator_test.py:113: 
_ _ _ _ _ _ _ _ _ _ _ _ _ _ _ _ _ _ _ _ _ _ _ _ _ _ _ _ _ _ _ _ _ _ _ _ _ _ _ _ 
exercises/practice/robot-simulator/robot_simulator.py:48: in move
    self.advance()
_ _ _ _ _ _ _ _ _ _ _ _ _ _ _ _ _ _ _ _ _ _ _ _ _ _ _ _ _ _ _ _ _ _ _ _ _ _ _ _ 

self = <robot_simulator.Robot object at 0x7fd2eb1abee0>

    def advance(self):
        if self.direction == NORTH:
            self.y += 1
        elif self.direction == EAST:
            self.x += 1
        elif self.direction == SOUTH:
            self.y -= 1
        elif self.direction == WEST:
>           self.x -= 1
E           AttributeError: 'Robot' object has no attribute 'x'

exercises/practice/robot-simulator/robot_simulator.py:39: AttributeError
________________ RobotSimulatorTest.test_moving_east_and_north _________________

self = <robot_simulator_test.RobotSimulatorTest testMethod=test_moving_east_and_north>

    def test_moving_east_and_north(self):
        robot = Robot(SOUTH, 8, 4)
>       robot.move("LAAARRRALLLL")

exercises/practice/robot-simulator/robot_simulator_test.py:142: 
_ _ _ _ _ _ _ _ _ _ _ _ _ _ _ _ _ _ _ _ _ _ _ _ _ _ _ _ _ _ _ _ _ _ _ _ _ _ _ _ 
exercises/practice/robot-simulator/robot_simulator.py:48: in move
    self.advance()
_ _ _ _ _ _ _ _ _ _ _ _ _ _ _ _ _ _ _ _ _ _ _ _ _ _ _ _ _ _ _ _ _ _ _ _ _ _ _ _ 

self = <robot_simulator.Robot object at 0x7fd2eb362680>

    def advance(self):
        if self.direction == NORTH:
            self.y += 1
        elif self.direction == EAST:
>           self.x += 1
E           AttributeError: 'Robot' object has no attribute 'x'

exercises/practice/robot-simulator/robot_simulator.py:35: AttributeError
__________ RobotSimulatorTest.test_moving_east_and_north_from_readme ___________

self = <robot_simulator_test.RobotSimulatorTest testMethod=test_moving_east_and_north_from_readme>

    def test_moving_east_and_north_from_readme(self):
        robot = Robot(NORTH, 7, 3)
>       robot.move("RAALAL")

exercises/practice/robot-simulator/robot_simulator_test.py:121: 
_ _ _ _ _ _ _ _ _ _ _ _ _ _ _ _ _ _ _ _ _ _ _ _ _ _ _ _ _ _ _ _ _ _ _ _ _ _ _ _ 
exercises/practice/robot-simulator/robot_simulator.py:48: in move
    self.advance()
_ _ _ _ _ _ _ _ _ _ _ _ _ _ _ _ _ _ _ _ _ _ _ _ _ _ _ _ _ _ _ _ _ _ _ _ _ _ _ _ 

self = <robot_simulator.Robot object at 0x7fd2eb36c1c0>

    def advance(self):
        if self.direction == NORTH:
            self.y += 1
        elif self.direction == EAST:
>           self.x += 1
E           AttributeError: 'Robot' object has no attribute 'x'

exercises/practice/robot-simulator/robot_simulator.py:35: AttributeError
________________ RobotSimulatorTest.test_moving_west_and_north _________________

self = <robot_simulator_test.RobotSimulatorTest testMethod=test_moving_west_and_north>

    def test_moving_west_and_north(self):
        robot = Robot(NORTH, 0, 0)
>       robot.move("LAAARALA")

exercises/practice/robot-simulator/robot_simulator_test.py:128: 
_ _ _ _ _ _ _ _ _ _ _ _ _ _ _ _ _ _ _ _ _ _ _ _ _ _ _ _ _ _ _ _ _ _ _ _ _ _ _ _ 
exercises/practice/robot-simulator/robot_simulator.py:48: in move
    self.advance()
_ _ _ _ _ _ _ _ _ _ _ _ _ _ _ _ _ _ _ _ _ _ _ _ _ _ _ _ _ _ _ _ _ _ _ _ _ _ _ _ 

self = <robot_simulator.Robot object at 0x7fd2eb368580>

    def advance(self):
        if self.direction == NORTH:
            self.y += 1
        elif self.direction == EAST:
            self.x += 1
        elif self.direction == SOUTH:
            self.y -= 1
        elif self.direction == WEST:
>           self.x -= 1
E           AttributeError: 'Robot' object has no attribute 'x'

exercises/practice/robot-simulator/robot_simulator.py:39: AttributeError
________________ RobotSimulatorTest.test_moving_west_and_south _________________

self = <robot_simulator_test.RobotSimulatorTest testMethod=test_moving_west_and_south>

    def test_moving_west_and_south(self):
        robot = Robot(EAST, 2, -7)
>       robot.move("RRAAAAALA")

exercises/practice/robot-simulator/robot_simulator_test.py:135: 
_ _ _ _ _ _ _ _ _ _ _ _ _ _ _ _ _ _ _ _ _ _ _ _ _ _ _ _ _ _ _ _ _ _ _ _ _ _ _ _ 
exercises/practice/robot-simulator/robot_simulator.py:48: in move
    self.advance()
_ _ _ _ _ _ _ _ _ _ _ _ _ _ _ _ _ _ _ _ _ _ _ _ _ _ _ _ _ _ _ _ _ _ _ _ _ _ _ _ 

self = <robot_simulator.Robot object at 0x7fd2eb2d25f0>

    def advance(self):
        if self.direction == NORTH:
            self.y += 1
        elif self.direction == EAST:
            self.x += 1
        elif self.direction == SOUTH:
            self.y -= 1
        elif self.direction == WEST:
>           self.x -= 1
E           AttributeError: 'Robot' object has no attribute 'x'

exercises/practice/robot-simulator/robot_simulator.py:39: AttributeError
=========================== short test summary info ============================
FAILED exercises/practice/robot-simulator/robot_simulator_test.py::RobotSimulatorTest::test_at_negative_position_facing_south
FAILED exercises/practice/robot-simulator/robot_simulator_test.py::RobotSimulatorTest::test_at_origin_facing_north
FAILED exercises/practice/robot-simulator/robot_simulator_test.py::RobotSimulatorTest::test_changes_east_to_north
FAILED exercises/practice/robot-simulator/robot_simulator_test.py::RobotSimulatorTest::test_changes_east_to_south
FAILED exercises/practice/robot-simulator/robot_simulator_test.py::RobotSimulatorTest::test_changes_north_to_east
FAILED exercises/practice/robot-simulator/robot_simulator_test.py::RobotSimulatorTest::test_changes_north_to_west
FAILED exercises/practice/robot-simulator/robot_simulator_test.py::RobotSimulatorTest::test_changes_south_to_east
FAILED exercises/practice/robot-simulator/robot_simulator_test.py::RobotSimulatorTest::test_changes_south_to_west
FAILED exercises/practice/robot-simulator/robot_simulator_test.py::RobotSimulatorTest::test_changes_west_to_north
FAILED exercises/practice/robot-simulator/robot_simulator_test.py::RobotSimulatorTest::test_changes_west_to_south
FAILED exercises/practice/robot-simulator/robot_simulator_test.py::RobotSimulatorTest::test_facing_east_increments_x
FAILED exercises/practice/robot-simulator/robot_simulator_test.py::RobotSimulatorTest::test_facing_north_increments_y
FAILED exercises/practice/robot-simulator/robot_simulator_test.py::RobotSimulatorTest::test_facing_south_decrements_y
FAILED exercises/practice/robot-simulator/robot_simulator_test.py::RobotSimulatorTest::test_facing_west_decrements_x
FAILED exercises/practice/robot-simulator/robot_simulator_test.py::RobotSimulatorTest::test_moving_east_and_north
FAILED exercises/practice/robot-simulator/robot_simulator_test.py::RobotSimulatorTest::test_moving_east_and_north_from_readme
FAILED exercises/practice/robot-simulator/robot_simulator_test.py::RobotSimulatorTest::test_moving_west_and_north
FAILED exercises/practice/robot-simulator/robot_simulator_test.py::RobotSimulatorTest::test_moving_west_and_south
============================== 18 failed in 0.12s ==============================
