============================= test session starts ==============================
platform linux -- Python 3.10.12, pytest-7.4.0, pluggy-1.2.0
rootdir: /home/jake/Development/exercism-python
configfile: pytest.ini
plugins: mock-3.11.1, reportlog-0.4.0, repeat-0.9.1
collected 18 items

exercises/practice/robot-simulator/robot_simulator_test.py FFFFFFFFFFFFF [ 72%]
FFFFF                                                                    [100%]

=================================== FAILURES ===================================
__________ RobotSimulatorTest.test_at_negative_position_facing_south ___________

self = <robot_simulator_test.RobotSimulatorTest testMethod=test_at_negative_position_facing_south>

    def test_at_negative_position_facing_south(self):
        robot = Robot(SOUTH, -1, -1)
    
>       self.assertEqual(robot.coordinates, (-1, -1))
E       AttributeError: 'Robot' object has no attribute 'coordinates'

exercises/practice/robot-simulator/robot_simulator_test.py:28: AttributeError
________________ RobotSimulatorTest.test_at_origin_facing_north ________________

self = <robot_simulator_test.RobotSimulatorTest testMethod=test_at_origin_facing_north>

    def test_at_origin_facing_north(self):
        robot = Robot(NORTH, 0, 0)
    
>       self.assertEqual(robot.coordinates, (0, 0))
E       AttributeError: 'Robot' object has no attribute 'coordinates'

exercises/practice/robot-simulator/robot_simulator_test.py:22: AttributeError
________________ RobotSimulatorTest.test_changes_east_to_north _________________

self = <robot_simulator_test.RobotSimulatorTest testMethod=test_changes_east_to_north>

    def test_changes_east_to_north(self):
        robot = Robot(EAST, 0, 0)
>       robot.move("L")
E       TypeError: Robot.move() takes 1 positional argument but 2 were given

exercises/practice/robot-simulator/robot_simulator_test.py:84: TypeError
________________ RobotSimulatorTest.test_changes_east_to_south _________________

self = <robot_simulator_test.RobotSimulatorTest testMethod=test_changes_east_to_south>

    def test_changes_east_to_south(self):
        robot = Robot(EAST, 0, 0)
>       robot.move("R")
E       TypeError: Robot.move() takes 1 positional argument but 2 were given

exercises/practice/robot-simulator/robot_simulator_test.py:41: TypeError
________________ RobotSimulatorTest.test_changes_north_to_east _________________

self = <robot_simulator_test.RobotSimulatorTest testMethod=test_changes_north_to_east>

    def test_changes_north_to_east(self):
        robot = Robot(NORTH, 0, 0)
>       robot.move("R")
E       TypeError: Robot.move() takes 1 positional argument but 2 were given

exercises/practice/robot-simulator/robot_simulator_test.py:34: TypeError
________________ RobotSimulatorTest.test_changes_north_to_west _________________

self = <robot_simulator_test.RobotSimulatorTest testMethod=test_changes_north_to_west>

    def test_changes_north_to_west(self):
        robot = Robot(NORTH, 0, 0)
>       robot.move("L")
E       TypeError: Robot.move() takes 1 positional argument but 2 were given

exercises/practice/robot-simulator/robot_simulator_test.py:63: TypeError
________________ RobotSimulatorTest.test_changes_south_to_east _________________

self = <robot_simulator_test.RobotSimulatorTest testMethod=test_changes_south_to_east>

    def test_changes_south_to_east(self):
        robot = Robot(SOUTH, 0, 0)
>       robot.move("L")
E       TypeError: Robot.move() takes 1 positional argument but 2 were given

exercises/practice/robot-simulator/robot_simulator_test.py:77: TypeError
________________ RobotSimulatorTest.test_changes_south_to_west _________________

self = <robot_simulator_test.RobotSimulatorTest testMethod=test_changes_south_to_west>

    def test_changes_south_to_west(self):
        robot = Robot(SOUTH, 0, 0)
>       robot.move("R")
E       TypeError: Robot.move() takes 1 positional argument but 2 were given

exercises/practice/robot-simulator/robot_simulator_test.py:48: TypeError
________________ RobotSimulatorTest.test_changes_west_to_north _________________

self = <robot_simulator_test.RobotSimulatorTest testMethod=test_changes_west_to_north>

    def test_changes_west_to_north(self):
        robot = Robot(WEST, 0, 0)
>       robot.move("R")
E       TypeError: Robot.move() takes 1 positional argument but 2 were given

exercises/practice/robot-simulator/robot_simulator_test.py:55: TypeError
________________ RobotSimulatorTest.test_changes_west_to_south _________________

self = <robot_simulator_test.RobotSimulatorTest testMethod=test_changes_west_to_south>

    def test_changes_west_to_south(self):
        robot = Robot(WEST, 0, 0)
>       robot.move("L")
E       TypeError: Robot.move() takes 1 positional argument but 2 were given

exercises/practice/robot-simulator/robot_simulator_test.py:70: TypeError
_______________ RobotSimulatorTest.test_facing_east_increments_x _______________

self = <robot_simulator_test.RobotSimulatorTest testMethod=test_facing_east_increments_x>

    def test_facing_east_increments_x(self):
        robot = Robot(EAST, 0, 0)
>       robot.move("A")
E       TypeError: Robot.move() takes 1 positional argument but 2 were given

exercises/practice/robot-simulator/robot_simulator_test.py:106: TypeError
______________ RobotSimulatorTest.test_facing_north_increments_y _______________

self = <robot_simulator_test.RobotSimulatorTest testMethod=test_facing_north_increments_y>

    def test_facing_north_increments_y(self):
        robot = Robot(NORTH, 0, 0)
>       robot.move("A")
E       TypeError: Robot.move() takes 1 positional argument but 2 were given

exercises/practice/robot-simulator/robot_simulator_test.py:92: TypeError
______________ RobotSimulatorTest.test_facing_south_decrements_y _______________

self = <robot_simulator_test.RobotSimulatorTest testMethod=test_facing_south_decrements_y>

    def test_facing_south_decrements_y(self):
        robot = Robot(SOUTH, 0, 0)
>       robot.move("A")
E       TypeError: Robot.move() takes 1 positional argument but 2 were given

exercises/practice/robot-simulator/robot_simulator_test.py:99: TypeError
_______________ RobotSimulatorTest.test_facing_west_decrements_x _______________

self = <robot_simulator_test.RobotSimulatorTest testMethod=test_facing_west_decrements_x>

    def test_facing_west_decrements_x(self):
        robot = Robot(WEST, 0, 0)
>       robot.move("A")
E       TypeError: Robot.move() takes 1 positional argument but 2 were given

exercises/practice/robot-simulator/robot_simulator_test.py:113: TypeError
________________ RobotSimulatorTest.test_moving_east_and_north _________________

self = <robot_simulator_test.RobotSimulatorTest testMethod=test_moving_east_and_north>

    def test_moving_east_and_north(self):
        robot = Robot(SOUTH, 8, 4)
>       robot.move("LAAARRRALLLL")
E       TypeError: Robot.move() takes 1 positional argument but 2 were given

exercises/practice/robot-simulator/robot_simulator_test.py:142: TypeError
__________ RobotSimulatorTest.test_moving_east_and_north_from_readme ___________

self = <robot_simulator_test.RobotSimulatorTest testMethod=test_moving_east_and_north_from_readme>

    def test_moving_east_and_north_from_readme(self):
        robot = Robot(NORTH, 7, 3)
>       robot.move("RAALAL")
E       TypeError: Robot.move() takes 1 positional argument but 2 were given

exercises/practice/robot-simulator/robot_simulator_test.py:121: TypeError
________________ RobotSimulatorTest.test_moving_west_and_north _________________

self = <robot_simulator_test.RobotSimulatorTest testMethod=test_moving_west_and_north>

    def test_moving_west_and_north(self):
        robot = Robot(NORTH, 0, 0)
>       robot.move("LAAARALA")
E       TypeError: Robot.move() takes 1 positional argument but 2 were given

exercises/practice/robot-simulator/robot_simulator_test.py:128: TypeError
________________ RobotSimulatorTest.test_moving_west_and_south _________________

self = <robot_simulator_test.RobotSimulatorTest testMethod=test_moving_west_and_south>

    def test_moving_west_and_south(self):
        robot = Robot(EAST, 2, -7)
>       robot.move("RRAAAAALA")
E       TypeError: Robot.move() takes 1 positional argument but 2 were given

exercises/practice/robot-simulator/robot_simulator_test.py:135: TypeError
=========================== short test summary info ============================
FAILED exercises/practice/robot-simulator/robot_simulator_test.py::RobotSimulatorTest::test_at_negative_position_facing_south
FAILED exercises/practice/robot-simulator/robot_simulator_test.py::RobotSimulatorTest::test_at_origin_facing_north
FAILED exercises/practice/robot-simulator/robot_simulator_test.py::RobotSimulatorTest::test_changes_east_to_north
FAILED exercises/practice/robot-simulator/robot_simulator_test.py::RobotSimulatorTest::test_changes_east_to_south
FAILED exercises/practice/robot-simulator/robot_simulator_test.py::RobotSimulatorTest::test_changes_north_to_east
FAILED exercises/practice/robot-simulator/robot_simulator_test.py::RobotSimulatorTest::test_changes_north_to_west
FAILED exercises/practice/robot-simulator/robot_simulator_test.py::RobotSimulatorTest::test_changes_south_to_east
FAILED exercises/practice/robot-simulator/robot_simulator_test.py::RobotSimulatorTest::test_changes_south_to_west
FAILED exercises/practice/robot-simulator/robot_simulator_test.py::RobotSimulatorTest::test_changes_west_to_north
FAILED exercises/practice/robot-simulator/robot_simulator_test.py::RobotSimulatorTest::test_changes_west_to_south
FAILED exercises/practice/robot-simulator/robot_simulator_test.py::RobotSimulatorTest::test_facing_east_increments_x
FAILED exercises/practice/robot-simulator/robot_simulator_test.py::RobotSimulatorTest::test_facing_north_increments_y
FAILED exercises/practice/robot-simulator/robot_simulator_test.py::RobotSimulatorTest::test_facing_south_decrements_y
FAILED exercises/practice/robot-simulator/robot_simulator_test.py::RobotSimulatorTest::test_facing_west_decrements_x
FAILED exercises/practice/robot-simulator/robot_simulator_test.py::RobotSimulatorTest::test_moving_east_and_north
FAILED exercises/practice/robot-simulator/robot_simulator_test.py::RobotSimulatorTest::test_moving_east_and_north_from_readme
FAILED exercises/practice/robot-simulator/robot_simulator_test.py::RobotSimulatorTest::test_moving_west_and_north
FAILED exercises/practice/robot-simulator/robot_simulator_test.py::RobotSimulatorTest::test_moving_west_and_south
============================== 18 failed in 0.11s ==============================
